TpTrace Verbose: 0 : 14712, 1, 2023/02/20, 11:23:21.615, 91994915493, vstest.console.dll, Version: 17.4.0-release-20221019-01 Current process architecture: X64
TpTrace Verbose: 0 : 14712, 1, 2023/02/20, 11:23:21.618, 91994951521, vstest.console.dll, Runtime location: C:\Program Files\dotnet\shared\Microsoft.NETCore.App\7.0.0
TpTrace Verbose: 0 : 14712, 1, 2023/02/20, 11:23:21.624, 91995013841, vstest.console.dll, ArtifactProcessingPostProcessModeProcessorExecutor.Initialize: ArtifactProcessingMode.Collect
TpTrace Verbose: 0 : 14712, 1, 2023/02/20, 11:23:21.625, 91995016524, vstest.console.dll, TestSessionCorrelationIdProcessorModeProcessorExecutor.Initialize: TestSessionCorrelationId '12784_d0f869d8-0f45-4d3c-8aaa-9563c4ccdbf3'
TpTrace Information: 0 : 14712, 1, 2023/02/20, 11:23:21.640, 91995170081, vstest.console.dll, FilePatternParser: The given file D:\SOFTUNI\SoftuniSvetlina-Courses\C#\OOP-Advanced\04.Mini-Exam-Defining-Classes-Testing-Skeleton\ArrayListTests\bin\Debug\netcoreapp3.1\fine-code-coverage\build-output\ArrayListTests.dll is a full path.
TpTrace Verbose: 0 : 14712, 1, 2023/02/20, 11:23:21.647, 91995237254, vstest.console.dll, TestPluginCache.DiscoverTestExtensions: finding test extensions in assemblies ends with: RuntimeProvider.dll TPluginInfo: Microsoft.VisualStudio.TestPlatform.Common.ExtensionFramework.Utilities.TestRuntimePluginInformation TExtension: Microsoft.VisualStudio.TestPlatform.ObjectModel.Host.ITestRuntimeProvider
TpTrace Verbose: 0 : 14712, 1, 2023/02/20, 11:23:21.647, 91995240162, vstest.console.dll, TestPluginCache.GetExtensionPaths: Filtered extension paths: 
TpTrace Verbose: 0 : 14712, 1, 2023/02/20, 11:23:21.647, 91995241326, vstest.console.dll, TestPluginCache.GetExtensionPaths: Added default extension paths: C:\Program Files\dotnet\sdk\7.0.100\Extensions\Microsoft.Diagnostics.NETCore.Client.dll
C:\Program Files\dotnet\sdk\7.0.100\Extensions\Microsoft.TestPlatform.Extensions.BlameDataCollector.dll
C:\Program Files\dotnet\sdk\7.0.100\Extensions\Microsoft.TestPlatform.Extensions.EventLogCollector.dll
C:\Program Files\dotnet\sdk\7.0.100\Extensions\Microsoft.TestPlatform.TestHostRuntimeProvider.dll
C:\Program Files\dotnet\sdk\7.0.100\Extensions\Microsoft.VisualStudio.TestPlatform.Extensions.Html.TestLogger.dll
C:\Program Files\dotnet\sdk\7.0.100\Extensions\Microsoft.VisualStudio.TestPlatform.Extensions.Trx.TestLogger.dll
TpTrace Verbose: 0 : 14712, 1, 2023/02/20, 11:23:21.647, 91995241860, vstest.console.dll, TestPluginCache.GetExtensionPaths: Added unfilterableExtensionPaths: 
TpTrace Information: 0 : 14712, 1, 2023/02/20, 11:23:21.648, 91995253228, vstest.console.dll, AssemblyResolver.ctor: Creating AssemblyResolver with searchDirectories C:\Program Files\dotnet\sdk\7.0.100\Extensions,C:\Program Files\dotnet\sdk\7.0.100
TpTrace Verbose: 0 : 14712, 1, 2023/02/20, 11:23:21.650, 91995267855, vstest.console.dll, TestPluginCache.DiscoverTestExtensions: Discovering the extensions using extension path.
TpTrace Verbose: 0 : 14712, 1, 2023/02/20, 11:23:21.650, 91995269895, vstest.console.dll, TestPluginCache.GetExtensionPaths: Filtered extension paths: 
TpTrace Verbose: 0 : 14712, 1, 2023/02/20, 11:23:21.650, 91995270617, vstest.console.dll, TestPluginCache.GetExtensionPaths: Added default extension paths: C:\Program Files\dotnet\sdk\7.0.100\Extensions\Microsoft.Diagnostics.NETCore.Client.dll
C:\Program Files\dotnet\sdk\7.0.100\Extensions\Microsoft.TestPlatform.Extensions.BlameDataCollector.dll
C:\Program Files\dotnet\sdk\7.0.100\Extensions\Microsoft.TestPlatform.Extensions.EventLogCollector.dll
C:\Program Files\dotnet\sdk\7.0.100\Extensions\Microsoft.TestPlatform.TestHostRuntimeProvider.dll
C:\Program Files\dotnet\sdk\7.0.100\Extensions\Microsoft.VisualStudio.TestPlatform.Extensions.Html.TestLogger.dll
C:\Program Files\dotnet\sdk\7.0.100\Extensions\Microsoft.VisualStudio.TestPlatform.Extensions.Trx.TestLogger.dll
TpTrace Verbose: 0 : 14712, 1, 2023/02/20, 11:23:21.650, 91995271048, vstest.console.dll, TestPluginCache.GetExtensionPaths: Added unfilterableExtensionPaths: 
TpTrace Verbose: 0 : 14712, 1, 2023/02/20, 11:23:21.650, 91995273190, vstest.console.dll, TestPluginCache.DiscoverTestExtensions: Discovering the extensions using allExtensionPaths: C:\Program Files\dotnet\sdk\7.0.100\Extensions\Microsoft.Diagnostics.NETCore.Client.dll
C:\Program Files\dotnet\sdk\7.0.100\Extensions\Microsoft.TestPlatform.Extensions.BlameDataCollector.dll
C:\Program Files\dotnet\sdk\7.0.100\Extensions\Microsoft.TestPlatform.Extensions.EventLogCollector.dll
C:\Program Files\dotnet\sdk\7.0.100\Extensions\Microsoft.TestPlatform.TestHostRuntimeProvider.dll
C:\Program Files\dotnet\sdk\7.0.100\Extensions\Microsoft.VisualStudio.TestPlatform.Extensions.Html.TestLogger.dll
C:\Program Files\dotnet\sdk\7.0.100\Extensions\Microsoft.VisualStudio.TestPlatform.Extensions.Trx.TestLogger.dll
TpTrace Information: 0 : 14712, 1, 2023/02/20, 11:23:21.650, 91995274729, vstest.console.dll, AssemblyResolver.AddSearchDirectories: Adding more searchDirectories C:\Program Files\dotnet\sdk\7.0.100\Extensions,C:\Program Files\dotnet\sdk\7.0.100
TpTrace Information: 0 : 14712, 1, 2023/02/20, 11:23:21.651, 91995275407, vstest.console.dll, AssemblyResolver.AddSearchDirectories: Adding more searchDirectories C:\Program Files\dotnet\sdk\7.0.100\Extensions,C:\Program Files\dotnet\sdk\7.0.100
TpTrace Information: 0 : 14712, 1, 2023/02/20, 11:23:21.651, 91995275905, vstest.console.dll, AssemblyResolver.AddSearchDirectories: Adding more searchDirectories C:\Program Files\dotnet\sdk\7.0.100\Extensions,C:\Program Files\dotnet\sdk\7.0.100
TpTrace Information: 0 : 14712, 1, 2023/02/20, 11:23:21.651, 91995276277, vstest.console.dll, AssemblyResolver.AddSearchDirectories: Adding more searchDirectories C:\Program Files\dotnet\sdk\7.0.100\Extensions,C:\Program Files\dotnet\sdk\7.0.100
TpTrace Information: 0 : 14712, 1, 2023/02/20, 11:23:21.651, 91995276628, vstest.console.dll, AssemblyResolver.AddSearchDirectories: Adding more searchDirectories C:\Program Files\dotnet\sdk\7.0.100\Extensions,C:\Program Files\dotnet\sdk\7.0.100
TpTrace Information: 0 : 14712, 1, 2023/02/20, 11:23:21.651, 91995277838, vstest.console.dll, AssemblyResolver.AddSearchDirectories: Adding more searchDirectories C:\Program Files\dotnet\sdk\7.0.100\Extensions,C:\Program Files\dotnet\sdk\7.0.100
TpTrace Information: 0 : 14712, 1, 2023/02/20, 11:23:21.652, 91995289154, vstest.console.dll, AssemblyResolver.OnResolve: Microsoft.Diagnostics.NETCore.Client: Resolving assembly.
TpTrace Information: 0 : 14712, 1, 2023/02/20, 11:23:21.652, 91995290469, vstest.console.dll, AssemblyResolver.OnResolve: Microsoft.Diagnostics.NETCore.Client: Searching in: 'C:\Program Files\dotnet\sdk\7.0.100\Extensions'.
TpTrace Information: 0 : 14712, 1, 2023/02/20, 11:23:21.661, 91995383802, vstest.console.dll, AssemblyResolver.OnResolve: Microsoft.Diagnostics.NETCore.Client: Loading assembly 'C:\Program Files\dotnet\sdk\7.0.100\Extensions\Microsoft.Diagnostics.NETCore.Client.dll'.
TpTrace Information: 0 : 14712, 1, 2023/02/20, 11:23:21.662, 91995391368, vstest.console.dll, AssemblyResolver.OnResolve: Resolved assembly: Microsoft.Diagnostics.NETCore.Client, from path: C:\Program Files\dotnet\sdk\7.0.100\Extensions\Microsoft.Diagnostics.NETCore.Client.dll
TpTrace Verbose: 0 : 14712, 1, 2023/02/20, 11:23:21.664, 91995407803, vstest.console.dll, MetadataReaderExtensionsHelper: Discovering extensions inside assembly 'Microsoft.Diagnostics.NETCore.Client, Version=0.2.6.42401, Culture=neutral, PublicKeyToken=31bf3856ad364e35' file path 'C:\Program Files\dotnet\sdk\7.0.100\Extensions\Microsoft.Diagnostics.NETCore.Client.dll'
TpTrace Information: 0 : 14712, 1, 2023/02/20, 11:23:21.669, 91995461996, vstest.console.dll, AssemblyResolver.OnResolve: Microsoft.Bcl.AsyncInterfaces: Resolving assembly.
TpTrace Information: 0 : 14712, 1, 2023/02/20, 11:23:21.669, 91995463054, vstest.console.dll, AssemblyResolver.OnResolve: Microsoft.Bcl.AsyncInterfaces: Searching in: 'C:\Program Files\dotnet\sdk\7.0.100\Extensions'.
TpTrace Information: 0 : 14712, 1, 2023/02/20, 11:23:21.669, 91995464194, vstest.console.dll, AssemblyResolver.OnResolve: Microsoft.Bcl.AsyncInterfaces: Assembly path does not exist: 'C:\Program Files\dotnet\sdk\7.0.100\Extensions\Microsoft.Bcl.AsyncInterfaces.dll', returning.
TpTrace Information: 0 : 14712, 1, 2023/02/20, 11:23:21.670, 91995465655, vstest.console.dll, AssemblyResolver.OnResolve: Microsoft.Bcl.AsyncInterfaces: Assembly path does not exist: 'C:\Program Files\dotnet\sdk\7.0.100\Extensions\Microsoft.Bcl.AsyncInterfaces.exe', returning.
TpTrace Information: 0 : 14712, 1, 2023/02/20, 11:23:21.670, 91995466113, vstest.console.dll, AssemblyResolver.OnResolve: Microsoft.Bcl.AsyncInterfaces: Searching in: 'C:\Program Files\dotnet\sdk\7.0.100'.
TpTrace Information: 0 : 14712, 1, 2023/02/20, 11:23:21.670, 91995466903, vstest.console.dll, AssemblyResolver.OnResolve: Microsoft.Bcl.AsyncInterfaces: Assembly path does not exist: 'C:\Program Files\dotnet\sdk\7.0.100\Microsoft.Bcl.AsyncInterfaces.dll', returning.
TpTrace Information: 0 : 14712, 1, 2023/02/20, 11:23:21.670, 91995467662, vstest.console.dll, AssemblyResolver.OnResolve: Microsoft.Bcl.AsyncInterfaces: Assembly path does not exist: 'C:\Program Files\dotnet\sdk\7.0.100\Microsoft.Bcl.AsyncInterfaces.exe', returning.
TpTrace Information: 0 : 14712, 1, 2023/02/20, 11:23:21.670, 91995468026, vstest.console.dll, AssemblyResolver.OnResolve: Microsoft.Bcl.AsyncInterfaces: Failed to load assembly.
TpTrace Verbose: 0 : 14712, 1, 2023/02/20, 11:23:21.670, 91995468541, vstest.console.dll, CurrentDomainAssemblyResolve: Resolving assembly 'Microsoft.Bcl.AsyncInterfaces'.
TpTrace Information: 0 : 14712, 1, 2023/02/20, 11:23:21.670, 91995469279, vstest.console.dll, AssemblyResolver.OnResolve: Microsoft.Bcl.AsyncInterfaces: Resolving assembly.
TpTrace Information: 0 : 14712, 1, 2023/02/20, 11:23:21.670, 91995469770, vstest.console.dll, AssemblyResolver.OnResolve: Microsoft.Bcl.AsyncInterfaces: Resolved from cache.
TpTrace Verbose: 0 : 14712, 1, 2023/02/20, 11:23:21.670, 91995470124, vstest.console.dll, CurrentDomainAssemblyResolve: Resolving assembly 'Microsoft.Bcl.AsyncInterfaces'.
TpTrace Verbose: 0 : 14712, 1, 2023/02/20, 11:23:21.670, 91995470602, vstest.console.dll, CurrentDomainAssemblyResolve: Failed to resolve assembly 'Microsoft.Bcl.AsyncInterfaces'.
TpTrace Verbose: 0 : 14712, 1, 2023/02/20, 11:23:21.671, 91995481092, vstest.console.dll, CurrentDomainAssemblyResolve: Failed to resolve assembly 'Microsoft.Bcl.AsyncInterfaces'.
TpTrace Warning: 0 : 14712, 1, 2023/02/20, 11:23:21.680, 91995568142, vstest.console.dll, TestPluginDiscoverer: Failed to get types from assembly 'Microsoft.Diagnostics.NETCore.Client, Version=0.2.6.42401, Culture=neutral, PublicKeyToken=31bf3856ad364e35'. Error: System.Reflection.ReflectionTypeLoadException: Unable to load one or more of the requested types.
Could not load file or assembly 'Microsoft.Bcl.AsyncInterfaces, Version=1.0.0.0, Culture=neutral, PublicKeyToken=cc7b13ffcd2ddd51'. The system cannot find the file specified.
   at System.Reflection.RuntimeModule.GetTypes(RuntimeModule module)
   at System.Reflection.Assembly.GetTypes()
   at Microsoft.VisualStudio.TestPlatform.Common.ExtensionFramework.TestPluginDiscoverer.GetTestExtensionsFromAssembly[TPluginInfo,TExtension](Assembly assembly, Dictionary`2 pluginInfos, String filePath)
System.IO.FileNotFoundException: Could not load file or assembly 'Microsoft.Bcl.AsyncInterfaces, Version=1.0.0.0, Culture=neutral, PublicKeyToken=cc7b13ffcd2ddd51'. The system cannot find the file specified.
File name: 'Microsoft.Bcl.AsyncInterfaces, Version=1.0.0.0, Culture=neutral, PublicKeyToken=cc7b13ffcd2ddd51'
 ---> System.IO.FileNotFoundException: Could not load file or assembly 'Microsoft.Bcl.AsyncInterfaces, Culture=neutral, PublicKeyToken=null'. The system cannot find the file specified.
File name: 'Microsoft.Bcl.AsyncInterfaces, Culture=neutral, PublicKeyToken=null'
   at System.Reflection.RuntimeAssembly.InternalLoad(AssemblyName assemblyName, StackCrawlMark& stackMark, AssemblyLoadContext assemblyLoadContext, RuntimeAssembly requestingAssembly, Boolean throwOnFileNotFound)
   at System.Reflection.Assembly.Load(AssemblyName assemblyRef)
   at Microsoft.VisualStudio.TestPlatform.Common.ExtensionFramework.TestPluginCache.CurrentDomainAssemblyResolve(Object sender, AssemblyResolveEventArgs args)
   at System.Runtime.Loader.AssemblyLoadContext.GetFirstResolvedAssemblyFromResolvingEvent(AssemblyName assemblyName)
   at System.Runtime.Loader.AssemblyLoadContext.ResolveUsingEvent(AssemblyName assemblyName)
   at System.Runtime.Loader.AssemblyLoadContext.ResolveUsingResolvingEvent(IntPtr gchManagedAssemblyLoadContext, AssemblyName assemblyName)
TpTrace Warning: 0 : 14712, 1, 2023/02/20, 11:23:21.680, 91995573298, vstest.console.dll, LoaderExceptions: System.IO.FileNotFoundException: Could not load file or assembly 'Microsoft.Bcl.AsyncInterfaces, Version=1.0.0.0, Culture=neutral, PublicKeyToken=cc7b13ffcd2ddd51'. The system cannot find the file specified.
File name: 'Microsoft.Bcl.AsyncInterfaces, Version=1.0.0.0, Culture=neutral, PublicKeyToken=cc7b13ffcd2ddd51'
 ---> System.IO.FileNotFoundException: Could not load file or assembly 'Microsoft.Bcl.AsyncInterfaces, Culture=neutral, PublicKeyToken=null'. The system cannot find the file specified.
File name: 'Microsoft.Bcl.AsyncInterfaces, Culture=neutral, PublicKeyToken=null'
   at System.Reflection.RuntimeAssembly.InternalLoad(AssemblyName assemblyName, StackCrawlMark& stackMark, AssemblyLoadContext assemblyLoadContext, RuntimeAssembly requestingAssembly, Boolean throwOnFileNotFound)
   at System.Reflection.Assembly.Load(AssemblyName assemblyRef)
   at Microsoft.VisualStudio.TestPlatform.Common.ExtensionFramework.TestPluginCache.CurrentDomainAssemblyResolve(Object sender, AssemblyResolveEventArgs args)
   at System.Runtime.Loader.AssemblyLoadContext.GetFirstResolvedAssemblyFromResolvingEvent(AssemblyName assemblyName)
   at System.Runtime.Loader.AssemblyLoadContext.ResolveUsingEvent(AssemblyName assemblyName)
   at System.Runtime.Loader.AssemblyLoadContext.ResolveUsingResolvingEvent(IntPtr gchManagedAssemblyLoadContext, AssemblyName assemblyName)
TpTrace Information: 0 : 14712, 1, 2023/02/20, 11:23:21.681, 91995575692, vstest.console.dll, AssemblyResolver.OnResolve: Microsoft.TestPlatform.Extensions.BlameDataCollector: Resolving assembly.
TpTrace Information: 0 : 14712, 1, 2023/02/20, 11:23:21.681, 91995576261, vstest.console.dll, AssemblyResolver.OnResolve: Microsoft.TestPlatform.Extensions.BlameDataCollector: Searching in: 'C:\Program Files\dotnet\sdk\7.0.100\Extensions'.
TpTrace Information: 0 : 14712, 1, 2023/02/20, 11:23:21.681, 91995580056, vstest.console.dll, AssemblyResolver.OnResolve: Microsoft.TestPlatform.Extensions.BlameDataCollector: Loading assembly 'C:\Program Files\dotnet\sdk\7.0.100\Extensions\Microsoft.TestPlatform.Extensions.BlameDataCollector.dll'.
TpTrace Information: 0 : 14712, 1, 2023/02/20, 11:23:21.682, 91995586421, vstest.console.dll, AssemblyResolver.OnResolve: Resolved assembly: Microsoft.TestPlatform.Extensions.BlameDataCollector, from path: C:\Program Files\dotnet\sdk\7.0.100\Extensions\Microsoft.TestPlatform.Extensions.BlameDataCollector.dll
TpTrace Verbose: 0 : 14712, 1, 2023/02/20, 11:23:21.682, 91995587699, vstest.console.dll, MetadataReaderExtensionsHelper: Discovering extensions inside assembly 'Microsoft.TestPlatform.Extensions.BlameDataCollector, Version=15.0.0.0, Culture=neutral, PublicKeyToken=b03f5f7f11d50a3a' file path 'C:\Program Files\dotnet\sdk\7.0.100\Extensions\Microsoft.TestPlatform.Extensions.BlameDataCollector.dll'
TpTrace Information: 0 : 14712, 1, 2023/02/20, 11:23:21.684, 91995613432, vstest.console.dll, AssemblyResolver.OnResolve: Microsoft.TestPlatform.Extensions.EventLogCollector: Resolving assembly.
TpTrace Information: 0 : 14712, 1, 2023/02/20, 11:23:21.685, 91995615049, vstest.console.dll, AssemblyResolver.OnResolve: Microsoft.TestPlatform.Extensions.EventLogCollector: Searching in: 'C:\Program Files\dotnet\sdk\7.0.100\Extensions'.
TpTrace Information: 0 : 14712, 1, 2023/02/20, 11:23:21.685, 91995620440, vstest.console.dll, AssemblyResolver.OnResolve: Microsoft.TestPlatform.Extensions.EventLogCollector: Loading assembly 'C:\Program Files\dotnet\sdk\7.0.100\Extensions\Microsoft.TestPlatform.Extensions.EventLogCollector.dll'.
TpTrace Information: 0 : 14712, 1, 2023/02/20, 11:23:21.686, 91995625502, vstest.console.dll, AssemblyResolver.OnResolve: Resolved assembly: Microsoft.TestPlatform.Extensions.EventLogCollector, from path: C:\Program Files\dotnet\sdk\7.0.100\Extensions\Microsoft.TestPlatform.Extensions.EventLogCollector.dll
TpTrace Verbose: 0 : 14712, 1, 2023/02/20, 11:23:21.686, 91995626652, vstest.console.dll, MetadataReaderExtensionsHelper: Discovering extensions inside assembly 'Microsoft.TestPlatform.Extensions.EventLogCollector, Version=15.0.0.0, Culture=neutral, PublicKeyToken=b03f5f7f11d50a3a' file path 'C:\Program Files\dotnet\sdk\7.0.100\Extensions\Microsoft.TestPlatform.Extensions.EventLogCollector.dll'
TpTrace Information: 0 : 14712, 1, 2023/02/20, 11:23:21.688, 91995649538, vstest.console.dll, AssemblyResolver.OnResolve: Microsoft.TestPlatform.TestHostRuntimeProvider: Resolving assembly.
TpTrace Information: 0 : 14712, 1, 2023/02/20, 11:23:21.688, 91995651219, vstest.console.dll, AssemblyResolver.OnResolve: Microsoft.TestPlatform.TestHostRuntimeProvider: Searching in: 'C:\Program Files\dotnet\sdk\7.0.100\Extensions'.
TpTrace Information: 0 : 14712, 1, 2023/02/20, 11:23:21.688, 91995654730, vstest.console.dll, AssemblyResolver.OnResolve: Microsoft.TestPlatform.TestHostRuntimeProvider: Loading assembly 'C:\Program Files\dotnet\sdk\7.0.100\Extensions\Microsoft.TestPlatform.TestHostRuntimeProvider.dll'.
TpTrace Information: 0 : 14712, 1, 2023/02/20, 11:23:21.689, 91995660210, vstest.console.dll, AssemblyResolver.OnResolve: Resolved assembly: Microsoft.TestPlatform.TestHostRuntimeProvider, from path: C:\Program Files\dotnet\sdk\7.0.100\Extensions\Microsoft.TestPlatform.TestHostRuntimeProvider.dll
TpTrace Verbose: 0 : 14712, 1, 2023/02/20, 11:23:21.689, 91995661490, vstest.console.dll, MetadataReaderExtensionsHelper: Discovering extensions inside assembly 'Microsoft.TestPlatform.TestHostRuntimeProvider, Version=15.0.0.0, Culture=neutral, PublicKeyToken=b03f5f7f11d50a3a' file path 'C:\Program Files\dotnet\sdk\7.0.100\Extensions\Microsoft.TestPlatform.TestHostRuntimeProvider.dll'
TpTrace Information: 0 : 14712, 1, 2023/02/20, 11:23:21.691, 91995684133, vstest.console.dll, GetTestExtensionFromType: Register extension with identifier data 'HostProvider://DefaultTestHost' and type 'Microsoft.VisualStudio.TestPlatform.CrossPlatEngine.Hosting.DefaultTestHostManager, Microsoft.TestPlatform.TestHostRuntimeProvider, Version=15.0.0.0, Culture=neutral, PublicKeyToken=b03f5f7f11d50a3a' inside file 'C:\Program Files\dotnet\sdk\7.0.100\Extensions\Microsoft.TestPlatform.TestHostRuntimeProvider.dll'
TpTrace Information: 0 : 14712, 1, 2023/02/20, 11:23:21.692, 91995688431, vstest.console.dll, GetTestExtensionFromType: Register extension with identifier data 'HostProvider://DotnetTestHost' and type 'Microsoft.VisualStudio.TestPlatform.CrossPlatEngine.Hosting.DotnetTestHostManager, Microsoft.TestPlatform.TestHostRuntimeProvider, Version=15.0.0.0, Culture=neutral, PublicKeyToken=b03f5f7f11d50a3a' inside file 'C:\Program Files\dotnet\sdk\7.0.100\Extensions\Microsoft.TestPlatform.TestHostRuntimeProvider.dll'
TpTrace Information: 0 : 14712, 1, 2023/02/20, 11:23:21.692, 91995690266, vstest.console.dll, AssemblyResolver.OnResolve: Microsoft.VisualStudio.TestPlatform.Extensions.Html.TestLogger: Resolving assembly.
TpTrace Information: 0 : 14712, 1, 2023/02/20, 11:23:21.692, 91995691082, vstest.console.dll, AssemblyResolver.OnResolve: Microsoft.VisualStudio.TestPlatform.Extensions.Html.TestLogger: Searching in: 'C:\Program Files\dotnet\sdk\7.0.100\Extensions'.
TpTrace Information: 0 : 14712, 1, 2023/02/20, 11:23:21.692, 91995694490, vstest.console.dll, AssemblyResolver.OnResolve: Microsoft.VisualStudio.TestPlatform.Extensions.Html.TestLogger: Loading assembly 'C:\Program Files\dotnet\sdk\7.0.100\Extensions\Microsoft.VisualStudio.TestPlatform.Extensions.Html.TestLogger.dll'.
TpTrace Information: 0 : 14712, 1, 2023/02/20, 11:23:21.693, 91995699707, vstest.console.dll, AssemblyResolver.OnResolve: Resolved assembly: Microsoft.VisualStudio.TestPlatform.Extensions.Html.TestLogger, from path: C:\Program Files\dotnet\sdk\7.0.100\Extensions\Microsoft.VisualStudio.TestPlatform.Extensions.Html.TestLogger.dll
TpTrace Verbose: 0 : 14712, 1, 2023/02/20, 11:23:21.693, 91995700952, vstest.console.dll, MetadataReaderExtensionsHelper: Discovering extensions inside assembly 'Microsoft.VisualStudio.TestPlatform.Extensions.Html.TestLogger, Version=15.0.0.0, Culture=neutral, PublicKeyToken=b03f5f7f11d50a3a' file path 'C:\Program Files\dotnet\sdk\7.0.100\Extensions\Microsoft.VisualStudio.TestPlatform.Extensions.Html.TestLogger.dll'
TpTrace Information: 0 : 14712, 1, 2023/02/20, 11:23:21.694, 91995710401, vstest.console.dll, AssemblyResolver.OnResolve: Microsoft.VisualStudio.TestPlatform.Extensions.Trx.TestLogger: Resolving assembly.
TpTrace Information: 0 : 14712, 1, 2023/02/20, 11:23:21.694, 91995711442, vstest.console.dll, AssemblyResolver.OnResolve: Microsoft.VisualStudio.TestPlatform.Extensions.Trx.TestLogger: Searching in: 'C:\Program Files\dotnet\sdk\7.0.100\Extensions'.
TpTrace Information: 0 : 14712, 1, 2023/02/20, 11:23:21.694, 91995714773, vstest.console.dll, AssemblyResolver.OnResolve: Microsoft.VisualStudio.TestPlatform.Extensions.Trx.TestLogger: Loading assembly 'C:\Program Files\dotnet\sdk\7.0.100\Extensions\Microsoft.VisualStudio.TestPlatform.Extensions.Trx.TestLogger.dll'.
TpTrace Information: 0 : 14712, 1, 2023/02/20, 11:23:21.695, 91995721660, vstest.console.dll, AssemblyResolver.OnResolve: Resolved assembly: Microsoft.VisualStudio.TestPlatform.Extensions.Trx.TestLogger, from path: C:\Program Files\dotnet\sdk\7.0.100\Extensions\Microsoft.VisualStudio.TestPlatform.Extensions.Trx.TestLogger.dll
TpTrace Verbose: 0 : 14712, 1, 2023/02/20, 11:23:21.695, 91995722973, vstest.console.dll, MetadataReaderExtensionsHelper: Discovering extensions inside assembly 'Microsoft.VisualStudio.TestPlatform.Extensions.Trx.TestLogger, Version=15.0.0.0, Culture=neutral, PublicKeyToken=b03f5f7f11d50a3a' file path 'C:\Program Files\dotnet\sdk\7.0.100\Extensions\Microsoft.VisualStudio.TestPlatform.Extensions.Trx.TestLogger.dll'
TpTrace Verbose: 0 : 14712, 1, 2023/02/20, 11:23:21.697, 91995736571, vstest.console.dll, TestPluginCache: Discovered the extensions using extension path ''.
TpTrace Verbose: 0 : 14712, 1, 2023/02/20, 11:23:21.697, 91995737822, vstest.console.dll, TestPluginCache: Discoverers are ''.
TpTrace Verbose: 0 : 14712, 1, 2023/02/20, 11:23:21.697, 91995738207, vstest.console.dll, TestPluginCache: Executors are ''.
TpTrace Verbose: 0 : 14712, 1, 2023/02/20, 11:23:21.697, 91995738528, vstest.console.dll, TestPluginCache: Executors2 are ''.
TpTrace Verbose: 0 : 14712, 1, 2023/02/20, 11:23:21.697, 91995738830, vstest.console.dll, TestPluginCache: Setting providers are ''.
TpTrace Verbose: 0 : 14712, 1, 2023/02/20, 11:23:21.697, 91995739134, vstest.console.dll, TestPluginCache: Loggers are ''.
TpTrace Verbose: 0 : 14712, 1, 2023/02/20, 11:23:21.697, 91995740753, vstest.console.dll, TestPluginCache: TestHosts are 'HostProvider://DefaultTestHost,HostProvider://DotnetTestHost'.
TpTrace Verbose: 0 : 14712, 1, 2023/02/20, 11:23:21.697, 91995741248, vstest.console.dll, TestPluginCache: DataCollectors are ''.
TpTrace Information: 0 : 14712, 1, 2023/02/20, 11:23:21.711, 91995883220, vstest.console.dll, RunTestsArgumentProcessor:Execute: Test run is starting.
TpTrace Verbose: 0 : 14712, 1, 2023/02/20, 11:23:21.711, 91995884797, vstest.console.dll, RunTestsArgumentProcessor:Execute: Queuing Test run.
TpTrace Information: 0 : 14712, 1, 2023/02/20, 11:23:21.712, 91995891134, vstest.console.dll, TestRequestManager.RunTests: run tests started.
TpTrace Information: 0 : 14712, 1, 2023/02/20, 11:23:21.714, 91995910325, vstest.console.dll, AssemblyMetadataProvider.GetFrameworkName: Determined framework:'.NETCoreApp,Version=v3.1' for source: 'D:\SOFTUNI\SoftuniSvetlina-Courses\C#\OOP-Advanced\04.Mini-Exam-Defining-Classes-Testing-Skeleton\ArrayListTests\bin\Debug\netcoreapp3.1\fine-code-coverage\build-output\ArrayListTests.dll'
TpTrace Information: 0 : 14712, 1, 2023/02/20, 11:23:21.714, 91995914538, vstest.console.dll, Determined framework for all sources: .NETCoreApp,Version=v3.1
TpTrace Verbose: 0 : 14712, 1, 2023/02/20, 11:23:21.716, 91995927435, vstest.console.dll, TestRequestManager.UpdateRunSettingsIfRequired: Default architecture: X64 IsDefaultTargetArchitecture: True, Current process architecture: X64 OperatingSystem: Windows.
TpTrace Information: 0 : 14712, 1, 2023/02/20, 11:23:21.718, 91995954155, vstest.console.dll, AssemblyMetadataProvider.GetArchitecture: Determined architecture:AnyCPU info for assembly: D:\SOFTUNI\SoftuniSvetlina-Courses\C#\OOP-Advanced\04.Mini-Exam-Defining-Classes-Testing-Skeleton\ArrayListTests\bin\Debug\netcoreapp3.1\fine-code-coverage\build-output\ArrayListTests.dll
TpTrace Information: 0 : 14712, 1, 2023/02/20, 11:23:21.719, 91995955209, vstest.console.dll, Determined platform for source 'D:\SOFTUNI\SoftuniSvetlina-Courses\C#\OOP-Advanced\04.Mini-Exam-Defining-Classes-Testing-Skeleton\ArrayListTests\bin\Debug\netcoreapp3.1\fine-code-coverage\build-output\ArrayListTests.dll' was AnyCPU and it will use the default plaform X64.
TpTrace Information: 0 : 14712, 1, 2023/02/20, 11:23:21.719, 91995955697, vstest.console.dll, None of the sources provided any runnable platform, using the default platform: X64
TpTrace Information: 0 : 14712, 1, 2023/02/20, 11:23:21.719, 91995957098, vstest.console.dll, Platform was updated to 'X64'.
TpTrace Information: 0 : 14712, 1, 2023/02/20, 11:23:21.723, 91996004878, vstest.console.dll, InferRunSettingsHelper.IsTestSettingsEnabled: Unable to navigate to RunSettings/MSTest. Current node: RunSettings
TpTrace Information: 0 : 14712, 1, 2023/02/20, 11:23:21.724, 91996014158, vstest.console.dll, AssemblyResolver.OnResolve: Microsoft.VisualStudio.TestPlatform.Fakes: Resolving assembly.
TpTrace Information: 0 : 14712, 1, 2023/02/20, 11:23:21.725, 91996015177, vstest.console.dll, AssemblyResolver.OnResolve: Microsoft.VisualStudio.TestPlatform.Fakes: Searching in: 'C:\Program Files\dotnet\sdk\7.0.100\Extensions'.
TpTrace Information: 0 : 14712, 1, 2023/02/20, 11:23:21.725, 91996016635, vstest.console.dll, AssemblyResolver.OnResolve: Microsoft.VisualStudio.TestPlatform.Fakes: Assembly path does not exist: 'C:\Program Files\dotnet\sdk\7.0.100\Extensions\Microsoft.VisualStudio.TestPlatform.Fakes.dll', returning.
TpTrace Information: 0 : 14712, 1, 2023/02/20, 11:23:21.725, 91996017685, vstest.console.dll, AssemblyResolver.OnResolve: Microsoft.VisualStudio.TestPlatform.Fakes: Assembly path does not exist: 'C:\Program Files\dotnet\sdk\7.0.100\Extensions\Microsoft.VisualStudio.TestPlatform.Fakes.exe', returning.
TpTrace Information: 0 : 14712, 1, 2023/02/20, 11:23:21.725, 91996018114, vstest.console.dll, AssemblyResolver.OnResolve: Microsoft.VisualStudio.TestPlatform.Fakes: Searching in: 'C:\Program Files\dotnet\sdk\7.0.100'.
TpTrace Information: 0 : 14712, 1, 2023/02/20, 11:23:21.725, 91996019110, vstest.console.dll, AssemblyResolver.OnResolve: Microsoft.VisualStudio.TestPlatform.Fakes: Assembly path does not exist: 'C:\Program Files\dotnet\sdk\7.0.100\Microsoft.VisualStudio.TestPlatform.Fakes.dll', returning.
TpTrace Information: 0 : 14712, 1, 2023/02/20, 11:23:21.725, 91996019936, vstest.console.dll, AssemblyResolver.OnResolve: Microsoft.VisualStudio.TestPlatform.Fakes: Assembly path does not exist: 'C:\Program Files\dotnet\sdk\7.0.100\Microsoft.VisualStudio.TestPlatform.Fakes.exe', returning.
TpTrace Information: 0 : 14712, 1, 2023/02/20, 11:23:21.725, 91996020322, vstest.console.dll, AssemblyResolver.OnResolve: Microsoft.VisualStudio.TestPlatform.Fakes: Failed to load assembly.
TpTrace Information: 0 : 14712, 1, 2023/02/20, 11:23:21.725, 91996023349, vstest.console.dll, Failed to load assembly Microsoft.VisualStudio.TestPlatform.Fakes, Version=17.0.0.0, Culture=neutral. Reason:System.IO.FileNotFoundException: Could not load file or assembly 'Microsoft.VisualStudio.TestPlatform.Fakes, Version=17.0.0.0, Culture=neutral, PublicKeyToken=null'. The system cannot find the file specified.
File name: 'Microsoft.VisualStudio.TestPlatform.Fakes, Version=17.0.0.0, Culture=neutral, PublicKeyToken=null'
   at System.Reflection.RuntimeAssembly.InternalLoad(AssemblyName assemblyName, StackCrawlMark& stackMark, AssemblyLoadContext assemblyLoadContext, RuntimeAssembly requestingAssembly, Boolean throwOnFileNotFound)
   at System.Reflection.Assembly.Load(AssemblyName assemblyRef)
   at Microsoft.VisualStudio.TestPlatform.Common.Utilities.FakesUtilities.LoadTestPlatformAssembly()
TpTrace Verbose: 0 : 14712, 1, 2023/02/20, 11:23:21.732, 91996089859, vstest.console.dll, TestPluginCache.DiscoverTestExtensions: finding test extensions in assemblies ends with: TestLogger.dll TPluginInfo: Microsoft.VisualStudio.TestPlatform.Common.ExtensionFramework.Utilities.TestLoggerPluginInformation TExtension: Microsoft.VisualStudio.TestPlatform.ObjectModel.Client.ITestLogger
TpTrace Verbose: 0 : 14712, 1, 2023/02/20, 11:23:21.732, 91996091213, vstest.console.dll, TestPluginCache.GetExtensionPaths: Filtered extension paths: 
TpTrace Verbose: 0 : 14712, 1, 2023/02/20, 11:23:21.732, 91996091720, vstest.console.dll, TestPluginCache.GetExtensionPaths: Added default extension paths: C:\Program Files\dotnet\sdk\7.0.100\Extensions\Microsoft.Diagnostics.NETCore.Client.dll
C:\Program Files\dotnet\sdk\7.0.100\Extensions\Microsoft.TestPlatform.Extensions.BlameDataCollector.dll
C:\Program Files\dotnet\sdk\7.0.100\Extensions\Microsoft.TestPlatform.Extensions.EventLogCollector.dll
C:\Program Files\dotnet\sdk\7.0.100\Extensions\Microsoft.TestPlatform.TestHostRuntimeProvider.dll
C:\Program Files\dotnet\sdk\7.0.100\Extensions\Microsoft.VisualStudio.TestPlatform.Extensions.Html.TestLogger.dll
C:\Program Files\dotnet\sdk\7.0.100\Extensions\Microsoft.VisualStudio.TestPlatform.Extensions.Trx.TestLogger.dll
TpTrace Verbose: 0 : 14712, 1, 2023/02/20, 11:23:21.732, 91996092154, vstest.console.dll, TestPluginCache.GetExtensionPaths: Added unfilterableExtensionPaths: 
TpTrace Information: 0 : 14712, 1, 2023/02/20, 11:23:21.732, 91996093859, vstest.console.dll, AssemblyResolver.AddSearchDirectories: Adding more searchDirectories C:\Program Files\dotnet\sdk\7.0.100\Extensions,C:\Program Files\dotnet\sdk\7.0.100
TpTrace Verbose: 0 : 14712, 1, 2023/02/20, 11:23:21.732, 91996094405, vstest.console.dll, TestPluginCache.DiscoverTestExtensions: Discovering the extensions using extension path.
TpTrace Verbose: 0 : 14712, 1, 2023/02/20, 11:23:21.732, 91996094818, vstest.console.dll, TestPluginCache.GetExtensionPaths: Filtered extension paths: 
TpTrace Verbose: 0 : 14712, 1, 2023/02/20, 11:23:21.733, 91996095180, vstest.console.dll, TestPluginCache.GetExtensionPaths: Added default extension paths: C:\Program Files\dotnet\sdk\7.0.100\Extensions\Microsoft.Diagnostics.NETCore.Client.dll
C:\Program Files\dotnet\sdk\7.0.100\Extensions\Microsoft.TestPlatform.Extensions.BlameDataCollector.dll
C:\Program Files\dotnet\sdk\7.0.100\Extensions\Microsoft.TestPlatform.Extensions.EventLogCollector.dll
C:\Program Files\dotnet\sdk\7.0.100\Extensions\Microsoft.TestPlatform.TestHostRuntimeProvider.dll
C:\Program Files\dotnet\sdk\7.0.100\Extensions\Microsoft.VisualStudio.TestPlatform.Extensions.Html.TestLogger.dll
C:\Program Files\dotnet\sdk\7.0.100\Extensions\Microsoft.VisualStudio.TestPlatform.Extensions.Trx.TestLogger.dll
TpTrace Verbose: 0 : 14712, 1, 2023/02/20, 11:23:21.733, 91996095525, vstest.console.dll, TestPluginCache.GetExtensionPaths: Added unfilterableExtensionPaths: 
TpTrace Verbose: 0 : 14712, 1, 2023/02/20, 11:23:21.733, 91996095878, vstest.console.dll, TestPluginCache.DiscoverTestExtensions: Discovering the extensions using allExtensionPaths: C:\Program Files\dotnet\sdk\7.0.100\Extensions\Microsoft.Diagnostics.NETCore.Client.dll
C:\Program Files\dotnet\sdk\7.0.100\Extensions\Microsoft.TestPlatform.Extensions.BlameDataCollector.dll
C:\Program Files\dotnet\sdk\7.0.100\Extensions\Microsoft.TestPlatform.Extensions.EventLogCollector.dll
C:\Program Files\dotnet\sdk\7.0.100\Extensions\Microsoft.TestPlatform.TestHostRuntimeProvider.dll
C:\Program Files\dotnet\sdk\7.0.100\Extensions\Microsoft.VisualStudio.TestPlatform.Extensions.Html.TestLogger.dll
C:\Program Files\dotnet\sdk\7.0.100\Extensions\Microsoft.VisualStudio.TestPlatform.Extensions.Trx.TestLogger.dll
TpTrace Information: 0 : 14712, 1, 2023/02/20, 11:23:21.733, 91996097014, vstest.console.dll, AssemblyResolver.AddSearchDirectories: Adding more searchDirectories C:\Program Files\dotnet\sdk\7.0.100\Extensions,C:\Program Files\dotnet\sdk\7.0.100
TpTrace Information: 0 : 14712, 1, 2023/02/20, 11:23:21.733, 91996097492, vstest.console.dll, AssemblyResolver.AddSearchDirectories: Adding more searchDirectories C:\Program Files\dotnet\sdk\7.0.100\Extensions,C:\Program Files\dotnet\sdk\7.0.100
TpTrace Information: 0 : 14712, 1, 2023/02/20, 11:23:21.733, 91996097872, vstest.console.dll, AssemblyResolver.AddSearchDirectories: Adding more searchDirectories C:\Program Files\dotnet\sdk\7.0.100\Extensions,C:\Program Files\dotnet\sdk\7.0.100
TpTrace Information: 0 : 14712, 1, 2023/02/20, 11:23:21.733, 91996098225, vstest.console.dll, AssemblyResolver.AddSearchDirectories: Adding more searchDirectories C:\Program Files\dotnet\sdk\7.0.100\Extensions,C:\Program Files\dotnet\sdk\7.0.100
TpTrace Information: 0 : 14712, 1, 2023/02/20, 11:23:21.733, 91996098569, vstest.console.dll, AssemblyResolver.AddSearchDirectories: Adding more searchDirectories C:\Program Files\dotnet\sdk\7.0.100\Extensions,C:\Program Files\dotnet\sdk\7.0.100
TpTrace Information: 0 : 14712, 1, 2023/02/20, 11:23:21.733, 91996098920, vstest.console.dll, AssemblyResolver.AddSearchDirectories: Adding more searchDirectories C:\Program Files\dotnet\sdk\7.0.100\Extensions,C:\Program Files\dotnet\sdk\7.0.100
TpTrace Verbose: 0 : 14712, 1, 2023/02/20, 11:23:21.733, 91996100385, vstest.console.dll, MetadataReaderExtensionsHelper: Discovering extensions inside assembly 'Microsoft.Diagnostics.NETCore.Client, Version=0.2.6.42401, Culture=neutral, PublicKeyToken=31bf3856ad364e35' file path 'C:\Program Files\dotnet\sdk\7.0.100\Extensions\Microsoft.Diagnostics.NETCore.Client.dll'
TpTrace Information: 0 : 14712, 1, 2023/02/20, 11:23:21.734, 91996105362, vstest.console.dll, AssemblyResolver.OnResolve: Microsoft.Bcl.AsyncInterfaces: Resolving assembly.
TpTrace Information: 0 : 14712, 1, 2023/02/20, 11:23:21.734, 91996106017, vstest.console.dll, AssemblyResolver.OnResolve: Microsoft.Bcl.AsyncInterfaces: Resolved from cache.
TpTrace Verbose: 0 : 14712, 1, 2023/02/20, 11:23:21.734, 91996106382, vstest.console.dll, CurrentDomainAssemblyResolve: Resolving assembly 'Microsoft.Bcl.AsyncInterfaces'.
TpTrace Information: 0 : 14712, 1, 2023/02/20, 11:23:21.734, 91996106949, vstest.console.dll, AssemblyResolver.OnResolve: Microsoft.Bcl.AsyncInterfaces: Resolving assembly.
TpTrace Information: 0 : 14712, 1, 2023/02/20, 11:23:21.734, 91996107304, vstest.console.dll, AssemblyResolver.OnResolve: Microsoft.Bcl.AsyncInterfaces: Resolved from cache.
TpTrace Verbose: 0 : 14712, 1, 2023/02/20, 11:23:21.734, 91996107623, vstest.console.dll, CurrentDomainAssemblyResolve: Resolving assembly 'Microsoft.Bcl.AsyncInterfaces'.
TpTrace Verbose: 0 : 14712, 1, 2023/02/20, 11:23:21.734, 91996107948, vstest.console.dll, CurrentDomainAssemblyResolve: Failed to resolve assembly 'Microsoft.Bcl.AsyncInterfaces'.
TpTrace Verbose: 0 : 14712, 1, 2023/02/20, 11:23:21.734, 91996109575, vstest.console.dll, CurrentDomainAssemblyResolve: Failed to resolve assembly 'Microsoft.Bcl.AsyncInterfaces'.
TpTrace Warning: 0 : 14712, 1, 2023/02/20, 11:23:21.734, 91996113680, vstest.console.dll, TestPluginDiscoverer: Failed to get types from assembly 'Microsoft.Diagnostics.NETCore.Client, Version=0.2.6.42401, Culture=neutral, PublicKeyToken=31bf3856ad364e35'. Error: System.Reflection.ReflectionTypeLoadException: Unable to load one or more of the requested types.
Could not load file or assembly 'Microsoft.Bcl.AsyncInterfaces, Version=1.0.0.0, Culture=neutral, PublicKeyToken=cc7b13ffcd2ddd51'. The system cannot find the file specified.
   at System.Reflection.RuntimeModule.GetTypes(RuntimeModule module)
   at System.Reflection.Assembly.GetTypes()
   at Microsoft.VisualStudio.TestPlatform.Common.ExtensionFramework.TestPluginDiscoverer.GetTestExtensionsFromAssembly[TPluginInfo,TExtension](Assembly assembly, Dictionary`2 pluginInfos, String filePath)
System.IO.FileNotFoundException: Could not load file or assembly 'Microsoft.Bcl.AsyncInterfaces, Version=1.0.0.0, Culture=neutral, PublicKeyToken=cc7b13ffcd2ddd51'. The system cannot find the file specified.
File name: 'Microsoft.Bcl.AsyncInterfaces, Version=1.0.0.0, Culture=neutral, PublicKeyToken=cc7b13ffcd2ddd51'
 ---> System.IO.FileNotFoundException: Could not load file or assembly 'Microsoft.Bcl.AsyncInterfaces, Culture=neutral, PublicKeyToken=null'. The system cannot find the file specified.
File name: 'Microsoft.Bcl.AsyncInterfaces, Culture=neutral, PublicKeyToken=null'
   at System.Reflection.RuntimeAssembly.InternalLoad(AssemblyName assemblyName, StackCrawlMark& stackMark, AssemblyLoadContext assemblyLoadContext, RuntimeAssembly requestingAssembly, Boolean throwOnFileNotFound)
   at System.Reflection.Assembly.Load(AssemblyName assemblyRef)
   at Microsoft.VisualStudio.TestPlatform.Common.ExtensionFramework.TestPluginCache.CurrentDomainAssemblyResolve(Object sender, AssemblyResolveEventArgs args)
   at System.Runtime.Loader.AssemblyLoadContext.GetFirstResolvedAssemblyFromResolvingEvent(AssemblyName assemblyName)
   at System.Runtime.Loader.AssemblyLoadContext.ResolveUsingEvent(AssemblyName assemblyName)
   at System.Runtime.Loader.AssemblyLoadContext.ResolveUsingResolvingEvent(IntPtr gchManagedAssemblyLoadContext, AssemblyName assemblyName)
TpTrace Warning: 0 : 14712, 1, 2023/02/20, 11:23:21.735, 91996115972, vstest.console.dll, LoaderExceptions: System.IO.FileNotFoundException: Could not load file or assembly 'Microsoft.Bcl.AsyncInterfaces, Version=1.0.0.0, Culture=neutral, PublicKeyToken=cc7b13ffcd2ddd51'. The system cannot find the file specified.
File name: 'Microsoft.Bcl.AsyncInterfaces, Version=1.0.0.0, Culture=neutral, PublicKeyToken=cc7b13ffcd2ddd51'
 ---> System.IO.FileNotFoundException: Could not load file or assembly 'Microsoft.Bcl.AsyncInterfaces, Culture=neutral, PublicKeyToken=null'. The system cannot find the file specified.
File name: 'Microsoft.Bcl.AsyncInterfaces, Culture=neutral, PublicKeyToken=null'
   at System.Reflection.RuntimeAssembly.InternalLoad(AssemblyName assemblyName, StackCrawlMark& stackMark, AssemblyLoadContext assemblyLoadContext, RuntimeAssembly requestingAssembly, Boolean throwOnFileNotFound)
   at System.Reflection.Assembly.Load(AssemblyName assemblyRef)
   at Microsoft.VisualStudio.TestPlatform.Common.ExtensionFramework.TestPluginCache.CurrentDomainAssemblyResolve(Object sender, AssemblyResolveEventArgs args)
   at System.Runtime.Loader.AssemblyLoadContext.GetFirstResolvedAssemblyFromResolvingEvent(AssemblyName assemblyName)
   at System.Runtime.Loader.AssemblyLoadContext.ResolveUsingEvent(AssemblyName assemblyName)
   at System.Runtime.Loader.AssemblyLoadContext.ResolveUsingResolvingEvent(IntPtr gchManagedAssemblyLoadContext, AssemblyName assemblyName)
TpTrace Verbose: 0 : 14712, 1, 2023/02/20, 11:23:21.735, 91996116990, vstest.console.dll, MetadataReaderExtensionsHelper: Discovering extensions inside assembly 'Microsoft.TestPlatform.Extensions.BlameDataCollector, Version=15.0.0.0, Culture=neutral, PublicKeyToken=b03f5f7f11d50a3a' file path 'C:\Program Files\dotnet\sdk\7.0.100\Extensions\Microsoft.TestPlatform.Extensions.BlameDataCollector.dll'
TpTrace Information: 0 : 14712, 1, 2023/02/20, 11:23:21.735, 91996121915, vstest.console.dll, GetTestExtensionFromType: Register extension with identifier data 'logger://Microsoft/TestPlatform/Extensions/Blame/v1' and type 'Microsoft.TestPlatform.Extensions.BlameDataCollector.BlameLogger, Microsoft.TestPlatform.Extensions.BlameDataCollector, Version=15.0.0.0, Culture=neutral, PublicKeyToken=b03f5f7f11d50a3a' inside file 'C:\Program Files\dotnet\sdk\7.0.100\Extensions\Microsoft.TestPlatform.Extensions.BlameDataCollector.dll'
TpTrace Verbose: 0 : 14712, 1, 2023/02/20, 11:23:21.735, 91996123272, vstest.console.dll, MetadataReaderExtensionsHelper: Discovering extensions inside assembly 'Microsoft.TestPlatform.Extensions.EventLogCollector, Version=15.0.0.0, Culture=neutral, PublicKeyToken=b03f5f7f11d50a3a' file path 'C:\Program Files\dotnet\sdk\7.0.100\Extensions\Microsoft.TestPlatform.Extensions.EventLogCollector.dll'
TpTrace Verbose: 0 : 14712, 1, 2023/02/20, 11:23:21.736, 91996126620, vstest.console.dll, MetadataReaderExtensionsHelper: Discovering extensions inside assembly 'Microsoft.TestPlatform.TestHostRuntimeProvider, Version=15.0.0.0, Culture=neutral, PublicKeyToken=b03f5f7f11d50a3a' file path 'C:\Program Files\dotnet\sdk\7.0.100\Extensions\Microsoft.TestPlatform.TestHostRuntimeProvider.dll'
TpTrace Verbose: 0 : 14712, 1, 2023/02/20, 11:23:21.736, 91996129759, vstest.console.dll, MetadataReaderExtensionsHelper: Discovering extensions inside assembly 'Microsoft.VisualStudio.TestPlatform.Extensions.Html.TestLogger, Version=15.0.0.0, Culture=neutral, PublicKeyToken=b03f5f7f11d50a3a' file path 'C:\Program Files\dotnet\sdk\7.0.100\Extensions\Microsoft.VisualStudio.TestPlatform.Extensions.Html.TestLogger.dll'
TpTrace Information: 0 : 14712, 1, 2023/02/20, 11:23:21.737, 91996135698, vstest.console.dll, GetTestExtensionFromType: Register extension with identifier data 'logger://Microsoft/TestPlatform/HtmlLogger/v1' and type 'Microsoft.VisualStudio.TestPlatform.Extensions.HtmlLogger.HtmlLogger, Microsoft.VisualStudio.TestPlatform.Extensions.Html.TestLogger, Version=15.0.0.0, Culture=neutral, PublicKeyToken=b03f5f7f11d50a3a' inside file 'C:\Program Files\dotnet\sdk\7.0.100\Extensions\Microsoft.VisualStudio.TestPlatform.Extensions.Html.TestLogger.dll'
TpTrace Verbose: 0 : 14712, 1, 2023/02/20, 11:23:21.737, 91996136740, vstest.console.dll, MetadataReaderExtensionsHelper: Discovering extensions inside assembly 'Microsoft.VisualStudio.TestPlatform.Extensions.Trx.TestLogger, Version=15.0.0.0, Culture=neutral, PublicKeyToken=b03f5f7f11d50a3a' file path 'C:\Program Files\dotnet\sdk\7.0.100\Extensions\Microsoft.VisualStudio.TestPlatform.Extensions.Trx.TestLogger.dll'
TpTrace Information: 0 : 14712, 1, 2023/02/20, 11:23:21.737, 91996140908, vstest.console.dll, GetTestExtensionFromType: Register extension with identifier data 'logger://Microsoft/TestPlatform/TrxLogger/v1' and type 'Microsoft.VisualStudio.TestPlatform.Extensions.TrxLogger.TrxLogger, Microsoft.VisualStudio.TestPlatform.Extensions.Trx.TestLogger, Version=15.0.0.0, Culture=neutral, PublicKeyToken=b03f5f7f11d50a3a' inside file 'C:\Program Files\dotnet\sdk\7.0.100\Extensions\Microsoft.VisualStudio.TestPlatform.Extensions.Trx.TestLogger.dll'
TpTrace Verbose: 0 : 14712, 1, 2023/02/20, 11:23:21.737, 91996142031, vstest.console.dll, TestPluginCache: Discovered the extensions using extension path ''.
TpTrace Verbose: 0 : 14712, 1, 2023/02/20, 11:23:21.737, 91996142495, vstest.console.dll, TestPluginCache: Discoverers are ''.
TpTrace Verbose: 0 : 14712, 1, 2023/02/20, 11:23:21.737, 91996142816, vstest.console.dll, TestPluginCache: Executors are ''.
TpTrace Verbose: 0 : 14712, 1, 2023/02/20, 11:23:21.737, 91996143121, vstest.console.dll, TestPluginCache: Executors2 are ''.
TpTrace Verbose: 0 : 14712, 1, 2023/02/20, 11:23:21.737, 91996143423, vstest.console.dll, TestPluginCache: Setting providers are ''.
TpTrace Verbose: 0 : 14712, 1, 2023/02/20, 11:23:21.737, 91996144248, vstest.console.dll, TestPluginCache: Loggers are 'logger://Microsoft/TestPlatform/Extensions/Blame/v1,logger://Microsoft/TestPlatform/HtmlLogger/v1,logger://Microsoft/TestPlatform/TrxLogger/v1'.
TpTrace Verbose: 0 : 14712, 1, 2023/02/20, 11:23:21.737, 91996144808, vstest.console.dll, TestPluginCache: TestHosts are 'HostProvider://DefaultTestHost,HostProvider://DotnetTestHost'.
TpTrace Verbose: 0 : 14712, 1, 2023/02/20, 11:23:21.738, 91996145164, vstest.console.dll, TestPluginCache: DataCollectors are ''.
TpTrace Information: 0 : 14712, 1, 2023/02/20, 11:23:21.739, 91996156324, vstest.console.dll, TestPluginManager.CreateTestExtension: Attempting to load test extension: Microsoft.TestPlatform.Extensions.BlameDataCollector.BlameLogger
TpTrace Verbose: 0 : 14712, 1, 2023/02/20, 11:23:21.749, 91996263516, vstest.console.dll, TestEngine: Initializing Parallel Execution as MaxCpuCount is set to: 1
TpTrace Information: 0 : 14712, 1, 2023/02/20, 11:23:21.752, 91996286198, vstest.console.dll, TestPluginManager.CreateTestExtension: Attempting to load test extension: Microsoft.VisualStudio.TestPlatform.CrossPlatEngine.Hosting.DefaultTestHostManager
TpTrace Information: 0 : 14712, 1, 2023/02/20, 11:23:21.753, 91996296261, vstest.console.dll, TestPluginManager.CreateTestExtension: Attempting to load test extension: Microsoft.VisualStudio.TestPlatform.CrossPlatEngine.Hosting.DotnetTestHostManager
TpTrace Information: 0 : 14712, 1, 2023/02/20, 11:23:21.754, 91996307603, vstest.console.dll, InferRunSettingsHelper.IsTestSettingsEnabled: Unable to navigate to RunSettings/MSTest. Current node: RunSettings
TpTrace Verbose: 0 : 14712, 1, 2023/02/20, 11:23:21.760, 91996371336, vstest.console.dll, TestEngine.GetExecutionManager: Chosen execution manager 'Microsoft.VisualStudio.TestPlatform.CrossPlatEngine.Client.Parallel.ParallelProxyExecutionManager, Microsoft.TestPlatform.CrossPlatEngine, Version=15.0.0.0, Culture=neutral, PublicKeyToken=b03f5f7f11d50a3a' ParallelLevel '1'.
TpTrace Verbose: 0 : 14712, 1, 2023/02/20, 11:23:21.760, 91996373545, vstest.console.dll, TestRunRequest.ExecuteAsync: Creating test run request.
TpTrace Verbose: 0 : 14712, 1, 2023/02/20, 11:23:21.761, 91996376833, vstest.console.dll, TestRunRequest.ExecuteAsync: Starting.
TpTrace Information: 0 : 14712, 1, 2023/02/20, 11:23:21.761, 91996380328, vstest.console.dll, TestRunRequest.ExecuteAsync: Starting run with settings:TestRunCriteria:
   KeepAlive=False,FrequencyOfRunStatsChangeEvent=10,RunStatsChangeEventTimeout=00:00:01.5000000,TestCaseFilter=,TestExecutorLauncher=
   Settingsxml=<RunSettings>
  <RunConfiguration>
    <ResultsDirectory>D:\SOFTUNI\SoftuniSvetlina-Courses\C#\OOP-Advanced\04.Mini-Exam-Defining-Classes-Testing-Skeleton\ArrayListTests\bin\Debug\netcoreapp3.1\fine-code-coverage\coverage-tool-output</ResultsDirectory>
    <TargetPlatform>X64</TargetPlatform>
    <TargetFrameworkVersion>.NETCoreApp,Version=v3.1</TargetFrameworkVersion>
    <DesignMode>False</DesignMode>
    <CollectSourceInformation>False</CollectSourceInformation>
  </RunConfiguration>
  <LoggerRunSettings>
    <Loggers>
      <Logger friendlyName="blame" enabled="True" />
      <Logger friendlyName="Console" uri="logger://microsoft/TestPlatform/ConsoleLogger/v1" assemblyQualifiedName="Microsoft.VisualStudio.TestPlatform.CommandLine.Internal.ConsoleLogger, vstest.console, Version=15.0.0.0, Culture=neutral, PublicKeyToken=b03f5f7f11d50a3a" codeBase="C:\Program Files\dotnet\sdk\7.0.100\vstest.console.dll" enabled="True" />
    </Loggers>
  </LoggerRunSettings>
  <DataCollectionRunSettings>
    <DataCollectors>
      <DataCollector friendlyName="blame" enabled="True">
        <Configuration>
          <ResultsDirectory>D:\SOFTUNI\SoftuniSvetlina-Courses\C#\OOP-Advanced\04.Mini-Exam-Defining-Classes-Testing-Skeleton\ArrayListTests\bin\Debug\netcoreapp3.1\fine-code-coverage\coverage-tool-output</ResultsDirectory>
        </Configuration>
      </DataCollector>
    </DataCollectors>
  </DataCollectionRunSettings>
</RunSettings>

TpTrace Verbose: 0 : 14712, 1, 2023/02/20, 11:23:21.761, 91996381068, vstest.console.dll, TestRunRequest.ExecuteAsync: Wait for the first run request is over.
TpTrace Verbose: 0 : 14712, 1, 2023/02/20, 11:23:21.761, 91996384881, vstest.console.dll, MulticastDelegateUtilities.SafeInvoke: TestRun.TestRunStart: Invoking callbacks was skipped because there are no subscribers.
TpTrace Verbose: 0 : 14712, 4, 2023/02/20, 11:23:21.762, 91996389301, vstest.console.dll, MulticastDelegateUtilities.SafeInvoke: InternalTestLoggerEvents.SendTestRunStart: Invoking callback 1/1 for Microsoft.VisualStudio.TestPlatform.CommandLine.Internal.ConsoleLogger., took 0 ms.
TpTrace Verbose: 0 : 14712, 1, 2023/02/20, 11:23:21.764, 91996413261, vstest.console.dll, ParallelProxyExecutionManager: Start execution. Total sources: 1
TpTrace Verbose: 0 : 14712, 1, 2023/02/20, 11:23:21.767, 91996444727, vstest.console.dll, TestRequestSender is acting as server.
TpTrace Verbose: 0 : 14712, 1, 2023/02/20, 11:23:21.770, 91996471779, vstest.console.dll, DataCollectionRequestSender.InitializeCommunication : Initialize communication. 
TpTrace Information: 0 : 14712, 1, 2023/02/20, 11:23:21.779, 91996555746, vstest.console.dll, Listening on Endpoint : 127.0.0.1:59800
TpTrace Verbose: 0 : 14712, 1, 2023/02/20, 11:23:21.791, 91996682997, vstest.console.dll, DotnetDataCollectionLauncher: Adding  --runtimeconfig "C:\Program Files\dotnet\sdk\7.0.100\datacollector.runtimeconfig.json" in args
TpTrace Verbose: 0 : 14712, 1, 2023/02/20, 11:23:21.792, 91996685104, vstest.console.dll, DotnetDataCollectionLauncher: Adding  --depsfile "C:\Program Files\dotnet\sdk\7.0.100\datacollector.deps.json" in args
TpTrace Verbose: 0 : 14712, 1, 2023/02/20, 11:23:21.792, 91996689008, vstest.console.dll, DotnetDataCollectionLauncher: Full path of dotnet.exe is C:\Program Files\dotnet\dotnet.exe
TpTrace Information: 0 : 14712, 1, 2023/02/20, 11:23:21.802, 91996791146, vstest.console.dll, ProxyDataCollectionManager.Initialize: Launched datacollector processId: 13736 port: 59800
TpTrace Information: 0 : 14712, 1, 2023/02/20, 11:23:21.802, 91996794147, vstest.console.dll, ProxyDataCollectionManager.Initialize: waiting for connection with timeout: 90 seconds
TpTrace Verbose: 0 : 14712, 1, 2023/02/20, 11:23:21.803, 91996795575, vstest.console.dll, DataCollectionRequestSender.WaitForRequestHandlerConnection : Waiting for connection with timeout: 90000
TpTrace Verbose: 0 : 14712, 1, 2023/02/20, 11:23:22.025, 91999018615, vstest.console.dll, SocketCommunicationManager.WaitForClientConnection took: 222 ms, with 90000 ms timeout, and finished with True.
TpTrace Verbose: 0 : 14712, 1, 2023/02/20, 11:23:22.025, 91999021416, vstest.console.dll, ProxyDataCollectionManager.InvokeDataCollectionServiceAction: Starting.
TpTrace Information: 0 : 14712, 1, 2023/02/20, 11:23:22.025, 91999023414, vstest.console.dll, ProxyDataCollectionManager.BeforeTestRunStart: Get environment variable and port for datacollector processId: 13736 port: 59800
TpTrace Verbose: 0 : 14712, 1, 2023/02/20, 11:23:22.026, 91999025785, vstest.console.dll, DataCollectionRequestSender.SendBeforeTestRunStartAndGetResult: Send BeforeTestRunStart message with settingsXml <RunSettings><RunConfiguration><ResultsDirectory>D:\SOFTUNI\SoftuniSvetlina-Courses\C#\OOP-Advanced\04.Mini-Exam-Defining-Classes-Testing-Skeleton\ArrayListTests\bin\Debug\netcoreapp3.1\fine-code-coverage\coverage-tool-output</ResultsDirectory><TargetPlatform>X64</TargetPlatform><TargetFrameworkVersion>.NETCoreApp,Version=v3.1</TargetFrameworkVersion><DesignMode>False</DesignMode><CollectSourceInformation>False</CollectSourceInformation><TestAdaptersPaths>C:\Program Files\dotnet\sdk\7.0.100\Extensions</TestAdaptersPaths></RunConfiguration><LoggerRunSettings><Loggers><Logger friendlyName="blame" enabled="True" /><Logger friendlyName="Console" uri="logger://microsoft/TestPlatform/ConsoleLogger/v1" assemblyQualifiedName="Microsoft.VisualStudio.TestPlatform.CommandLine.Internal.ConsoleLogger, vstest.console, Version=15.0.0.0, Culture=neutral, PublicKeyToken=b03f5f7f11d50a3a" codeBase="C:\Program Files\dotnet\sdk\7.0.100\vstest.console.dll" enabled="True" /></Loggers></LoggerRunSettings><DataCollectionRunSettings><DataCollectors><DataCollector friendlyName="blame" enabled="True"><Configuration><ResultsDirectory>D:\SOFTUNI\SoftuniSvetlina-Courses\C#\OOP-Advanced\04.Mini-Exam-Defining-Classes-Testing-Skeleton\ArrayListTests\bin\Debug\netcoreapp3.1\fine-code-coverage\coverage-tool-output</ResultsDirectory></Configuration></DataCollector></DataCollectors></DataCollectionRunSettings></RunSettings> and sources System.Collections.Generic.List`1[System.String]: 
TpTrace Information: 0 : 14712, 7, 2023/02/20, 11:23:22.026, 91999031883, vstest.console.dll, Using the buffer size of 16384 bytes
TpTrace Information: 0 : 14712, 7, 2023/02/20, 11:23:22.026, 91999033845, vstest.console.dll, Accepted Client request and set the flag
TpTrace Verbose: 0 : 14712, 1, 2023/02/20, 11:23:22.182, 92000592705, vstest.console.dll, DataCollectionRequestSender.SendBeforeTestRunStartAndGetResult: Received message: (DataCollection.SendMessage) -> {"MessageType":"DataCollection.SendMessage","Payload":{"FriendlyName":null,"Uri":null,"TestCaseId":"00000000-0000-0000-0000-000000000000","Message":"Logging DataCollector Diagnostics in file: D:\\SOFTUNI\\SoftuniSvetlina-Courses\\C#\\OOP-Advanced\\04.Mini-Exam-Defining-Classes-Testing-Skeleton\\ArrayListTests\\bin\\Debug\\netcoreapp3.1\\fine-code-coverage\\coverage-tool-output\\diagnostics.datacollector.23-02-20_11-23-21_79129_1.log","Level":0}}
TpTrace Verbose: 0 : 14712, 1, 2023/02/20, 11:23:22.344, 92002208286, vstest.console.dll, DataCollectionRequestSender.SendBeforeTestRunStartAndGetResult: Received message: (DataCollection.BeforeTestRunStartResult) -> {"MessageType":"DataCollection.BeforeTestRunStartResult","Payload":{"EnvironmentVariables":{},"DataCollectionEventsPort":59802}}
TpTrace Information: 0 : 14712, 1, 2023/02/20, 11:23:22.354, 92002311949, vstest.console.dll, ProxyDataCollectionManager.BeforeTestRunStart: SendBeforeTestRunStartAndGetResult successful, env variable from datacollector:   and testhost port: 59802
TpTrace Information: 0 : 14712, 1, 2023/02/20, 11:23:22.354, 92002313356, vstest.console.dll, ProxyDataCollectionManager.InvokeDataCollectionServiceAction: Completed.
TpTrace Verbose: 0 : 14712, 7, 2023/02/20, 11:23:22.355, 92002315216, vstest.console.dll, ParallelProxyExecutionManager: Execution started. Started clients: 1
TpTrace Verbose: 0 : 14712, 1, 2023/02/20, 11:23:22.355, 92002316115, vstest.console.dll, ProxyParallelExecutionManager: No sources available for execution.
TpTrace Information: 0 : 14712, 1, 2023/02/20, 11:23:22.355, 92002317595, vstest.console.dll, TestRunRequest.ExecuteAsync: Started.
TpTrace Verbose: 0 : 14712, 1, 2023/02/20, 11:23:22.355, 92002319094, vstest.console.dll, TestRunRequest.WaitForCompletion: Waiting with timeout -1.
TpTrace Verbose: 0 : 14712, 7, 2023/02/20, 11:23:22.355, 92002320994, vstest.console.dll, TestRunRequest:SendTestRunMessage: Starting.
TpTrace Verbose: 0 : 14712, 7, 2023/02/20, 11:23:22.355, 92002323321, vstest.console.dll, MulticastDelegateUtilities.SafeInvoke: TestRun.LogMessages: Invoking callback 1/1 for Microsoft.VisualStudio.TestPlatform.CommandLine.TestRunResultAggregator., took 0 ms.
TpTrace Information: 0 : 14712, 7, 2023/02/20, 11:23:22.355, 92002323971, vstest.console.dll, TestRunRequest:SendTestRunMessage: Completed.
TpTrace Verbose: 0 : 14712, 7, 2023/02/20, 11:23:22.356, 92002326490, vstest.console.dll, ProxyExecutionManager: Test host is always Lazy initialize.
TpTrace Verbose: 0 : 14712, 4, 2023/02/20, 11:23:22.356, 92002326939, vstest.console.dll, MulticastDelegateUtilities.SafeInvoke: InternalTestLoggerEvents.SendTestRunMessage: Invoking callback 1/1 for Microsoft.VisualStudio.TestPlatform.CommandLine.Internal.ConsoleLogger., took 0 ms.
TpTrace Verbose: 0 : 14712, 7, 2023/02/20, 11:23:22.356, 92002330474, vstest.console.dll, TestRequestSender.InitializeCommunication: initialize communication. 
TpTrace Information: 0 : 14712, 7, 2023/02/20, 11:23:22.357, 92002338069, vstest.console.dll, SocketServer.Start: Listening on endpoint : 127.0.0.1:59803
TpTrace Verbose: 0 : 14712, 7, 2023/02/20, 11:23:22.358, 92002353622, vstest.console.dll, DotnetTestHostmanager.GetTestHostProcessStartInfo: Platform environment 'X64' target architecture 'X64' framework '.NETCoreApp,Version=v3.1' OS 'Windows'
TpTrace Verbose: 0 : 14712, 7, 2023/02/20, 11:23:22.359, 92002356905, vstest.console.dll, DotnetTestHostmanager: Adding  --runtimeconfig "D:\SOFTUNI\SoftuniSvetlina-Courses\C#\OOP-Advanced\04.Mini-Exam-Defining-Classes-Testing-Skeleton\ArrayListTests\bin\Debug\netcoreapp3.1\fine-code-coverage\build-output\ArrayListTests.runtimeconfig.json" in args
TpTrace Verbose: 0 : 14712, 7, 2023/02/20, 11:23:22.359, 92002358169, vstest.console.dll, DotnetTestHostmanager: Adding  --depsfile "D:\SOFTUNI\SoftuniSvetlina-Courses\C#\OOP-Advanced\04.Mini-Exam-Defining-Classes-Testing-Skeleton\ArrayListTests\bin\Debug\netcoreapp3.1\fine-code-coverage\build-output\ArrayListTests.deps.json" in args
TpTrace Verbose: 0 : 14712, 7, 2023/02/20, 11:23:22.359, 92002360704, vstest.console.dll, DotnetTestHostmanager.IsWinOnArm: Current PROCESSOR_ARCHITECTURE from environment variable 'AMD64'
TpTrace Verbose: 0 : 14712, 7, 2023/02/20, 11:23:22.359, 92002361710, vstest.console.dll, DotnetTestHostmanager.IsWinOnArm: Is Windows on ARM 'False'
TpTrace Information: 0 : 14712, 7, 2023/02/20, 11:23:22.359, 92002363657, vstest.console.dll, AssemblyResolver.OnResolve: Microsoft.Extensions.DependencyModel: Resolving assembly.
TpTrace Information: 0 : 14712, 7, 2023/02/20, 11:23:22.359, 92002364328, vstest.console.dll, AssemblyResolver.OnResolve: Microsoft.Extensions.DependencyModel: Searching in: 'C:\Program Files\dotnet\sdk\7.0.100\Extensions'.
TpTrace Information: 0 : 14712, 7, 2023/02/20, 11:23:22.360, 92002365772, vstest.console.dll, AssemblyResolver.OnResolve: Microsoft.Extensions.DependencyModel: Assembly path does not exist: 'C:\Program Files\dotnet\sdk\7.0.100\Extensions\Microsoft.Extensions.DependencyModel.dll', returning.
TpTrace Information: 0 : 14712, 7, 2023/02/20, 11:23:22.360, 92002367027, vstest.console.dll, AssemblyResolver.OnResolve: Microsoft.Extensions.DependencyModel: Assembly path does not exist: 'C:\Program Files\dotnet\sdk\7.0.100\Extensions\Microsoft.Extensions.DependencyModel.exe', returning.
TpTrace Information: 0 : 14712, 7, 2023/02/20, 11:23:22.360, 92002367698, vstest.console.dll, AssemblyResolver.OnResolve: Microsoft.Extensions.DependencyModel: Searching in: 'C:\Program Files\dotnet\sdk\7.0.100'.
TpTrace Information: 0 : 14712, 7, 2023/02/20, 11:23:22.360, 92002371554, vstest.console.dll, AssemblyResolver.OnResolve: Microsoft.Extensions.DependencyModel: Loading assembly 'C:\Program Files\dotnet\sdk\7.0.100\Microsoft.Extensions.DependencyModel.dll'.
TpTrace Information: 0 : 14712, 7, 2023/02/20, 11:23:22.361, 92002378229, vstest.console.dll, AssemblyResolver.OnResolve: Resolved assembly: Microsoft.Extensions.DependencyModel, from path: C:\Program Files\dotnet\sdk\7.0.100\Microsoft.Extensions.DependencyModel.dll
TpTrace Verbose: 0 : 14712, 7, 2023/02/20, 11:23:22.361, 92002382853, vstest.console.dll, DotnetTestHostmanager: Reading file D:\SOFTUNI\SoftuniSvetlina-Courses\C#\OOP-Advanced\04.Mini-Exam-Defining-Classes-Testing-Skeleton\ArrayListTests\bin\Debug\netcoreapp3.1\fine-code-coverage\build-output\ArrayListTests.deps.json to get path of testhost.dll
TpTrace Verbose: 0 : 14712, 7, 2023/02/20, 11:23:22.398, 92002749713, vstest.console.dll, DotnetTestHostmanager: Relative path of testhost.dll with respect to package folder is microsoft.testplatform.testhost/16.5.0\lib/netcoreapp2.1/testhost.dll
TpTrace Verbose: 0 : 14712, 7, 2023/02/20, 11:23:22.400, 92002768222, vstest.console.dll, DotnetTestHostmanager: Looking for path microsoft.testplatform.testhost/16.5.0\lib/netcoreapp2.1/testhost.dll in folder C:\Users\KARDAM\.dotnet\store\|arch|\|tfm|
TpTrace Verbose: 0 : 14712, 7, 2023/02/20, 11:23:22.400, 92002770881, vstest.console.dll, DotnetTestHostmanager: Looking for path microsoft.testplatform.testhost/16.5.0\lib/netcoreapp2.1/testhost.dll in folder C:\Users\KARDAM\.nuget\packages
TpTrace Verbose: 0 : 14712, 7, 2023/02/20, 11:23:22.400, 92002772848, vstest.console.dll, DotnetTestHostmanager: Found testhost.dll in C:\Users\KARDAM\.nuget\packages\microsoft.testplatform.testhost/16.5.0\lib/netcoreapp2.1/testhost.dll
TpTrace Verbose: 0 : 14712, 7, 2023/02/20, 11:23:22.401, 92002776919, vstest.console.dll, DotnetTestHostmanager: Current process architetcure 'X64'
TpTrace Verbose: 0 : 14712, 7, 2023/02/20, 11:23:22.401, 92002781755, vstest.console.dll, DotnetTestHostmanager.LaunchTestHostAsync: Compatible muxer architecture of running process 'X64' and target architecture 'X64'
TpTrace Verbose: 0 : 14712, 7, 2023/02/20, 11:23:22.401, 92002782940, vstest.console.dll, DotnetTestHostmanager: Full path of testhost.dll is C:\Users\KARDAM\.nuget\packages\microsoft.testplatform.testhost/16.5.0\lib/netcoreapp2.1/testhost.dll
TpTrace Verbose: 0 : 14712, 7, 2023/02/20, 11:23:22.401, 92002783952, vstest.console.dll, DotnetTestHostmanager: Full path of host exe is C:\Program Files\dotnet\dotnet.exe
TpTrace Verbose: 0 : 14712, 7, 2023/02/20, 11:23:22.402, 92002788183, vstest.console.dll, DotnetTestHostManager: Starting process 'C:\Program Files\dotnet\dotnet.exe' with command line 'exec --runtimeconfig "D:\SOFTUNI\SoftuniSvetlina-Courses\C#\OOP-Advanced\04.Mini-Exam-Defining-Classes-Testing-Skeleton\ArrayListTests\bin\Debug\netcoreapp3.1\fine-code-coverage\build-output\ArrayListTests.runtimeconfig.json" --depsfile "D:\SOFTUNI\SoftuniSvetlina-Courses\C#\OOP-Advanced\04.Mini-Exam-Defining-Classes-Testing-Skeleton\ArrayListTests\bin\Debug\netcoreapp3.1\fine-code-coverage\build-output\ArrayListTests.deps.json" "C:\Users\KARDAM\.nuget\packages\microsoft.testplatform.testhost/16.5.0\lib/netcoreapp2.1/testhost.dll" --port 59803 --endpoint 127.0.0.1:059803 --role client --parentprocessid 14712 --diag "D:\SOFTUNI\SoftuniSvetlina-Courses\C#\OOP-Advanced\04.Mini-Exam-Defining-Classes-Testing-Skeleton\ArrayListTests\bin\Debug\netcoreapp3.1\fine-code-coverage\coverage-tool-output\diagnostics.host.23-02-20_11-23-22_35818_7.log" --tracelevel 4 --datacollectionport 59802 --telemetryoptedin false'
TpTrace Verbose: 0 : 14712, 7, 2023/02/20, 11:23:22.542, 92004189174, vstest.console.dll, MulticastDelegateUtilities.SafeInvoke: HostProviderEvents.OnHostLaunched: Invoking callback 1/2 for Microsoft.VisualStudio.TestPlatform.CrossPlatEngine.Client.ProxyExecutionManagerWithDataCollection., took 4 ms.
TpTrace Verbose: 0 : 14712, 7, 2023/02/20, 11:23:22.543, 92004195666, vstest.console.dll, Test Runtime launched
TpTrace Verbose: 0 : 14712, 7, 2023/02/20, 11:23:22.543, 92004198497, vstest.console.dll, MulticastDelegateUtilities.SafeInvoke: HostProviderEvents.OnHostLaunched: Invoking callback 2/2 for Microsoft.VisualStudio.TestPlatform.CrossPlatEngine.Client.ProxyOperationManager., took 0 ms.
TpTrace Verbose: 0 : 14712, 7, 2023/02/20, 11:23:22.543, 92004202765, vstest.console.dll, TestRequestSender.WaitForRequestHandlerConnection: waiting for connection with timeout: 90000.
TpTrace Verbose: 0 : 14712, 11, 2023/02/20, 11:23:22.782, 92006588390, vstest.console.dll, MulticastDelegateUtilities.SafeInvoke: SocketServer: ClientConnected: Invoking callback 1/1 for Microsoft.VisualStudio.TestPlatform.CommunicationUtilities.TestRequestSender., took 0 ms.
TpTrace Verbose: 0 : 14712, 7, 2023/02/20, 11:23:22.782, 92006588390, vstest.console.dll, TestRequestSender.WaitForRequestHandlerConnection: waiting took 238 ms, with timeout 90000 ms, and result 0, which is success.
TpTrace Verbose: 0 : 14712, 11, 2023/02/20, 11:23:22.782, 92006589997, vstest.console.dll, SocketServer.OnClientConnected: Client connected for endPoint: 127.0.0.1:59803, starting MessageLoopAsync:
TpTrace Verbose: 0 : 14712, 11, 2023/02/20, 11:23:22.783, 92006595358, vstest.console.dll, TcpClientExtensions.MessageLoopAsync: Polling on remoteEndPoint: 127.0.0.1:59804 localEndPoint: 127.0.0.1:59803
TpTrace Verbose: 0 : 14712, 7, 2023/02/20, 11:23:22.784, 92006610008, vstest.console.dll, TestRequestSender.CheckVersionWithTestHost: Sending check version message: {"MessageType":"ProtocolVersion","Payload":7}
TpTrace Verbose: 0 : 14712, 11, 2023/02/20, 11:23:22.988, 92008653886, vstest.console.dll, TcpClientExtensions.MessageLoopAsync: NotifyDataAvailable remoteEndPoint: 127.0.0.1:59804 localEndPoint: 127.0.0.1:59803
TpTrace Verbose: 0 : 14712, 11, 2023/02/20, 11:23:22.989, 92008656659, vstest.console.dll, TestRequestSender.CheckVersionWithTestHost: onMessageReceived received message: (ProtocolVersion) -> {"MessageType":"ProtocolVersion","Payload":2}
TpTrace Verbose: 0 : 14712, 11, 2023/02/20, 11:23:22.990, 92008668034, vstest.console.dll, MulticastDelegateUtilities.SafeInvoke: LengthPrefixCommunicationChannel: MessageReceived: Invoking callback 1/1 for Microsoft.VisualStudio.TestPlatform.CommunicationUtilities.TestRequestSender+<>c__DisplayClass26_0., took 1 ms.
TpTrace Verbose: 0 : 14712, 7, 2023/02/20, 11:23:22.990, 92008669472, vstest.console.dll, TestPluginCache.GetExtensionPaths: Filtered extension paths: 
TpTrace Verbose: 0 : 14712, 11, 2023/02/20, 11:23:22.990, 92008670432, vstest.console.dll, TcpClientExtensions.MessageLoopAsync: Polling on remoteEndPoint: 127.0.0.1:59804 localEndPoint: 127.0.0.1:59803
TpTrace Verbose: 0 : 14712, 7, 2023/02/20, 11:23:22.990, 92008671415, vstest.console.dll, TestPluginCache.GetExtensionPaths: Added default extension paths: C:\Program Files\dotnet\sdk\7.0.100\Extensions\Microsoft.Diagnostics.NETCore.Client.dll
C:\Program Files\dotnet\sdk\7.0.100\Extensions\Microsoft.TestPlatform.Extensions.BlameDataCollector.dll
C:\Program Files\dotnet\sdk\7.0.100\Extensions\Microsoft.TestPlatform.Extensions.EventLogCollector.dll
C:\Program Files\dotnet\sdk\7.0.100\Extensions\Microsoft.TestPlatform.TestHostRuntimeProvider.dll
C:\Program Files\dotnet\sdk\7.0.100\Extensions\Microsoft.VisualStudio.TestPlatform.Extensions.Html.TestLogger.dll
C:\Program Files\dotnet\sdk\7.0.100\Extensions\Microsoft.VisualStudio.TestPlatform.Extensions.Trx.TestLogger.dll
TpTrace Verbose: 0 : 14712, 7, 2023/02/20, 11:23:22.990, 92008673240, vstest.console.dll, TestPluginCache.GetExtensionPaths: Added unfilterableExtensionPaths: 
TpTrace Verbose: 0 : 14712, 7, 2023/02/20, 11:23:22.995, 92008722996, vstest.console.dll, TestRequestSender.InitializeExecution: Sending initialize execution with message: {"Version":2,"MessageType":"TestExecution.Initialize","Payload":["D:\\SOFTUNI\\SoftuniSvetlina-Courses\\C#\\OOP-Advanced\\04.Mini-Exam-Defining-Classes-Testing-Skeleton\\ArrayListTests\\bin\\Debug\\netcoreapp3.1\\fine-code-coverage\\build-output\\NUnit3.TestAdapter.dll"]}
TpTrace Warning: 0 : 14712, 7, 2023/02/20, 11:23:22.996, 92008729662, vstest.console.dll, InferRunSettingsHelper.MakeRunsettingsCompatible: Removing the following settings: TargetPlatform from RunSettings file. To use those settings please move to latest version of Microsoft.NET.Test.Sdk
TpTrace Verbose: 0 : 14712, 11, 2023/02/20, 11:23:23.006, 92008833770, vstest.console.dll, TcpClientExtensions.MessageLoopAsync: NotifyDataAvailable remoteEndPoint: 127.0.0.1:59804 localEndPoint: 127.0.0.1:59803
TpTrace Verbose: 0 : 14712, 11, 2023/02/20, 11:23:23.012, 92008885798, vstest.console.dll, TestRequestSender.OnExecutionMessageReceived: Received message: {"Version":2,"MessageType":"TestSession.Message","Payload":{"MessageLevel":0,"Message":"Logging TestHost Diagnostics in file: D:\\SOFTUNI\\SoftuniSvetlina-Courses\\C#\\OOP-Advanced\\04.Mini-Exam-Defining-Classes-Testing-Skeleton\\ArrayListTests\\bin\\Debug\\netcoreapp3.1\\fine-code-coverage\\coverage-tool-output\\diagnostics.host.23-02-20_11-23-22_35818_7.log"}}
TpTrace Verbose: 0 : 14712, 7, 2023/02/20, 11:23:23.015, 92008917545, vstest.console.dll, TestRequestSender.StartTestRun: Sending test run with message: {"Version":2,"MessageType":"TestExecution.StartWithSources","Payload":{"AdapterSourceMap":{"_none_":["D:\\SOFTUNI\\SoftuniSvetlina-Courses\\C#\\OOP-Advanced\\04.Mini-Exam-Defining-Classes-Testing-Skeleton\\ArrayListTests\\bin\\Debug\\netcoreapp3.1\\fine-code-coverage\\build-output\\ArrayListTests.dll"]},"RunSettings":"<RunSettings>\r\n  <RunConfiguration>\r\n    <ResultsDirectory>D:\\SOFTUNI\\SoftuniSvetlina-Courses\\C#\\OOP-Advanced\\04.Mini-Exam-Defining-Classes-Testing-Skeleton\\ArrayListTests\\bin\\Debug\\netcoreapp3.1\\fine-code-coverage\\coverage-tool-output</ResultsDirectory>\r\n    <TargetFrameworkVersion>.NETCoreApp,Version=v3.1</TargetFrameworkVersion>\r\n    <DesignMode>False</DesignMode>\r\n    <CollectSourceInformation>False</CollectSourceInformation>\r\n  </RunConfiguration>\r\n  <LoggerRunSettings>\r\n    <Loggers>\r\n      <Logger friendlyName=\"blame\" enabled=\"True\" />\r\n      <Logger friendlyName=\"Console\" uri=\"logger://microsoft/TestPlatform/ConsoleLogger/v1\" assemblyQualifiedName=\"Microsoft.VisualStudio.TestPlatform.CommandLine.Internal.ConsoleLogger, vstest.console, Version=15.0.0.0, Culture=neutral, PublicKeyToken=b03f5f7f11d50a3a\" codeBase=\"C:\\Program Files\\dotnet\\sdk\\7.0.100\\vstest.console.dll\" enabled=\"True\" />\r\n    </Loggers>\r\n  </LoggerRunSettings>\r\n  <DataCollectionRunSettings>\r\n    <DataCollectors>\r\n      <DataCollector friendlyName=\"blame\" enabled=\"True\">\r\n        <Configuration>\r\n          <ResultsDirectory>D:\\SOFTUNI\\SoftuniSvetlina-Courses\\C#\\OOP-Advanced\\04.Mini-Exam-Defining-Classes-Testing-Skeleton\\ArrayListTests\\bin\\Debug\\netcoreapp3.1\\fine-code-coverage\\coverage-tool-output</ResultsDirectory>\r\n        </Configuration>\r\n      </DataCollector>\r\n    </DataCollectors>\r\n  </DataCollectionRunSettings>\r\n</RunSettings>","TestExecutionContext":{"FrequencyOfRunStatsChangeEvent":10,"RunStatsChangeEventTimeout":"00:00:01.5000000","InIsolation":false,"KeepAlive":false,"AreTestCaseLevelEventsRequired":false,"IsDebug":false,"TestCaseFilter":null,"FilterOptions":null},"Package":null}}
TpTrace Verbose: 0 : 14712, 11, 2023/02/20, 11:23:23.016, 92008929768, vstest.console.dll, TestRunRequest:SendTestRunMessage: Starting.
TpTrace Verbose: 0 : 14712, 11, 2023/02/20, 11:23:23.016, 92008932181, vstest.console.dll, MulticastDelegateUtilities.SafeInvoke: TestRun.LogMessages: Invoking callback 1/1 for Microsoft.VisualStudio.TestPlatform.CommandLine.TestRunResultAggregator., took 0 ms.
TpTrace Verbose: 0 : 14712, 4, 2023/02/20, 11:23:23.016, 92008932261, vstest.console.dll, MulticastDelegateUtilities.SafeInvoke: InternalTestLoggerEvents.SendTestRunMessage: Invoking callback 1/1 for Microsoft.VisualStudio.TestPlatform.CommandLine.Internal.ConsoleLogger., took 0 ms.
TpTrace Information: 0 : 14712, 11, 2023/02/20, 11:23:23.016, 92008933192, vstest.console.dll, TestRunRequest:SendTestRunMessage: Completed.
TpTrace Verbose: 0 : 14712, 11, 2023/02/20, 11:23:23.016, 92008934851, vstest.console.dll, MulticastDelegateUtilities.SafeInvoke: LengthPrefixCommunicationChannel: MessageReceived: Invoking callback 1/1 for Microsoft.VisualStudio.TestPlatform.CommunicationUtilities.TestRequestSender+<>c__DisplayClass31_0., took 4 ms.
TpTrace Verbose: 0 : 14712, 11, 2023/02/20, 11:23:23.017, 92008935307, vstest.console.dll, TcpClientExtensions.MessageLoopAsync: Polling on remoteEndPoint: 127.0.0.1:59804 localEndPoint: 127.0.0.1:59803
TpTrace Verbose: 0 : 14712, 11, 2023/02/20, 11:23:23.225, 92011020600, vstest.console.dll, TcpClientExtensions.MessageLoopAsync: NotifyDataAvailable remoteEndPoint: 127.0.0.1:59804 localEndPoint: 127.0.0.1:59803
TpTrace Verbose: 0 : 14712, 11, 2023/02/20, 11:23:23.226, 92011026286, vstest.console.dll, TestRequestSender.OnExecutionMessageReceived: Received message: {"Version":2,"MessageType":"TestSession.Message","Payload":{"MessageLevel":0,"Message":"NUnit Adapter 3.16.1.0: Test execution started"}}
TpTrace Verbose: 0 : 14712, 11, 2023/02/20, 11:23:23.226, 92011031757, vstest.console.dll, TestRunRequest:SendTestRunMessage: Starting.
TpTrace Verbose: 0 : 14712, 11, 2023/02/20, 11:23:23.226, 92011033525, vstest.console.dll, MulticastDelegateUtilities.SafeInvoke: TestRun.LogMessages: Invoking callback 1/1 for Microsoft.VisualStudio.TestPlatform.CommandLine.TestRunResultAggregator., took 0 ms.
TpTrace Verbose: 0 : 14712, 4, 2023/02/20, 11:23:23.226, 92011033909, vstest.console.dll, MulticastDelegateUtilities.SafeInvoke: InternalTestLoggerEvents.SendTestRunMessage: Invoking callback 1/1 for Microsoft.VisualStudio.TestPlatform.CommandLine.Internal.ConsoleLogger., took 0 ms.
TpTrace Information: 0 : 14712, 11, 2023/02/20, 11:23:23.227, 92011035386, vstest.console.dll, TestRunRequest:SendTestRunMessage: Completed.
TpTrace Verbose: 0 : 14712, 11, 2023/02/20, 11:23:23.227, 92011036314, vstest.console.dll, MulticastDelegateUtilities.SafeInvoke: LengthPrefixCommunicationChannel: MessageReceived: Invoking callback 1/1 for Microsoft.VisualStudio.TestPlatform.CommunicationUtilities.TestRequestSender+<>c__DisplayClass31_0., took 1 ms.
TpTrace Verbose: 0 : 14712, 11, 2023/02/20, 11:23:23.227, 92011037090, vstest.console.dll, TcpClientExtensions.MessageLoopAsync: Polling on remoteEndPoint: 127.0.0.1:59804 localEndPoint: 127.0.0.1:59803
TpTrace Verbose: 0 : 14712, 11, 2023/02/20, 11:23:23.239, 92011161006, vstest.console.dll, TcpClientExtensions.MessageLoopAsync: NotifyDataAvailable remoteEndPoint: 127.0.0.1:59804 localEndPoint: 127.0.0.1:59803
TpTrace Verbose: 0 : 14712, 11, 2023/02/20, 11:23:23.239, 92011163573, vstest.console.dll, TestRequestSender.OnExecutionMessageReceived: Received message: {"Version":2,"MessageType":"TestSession.Message","Payload":{"MessageLevel":0,"Message":"Running all tests in D:\\SOFTUNI\\SoftuniSvetlina-Courses\\C#\\OOP-Advanced\\04.Mini-Exam-Defining-Classes-Testing-Skeleton\\ArrayListTests\\bin\\Debug\\netcoreapp3.1\\fine-code-coverage\\build-output\\ArrayListTests.dll"}}
TpTrace Verbose: 0 : 14712, 11, 2023/02/20, 11:23:23.240, 92011166151, vstest.console.dll, TestRunRequest:SendTestRunMessage: Starting.
TpTrace Verbose: 0 : 14712, 11, 2023/02/20, 11:23:23.240, 92011167734, vstest.console.dll, MulticastDelegateUtilities.SafeInvoke: TestRun.LogMessages: Invoking callback 1/1 for Microsoft.VisualStudio.TestPlatform.CommandLine.TestRunResultAggregator., took 0 ms.
TpTrace Verbose: 0 : 14712, 4, 2023/02/20, 11:23:23.240, 92011168195, vstest.console.dll, MulticastDelegateUtilities.SafeInvoke: InternalTestLoggerEvents.SendTestRunMessage: Invoking callback 1/1 for Microsoft.VisualStudio.TestPlatform.CommandLine.Internal.ConsoleLogger., took 0 ms.
TpTrace Information: 0 : 14712, 11, 2023/02/20, 11:23:23.240, 92011169703, vstest.console.dll, TestRunRequest:SendTestRunMessage: Completed.
TpTrace Verbose: 0 : 14712, 11, 2023/02/20, 11:23:23.240, 92011170629, vstest.console.dll, MulticastDelegateUtilities.SafeInvoke: LengthPrefixCommunicationChannel: MessageReceived: Invoking callback 1/1 for Microsoft.VisualStudio.TestPlatform.CommunicationUtilities.TestRequestSender+<>c__DisplayClass31_0., took 0 ms.
TpTrace Verbose: 0 : 14712, 11, 2023/02/20, 11:23:23.240, 92011171302, vstest.console.dll, TcpClientExtensions.MessageLoopAsync: Polling on remoteEndPoint: 127.0.0.1:59804 localEndPoint: 127.0.0.1:59803
TpTrace Verbose: 0 : 14712, 11, 2023/02/20, 11:23:23.465, 92013415641, vstest.console.dll, TcpClientExtensions.MessageLoopAsync: NotifyDataAvailable remoteEndPoint: 127.0.0.1:59804 localEndPoint: 127.0.0.1:59803
TpTrace Verbose: 0 : 14712, 11, 2023/02/20, 11:23:23.465, 92013418235, vstest.console.dll, TestRequestSender.OnExecutionMessageReceived: Received message: {"Version":2,"MessageType":"TestSession.Message","Payload":{"MessageLevel":0,"Message":"   NUnit3TestExecutor converted 6 of 6 NUnit test cases"}}
TpTrace Verbose: 0 : 14712, 11, 2023/02/20, 11:23:23.465, 92013420630, vstest.console.dll, TestRunRequest:SendTestRunMessage: Starting.
TpTrace Verbose: 0 : 14712, 11, 2023/02/20, 11:23:23.465, 92013421912, vstest.console.dll, MulticastDelegateUtilities.SafeInvoke: TestRun.LogMessages: Invoking callback 1/1 for Microsoft.VisualStudio.TestPlatform.CommandLine.TestRunResultAggregator., took 0 ms.
TpTrace Verbose: 0 : 14712, 4, 2023/02/20, 11:23:23.465, 92013422314, vstest.console.dll, MulticastDelegateUtilities.SafeInvoke: InternalTestLoggerEvents.SendTestRunMessage: Invoking callback 1/1 for Microsoft.VisualStudio.TestPlatform.CommandLine.Internal.ConsoleLogger., took 0 ms.
TpTrace Information: 0 : 14712, 11, 2023/02/20, 11:23:23.465, 92013423534, vstest.console.dll, TestRunRequest:SendTestRunMessage: Completed.
TpTrace Verbose: 0 : 14712, 11, 2023/02/20, 11:23:23.465, 92013424198, vstest.console.dll, MulticastDelegateUtilities.SafeInvoke: LengthPrefixCommunicationChannel: MessageReceived: Invoking callback 1/1 for Microsoft.VisualStudio.TestPlatform.CommunicationUtilities.TestRequestSender+<>c__DisplayClass31_0., took 0 ms.
TpTrace Verbose: 0 : 14712, 11, 2023/02/20, 11:23:23.465, 92013424603, vstest.console.dll, TcpClientExtensions.MessageLoopAsync: Polling on remoteEndPoint: 127.0.0.1:59804 localEndPoint: 127.0.0.1:59803
TpTrace Verbose: 0 : 14712, 11, 2023/02/20, 11:23:23.627, 92015042921, vstest.console.dll, TcpClientExtensions.MessageLoopAsync: NotifyDataAvailable remoteEndPoint: 127.0.0.1:59804 localEndPoint: 127.0.0.1:59803
TpTrace Verbose: 0 : 14712, 11, 2023/02/20, 11:23:23.627, 92015044637, vstest.console.dll, TestRequestSender.OnExecutionMessageReceived: Received message: {"Version":2,"MessageType":"TestSession.Message","Payload":{"MessageLevel":0,"Message":"NUnit Adapter 3.16.1.0: Test execution complete"}}
TpTrace Verbose: 0 : 14712, 11, 2023/02/20, 11:23:23.628, 92015046110, vstest.console.dll, TestRunRequest:SendTestRunMessage: Starting.
TpTrace Verbose: 0 : 14712, 11, 2023/02/20, 11:23:23.628, 92015047127, vstest.console.dll, MulticastDelegateUtilities.SafeInvoke: TestRun.LogMessages: Invoking callback 1/1 for Microsoft.VisualStudio.TestPlatform.CommandLine.TestRunResultAggregator., took 0 ms.
TpTrace Verbose: 0 : 14712, 4, 2023/02/20, 11:23:23.628, 92015047350, vstest.console.dll, MulticastDelegateUtilities.SafeInvoke: InternalTestLoggerEvents.SendTestRunMessage: Invoking callback 1/1 for Microsoft.VisualStudio.TestPlatform.CommandLine.Internal.ConsoleLogger., took 0 ms.
TpTrace Information: 0 : 14712, 11, 2023/02/20, 11:23:23.628, 92015048113, vstest.console.dll, TestRunRequest:SendTestRunMessage: Completed.
TpTrace Verbose: 0 : 14712, 11, 2023/02/20, 11:23:23.628, 92015049611, vstest.console.dll, MulticastDelegateUtilities.SafeInvoke: LengthPrefixCommunicationChannel: MessageReceived: Invoking callback 1/1 for Microsoft.VisualStudio.TestPlatform.CommunicationUtilities.TestRequestSender+<>c__DisplayClass31_0., took 0 ms.
TpTrace Verbose: 0 : 14712, 11, 2023/02/20, 11:23:23.628, 92015050026, vstest.console.dll, TcpClientExtensions.MessageLoopAsync: Polling on remoteEndPoint: 127.0.0.1:59804 localEndPoint: 127.0.0.1:59803
TpTrace Verbose: 0 : 14712, 11, 2023/02/20, 11:23:23.724, 92016005189, vstest.console.dll, TcpClientExtensions.MessageLoopAsync: NotifyDataAvailable remoteEndPoint: 127.0.0.1:59804 localEndPoint: 127.0.0.1:59803
TpTrace Verbose: 0 : 14712, 11, 2023/02/20, 11:23:23.724, 92016009643, vstest.console.dll, TestRequestSender.OnExecutionMessageReceived: Received message: {"Version":2,"MessageType":"TestExecution.Completed","Payload":{"TestRunCompleteArgs":{"TestRunStatistics":{"ExecutedTests":6,"Stats":{"Passed":6}},"IsCanceled":false,"IsAborted":false,"Error":null,"AttachmentSets":[],"ElapsedTimeInRunningTests":"00:00:00.4327865","Metrics":{}},"LastRunTests":{"NewTestResults":[{"TestCase":{"Id":"167c42e4-110c-0a54-6c37-be9b93f32674","FullyQualifiedName":"ArrayListTests.Tests.Test_ArrayList_Add","DisplayName":"Test_ArrayList_Add","ExecutorUri":"executor://NUnit3TestExecutor","Source":"D:\\SOFTUNI\\SoftuniSvetlina-Courses\\C#\\OOP-Advanced\\04.Mini-Exam-Defining-Classes-Testing-Skeleton\\ArrayListTests\\bin\\Debug\\netcoreapp3.1\\fine-code-coverage\\build-output\\ArrayListTests.dll","CodeFilePath":null,"LineNumber":0,"Properties":[]},"Attachments":[],"Outcome":1,"ErrorMessage":null,"ErrorStackTrace":null,"DisplayName":"Test_ArrayList_Add","Messages":[],"ComputerName":"ISEEYOUTOO","Duration":"00:00:00.0210670","StartTime":"2023-02-20T09:23:23+00:00","EndTime":"2023-02-20T09:23:23+00:00","Properties":[]},{"TestCase":{"Id":"4d1ad507-4327-c32a-97be-c432e37ded0c","FullyQualifiedName":"ArrayListTests.Tests.Test_ArrayList_Change","DisplayName":"Test_ArrayList_Change","ExecutorUri":"executor://NUnit3TestExecutor","Source":"D:\\SOFTUNI\\SoftuniSvetlina-Courses\\C#\\OOP-Advanced\\04.Mini-Exam-Defining-Classes-Testing-Skeleton\\ArrayListTests\\bin\\Debug\\netcoreapp3.1\\fine-code-coverage\\build-output\\ArrayListTests.dll","CodeFilePath":null,"LineNumber":0,"Properties":[]},"Attachments":[],"Outcome":1,"ErrorMessage":null,"ErrorStackTrace":null,"DisplayName":"Test_ArrayList_Change","Messages":[],"ComputerName":"ISEEYOUTOO","Duration":"00:00:00.0006710","StartTime":"2023-02-20T09:23:23+00:00","EndTime":"2023-02-20T09:23:23+00:00","Properties":[]},{"TestCase":{"Id":"d00d7220-1ee3-153e-bc85-5e971fcb1cb8","FullyQualifiedName":"ArrayListTests.Tests.Test_ArrayList_Constructor","DisplayName":"Test_ArrayList_Constructor","ExecutorUri":"executor://NUnit3TestExecutor","Source":"D:\\SOFTUNI\\SoftuniSvetlina-Courses\\C#\\OOP-Advanced\\04.Mini-Exam-Defining-Classes-Testing-Skeleton\\ArrayListTests\\bin\\Debug\\netcoreapp3.1\\fine-code-coverage\\build-output\\ArrayListTests.dll","CodeFilePath":null,"LineNumber":0,"Properties":[]},"Attachments":[],"Outcome":1,"ErrorMessage":null,"ErrorStackTrace":null,"DisplayName":"Test_ArrayList_Constructor","Messages":[],"ComputerName":"ISEEYOUTOO","Duration":"00:00:00.0003450","StartTime":"2023-02-20T09:23:23+00:00","EndTime":"2023-02-20T09:23:23+00:00","Properties":[]},{"TestCase":{"Id":"8437934c-99f5-e523-2e91-81d0509453bc","FullyQualifiedName":"ArrayListTests.Tests.Test_ArrayList_CountFreePositions","DisplayName":"Test_ArrayList_CountFreePositions","ExecutorUri":"executor://NUnit3TestExecutor","Source":"D:\\SOFTUNI\\SoftuniSvetlina-Courses\\C#\\OOP-Advanced\\04.Mini-Exam-Defining-Classes-Testing-Skeleton\\ArrayListTests\\bin\\Debug\\netcoreapp3.1\\fine-code-coverage\\build-output\\ArrayListTests.dll","CodeFilePath":null,"LineNumber":0,"Properties":[]},"Attachments":[],"Outcome":1,"ErrorMessage":null,"ErrorStackTrace":null,"DisplayName":"Test_ArrayList_CountFreePositions","Messages":[],"ComputerName":"ISEEYOUTOO","Duration":"00:00:00.0002780","StartTime":"2023-02-20T09:23:23+00:00","EndTime":"2023-02-20T09:23:23+00:00","Properties":[]},{"TestCase":{"Id":"9ff93452-e23a-e4d8-2ae8-7d5520e715e9","FullyQualifiedName":"ArrayListTests.Tests.Test_ArrayList_Cut","DisplayName":"Test_ArrayList_Cut","ExecutorUri":"executor://NUnit3TestExecutor","Source":"D:\\SOFTUNI\\SoftuniSvetlina-Courses\\C#\\OOP-Advanced\\04.Mini-Exam-Defining-Classes-Testing-Skeleton\\ArrayListTests\\bin\\Debug\\netcoreapp3.1\\fine-code-coverage\\build-output\\ArrayListTests.dll","CodeFilePath":null,"LineNumber":0,"Properties":[]},"Attachments":[],"Outcome":1,"ErrorMessage":null,"ErrorStackTrace":null,"DisplayName":"Test_ArrayList_Cut","Messages":[],"ComputerName":"ISEEYOUTOO","Duration":"00:00:00.0005130","StartTime":"2023-02-20T09:23:23+00:00","EndTime":"2023-02-20T09:23:23+00:00","Properties":[]},{"TestCase":{"Id":"671457ed-9db8-4c85-3019-410f5c8ca732","FullyQualifiedName":"ArrayListTests.Tests.Test_ArrayList_CutException","DisplayName":"Test_ArrayList_CutException","ExecutorUri":"executor://NUnit3TestExecutor","Source":"D:\\SOFTUNI\\SoftuniSvetlina-Courses\\C#\\OOP-Advanced\\04.Mini-Exam-Defining-Classes-Testing-Skeleton\\ArrayListTests\\bin\\Debug\\netcoreapp3.1\\fine-code-coverage\\build-output\\ArrayListTests.dll","CodeFilePath":null,"LineNumber":0,"Properties":[]},"Attachments":[],"Outcome":1,"ErrorMessage":null,"ErrorStackTrace":null,"DisplayName":"Test_ArrayList_CutException","Messages":[],"ComputerName":"ISEEYOUTOO","Duration":"00:00:00.0057279","StartTime":"2023-02-20T09:23:23+00:00","EndTime":"2023-02-20T09:23:23+00:00","Properties":[]}],"TestRunStatistics":{"ExecutedTests":6,"Stats":{"Passed":6}},"ActiveTests":[]},"RunAttachments":[],"ExecutorUris":["executor://nunit3testexecutor/"]}}
TpTrace Verbose: 0 : 14712, 11, 2023/02/20, 11:23:23.724, 92016012088, vstest.console.dll, TestRequestSender.EndSession: Sending end session.
TpTrace Verbose: 0 : 14712, 11, 2023/02/20, 11:23:23.725, 92016019399, vstest.console.dll, ProxyOperationManager.Close: waiting for test host to exit for 100 ms
TpTrace Warning: 0 : 14712, 11, 2023/02/20, 11:23:23.895, 92017718663, vstest.console.dll, ProxyOperationManager: Timed out waiting for test host to exit. Will terminate process.
TpTrace Information: 0 : 14712, 11, 2023/02/20, 11:23:23.895, 92017721562, vstest.console.dll, SocketServer.Stop: Stop server endPoint: 127.0.0.1:59803
TpTrace Information: 0 : 14712, 11, 2023/02/20, 11:23:23.895, 92017722360, vstest.console.dll, SocketServer.Stop: Cancellation requested. Stopping message loop.
TpTrace Information: 0 : 14712, 11, 2023/02/20, 11:23:23.895, 92017724239, vstest.console.dll, Closing the connection
TpTrace Warning: 0 : 14712, 10, 2023/02/20, 11:23:23.902, 92017794980, vstest.console.dll, TestHostManagerCallbacks.ErrorReceivedCallback Test host standard error line: 
TpTrace Verbose: 0 : 14712, 11, 2023/02/20, 11:23:23.925, 92018016800, vstest.console.dll, TestHostProvider.ExitCallBack: Host exited starting callback.
TpTrace Information: 0 : 14712, 11, 2023/02/20, 11:23:23.925, 92018018699, vstest.console.dll, TestHostManagerCallbacks.ExitCallBack: Testhost processId: 16368 exited with exitcode: 0 error: ''
TpTrace Verbose: 0 : 14712, 11, 2023/02/20, 11:23:23.925, 92018019520, vstest.console.dll, DotnetTestHostManager.OnHostExited: invoking OnHostExited callback
TpTrace Verbose: 0 : 14712, 11, 2023/02/20, 11:23:23.925, 92018020444, vstest.console.dll, CrossPlatEngine.TestHostManagerHostExited: calling on client process exit callback.
TpTrace Information: 0 : 14712, 11, 2023/02/20, 11:23:23.925, 92018021293, vstest.console.dll, TestRequestSender.OnClientProcessExit: Test host process exited. Standard error: 
TpTrace Information: 0 : 14712, 11, 2023/02/20, 11:23:23.925, 92018023032, vstest.console.dll, SocketServer.Stop: Stop server endPoint: 127.0.0.1:59803
TpTrace Information: 0 : 14712, 11, 2023/02/20, 11:23:23.925, 92018023603, vstest.console.dll, SocketServer.Stop: Cancellation requested. Stopping message loop.
TpTrace Verbose: 0 : 14712, 11, 2023/02/20, 11:23:23.925, 92018024316, vstest.console.dll, MulticastDelegateUtilities.SafeInvoke: HostProviderEvents.OnHostExited: Invoking callback 1/1 for Microsoft.VisualStudio.TestPlatform.CrossPlatEngine.Client.ProxyOperationManager., took 0 ms.
TpTrace Verbose: 0 : 14712, 11, 2023/02/20, 11:23:23.926, 92018030439, vstest.console.dll, ProxyDataCollectionManager.InvokeDataCollectionServiceAction: Starting.
TpTrace Information: 0 : 14712, 11, 2023/02/20, 11:23:23.926, 92018031428, vstest.console.dll, ProxyDataCollectionManager.AfterTestRunEnd: Get attachment set and invoked data collectors processId: 13736 port: 59800
TpTrace Verbose: 0 : 14712, 11, 2023/02/20, 11:23:23.926, 92018032246, vstest.console.dll, DataCollectionRequestSender.SendAfterTestRunStartAndGetResult: Send AfterTestRunEnd message with isCancelled: False
TpTrace Verbose: 0 : 14712, 11, 2023/02/20, 11:23:23.944, 92018209461, vstest.console.dll, DataCollectionRequestSender.SendAfterTestRunStartAndGetResult: Received message: (DataCollection.AfterTestRunEndResult) -> {"MessageType":"DataCollection.AfterTestRunEndResult","Payload":{"AttachmentSets":[],"InvokedDataCollectors":[{"Uri":"datacollector://Microsoft/TestPlatform/Extensions/Blame/v1","FriendlyName":"Blame","AssemblyQualifiedName":"Microsoft.TestPlatform.Extensions.BlameDataCollector.BlameCollector, Microsoft.TestPlatform.Extensions.BlameDataCollector, Version=15.0.0.0, Culture=neutral, PublicKeyToken=b03f5f7f11d50a3a","FilePath":"C:\\Program Files\\dotnet\\sdk\\7.0.100\\Extensions\\Microsoft.TestPlatform.Extensions.BlameDataCollector.dll","HasAttachmentProcessor":false}],"Metrics":{}}}
TpTrace Warning: 0 : 14712, 9, 2023/02/20, 11:23:23.950, 92018268323, vstest.console.dll, DataCollectionLauncher.ErrorReceivedCallback datacollector standard error line: 
TpTrace Information: 0 : 14712, 11, 2023/02/20, 11:23:23.958, 92018354539, vstest.console.dll, ProxyDataCollectionManager.InvokeDataCollectionServiceAction: Completed.
TpTrace Information: 0 : 14712, 9, 2023/02/20, 11:23:23.969, 92018455939, vstest.console.dll, DataCollectionLauncher.ExitCallBack: Data collector exited with exitcode: 0 error: ''
TpTrace Verbose: 0 : 14712, 11, 2023/02/20, 11:23:24.058, 92019351191, vstest.console.dll, TestRunRequest:SendTestRunStatsChange: Starting.
TpTrace Verbose: 0 : 14712, 11, 2023/02/20, 11:23:24.059, 92019357557, vstest.console.dll, MulticastDelegateUtilities.SafeInvoke: TestRun.RunStatsChanged: Invoking callbacks was skipped because there are no subscribers.
TpTrace Information: 0 : 14712, 11, 2023/02/20, 11:23:24.059, 92019358541, vstest.console.dll, TestRunRequest:SendTestRunStatsChange: Completed.
TpTrace Verbose: 0 : 14712, 11, 2023/02/20, 11:23:24.060, 92019367244, vstest.console.dll, ParallelProxyExecutionManager: HandlePartialRunComplete: Total completed clients = 1, Run complete = True, Run canceled: False.
TpTrace Verbose: 0 : 14712, 4, 2023/02/20, 11:23:24.062, 92019388531, vstest.console.dll, MulticastDelegateUtilities.SafeInvoke: InternalTestLoggerEvents.SendTestResult: Invoking callback 1/1 for Microsoft.VisualStudio.TestPlatform.CommandLine.Internal.ConsoleLogger., took 3 ms.
TpTrace Verbose: 0 : 14712, 4, 2023/02/20, 11:23:24.063, 92019395233, vstest.console.dll, MulticastDelegateUtilities.SafeInvoke: InternalTestLoggerEvents.SendTestResult: Invoking callback 1/1 for Microsoft.VisualStudio.TestPlatform.CommandLine.Internal.ConsoleLogger., took 0 ms.
TpTrace Verbose: 0 : 14712, 4, 2023/02/20, 11:23:24.063, 92019397479, vstest.console.dll, MulticastDelegateUtilities.SafeInvoke: InternalTestLoggerEvents.SendTestResult: Invoking callback 1/1 for Microsoft.VisualStudio.TestPlatform.CommandLine.Internal.ConsoleLogger., took 0 ms.
TpTrace Verbose: 0 : 14712, 4, 2023/02/20, 11:23:24.063, 92019398919, vstest.console.dll, MulticastDelegateUtilities.SafeInvoke: InternalTestLoggerEvents.SendTestResult: Invoking callback 1/1 for Microsoft.VisualStudio.TestPlatform.CommandLine.Internal.ConsoleLogger., took 0 ms.
TpTrace Verbose: 0 : 14712, 4, 2023/02/20, 11:23:24.063, 92019400221, vstest.console.dll, MulticastDelegateUtilities.SafeInvoke: InternalTestLoggerEvents.SendTestResult: Invoking callback 1/1 for Microsoft.VisualStudio.TestPlatform.CommandLine.Internal.ConsoleLogger., took 0 ms.
TpTrace Verbose: 0 : 14712, 4, 2023/02/20, 11:23:24.063, 92019401736, vstest.console.dll, MulticastDelegateUtilities.SafeInvoke: InternalTestLoggerEvents.SendTestResult: Invoking callback 1/1 for Microsoft.VisualStudio.TestPlatform.CommandLine.Internal.ConsoleLogger., took 0 ms.
TpTrace Verbose: 0 : 14712, 4, 2023/02/20, 11:23:24.081, 92019580767, vstest.console.dll, MulticastDelegateUtilities.SafeInvoke: InternalTestLoggerEvents.SendTestRunComplete: Invoking callback 1/2 for Microsoft.TestPlatform.Extensions.BlameDataCollector.BlameLogger., took 0 ms.
TpTrace Verbose: 0 : 14712, 4, 2023/02/20, 11:23:24.089, 92019664830, vstest.console.dll, MulticastDelegateUtilities.SafeInvoke: InternalTestLoggerEvents.SendTestRunComplete: Invoking callback 2/2 for Microsoft.VisualStudio.TestPlatform.CommandLine.Internal.ConsoleLogger., took 8 ms.
TpTrace Verbose: 0 : 14712, 11, 2023/02/20, 11:23:24.090, 92019670192, vstest.console.dll, TestRunRequest:TestRunComplete: Starting. IsAborted:False IsCanceled:False.
TpTrace Verbose: 0 : 14712, 11, 2023/02/20, 11:23:24.092, 92019688293, vstest.console.dll, TestLoggerManager.HandleTestRunComplete: Ignoring as the object is disposed.
TpTrace Verbose: 0 : 14712, 11, 2023/02/20, 11:23:24.092, 92019691447, vstest.console.dll, MulticastDelegateUtilities.SafeInvoke: TestRun.TestRunComplete: Invoking callback 1/2 for Microsoft.VisualStudio.TestPlatform.CommandLine.TestRunResultAggregator., took 0 ms.
TpTrace Verbose: 0 : 14712, 11, 2023/02/20, 11:23:24.092, 92019693476, vstest.console.dll, MulticastDelegateUtilities.SafeInvoke: TestRun.TestRunComplete: Invoking callback 2/2 for Microsoft.VisualStudio.TestPlatform.CommandLine.Processors.RunTestsArgumentExecutor+TestRunRequestEventsRegistrar., took 0 ms.
TpTrace Information: 0 : 14712, 11, 2023/02/20, 11:23:24.092, 92019694927, vstest.console.dll, TestRunRequest:TestRunComplete: Completed.
TpTrace Verbose: 0 : 14712, 11, 2023/02/20, 11:23:24.093, 92019695512, vstest.console.dll, TestRequestSender.SetOperationComplete: Setting operation complete.
TpTrace Information: 0 : 14712, 11, 2023/02/20, 11:23:24.093, 92019695878, vstest.console.dll, SocketServer.Stop: Stop server endPoint: 127.0.0.1:59803
TpTrace Verbose: 0 : 14712, 1, 2023/02/20, 11:23:24.093, 92019696049, vstest.console.dll, TestRunRequest.Dispose: Starting.
TpTrace Information: 0 : 14712, 11, 2023/02/20, 11:23:24.093, 92019696198, vstest.console.dll, SocketServer.Stop: Cancellation requested. Stopping message loop.
TpTrace Information: 0 : 14712, 1, 2023/02/20, 11:23:24.093, 92019696994, vstest.console.dll, TestRunRequest.Dispose: Completed.
TpTrace Verbose: 0 : 14712, 11, 2023/02/20, 11:23:24.093, 92019697600, vstest.console.dll, MulticastDelegateUtilities.SafeInvoke: LengthPrefixCommunicationChannel: MessageReceived: Invoking callback 1/1 for Microsoft.VisualStudio.TestPlatform.CommunicationUtilities.TestRequestSender+<>c__DisplayClass31_0., took 368 ms.
TpTrace Information: 0 : 14712, 1, 2023/02/20, 11:23:24.093, 92019698249, vstest.console.dll, TestRequestManager.RunTests: run tests completed.
TpTrace Information: 0 : 14712, 11, 2023/02/20, 11:23:24.093, 92019698735, vstest.console.dll, SocketServer.PrivateStop: Stopping server endPoint: 127.0.0.1:59803 error: 
TpTrace Information: 0 : 14712, 1, 2023/02/20, 11:23:24.093, 92019700419, vstest.console.dll, RunTestsArgumentProcessor:Execute: Test run is completed.
TpTrace Verbose: 0 : 14712, 1, 2023/02/20, 11:23:24.093, 92019702907, vstest.console.dll, Executor.Execute: Exiting with exit code of 0
TpTrace Verbose: 0 : 14712, 11, 2023/02/20, 11:23:24.093, 92019704026, vstest.console.dll, LengthPrefixCommunicationChannel.Dispose: Dispose reader and writer.
TpTrace Information: 0 : 14712, 11, 2023/02/20, 11:23:24.094, 92019705107, vstest.console.dll, SocketServer.Stop: Raise disconnected event endPoint: 127.0.0.1:59803 error: 
TpTrace Verbose: 0 : 14712, 11, 2023/02/20, 11:23:24.094, 92019706718, vstest.console.dll, TestRequestSender: OnTestRunAbort: Operation is already complete. Skip error message.
TpTrace Verbose: 0 : 14712, 11, 2023/02/20, 11:23:24.094, 92019707492, vstest.console.dll, MulticastDelegateUtilities.SafeInvoke: SocketServer: ClientDisconnected: Invoking callback 1/1 for Microsoft.VisualStudio.TestPlatform.CommunicationUtilities.TestRequestSender., took 0 ms.
TpTrace Verbose: 0 : 14712, 11, 2023/02/20, 11:23:24.094, 92019708083, vstest.console.dll, TcpClientExtensions.MessageLoopAsync: exiting MessageLoopAsync remoteEndPoint: 127.0.0.1:59804 localEndPoint: 127.0.0.1:59803
