<?xml version="1.0" encoding="utf-8"?>
<!DOCTYPE coverage SYSTEM "http://cobertura.sourceforge.net/xml/coverage-04.dtd">
<coverage line-rate="0.983333333333333" branch-rate="1" lines-covered="59" lines-valid="60" branches-covered="8" branches-valid="8" complexity="16" version="0" timestamp="1675676888">
  <sources>
    <source>D:\SOFTUNI\SoftuniSvetlina-Courses\C#\OOP-Advanced\02.Unit-Testing\Unit-Testing-Exercises\</source>
  </sources>
  <packages>
    <package name="Database.Tests" line-rate="0.964285714285714" branch-rate="1" complexity="7">
      <classes>
        <class name="AutoGeneratedProgram" filename="D:\SOFTUNI\SoftuniSvetlina-Courses\C#\OOP-Advanced\02.Unit-Testing\Unit-Testing-Exercises\Database.Tests\obj\Debug\netcoreapp3.1\Database.Tests.Program.cs" line-rate="0" branch-rate="1" complexity="1">
          <methods>
            <method name="Main" signature="(...)" line-rate="0" branch-rate="1" complexity="1">
              <lines>
                <line number="4" hits="0" branch="false" />
              </lines>
            </method>
          </methods>
          <lines>
            <line number="4" hits="0" branch="false" />
          </lines>
        </class>
        <class name="Tests.DatabaseTests" filename="D:\SOFTUNI\SoftuniSvetlina-Courses\C#\OOP-Advanced\02.Unit-Testing\Unit-Testing-Exercises\Database.Tests\DatabaseTests.cs" line-rate="1" branch-rate="1" complexity="6">
          <methods>
            <method name="Setup" signature="()" line-rate="1" branch-rate="1" complexity="1">
              <lines>
                <line number="12" hits="5" branch="false" />
                <line number="13" hits="5" branch="false" />
              </lines>
            </method>
            <method name="Test_Database_DefaultConstructor" signature="()" line-rate="1" branch-rate="1" complexity="1">
              <lines>
                <line number="17" hits="1" branch="false" />
                <line number="18" hits="1" branch="false" />
                <line number="20" hits="1" branch="false" />
                <line number="22" hits="1" branch="false" />
                <line number="23" hits="1" branch="false" />
              </lines>
            </method>
            <method name="Test_Database_ConstructorException" signature="()" line-rate="1" branch-rate="1" complexity="1">
              <lines>
                <line number="27" hits="1" branch="false" />
                <line number="28" hits="1" branch="false" />
                <line number="30" hits="2" branch="false" />
                <line number="31" hits="1" branch="false" />
              </lines>
            </method>
            <method name="Test_Database_Add" signature="()" line-rate="1" branch-rate="1" complexity="1">
              <lines>
                <line number="35" hits="1" branch="false" />
                <line number="36" hits="1" branch="false" />
                <line number="38" hits="1" branch="false" />
                <line number="39" hits="1" branch="false" />
                <line number="41" hits="1" branch="false" />
                <line number="42" hits="1" branch="false" />
              </lines>
            </method>
            <method name="Test_Database_Remove" signature="()" line-rate="1" branch-rate="1" complexity="1">
              <lines>
                <line number="46" hits="1" branch="false" />
                <line number="47" hits="1" branch="false" />
                <line number="49" hits="1" branch="false" />
                <line number="50" hits="1" branch="false" />
                <line number="52" hits="1" branch="false" />
                <line number="53" hits="1" branch="false" />
              </lines>
            </method>
            <method name="Test_Database_RemoveException" signature="()" line-rate="1" branch-rate="1" complexity="1">
              <lines>
                <line number="57" hits="1" branch="false" />
                <line number="58" hits="1" branch="false" />
                <line number="60" hits="2" branch="false" />
                <line number="61" hits="1" branch="false" />
              </lines>
            </method>
          </methods>
          <lines>
            <line number="12" hits="5" branch="false" />
            <line number="13" hits="5" branch="false" />
            <line number="17" hits="1" branch="false" />
            <line number="18" hits="1" branch="false" />
            <line number="20" hits="1" branch="false" />
            <line number="22" hits="1" branch="false" />
            <line number="23" hits="1" branch="false" />
            <line number="27" hits="1" branch="false" />
            <line number="28" hits="1" branch="false" />
            <line number="30" hits="2" branch="false" />
            <line number="31" hits="1" branch="false" />
            <line number="35" hits="1" branch="false" />
            <line number="36" hits="1" branch="false" />
            <line number="38" hits="1" branch="false" />
            <line number="39" hits="1" branch="false" />
            <line number="41" hits="1" branch="false" />
            <line number="42" hits="1" branch="false" />
            <line number="46" hits="1" branch="false" />
            <line number="47" hits="1" branch="false" />
            <line number="49" hits="1" branch="false" />
            <line number="50" hits="1" branch="false" />
            <line number="52" hits="1" branch="false" />
            <line number="53" hits="1" branch="false" />
            <line number="57" hits="1" branch="false" />
            <line number="58" hits="1" branch="false" />
            <line number="60" hits="2" branch="false" />
            <line number="61" hits="1" branch="false" />
          </lines>
        </class>
      </classes>
    </package>
    <package name="P01_Database" line-rate="1" branch-rate="1" complexity="9">
      <classes>
        <class name="P01_Database.Database" filename="D:\SOFTUNI\SoftuniSvetlina-Courses\C#\OOP-Advanced\02.Unit-Testing\Unit-Testing-Exercises\Database\Database.cs" line-rate="1" branch-rate="1" complexity="9">
          <methods>
            <method name="get_Count" signature="()" line-rate="1" branch-rate="1" complexity="1">
              <lines>
                <line number="25" hits="9" branch="false" />
              </lines>
            </method>
            <method name="Add" signature="(...)" line-rate="1" branch-rate="1" complexity="2">
              <lines>
                <line number="29" hits="31" branch="false" />
                <line number="30" hits="31" branch="true" condition-coverage="100% (2/2)" />
                <line number="31" hits="1" branch="false" />
                <line number="32" hits="1" branch="false" />
                <line number="35" hits="30" branch="false" />
                <line number="36" hits="30" branch="false" />
                <line number="37" hits="30" branch="false" />
              </lines>
            </method>
            <method name="Remove" signature="()" line-rate="1" branch-rate="1" complexity="2">
              <lines>
                <line number="40" hits="2" branch="false" />
                <line number="41" hits="2" branch="true" condition-coverage="100% (2/2)" />
                <line number="42" hits="1" branch="false" />
                <line number="43" hits="1" branch="false" />
                <line number="46" hits="1" branch="false" />
                <line number="47" hits="1" branch="false" />
                <line number="48" hits="1" branch="false" />
              </lines>
            </method>
            <method name="Fetch" signature="()" line-rate="1" branch-rate="1" complexity="2">
              <lines>
                <line number="51" hits="2" branch="false" />
                <line number="52" hits="2" branch="false" />
                <line number="54" hits="20" branch="true" condition-coverage="100% (2/2)" />
                <line number="55" hits="8" branch="false" />
                <line number="56" hits="8" branch="false" />
                <line number="57" hits="8" branch="false" />
                <line number="59" hits="2" branch="false" />
                <line number="60" hits="2" branch="false" />
              </lines>
            </method>
            <method name=".ctor" signature="(...)" line-rate="1" branch-rate="1" complexity="2">
              <lines>
                <line number="11" hits="5" branch="false" />
                <line number="12" hits="5" branch="false" />
                <line number="13" hits="5" branch="false" />
                <line number="15" hits="68" branch="true" condition-coverage="100% (2/2)" />
                <line number="16" hits="30" branch="false" />
                <line number="17" hits="30" branch="false" />
                <line number="18" hits="29" branch="false" />
                <line number="20" hits="4" branch="false" />
                <line number="21" hits="4" branch="false" />
              </lines>
            </method>
          </methods>
          <lines>
            <line number="11" hits="5" branch="false" />
            <line number="12" hits="5" branch="false" />
            <line number="13" hits="5" branch="false" />
            <line number="15" hits="68" branch="true" condition-coverage="100% (2/2)" />
            <line number="16" hits="30" branch="false" />
            <line number="17" hits="30" branch="false" />
            <line number="18" hits="29" branch="false" />
            <line number="20" hits="4" branch="false" />
            <line number="21" hits="4" branch="false" />
            <line number="25" hits="9" branch="false" />
            <line number="29" hits="31" branch="false" />
            <line number="30" hits="31" branch="true" condition-coverage="100% (2/2)" />
            <line number="31" hits="1" branch="false" />
            <line number="32" hits="1" branch="false" />
            <line number="35" hits="30" branch="false" />
            <line number="36" hits="30" branch="false" />
            <line number="37" hits="30" branch="false" />
            <line number="40" hits="2" branch="false" />
            <line number="41" hits="2" branch="true" condition-coverage="100% (2/2)" />
            <line number="42" hits="1" branch="false" />
            <line number="43" hits="1" branch="false" />
            <line number="46" hits="1" branch="false" />
            <line number="47" hits="1" branch="false" />
            <line number="48" hits="1" branch="false" />
            <line number="51" hits="2" branch="false" />
            <line number="52" hits="2" branch="false" />
            <line number="54" hits="20" branch="true" condition-coverage="100% (2/2)" />
            <line number="55" hits="8" branch="false" />
            <line number="56" hits="8" branch="false" />
            <line number="57" hits="8" branch="false" />
            <line number="59" hits="2" branch="false" />
            <line number="60" hits="2" branch="false" />
          </lines>
        </class>
      </classes>
    </package>
  </packages>
</coverage>