TpTrace Verbose: 0 : 11788, 1, 2023/02/06, 11:46:20.413, 104533175180, vstest.console.dll, Version: 17.4.0-release-20221019-01 Current process architecture: X64
TpTrace Verbose: 0 : 11788, 1, 2023/02/06, 11:46:20.416, 104533205410, vstest.console.dll, Runtime location: C:\Program Files\dotnet\shared\Microsoft.NETCore.App\7.0.0
TpTrace Verbose: 0 : 11788, 1, 2023/02/06, 11:46:20.423, 104533269271, vstest.console.dll, ArtifactProcessingPostProcessModeProcessorExecutor.Initialize: ArtifactProcessingMode.Collect
TpTrace Verbose: 0 : 11788, 1, 2023/02/06, 11:46:20.423, 104533272703, vstest.console.dll, TestSessionCorrelationIdProcessorModeProcessorExecutor.Initialize: TestSessionCorrelationId '8844_cb5334c2-95a4-49cd-8829-d0855ef4b27a'
TpTrace Information: 0 : 11788, 1, 2023/02/06, 11:46:20.435, 104533389097, vstest.console.dll, FilePatternParser: The given file D:\SOFTUNI\SoftuniSvetlina-Courses\C#\OOP-Advanced\02.Unit-Testing\Unit-Testing-Exercises\DatabaseExtended.Tests\bin\Debug\netcoreapp3.1\fine-code-coverage\build-output\DatabaseExtended.Tests.dll is a full path.
TpTrace Verbose: 0 : 11788, 1, 2023/02/06, 11:46:20.442, 104533456970, vstest.console.dll, TestPluginCache.DiscoverTestExtensions: finding test extensions in assemblies ends with: RuntimeProvider.dll TPluginInfo: Microsoft.VisualStudio.TestPlatform.Common.ExtensionFramework.Utilities.TestRuntimePluginInformation TExtension: Microsoft.VisualStudio.TestPlatform.ObjectModel.Host.ITestRuntimeProvider
TpTrace Verbose: 0 : 11788, 1, 2023/02/06, 11:46:20.442, 104533459845, vstest.console.dll, TestPluginCache.GetExtensionPaths: Filtered extension paths: 
TpTrace Verbose: 0 : 11788, 1, 2023/02/06, 11:46:20.442, 104533461041, vstest.console.dll, TestPluginCache.GetExtensionPaths: Added default extension paths: C:\Program Files\dotnet\sdk\7.0.100\Extensions\Microsoft.Diagnostics.NETCore.Client.dll
C:\Program Files\dotnet\sdk\7.0.100\Extensions\Microsoft.TestPlatform.Extensions.BlameDataCollector.dll
C:\Program Files\dotnet\sdk\7.0.100\Extensions\Microsoft.TestPlatform.Extensions.EventLogCollector.dll
C:\Program Files\dotnet\sdk\7.0.100\Extensions\Microsoft.TestPlatform.TestHostRuntimeProvider.dll
C:\Program Files\dotnet\sdk\7.0.100\Extensions\Microsoft.VisualStudio.TestPlatform.Extensions.Html.TestLogger.dll
C:\Program Files\dotnet\sdk\7.0.100\Extensions\Microsoft.VisualStudio.TestPlatform.Extensions.Trx.TestLogger.dll
TpTrace Verbose: 0 : 11788, 1, 2023/02/06, 11:46:20.442, 104533461539, vstest.console.dll, TestPluginCache.GetExtensionPaths: Added unfilterableExtensionPaths: 
TpTrace Information: 0 : 11788, 1, 2023/02/06, 11:46:20.443, 104533471677, vstest.console.dll, AssemblyResolver.ctor: Creating AssemblyResolver with searchDirectories C:\Program Files\dotnet\sdk\7.0.100\Extensions,C:\Program Files\dotnet\sdk\7.0.100
TpTrace Verbose: 0 : 11788, 1, 2023/02/06, 11:46:20.445, 104533486569, vstest.console.dll, TestPluginCache.DiscoverTestExtensions: Discovering the extensions using extension path.
TpTrace Verbose: 0 : 11788, 1, 2023/02/06, 11:46:20.445, 104533488607, vstest.console.dll, TestPluginCache.GetExtensionPaths: Filtered extension paths: 
TpTrace Verbose: 0 : 11788, 1, 2023/02/06, 11:46:20.445, 104533489262, vstest.console.dll, TestPluginCache.GetExtensionPaths: Added default extension paths: C:\Program Files\dotnet\sdk\7.0.100\Extensions\Microsoft.Diagnostics.NETCore.Client.dll
C:\Program Files\dotnet\sdk\7.0.100\Extensions\Microsoft.TestPlatform.Extensions.BlameDataCollector.dll
C:\Program Files\dotnet\sdk\7.0.100\Extensions\Microsoft.TestPlatform.Extensions.EventLogCollector.dll
C:\Program Files\dotnet\sdk\7.0.100\Extensions\Microsoft.TestPlatform.TestHostRuntimeProvider.dll
C:\Program Files\dotnet\sdk\7.0.100\Extensions\Microsoft.VisualStudio.TestPlatform.Extensions.Html.TestLogger.dll
C:\Program Files\dotnet\sdk\7.0.100\Extensions\Microsoft.VisualStudio.TestPlatform.Extensions.Trx.TestLogger.dll
TpTrace Verbose: 0 : 11788, 1, 2023/02/06, 11:46:20.445, 104533489695, vstest.console.dll, TestPluginCache.GetExtensionPaths: Added unfilterableExtensionPaths: 
TpTrace Verbose: 0 : 11788, 1, 2023/02/06, 11:46:20.445, 104533491951, vstest.console.dll, TestPluginCache.DiscoverTestExtensions: Discovering the extensions using allExtensionPaths: C:\Program Files\dotnet\sdk\7.0.100\Extensions\Microsoft.Diagnostics.NETCore.Client.dll
C:\Program Files\dotnet\sdk\7.0.100\Extensions\Microsoft.TestPlatform.Extensions.BlameDataCollector.dll
C:\Program Files\dotnet\sdk\7.0.100\Extensions\Microsoft.TestPlatform.Extensions.EventLogCollector.dll
C:\Program Files\dotnet\sdk\7.0.100\Extensions\Microsoft.TestPlatform.TestHostRuntimeProvider.dll
C:\Program Files\dotnet\sdk\7.0.100\Extensions\Microsoft.VisualStudio.TestPlatform.Extensions.Html.TestLogger.dll
C:\Program Files\dotnet\sdk\7.0.100\Extensions\Microsoft.VisualStudio.TestPlatform.Extensions.Trx.TestLogger.dll
TpTrace Information: 0 : 11788, 1, 2023/02/06, 11:46:20.445, 104533493478, vstest.console.dll, AssemblyResolver.AddSearchDirectories: Adding more searchDirectories C:\Program Files\dotnet\sdk\7.0.100\Extensions,C:\Program Files\dotnet\sdk\7.0.100
TpTrace Information: 0 : 11788, 1, 2023/02/06, 11:46:20.445, 104533494151, vstest.console.dll, AssemblyResolver.AddSearchDirectories: Adding more searchDirectories C:\Program Files\dotnet\sdk\7.0.100\Extensions,C:\Program Files\dotnet\sdk\7.0.100
TpTrace Information: 0 : 11788, 1, 2023/02/06, 11:46:20.445, 104533494684, vstest.console.dll, AssemblyResolver.AddSearchDirectories: Adding more searchDirectories C:\Program Files\dotnet\sdk\7.0.100\Extensions,C:\Program Files\dotnet\sdk\7.0.100
TpTrace Information: 0 : 11788, 1, 2023/02/06, 11:46:20.445, 104533495092, vstest.console.dll, AssemblyResolver.AddSearchDirectories: Adding more searchDirectories C:\Program Files\dotnet\sdk\7.0.100\Extensions,C:\Program Files\dotnet\sdk\7.0.100
TpTrace Information: 0 : 11788, 1, 2023/02/06, 11:46:20.445, 104533495487, vstest.console.dll, AssemblyResolver.AddSearchDirectories: Adding more searchDirectories C:\Program Files\dotnet\sdk\7.0.100\Extensions,C:\Program Files\dotnet\sdk\7.0.100
TpTrace Information: 0 : 11788, 1, 2023/02/06, 11:46:20.446, 104533495937, vstest.console.dll, AssemblyResolver.AddSearchDirectories: Adding more searchDirectories C:\Program Files\dotnet\sdk\7.0.100\Extensions,C:\Program Files\dotnet\sdk\7.0.100
TpTrace Information: 0 : 11788, 1, 2023/02/06, 11:46:20.446, 104533502114, vstest.console.dll, AssemblyResolver.OnResolve: Microsoft.Diagnostics.NETCore.Client: Resolving assembly.
TpTrace Information: 0 : 11788, 1, 2023/02/06, 11:46:20.446, 104533503026, vstest.console.dll, AssemblyResolver.OnResolve: Microsoft.Diagnostics.NETCore.Client: Searching in: 'C:\Program Files\dotnet\sdk\7.0.100\Extensions'.
TpTrace Information: 0 : 11788, 1, 2023/02/06, 11:46:20.456, 104533601643, vstest.console.dll, AssemblyResolver.OnResolve: Microsoft.Diagnostics.NETCore.Client: Loading assembly 'C:\Program Files\dotnet\sdk\7.0.100\Extensions\Microsoft.Diagnostics.NETCore.Client.dll'.
TpTrace Information: 0 : 11788, 1, 2023/02/06, 11:46:20.457, 104533609019, vstest.console.dll, AssemblyResolver.OnResolve: Resolved assembly: Microsoft.Diagnostics.NETCore.Client, from path: C:\Program Files\dotnet\sdk\7.0.100\Extensions\Microsoft.Diagnostics.NETCore.Client.dll
TpTrace Verbose: 0 : 11788, 1, 2023/02/06, 11:46:20.458, 104533625753, vstest.console.dll, MetadataReaderExtensionsHelper: Discovering extensions inside assembly 'Microsoft.Diagnostics.NETCore.Client, Version=0.2.6.42401, Culture=neutral, PublicKeyToken=31bf3856ad364e35' file path 'C:\Program Files\dotnet\sdk\7.0.100\Extensions\Microsoft.Diagnostics.NETCore.Client.dll'
TpTrace Information: 0 : 11788, 1, 2023/02/06, 11:46:20.464, 104533684217, vstest.console.dll, AssemblyResolver.OnResolve: Microsoft.Bcl.AsyncInterfaces: Resolving assembly.
TpTrace Information: 0 : 11788, 1, 2023/02/06, 11:46:20.464, 104533685893, vstest.console.dll, AssemblyResolver.OnResolve: Microsoft.Bcl.AsyncInterfaces: Searching in: 'C:\Program Files\dotnet\sdk\7.0.100\Extensions'.
TpTrace Information: 0 : 11788, 1, 2023/02/06, 11:46:20.465, 104533687376, vstest.console.dll, AssemblyResolver.OnResolve: Microsoft.Bcl.AsyncInterfaces: Assembly path does not exist: 'C:\Program Files\dotnet\sdk\7.0.100\Extensions\Microsoft.Bcl.AsyncInterfaces.dll', returning.
TpTrace Information: 0 : 11788, 1, 2023/02/06, 11:46:20.465, 104533688996, vstest.console.dll, AssemblyResolver.OnResolve: Microsoft.Bcl.AsyncInterfaces: Assembly path does not exist: 'C:\Program Files\dotnet\sdk\7.0.100\Extensions\Microsoft.Bcl.AsyncInterfaces.exe', returning.
TpTrace Information: 0 : 11788, 1, 2023/02/06, 11:46:20.465, 104533689488, vstest.console.dll, AssemblyResolver.OnResolve: Microsoft.Bcl.AsyncInterfaces: Searching in: 'C:\Program Files\dotnet\sdk\7.0.100'.
TpTrace Information: 0 : 11788, 1, 2023/02/06, 11:46:20.465, 104533690352, vstest.console.dll, AssemblyResolver.OnResolve: Microsoft.Bcl.AsyncInterfaces: Assembly path does not exist: 'C:\Program Files\dotnet\sdk\7.0.100\Microsoft.Bcl.AsyncInterfaces.dll', returning.
TpTrace Information: 0 : 11788, 1, 2023/02/06, 11:46:20.465, 104533691204, vstest.console.dll, AssemblyResolver.OnResolve: Microsoft.Bcl.AsyncInterfaces: Assembly path does not exist: 'C:\Program Files\dotnet\sdk\7.0.100\Microsoft.Bcl.AsyncInterfaces.exe', returning.
TpTrace Information: 0 : 11788, 1, 2023/02/06, 11:46:20.465, 104533691592, vstest.console.dll, AssemblyResolver.OnResolve: Microsoft.Bcl.AsyncInterfaces: Failed to load assembly.
TpTrace Verbose: 0 : 11788, 1, 2023/02/06, 11:46:20.465, 104533692164, vstest.console.dll, CurrentDomainAssemblyResolve: Resolving assembly 'Microsoft.Bcl.AsyncInterfaces'.
TpTrace Information: 0 : 11788, 1, 2023/02/06, 11:46:20.465, 104533693041, vstest.console.dll, AssemblyResolver.OnResolve: Microsoft.Bcl.AsyncInterfaces: Resolving assembly.
TpTrace Information: 0 : 11788, 1, 2023/02/06, 11:46:20.465, 104533693608, vstest.console.dll, AssemblyResolver.OnResolve: Microsoft.Bcl.AsyncInterfaces: Resolved from cache.
TpTrace Verbose: 0 : 11788, 1, 2023/02/06, 11:46:20.465, 104533693984, vstest.console.dll, CurrentDomainAssemblyResolve: Resolving assembly 'Microsoft.Bcl.AsyncInterfaces'.
TpTrace Verbose: 0 : 11788, 1, 2023/02/06, 11:46:20.465, 104533694501, vstest.console.dll, CurrentDomainAssemblyResolve: Failed to resolve assembly 'Microsoft.Bcl.AsyncInterfaces'.
TpTrace Verbose: 0 : 11788, 1, 2023/02/06, 11:46:20.466, 104533705248, vstest.console.dll, CurrentDomainAssemblyResolve: Failed to resolve assembly 'Microsoft.Bcl.AsyncInterfaces'.
TpTrace Warning: 0 : 11788, 1, 2023/02/06, 11:46:20.475, 104533795370, vstest.console.dll, TestPluginDiscoverer: Failed to get types from assembly 'Microsoft.Diagnostics.NETCore.Client, Version=0.2.6.42401, Culture=neutral, PublicKeyToken=31bf3856ad364e35'. Error: System.Reflection.ReflectionTypeLoadException: Unable to load one or more of the requested types.
Could not load file or assembly 'Microsoft.Bcl.AsyncInterfaces, Version=1.0.0.0, Culture=neutral, PublicKeyToken=cc7b13ffcd2ddd51'. The system cannot find the file specified.
   at System.Reflection.RuntimeModule.GetTypes(RuntimeModule module)
   at System.Reflection.Assembly.GetTypes()
   at Microsoft.VisualStudio.TestPlatform.Common.ExtensionFramework.TestPluginDiscoverer.GetTestExtensionsFromAssembly[TPluginInfo,TExtension](Assembly assembly, Dictionary`2 pluginInfos, String filePath)
System.IO.FileNotFoundException: Could not load file or assembly 'Microsoft.Bcl.AsyncInterfaces, Version=1.0.0.0, Culture=neutral, PublicKeyToken=cc7b13ffcd2ddd51'. The system cannot find the file specified.
File name: 'Microsoft.Bcl.AsyncInterfaces, Version=1.0.0.0, Culture=neutral, PublicKeyToken=cc7b13ffcd2ddd51'
 ---> System.IO.FileNotFoundException: Could not load file or assembly 'Microsoft.Bcl.AsyncInterfaces, Culture=neutral, PublicKeyToken=null'. The system cannot find the file specified.
File name: 'Microsoft.Bcl.AsyncInterfaces, Culture=neutral, PublicKeyToken=null'
   at System.Reflection.RuntimeAssembly.InternalLoad(AssemblyName assemblyName, StackCrawlMark& stackMark, AssemblyLoadContext assemblyLoadContext, RuntimeAssembly requestingAssembly, Boolean throwOnFileNotFound)
   at System.Reflection.Assembly.Load(AssemblyName assemblyRef)
   at Microsoft.VisualStudio.TestPlatform.Common.ExtensionFramework.TestPluginCache.CurrentDomainAssemblyResolve(Object sender, AssemblyResolveEventArgs args)
   at System.Runtime.Loader.AssemblyLoadContext.GetFirstResolvedAssemblyFromResolvingEvent(AssemblyName assemblyName)
   at System.Runtime.Loader.AssemblyLoadContext.ResolveUsingEvent(AssemblyName assemblyName)
   at System.Runtime.Loader.AssemblyLoadContext.ResolveUsingResolvingEvent(IntPtr gchManagedAssemblyLoadContext, AssemblyName assemblyName)
TpTrace Warning: 0 : 11788, 1, 2023/02/06, 11:46:20.476, 104533800709, vstest.console.dll, LoaderExceptions: System.IO.FileNotFoundException: Could not load file or assembly 'Microsoft.Bcl.AsyncInterfaces, Version=1.0.0.0, Culture=neutral, PublicKeyToken=cc7b13ffcd2ddd51'. The system cannot find the file specified.
File name: 'Microsoft.Bcl.AsyncInterfaces, Version=1.0.0.0, Culture=neutral, PublicKeyToken=cc7b13ffcd2ddd51'
 ---> System.IO.FileNotFoundException: Could not load file or assembly 'Microsoft.Bcl.AsyncInterfaces, Culture=neutral, PublicKeyToken=null'. The system cannot find the file specified.
File name: 'Microsoft.Bcl.AsyncInterfaces, Culture=neutral, PublicKeyToken=null'
   at System.Reflection.RuntimeAssembly.InternalLoad(AssemblyName assemblyName, StackCrawlMark& stackMark, AssemblyLoadContext assemblyLoadContext, RuntimeAssembly requestingAssembly, Boolean throwOnFileNotFound)
   at System.Reflection.Assembly.Load(AssemblyName assemblyRef)
   at Microsoft.VisualStudio.TestPlatform.Common.ExtensionFramework.TestPluginCache.CurrentDomainAssemblyResolve(Object sender, AssemblyResolveEventArgs args)
   at System.Runtime.Loader.AssemblyLoadContext.GetFirstResolvedAssemblyFromResolvingEvent(AssemblyName assemblyName)
   at System.Runtime.Loader.AssemblyLoadContext.ResolveUsingEvent(AssemblyName assemblyName)
   at System.Runtime.Loader.AssemblyLoadContext.ResolveUsingResolvingEvent(IntPtr gchManagedAssemblyLoadContext, AssemblyName assemblyName)
TpTrace Information: 0 : 11788, 1, 2023/02/06, 11:46:20.476, 104533803222, vstest.console.dll, AssemblyResolver.OnResolve: Microsoft.TestPlatform.Extensions.BlameDataCollector: Resolving assembly.
TpTrace Information: 0 : 11788, 1, 2023/02/06, 11:46:20.476, 104533803805, vstest.console.dll, AssemblyResolver.OnResolve: Microsoft.TestPlatform.Extensions.BlameDataCollector: Searching in: 'C:\Program Files\dotnet\sdk\7.0.100\Extensions'.
TpTrace Information: 0 : 11788, 1, 2023/02/06, 11:46:20.477, 104533807995, vstest.console.dll, AssemblyResolver.OnResolve: Microsoft.TestPlatform.Extensions.BlameDataCollector: Loading assembly 'C:\Program Files\dotnet\sdk\7.0.100\Extensions\Microsoft.TestPlatform.Extensions.BlameDataCollector.dll'.
TpTrace Information: 0 : 11788, 1, 2023/02/06, 11:46:20.477, 104533813778, vstest.console.dll, AssemblyResolver.OnResolve: Resolved assembly: Microsoft.TestPlatform.Extensions.BlameDataCollector, from path: C:\Program Files\dotnet\sdk\7.0.100\Extensions\Microsoft.TestPlatform.Extensions.BlameDataCollector.dll
TpTrace Verbose: 0 : 11788, 1, 2023/02/06, 11:46:20.477, 104533814988, vstest.console.dll, MetadataReaderExtensionsHelper: Discovering extensions inside assembly 'Microsoft.TestPlatform.Extensions.BlameDataCollector, Version=15.0.0.0, Culture=neutral, PublicKeyToken=b03f5f7f11d50a3a' file path 'C:\Program Files\dotnet\sdk\7.0.100\Extensions\Microsoft.TestPlatform.Extensions.BlameDataCollector.dll'
TpTrace Information: 0 : 11788, 1, 2023/02/06, 11:46:20.479, 104533833076, vstest.console.dll, AssemblyResolver.OnResolve: Microsoft.TestPlatform.Extensions.EventLogCollector: Resolving assembly.
TpTrace Information: 0 : 11788, 1, 2023/02/06, 11:46:20.479, 104533834098, vstest.console.dll, AssemblyResolver.OnResolve: Microsoft.TestPlatform.Extensions.EventLogCollector: Searching in: 'C:\Program Files\dotnet\sdk\7.0.100\Extensions'.
TpTrace Information: 0 : 11788, 1, 2023/02/06, 11:46:20.480, 104533837218, vstest.console.dll, AssemblyResolver.OnResolve: Microsoft.TestPlatform.Extensions.EventLogCollector: Loading assembly 'C:\Program Files\dotnet\sdk\7.0.100\Extensions\Microsoft.TestPlatform.Extensions.EventLogCollector.dll'.
TpTrace Information: 0 : 11788, 1, 2023/02/06, 11:46:20.480, 104533842688, vstest.console.dll, AssemblyResolver.OnResolve: Resolved assembly: Microsoft.TestPlatform.Extensions.EventLogCollector, from path: C:\Program Files\dotnet\sdk\7.0.100\Extensions\Microsoft.TestPlatform.Extensions.EventLogCollector.dll
TpTrace Verbose: 0 : 11788, 1, 2023/02/06, 11:46:20.480, 104533844699, vstest.console.dll, MetadataReaderExtensionsHelper: Discovering extensions inside assembly 'Microsoft.TestPlatform.Extensions.EventLogCollector, Version=15.0.0.0, Culture=neutral, PublicKeyToken=b03f5f7f11d50a3a' file path 'C:\Program Files\dotnet\sdk\7.0.100\Extensions\Microsoft.TestPlatform.Extensions.EventLogCollector.dll'
TpTrace Information: 0 : 11788, 1, 2023/02/06, 11:46:20.483, 104533873171, vstest.console.dll, AssemblyResolver.OnResolve: Microsoft.TestPlatform.TestHostRuntimeProvider: Resolving assembly.
TpTrace Information: 0 : 11788, 1, 2023/02/06, 11:46:20.483, 104533874507, vstest.console.dll, AssemblyResolver.OnResolve: Microsoft.TestPlatform.TestHostRuntimeProvider: Searching in: 'C:\Program Files\dotnet\sdk\7.0.100\Extensions'.
TpTrace Information: 0 : 11788, 1, 2023/02/06, 11:46:20.484, 104533878469, vstest.console.dll, AssemblyResolver.OnResolve: Microsoft.TestPlatform.TestHostRuntimeProvider: Loading assembly 'C:\Program Files\dotnet\sdk\7.0.100\Extensions\Microsoft.TestPlatform.TestHostRuntimeProvider.dll'.
TpTrace Information: 0 : 11788, 1, 2023/02/06, 11:46:20.484, 104533884165, vstest.console.dll, AssemblyResolver.OnResolve: Resolved assembly: Microsoft.TestPlatform.TestHostRuntimeProvider, from path: C:\Program Files\dotnet\sdk\7.0.100\Extensions\Microsoft.TestPlatform.TestHostRuntimeProvider.dll
TpTrace Verbose: 0 : 11788, 1, 2023/02/06, 11:46:20.484, 104533885351, vstest.console.dll, MetadataReaderExtensionsHelper: Discovering extensions inside assembly 'Microsoft.TestPlatform.TestHostRuntimeProvider, Version=15.0.0.0, Culture=neutral, PublicKeyToken=b03f5f7f11d50a3a' file path 'C:\Program Files\dotnet\sdk\7.0.100\Extensions\Microsoft.TestPlatform.TestHostRuntimeProvider.dll'
TpTrace Information: 0 : 11788, 1, 2023/02/06, 11:46:20.487, 104533913431, vstest.console.dll, GetTestExtensionFromType: Register extension with identifier data 'HostProvider://DefaultTestHost' and type 'Microsoft.VisualStudio.TestPlatform.CrossPlatEngine.Hosting.DefaultTestHostManager, Microsoft.TestPlatform.TestHostRuntimeProvider, Version=15.0.0.0, Culture=neutral, PublicKeyToken=b03f5f7f11d50a3a' inside file 'C:\Program Files\dotnet\sdk\7.0.100\Extensions\Microsoft.TestPlatform.TestHostRuntimeProvider.dll'
TpTrace Information: 0 : 11788, 1, 2023/02/06, 11:46:20.488, 104533917509, vstest.console.dll, GetTestExtensionFromType: Register extension with identifier data 'HostProvider://DotnetTestHost' and type 'Microsoft.VisualStudio.TestPlatform.CrossPlatEngine.Hosting.DotnetTestHostManager, Microsoft.TestPlatform.TestHostRuntimeProvider, Version=15.0.0.0, Culture=neutral, PublicKeyToken=b03f5f7f11d50a3a' inside file 'C:\Program Files\dotnet\sdk\7.0.100\Extensions\Microsoft.TestPlatform.TestHostRuntimeProvider.dll'
TpTrace Information: 0 : 11788, 1, 2023/02/06, 11:46:20.488, 104533918887, vstest.console.dll, AssemblyResolver.OnResolve: Microsoft.VisualStudio.TestPlatform.Extensions.Html.TestLogger: Resolving assembly.
TpTrace Information: 0 : 11788, 1, 2023/02/06, 11:46:20.488, 104533919525, vstest.console.dll, AssemblyResolver.OnResolve: Microsoft.VisualStudio.TestPlatform.Extensions.Html.TestLogger: Searching in: 'C:\Program Files\dotnet\sdk\7.0.100\Extensions'.
TpTrace Information: 0 : 11788, 1, 2023/02/06, 11:46:20.488, 104533923613, vstest.console.dll, AssemblyResolver.OnResolve: Microsoft.VisualStudio.TestPlatform.Extensions.Html.TestLogger: Loading assembly 'C:\Program Files\dotnet\sdk\7.0.100\Extensions\Microsoft.VisualStudio.TestPlatform.Extensions.Html.TestLogger.dll'.
TpTrace Information: 0 : 11788, 1, 2023/02/06, 11:46:20.489, 104533929222, vstest.console.dll, AssemblyResolver.OnResolve: Resolved assembly: Microsoft.VisualStudio.TestPlatform.Extensions.Html.TestLogger, from path: C:\Program Files\dotnet\sdk\7.0.100\Extensions\Microsoft.VisualStudio.TestPlatform.Extensions.Html.TestLogger.dll
TpTrace Verbose: 0 : 11788, 1, 2023/02/06, 11:46:20.489, 104533930486, vstest.console.dll, MetadataReaderExtensionsHelper: Discovering extensions inside assembly 'Microsoft.VisualStudio.TestPlatform.Extensions.Html.TestLogger, Version=15.0.0.0, Culture=neutral, PublicKeyToken=b03f5f7f11d50a3a' file path 'C:\Program Files\dotnet\sdk\7.0.100\Extensions\Microsoft.VisualStudio.TestPlatform.Extensions.Html.TestLogger.dll'
TpTrace Information: 0 : 11788, 1, 2023/02/06, 11:46:20.490, 104533940253, vstest.console.dll, AssemblyResolver.OnResolve: Microsoft.VisualStudio.TestPlatform.Extensions.Trx.TestLogger: Resolving assembly.
TpTrace Information: 0 : 11788, 1, 2023/02/06, 11:46:20.490, 104533941267, vstest.console.dll, AssemblyResolver.OnResolve: Microsoft.VisualStudio.TestPlatform.Extensions.Trx.TestLogger: Searching in: 'C:\Program Files\dotnet\sdk\7.0.100\Extensions'.
TpTrace Information: 0 : 11788, 1, 2023/02/06, 11:46:20.490, 104533945284, vstest.console.dll, AssemblyResolver.OnResolve: Microsoft.VisualStudio.TestPlatform.Extensions.Trx.TestLogger: Loading assembly 'C:\Program Files\dotnet\sdk\7.0.100\Extensions\Microsoft.VisualStudio.TestPlatform.Extensions.Trx.TestLogger.dll'.
TpTrace Information: 0 : 11788, 1, 2023/02/06, 11:46:20.491, 104533951325, vstest.console.dll, AssemblyResolver.OnResolve: Resolved assembly: Microsoft.VisualStudio.TestPlatform.Extensions.Trx.TestLogger, from path: C:\Program Files\dotnet\sdk\7.0.100\Extensions\Microsoft.VisualStudio.TestPlatform.Extensions.Trx.TestLogger.dll
TpTrace Verbose: 0 : 11788, 1, 2023/02/06, 11:46:20.491, 104533952465, vstest.console.dll, MetadataReaderExtensionsHelper: Discovering extensions inside assembly 'Microsoft.VisualStudio.TestPlatform.Extensions.Trx.TestLogger, Version=15.0.0.0, Culture=neutral, PublicKeyToken=b03f5f7f11d50a3a' file path 'C:\Program Files\dotnet\sdk\7.0.100\Extensions\Microsoft.VisualStudio.TestPlatform.Extensions.Trx.TestLogger.dll'
TpTrace Verbose: 0 : 11788, 1, 2023/02/06, 11:46:20.493, 104533966414, vstest.console.dll, TestPluginCache: Discovered the extensions using extension path ''.
TpTrace Verbose: 0 : 11788, 1, 2023/02/06, 11:46:20.493, 104533967591, vstest.console.dll, TestPluginCache: Discoverers are ''.
TpTrace Verbose: 0 : 11788, 1, 2023/02/06, 11:46:20.493, 104533968056, vstest.console.dll, TestPluginCache: Executors are ''.
TpTrace Verbose: 0 : 11788, 1, 2023/02/06, 11:46:20.493, 104533968435, vstest.console.dll, TestPluginCache: Executors2 are ''.
TpTrace Verbose: 0 : 11788, 1, 2023/02/06, 11:46:20.493, 104533968785, vstest.console.dll, TestPluginCache: Setting providers are ''.
TpTrace Verbose: 0 : 11788, 1, 2023/02/06, 11:46:20.493, 104533969130, vstest.console.dll, TestPluginCache: Loggers are ''.
TpTrace Verbose: 0 : 11788, 1, 2023/02/06, 11:46:20.493, 104533971083, vstest.console.dll, TestPluginCache: TestHosts are 'HostProvider://DefaultTestHost,HostProvider://DotnetTestHost'.
TpTrace Verbose: 0 : 11788, 1, 2023/02/06, 11:46:20.493, 104533971610, vstest.console.dll, TestPluginCache: DataCollectors are ''.
TpTrace Information: 0 : 11788, 1, 2023/02/06, 11:46:20.508, 104534124744, vstest.console.dll, RunTestsArgumentProcessor:Execute: Test run is starting.
TpTrace Verbose: 0 : 11788, 1, 2023/02/06, 11:46:20.509, 104534126172, vstest.console.dll, RunTestsArgumentProcessor:Execute: Queuing Test run.
TpTrace Information: 0 : 11788, 1, 2023/02/06, 11:46:20.509, 104534130838, vstest.console.dll, TestRequestManager.RunTests: run tests started.
TpTrace Information: 0 : 11788, 1, 2023/02/06, 11:46:20.511, 104534147065, vstest.console.dll, AssemblyMetadataProvider.GetFrameworkName: Determined framework:'.NETCoreApp,Version=v3.1' for source: 'D:\SOFTUNI\SoftuniSvetlina-Courses\C#\OOP-Advanced\02.Unit-Testing\Unit-Testing-Exercises\DatabaseExtended.Tests\bin\Debug\netcoreapp3.1\fine-code-coverage\build-output\DatabaseExtended.Tests.dll'
TpTrace Information: 0 : 11788, 1, 2023/02/06, 11:46:20.511, 104534149413, vstest.console.dll, Determined framework for all sources: .NETCoreApp,Version=v3.1
TpTrace Verbose: 0 : 11788, 1, 2023/02/06, 11:46:20.512, 104534157641, vstest.console.dll, TestRequestManager.UpdateRunSettingsIfRequired: Default architecture: X64 IsDefaultTargetArchitecture: True, Current process architecture: X64 OperatingSystem: Windows.
TpTrace Information: 0 : 11788, 1, 2023/02/06, 11:46:20.515, 104534190067, vstest.console.dll, AssemblyMetadataProvider.GetArchitecture: Determined architecture:AnyCPU info for assembly: D:\SOFTUNI\SoftuniSvetlina-Courses\C#\OOP-Advanced\02.Unit-Testing\Unit-Testing-Exercises\DatabaseExtended.Tests\bin\Debug\netcoreapp3.1\fine-code-coverage\build-output\DatabaseExtended.Tests.dll
TpTrace Information: 0 : 11788, 1, 2023/02/06, 11:46:20.515, 104534191187, vstest.console.dll, Determined platform for source 'D:\SOFTUNI\SoftuniSvetlina-Courses\C#\OOP-Advanced\02.Unit-Testing\Unit-Testing-Exercises\DatabaseExtended.Tests\bin\Debug\netcoreapp3.1\fine-code-coverage\build-output\DatabaseExtended.Tests.dll' was AnyCPU and it will use the default plaform X64.
TpTrace Information: 0 : 11788, 1, 2023/02/06, 11:46:20.515, 104534191756, vstest.console.dll, None of the sources provided any runnable platform, using the default platform: X64
TpTrace Information: 0 : 11788, 1, 2023/02/06, 11:46:20.515, 104534193262, vstest.console.dll, Platform was updated to 'X64'.
TpTrace Information: 0 : 11788, 1, 2023/02/06, 11:46:20.521, 104534252989, vstest.console.dll, InferRunSettingsHelper.IsTestSettingsEnabled: Unable to navigate to RunSettings/MSTest. Current node: RunSettings
TpTrace Information: 0 : 11788, 1, 2023/02/06, 11:46:20.522, 104534263537, vstest.console.dll, AssemblyResolver.OnResolve: Microsoft.VisualStudio.TestPlatform.Fakes: Resolving assembly.
TpTrace Information: 0 : 11788, 1, 2023/02/06, 11:46:20.522, 104534264547, vstest.console.dll, AssemblyResolver.OnResolve: Microsoft.VisualStudio.TestPlatform.Fakes: Searching in: 'C:\Program Files\dotnet\sdk\7.0.100\Extensions'.
TpTrace Information: 0 : 11788, 1, 2023/02/06, 11:46:20.523, 104534266219, vstest.console.dll, AssemblyResolver.OnResolve: Microsoft.VisualStudio.TestPlatform.Fakes: Assembly path does not exist: 'C:\Program Files\dotnet\sdk\7.0.100\Extensions\Microsoft.VisualStudio.TestPlatform.Fakes.dll', returning.
TpTrace Information: 0 : 11788, 1, 2023/02/06, 11:46:20.523, 104534267378, vstest.console.dll, AssemblyResolver.OnResolve: Microsoft.VisualStudio.TestPlatform.Fakes: Assembly path does not exist: 'C:\Program Files\dotnet\sdk\7.0.100\Extensions\Microsoft.VisualStudio.TestPlatform.Fakes.exe', returning.
TpTrace Information: 0 : 11788, 1, 2023/02/06, 11:46:20.523, 104534268046, vstest.console.dll, AssemblyResolver.OnResolve: Microsoft.VisualStudio.TestPlatform.Fakes: Searching in: 'C:\Program Files\dotnet\sdk\7.0.100'.
TpTrace Information: 0 : 11788, 1, 2023/02/06, 11:46:20.523, 104534269140, vstest.console.dll, AssemblyResolver.OnResolve: Microsoft.VisualStudio.TestPlatform.Fakes: Assembly path does not exist: 'C:\Program Files\dotnet\sdk\7.0.100\Microsoft.VisualStudio.TestPlatform.Fakes.dll', returning.
TpTrace Information: 0 : 11788, 1, 2023/02/06, 11:46:20.523, 104534270330, vstest.console.dll, AssemblyResolver.OnResolve: Microsoft.VisualStudio.TestPlatform.Fakes: Assembly path does not exist: 'C:\Program Files\dotnet\sdk\7.0.100\Microsoft.VisualStudio.TestPlatform.Fakes.exe', returning.
TpTrace Information: 0 : 11788, 1, 2023/02/06, 11:46:20.523, 104534270868, vstest.console.dll, AssemblyResolver.OnResolve: Microsoft.VisualStudio.TestPlatform.Fakes: Failed to load assembly.
TpTrace Information: 0 : 11788, 1, 2023/02/06, 11:46:20.523, 104534274573, vstest.console.dll, Failed to load assembly Microsoft.VisualStudio.TestPlatform.Fakes, Version=17.0.0.0, Culture=neutral. Reason:System.IO.FileNotFoundException: Could not load file or assembly 'Microsoft.VisualStudio.TestPlatform.Fakes, Version=17.0.0.0, Culture=neutral, PublicKeyToken=null'. The system cannot find the file specified.
File name: 'Microsoft.VisualStudio.TestPlatform.Fakes, Version=17.0.0.0, Culture=neutral, PublicKeyToken=null'
   at System.Reflection.RuntimeAssembly.InternalLoad(AssemblyName assemblyName, StackCrawlMark& stackMark, AssemblyLoadContext assemblyLoadContext, RuntimeAssembly requestingAssembly, Boolean throwOnFileNotFound)
   at System.Reflection.Assembly.Load(AssemblyName assemblyRef)
   at Microsoft.VisualStudio.TestPlatform.Common.Utilities.FakesUtilities.LoadTestPlatformAssembly()
TpTrace Verbose: 0 : 11788, 1, 2023/02/06, 11:46:20.531, 104534350635, vstest.console.dll, TestPluginCache.DiscoverTestExtensions: finding test extensions in assemblies ends with: TestLogger.dll TPluginInfo: Microsoft.VisualStudio.TestPlatform.Common.ExtensionFramework.Utilities.TestLoggerPluginInformation TExtension: Microsoft.VisualStudio.TestPlatform.ObjectModel.Client.ITestLogger
TpTrace Verbose: 0 : 11788, 1, 2023/02/06, 11:46:20.531, 104534351994, vstest.console.dll, TestPluginCache.GetExtensionPaths: Filtered extension paths: 
TpTrace Verbose: 0 : 11788, 1, 2023/02/06, 11:46:20.531, 104534352529, vstest.console.dll, TestPluginCache.GetExtensionPaths: Added default extension paths: C:\Program Files\dotnet\sdk\7.0.100\Extensions\Microsoft.Diagnostics.NETCore.Client.dll
C:\Program Files\dotnet\sdk\7.0.100\Extensions\Microsoft.TestPlatform.Extensions.BlameDataCollector.dll
C:\Program Files\dotnet\sdk\7.0.100\Extensions\Microsoft.TestPlatform.Extensions.EventLogCollector.dll
C:\Program Files\dotnet\sdk\7.0.100\Extensions\Microsoft.TestPlatform.TestHostRuntimeProvider.dll
C:\Program Files\dotnet\sdk\7.0.100\Extensions\Microsoft.VisualStudio.TestPlatform.Extensions.Html.TestLogger.dll
C:\Program Files\dotnet\sdk\7.0.100\Extensions\Microsoft.VisualStudio.TestPlatform.Extensions.Trx.TestLogger.dll
TpTrace Verbose: 0 : 11788, 1, 2023/02/06, 11:46:20.531, 104534352990, vstest.console.dll, TestPluginCache.GetExtensionPaths: Added unfilterableExtensionPaths: 
TpTrace Information: 0 : 11788, 1, 2023/02/06, 11:46:20.531, 104534354739, vstest.console.dll, AssemblyResolver.AddSearchDirectories: Adding more searchDirectories C:\Program Files\dotnet\sdk\7.0.100\Extensions,C:\Program Files\dotnet\sdk\7.0.100
TpTrace Verbose: 0 : 11788, 1, 2023/02/06, 11:46:20.531, 104534355305, vstest.console.dll, TestPluginCache.DiscoverTestExtensions: Discovering the extensions using extension path.
TpTrace Verbose: 0 : 11788, 1, 2023/02/06, 11:46:20.531, 104534355755, vstest.console.dll, TestPluginCache.GetExtensionPaths: Filtered extension paths: 
TpTrace Verbose: 0 : 11788, 1, 2023/02/06, 11:46:20.532, 104534356161, vstest.console.dll, TestPluginCache.GetExtensionPaths: Added default extension paths: C:\Program Files\dotnet\sdk\7.0.100\Extensions\Microsoft.Diagnostics.NETCore.Client.dll
C:\Program Files\dotnet\sdk\7.0.100\Extensions\Microsoft.TestPlatform.Extensions.BlameDataCollector.dll
C:\Program Files\dotnet\sdk\7.0.100\Extensions\Microsoft.TestPlatform.Extensions.EventLogCollector.dll
C:\Program Files\dotnet\sdk\7.0.100\Extensions\Microsoft.TestPlatform.TestHostRuntimeProvider.dll
C:\Program Files\dotnet\sdk\7.0.100\Extensions\Microsoft.VisualStudio.TestPlatform.Extensions.Html.TestLogger.dll
C:\Program Files\dotnet\sdk\7.0.100\Extensions\Microsoft.VisualStudio.TestPlatform.Extensions.Trx.TestLogger.dll
TpTrace Verbose: 0 : 11788, 1, 2023/02/06, 11:46:20.532, 104534356556, vstest.console.dll, TestPluginCache.GetExtensionPaths: Added unfilterableExtensionPaths: 
TpTrace Verbose: 0 : 11788, 1, 2023/02/06, 11:46:20.532, 104534356959, vstest.console.dll, TestPluginCache.DiscoverTestExtensions: Discovering the extensions using allExtensionPaths: C:\Program Files\dotnet\sdk\7.0.100\Extensions\Microsoft.Diagnostics.NETCore.Client.dll
C:\Program Files\dotnet\sdk\7.0.100\Extensions\Microsoft.TestPlatform.Extensions.BlameDataCollector.dll
C:\Program Files\dotnet\sdk\7.0.100\Extensions\Microsoft.TestPlatform.Extensions.EventLogCollector.dll
C:\Program Files\dotnet\sdk\7.0.100\Extensions\Microsoft.TestPlatform.TestHostRuntimeProvider.dll
C:\Program Files\dotnet\sdk\7.0.100\Extensions\Microsoft.VisualStudio.TestPlatform.Extensions.Html.TestLogger.dll
C:\Program Files\dotnet\sdk\7.0.100\Extensions\Microsoft.VisualStudio.TestPlatform.Extensions.Trx.TestLogger.dll
TpTrace Information: 0 : 11788, 1, 2023/02/06, 11:46:20.532, 104534358147, vstest.console.dll, AssemblyResolver.AddSearchDirectories: Adding more searchDirectories C:\Program Files\dotnet\sdk\7.0.100\Extensions,C:\Program Files\dotnet\sdk\7.0.100
TpTrace Information: 0 : 11788, 1, 2023/02/06, 11:46:20.532, 104534358660, vstest.console.dll, AssemblyResolver.AddSearchDirectories: Adding more searchDirectories C:\Program Files\dotnet\sdk\7.0.100\Extensions,C:\Program Files\dotnet\sdk\7.0.100
TpTrace Information: 0 : 11788, 1, 2023/02/06, 11:46:20.532, 104534359088, vstest.console.dll, AssemblyResolver.AddSearchDirectories: Adding more searchDirectories C:\Program Files\dotnet\sdk\7.0.100\Extensions,C:\Program Files\dotnet\sdk\7.0.100
TpTrace Information: 0 : 11788, 1, 2023/02/06, 11:46:20.532, 104534359480, vstest.console.dll, AssemblyResolver.AddSearchDirectories: Adding more searchDirectories C:\Program Files\dotnet\sdk\7.0.100\Extensions,C:\Program Files\dotnet\sdk\7.0.100
TpTrace Information: 0 : 11788, 1, 2023/02/06, 11:46:20.532, 104534359868, vstest.console.dll, AssemblyResolver.AddSearchDirectories: Adding more searchDirectories C:\Program Files\dotnet\sdk\7.0.100\Extensions,C:\Program Files\dotnet\sdk\7.0.100
TpTrace Information: 0 : 11788, 1, 2023/02/06, 11:46:20.532, 104534360333, vstest.console.dll, AssemblyResolver.AddSearchDirectories: Adding more searchDirectories C:\Program Files\dotnet\sdk\7.0.100\Extensions,C:\Program Files\dotnet\sdk\7.0.100
TpTrace Verbose: 0 : 11788, 1, 2023/02/06, 11:46:20.532, 104534361855, vstest.console.dll, MetadataReaderExtensionsHelper: Discovering extensions inside assembly 'Microsoft.Diagnostics.NETCore.Client, Version=0.2.6.42401, Culture=neutral, PublicKeyToken=31bf3856ad364e35' file path 'C:\Program Files\dotnet\sdk\7.0.100\Extensions\Microsoft.Diagnostics.NETCore.Client.dll'
TpTrace Information: 0 : 11788, 1, 2023/02/06, 11:46:20.533, 104534366891, vstest.console.dll, AssemblyResolver.OnResolve: Microsoft.Bcl.AsyncInterfaces: Resolving assembly.
TpTrace Information: 0 : 11788, 1, 2023/02/06, 11:46:20.533, 104534367565, vstest.console.dll, AssemblyResolver.OnResolve: Microsoft.Bcl.AsyncInterfaces: Resolved from cache.
TpTrace Verbose: 0 : 11788, 1, 2023/02/06, 11:46:20.533, 104534367957, vstest.console.dll, CurrentDomainAssemblyResolve: Resolving assembly 'Microsoft.Bcl.AsyncInterfaces'.
TpTrace Information: 0 : 11788, 1, 2023/02/06, 11:46:20.533, 104534368533, vstest.console.dll, AssemblyResolver.OnResolve: Microsoft.Bcl.AsyncInterfaces: Resolving assembly.
TpTrace Information: 0 : 11788, 1, 2023/02/06, 11:46:20.533, 104534368913, vstest.console.dll, AssemblyResolver.OnResolve: Microsoft.Bcl.AsyncInterfaces: Resolved from cache.
TpTrace Verbose: 0 : 11788, 1, 2023/02/06, 11:46:20.533, 104534369265, vstest.console.dll, CurrentDomainAssemblyResolve: Resolving assembly 'Microsoft.Bcl.AsyncInterfaces'.
TpTrace Verbose: 0 : 11788, 1, 2023/02/06, 11:46:20.533, 104534369630, vstest.console.dll, CurrentDomainAssemblyResolve: Failed to resolve assembly 'Microsoft.Bcl.AsyncInterfaces'.
TpTrace Verbose: 0 : 11788, 1, 2023/02/06, 11:46:20.533, 104534371383, vstest.console.dll, CurrentDomainAssemblyResolve: Failed to resolve assembly 'Microsoft.Bcl.AsyncInterfaces'.
TpTrace Warning: 0 : 11788, 1, 2023/02/06, 11:46:20.533, 104534375563, vstest.console.dll, TestPluginDiscoverer: Failed to get types from assembly 'Microsoft.Diagnostics.NETCore.Client, Version=0.2.6.42401, Culture=neutral, PublicKeyToken=31bf3856ad364e35'. Error: System.Reflection.ReflectionTypeLoadException: Unable to load one or more of the requested types.
Could not load file or assembly 'Microsoft.Bcl.AsyncInterfaces, Version=1.0.0.0, Culture=neutral, PublicKeyToken=cc7b13ffcd2ddd51'. The system cannot find the file specified.
   at System.Reflection.RuntimeModule.GetTypes(RuntimeModule module)
   at System.Reflection.Assembly.GetTypes()
   at Microsoft.VisualStudio.TestPlatform.Common.ExtensionFramework.TestPluginDiscoverer.GetTestExtensionsFromAssembly[TPluginInfo,TExtension](Assembly assembly, Dictionary`2 pluginInfos, String filePath)
System.IO.FileNotFoundException: Could not load file or assembly 'Microsoft.Bcl.AsyncInterfaces, Version=1.0.0.0, Culture=neutral, PublicKeyToken=cc7b13ffcd2ddd51'. The system cannot find the file specified.
File name: 'Microsoft.Bcl.AsyncInterfaces, Version=1.0.0.0, Culture=neutral, PublicKeyToken=cc7b13ffcd2ddd51'
 ---> System.IO.FileNotFoundException: Could not load file or assembly 'Microsoft.Bcl.AsyncInterfaces, Culture=neutral, PublicKeyToken=null'. The system cannot find the file specified.
File name: 'Microsoft.Bcl.AsyncInterfaces, Culture=neutral, PublicKeyToken=null'
   at System.Reflection.RuntimeAssembly.InternalLoad(AssemblyName assemblyName, StackCrawlMark& stackMark, AssemblyLoadContext assemblyLoadContext, RuntimeAssembly requestingAssembly, Boolean throwOnFileNotFound)
   at System.Reflection.Assembly.Load(AssemblyName assemblyRef)
   at Microsoft.VisualStudio.TestPlatform.Common.ExtensionFramework.TestPluginCache.CurrentDomainAssemblyResolve(Object sender, AssemblyResolveEventArgs args)
   at System.Runtime.Loader.AssemblyLoadContext.GetFirstResolvedAssemblyFromResolvingEvent(AssemblyName assemblyName)
   at System.Runtime.Loader.AssemblyLoadContext.ResolveUsingEvent(AssemblyName assemblyName)
   at System.Runtime.Loader.AssemblyLoadContext.ResolveUsingResolvingEvent(IntPtr gchManagedAssemblyLoadContext, AssemblyName assemblyName)
TpTrace Warning: 0 : 11788, 1, 2023/02/06, 11:46:20.534, 104534377283, vstest.console.dll, LoaderExceptions: System.IO.FileNotFoundException: Could not load file or assembly 'Microsoft.Bcl.AsyncInterfaces, Version=1.0.0.0, Culture=neutral, PublicKeyToken=cc7b13ffcd2ddd51'. The system cannot find the file specified.
File name: 'Microsoft.Bcl.AsyncInterfaces, Version=1.0.0.0, Culture=neutral, PublicKeyToken=cc7b13ffcd2ddd51'
 ---> System.IO.FileNotFoundException: Could not load file or assembly 'Microsoft.Bcl.AsyncInterfaces, Culture=neutral, PublicKeyToken=null'. The system cannot find the file specified.
File name: 'Microsoft.Bcl.AsyncInterfaces, Culture=neutral, PublicKeyToken=null'
   at System.Reflection.RuntimeAssembly.InternalLoad(AssemblyName assemblyName, StackCrawlMark& stackMark, AssemblyLoadContext assemblyLoadContext, RuntimeAssembly requestingAssembly, Boolean throwOnFileNotFound)
   at System.Reflection.Assembly.Load(AssemblyName assemblyRef)
   at Microsoft.VisualStudio.TestPlatform.Common.ExtensionFramework.TestPluginCache.CurrentDomainAssemblyResolve(Object sender, AssemblyResolveEventArgs args)
   at System.Runtime.Loader.AssemblyLoadContext.GetFirstResolvedAssemblyFromResolvingEvent(AssemblyName assemblyName)
   at System.Runtime.Loader.AssemblyLoadContext.ResolveUsingEvent(AssemblyName assemblyName)
   at System.Runtime.Loader.AssemblyLoadContext.ResolveUsingResolvingEvent(IntPtr gchManagedAssemblyLoadContext, AssemblyName assemblyName)
TpTrace Verbose: 0 : 11788, 1, 2023/02/06, 11:46:20.534, 104534378252, vstest.console.dll, MetadataReaderExtensionsHelper: Discovering extensions inside assembly 'Microsoft.TestPlatform.Extensions.BlameDataCollector, Version=15.0.0.0, Culture=neutral, PublicKeyToken=b03f5f7f11d50a3a' file path 'C:\Program Files\dotnet\sdk\7.0.100\Extensions\Microsoft.TestPlatform.Extensions.BlameDataCollector.dll'
TpTrace Information: 0 : 11788, 1, 2023/02/06, 11:46:20.534, 104534383344, vstest.console.dll, GetTestExtensionFromType: Register extension with identifier data 'logger://Microsoft/TestPlatform/Extensions/Blame/v1' and type 'Microsoft.TestPlatform.Extensions.BlameDataCollector.BlameLogger, Microsoft.TestPlatform.Extensions.BlameDataCollector, Version=15.0.0.0, Culture=neutral, PublicKeyToken=b03f5f7f11d50a3a' inside file 'C:\Program Files\dotnet\sdk\7.0.100\Extensions\Microsoft.TestPlatform.Extensions.BlameDataCollector.dll'
TpTrace Verbose: 0 : 11788, 1, 2023/02/06, 11:46:20.534, 104534384261, vstest.console.dll, MetadataReaderExtensionsHelper: Discovering extensions inside assembly 'Microsoft.TestPlatform.Extensions.EventLogCollector, Version=15.0.0.0, Culture=neutral, PublicKeyToken=b03f5f7f11d50a3a' file path 'C:\Program Files\dotnet\sdk\7.0.100\Extensions\Microsoft.TestPlatform.Extensions.EventLogCollector.dll'
TpTrace Verbose: 0 : 11788, 1, 2023/02/06, 11:46:20.535, 104534387446, vstest.console.dll, MetadataReaderExtensionsHelper: Discovering extensions inside assembly 'Microsoft.TestPlatform.TestHostRuntimeProvider, Version=15.0.0.0, Culture=neutral, PublicKeyToken=b03f5f7f11d50a3a' file path 'C:\Program Files\dotnet\sdk\7.0.100\Extensions\Microsoft.TestPlatform.TestHostRuntimeProvider.dll'
TpTrace Verbose: 0 : 11788, 1, 2023/02/06, 11:46:20.535, 104534390575, vstest.console.dll, MetadataReaderExtensionsHelper: Discovering extensions inside assembly 'Microsoft.VisualStudio.TestPlatform.Extensions.Html.TestLogger, Version=15.0.0.0, Culture=neutral, PublicKeyToken=b03f5f7f11d50a3a' file path 'C:\Program Files\dotnet\sdk\7.0.100\Extensions\Microsoft.VisualStudio.TestPlatform.Extensions.Html.TestLogger.dll'
TpTrace Information: 0 : 11788, 1, 2023/02/06, 11:46:20.536, 104534396535, vstest.console.dll, GetTestExtensionFromType: Register extension with identifier data 'logger://Microsoft/TestPlatform/HtmlLogger/v1' and type 'Microsoft.VisualStudio.TestPlatform.Extensions.HtmlLogger.HtmlLogger, Microsoft.VisualStudio.TestPlatform.Extensions.Html.TestLogger, Version=15.0.0.0, Culture=neutral, PublicKeyToken=b03f5f7f11d50a3a' inside file 'C:\Program Files\dotnet\sdk\7.0.100\Extensions\Microsoft.VisualStudio.TestPlatform.Extensions.Html.TestLogger.dll'
TpTrace Verbose: 0 : 11788, 1, 2023/02/06, 11:46:20.536, 104534397505, vstest.console.dll, MetadataReaderExtensionsHelper: Discovering extensions inside assembly 'Microsoft.VisualStudio.TestPlatform.Extensions.Trx.TestLogger, Version=15.0.0.0, Culture=neutral, PublicKeyToken=b03f5f7f11d50a3a' file path 'C:\Program Files\dotnet\sdk\7.0.100\Extensions\Microsoft.VisualStudio.TestPlatform.Extensions.Trx.TestLogger.dll'
TpTrace Information: 0 : 11788, 1, 2023/02/06, 11:46:20.536, 104534402607, vstest.console.dll, GetTestExtensionFromType: Register extension with identifier data 'logger://Microsoft/TestPlatform/TrxLogger/v1' and type 'Microsoft.VisualStudio.TestPlatform.Extensions.TrxLogger.TrxLogger, Microsoft.VisualStudio.TestPlatform.Extensions.Trx.TestLogger, Version=15.0.0.0, Culture=neutral, PublicKeyToken=b03f5f7f11d50a3a' inside file 'C:\Program Files\dotnet\sdk\7.0.100\Extensions\Microsoft.VisualStudio.TestPlatform.Extensions.Trx.TestLogger.dll'
TpTrace Verbose: 0 : 11788, 1, 2023/02/06, 11:46:20.536, 104534403882, vstest.console.dll, TestPluginCache: Discovered the extensions using extension path ''.
TpTrace Verbose: 0 : 11788, 1, 2023/02/06, 11:46:20.536, 104534404366, vstest.console.dll, TestPluginCache: Discoverers are ''.
TpTrace Verbose: 0 : 11788, 1, 2023/02/06, 11:46:20.536, 104534404728, vstest.console.dll, TestPluginCache: Executors are ''.
TpTrace Verbose: 0 : 11788, 1, 2023/02/06, 11:46:20.536, 104534405079, vstest.console.dll, TestPluginCache: Executors2 are ''.
TpTrace Verbose: 0 : 11788, 1, 2023/02/06, 11:46:20.536, 104534405420, vstest.console.dll, TestPluginCache: Setting providers are ''.
TpTrace Verbose: 0 : 11788, 1, 2023/02/06, 11:46:20.537, 104534406294, vstest.console.dll, TestPluginCache: Loggers are 'logger://Microsoft/TestPlatform/Extensions/Blame/v1,logger://Microsoft/TestPlatform/HtmlLogger/v1,logger://Microsoft/TestPlatform/TrxLogger/v1'.
TpTrace Verbose: 0 : 11788, 1, 2023/02/06, 11:46:20.537, 104534406868, vstest.console.dll, TestPluginCache: TestHosts are 'HostProvider://DefaultTestHost,HostProvider://DotnetTestHost'.
TpTrace Verbose: 0 : 11788, 1, 2023/02/06, 11:46:20.537, 104534407250, vstest.console.dll, TestPluginCache: DataCollectors are ''.
TpTrace Information: 0 : 11788, 1, 2023/02/06, 11:46:20.538, 104534418679, vstest.console.dll, TestPluginManager.CreateTestExtension: Attempting to load test extension: Microsoft.TestPlatform.Extensions.BlameDataCollector.BlameLogger
TpTrace Verbose: 0 : 11788, 1, 2023/02/06, 11:46:20.549, 104534527958, vstest.console.dll, TestEngine: Initializing Parallel Execution as MaxCpuCount is set to: 1
TpTrace Information: 0 : 11788, 1, 2023/02/06, 11:46:20.552, 104534556175, vstest.console.dll, TestPluginManager.CreateTestExtension: Attempting to load test extension: Microsoft.VisualStudio.TestPlatform.CrossPlatEngine.Hosting.DefaultTestHostManager
TpTrace Information: 0 : 11788, 1, 2023/02/06, 11:46:20.553, 104534567777, vstest.console.dll, TestPluginManager.CreateTestExtension: Attempting to load test extension: Microsoft.VisualStudio.TestPlatform.CrossPlatEngine.Hosting.DotnetTestHostManager
TpTrace Information: 0 : 11788, 1, 2023/02/06, 11:46:20.554, 104534577914, vstest.console.dll, InferRunSettingsHelper.IsTestSettingsEnabled: Unable to navigate to RunSettings/MSTest. Current node: RunSettings
TpTrace Verbose: 0 : 11788, 1, 2023/02/06, 11:46:20.560, 104534640557, vstest.console.dll, TestEngine.GetExecutionManager: Chosen execution manager 'Microsoft.VisualStudio.TestPlatform.CrossPlatEngine.Client.Parallel.ParallelProxyExecutionManager, Microsoft.TestPlatform.CrossPlatEngine, Version=15.0.0.0, Culture=neutral, PublicKeyToken=b03f5f7f11d50a3a' ParallelLevel '1'.
TpTrace Verbose: 0 : 11788, 1, 2023/02/06, 11:46:20.560, 104534643104, vstest.console.dll, TestRunRequest.ExecuteAsync: Creating test run request.
TpTrace Verbose: 0 : 11788, 1, 2023/02/06, 11:46:20.561, 104534646997, vstest.console.dll, TestRunRequest.ExecuteAsync: Starting.
TpTrace Information: 0 : 11788, 1, 2023/02/06, 11:46:20.561, 104534651500, vstest.console.dll, TestRunRequest.ExecuteAsync: Starting run with settings:TestRunCriteria:
   KeepAlive=False,FrequencyOfRunStatsChangeEvent=10,RunStatsChangeEventTimeout=00:00:01.5000000,TestCaseFilter=,TestExecutorLauncher=
   Settingsxml=<RunSettings>
  <RunConfiguration>
    <ResultsDirectory>D:\SOFTUNI\SoftuniSvetlina-Courses\C#\OOP-Advanced\02.Unit-Testing\Unit-Testing-Exercises\DatabaseExtended.Tests\bin\Debug\netcoreapp3.1\fine-code-coverage\coverage-tool-output</ResultsDirectory>
    <TargetPlatform>X64</TargetPlatform>
    <TargetFrameworkVersion>.NETCoreApp,Version=v3.1</TargetFrameworkVersion>
    <DesignMode>False</DesignMode>
    <CollectSourceInformation>False</CollectSourceInformation>
  </RunConfiguration>
  <LoggerRunSettings>
    <Loggers>
      <Logger friendlyName="blame" enabled="True" />
      <Logger friendlyName="Console" uri="logger://microsoft/TestPlatform/ConsoleLogger/v1" assemblyQualifiedName="Microsoft.VisualStudio.TestPlatform.CommandLine.Internal.ConsoleLogger, vstest.console, Version=15.0.0.0, Culture=neutral, PublicKeyToken=b03f5f7f11d50a3a" codeBase="C:\Program Files\dotnet\sdk\7.0.100\vstest.console.dll" enabled="True" />
    </Loggers>
  </LoggerRunSettings>
  <DataCollectionRunSettings>
    <DataCollectors>
      <DataCollector friendlyName="blame" enabled="True">
        <Configuration>
          <ResultsDirectory>D:\SOFTUNI\SoftuniSvetlina-Courses\C#\OOP-Advanced\02.Unit-Testing\Unit-Testing-Exercises\DatabaseExtended.Tests\bin\Debug\netcoreapp3.1\fine-code-coverage\coverage-tool-output</ResultsDirectory>
        </Configuration>
      </DataCollector>
    </DataCollectors>
  </DataCollectionRunSettings>
</RunSettings>

TpTrace Verbose: 0 : 11788, 1, 2023/02/06, 11:46:20.561, 104534652378, vstest.console.dll, TestRunRequest.ExecuteAsync: Wait for the first run request is over.
TpTrace Verbose: 0 : 11788, 1, 2023/02/06, 11:46:20.562, 104534656919, vstest.console.dll, MulticastDelegateUtilities.SafeInvoke: TestRun.TestRunStart: Invoking callbacks was skipped because there are no subscribers.
TpTrace Verbose: 0 : 11788, 4, 2023/02/06, 11:46:20.562, 104534659963, vstest.console.dll, MulticastDelegateUtilities.SafeInvoke: InternalTestLoggerEvents.SendTestRunStart: Invoking callback 1/1 for Microsoft.VisualStudio.TestPlatform.CommandLine.Internal.ConsoleLogger., took 0 ms.
TpTrace Verbose: 0 : 11788, 1, 2023/02/06, 11:46:20.563, 104534675721, vstest.console.dll, ParallelProxyExecutionManager: Start execution. Total sources: 1
TpTrace Verbose: 0 : 11788, 1, 2023/02/06, 11:46:20.566, 104534697362, vstest.console.dll, TestRequestSender is acting as server.
TpTrace Verbose: 0 : 11788, 1, 2023/02/06, 11:46:20.567, 104534714650, vstest.console.dll, DataCollectionRequestSender.InitializeCommunication : Initialize communication. 
TpTrace Information: 0 : 11788, 1, 2023/02/06, 11:46:20.573, 104534767927, vstest.console.dll, Listening on Endpoint : 127.0.0.1:58069
TpTrace Verbose: 0 : 11788, 1, 2023/02/06, 11:46:20.582, 104534863585, vstest.console.dll, DotnetDataCollectionLauncher: Adding  --runtimeconfig "C:\Program Files\dotnet\sdk\7.0.100\datacollector.runtimeconfig.json" in args
TpTrace Verbose: 0 : 11788, 1, 2023/02/06, 11:46:20.582, 104534865083, vstest.console.dll, DotnetDataCollectionLauncher: Adding  --depsfile "C:\Program Files\dotnet\sdk\7.0.100\datacollector.deps.json" in args
TpTrace Verbose: 0 : 11788, 1, 2023/02/06, 11:46:20.583, 104534867752, vstest.console.dll, DotnetDataCollectionLauncher: Full path of dotnet.exe is C:\Program Files\dotnet\dotnet.exe
TpTrace Information: 0 : 11788, 1, 2023/02/06, 11:46:20.591, 104534952045, vstest.console.dll, ProxyDataCollectionManager.Initialize: Launched datacollector processId: 9556 port: 58069
TpTrace Information: 0 : 11788, 1, 2023/02/06, 11:46:20.591, 104534954414, vstest.console.dll, ProxyDataCollectionManager.Initialize: waiting for connection with timeout: 90 seconds
TpTrace Verbose: 0 : 11788, 1, 2023/02/06, 11:46:20.591, 104534955456, vstest.console.dll, DataCollectionRequestSender.WaitForRequestHandlerConnection : Waiting for connection with timeout: 90000
TpTrace Information: 0 : 11788, 7, 2023/02/06, 11:46:20.795, 104536986483, vstest.console.dll, Using the buffer size of 16384 bytes
TpTrace Verbose: 0 : 11788, 1, 2023/02/06, 11:46:20.795, 104536986652, vstest.console.dll, SocketCommunicationManager.WaitForClientConnection took: 203 ms, with 90000 ms timeout, and finished with True.
TpTrace Information: 0 : 11788, 7, 2023/02/06, 11:46:20.795, 104536988111, vstest.console.dll, Accepted Client request and set the flag
TpTrace Verbose: 0 : 11788, 1, 2023/02/06, 11:46:20.795, 104536990018, vstest.console.dll, ProxyDataCollectionManager.InvokeDataCollectionServiceAction: Starting.
TpTrace Information: 0 : 11788, 1, 2023/02/06, 11:46:20.795, 104536991539, vstest.console.dll, ProxyDataCollectionManager.BeforeTestRunStart: Get environment variable and port for datacollector processId: 9556 port: 58069
TpTrace Verbose: 0 : 11788, 1, 2023/02/06, 11:46:20.795, 104536993646, vstest.console.dll, DataCollectionRequestSender.SendBeforeTestRunStartAndGetResult: Send BeforeTestRunStart message with settingsXml <RunSettings><RunConfiguration><ResultsDirectory>D:\SOFTUNI\SoftuniSvetlina-Courses\C#\OOP-Advanced\02.Unit-Testing\Unit-Testing-Exercises\DatabaseExtended.Tests\bin\Debug\netcoreapp3.1\fine-code-coverage\coverage-tool-output</ResultsDirectory><TargetPlatform>X64</TargetPlatform><TargetFrameworkVersion>.NETCoreApp,Version=v3.1</TargetFrameworkVersion><DesignMode>False</DesignMode><CollectSourceInformation>False</CollectSourceInformation><TestAdaptersPaths>C:\Program Files\dotnet\sdk\7.0.100\Extensions</TestAdaptersPaths></RunConfiguration><LoggerRunSettings><Loggers><Logger friendlyName="blame" enabled="True" /><Logger friendlyName="Console" uri="logger://microsoft/TestPlatform/ConsoleLogger/v1" assemblyQualifiedName="Microsoft.VisualStudio.TestPlatform.CommandLine.Internal.ConsoleLogger, vstest.console, Version=15.0.0.0, Culture=neutral, PublicKeyToken=b03f5f7f11d50a3a" codeBase="C:\Program Files\dotnet\sdk\7.0.100\vstest.console.dll" enabled="True" /></Loggers></LoggerRunSettings><DataCollectionRunSettings><DataCollectors><DataCollector friendlyName="blame" enabled="True"><Configuration><ResultsDirectory>D:\SOFTUNI\SoftuniSvetlina-Courses\C#\OOP-Advanced\02.Unit-Testing\Unit-Testing-Exercises\DatabaseExtended.Tests\bin\Debug\netcoreapp3.1\fine-code-coverage\coverage-tool-output</ResultsDirectory></Configuration></DataCollector></DataCollectors></DataCollectionRunSettings></RunSettings> and sources System.Collections.Generic.List`1[System.String]: 
TpTrace Verbose: 0 : 11788, 1, 2023/02/06, 11:46:20.929, 104538335092, vstest.console.dll, DataCollectionRequestSender.SendBeforeTestRunStartAndGetResult: Received message: (DataCollection.SendMessage) -> {"MessageType":"DataCollection.SendMessage","Payload":{"FriendlyName":null,"Uri":null,"TestCaseId":"00000000-0000-0000-0000-000000000000","Message":"Logging DataCollector Diagnostics in file: D:\\SOFTUNI\\SoftuniSvetlina-Courses\\C#\\OOP-Advanced\\02.Unit-Testing\\Unit-Testing-Exercises\\DatabaseExtended.Tests\\bin\\Debug\\netcoreapp3.1\\fine-code-coverage\\coverage-tool-output\\diagnostics.datacollector.23-02-06_11-46-20_58233_1.log","Level":0}}
TpTrace Verbose: 0 : 11788, 1, 2023/02/06, 11:46:21.048, 104539518128, vstest.console.dll, DataCollectionRequestSender.SendBeforeTestRunStartAndGetResult: Received message: (DataCollection.BeforeTestRunStartResult) -> {"MessageType":"DataCollection.BeforeTestRunStartResult","Payload":{"EnvironmentVariables":{},"DataCollectionEventsPort":58071}}
TpTrace Information: 0 : 11788, 1, 2023/02/06, 11:46:21.055, 104539592571, vstest.console.dll, ProxyDataCollectionManager.BeforeTestRunStart: SendBeforeTestRunStartAndGetResult successful, env variable from datacollector:   and testhost port: 58071
TpTrace Information: 0 : 11788, 1, 2023/02/06, 11:46:21.055, 104539593939, vstest.console.dll, ProxyDataCollectionManager.InvokeDataCollectionServiceAction: Completed.
TpTrace Verbose: 0 : 11788, 7, 2023/02/06, 11:46:21.055, 104539595581, vstest.console.dll, ParallelProxyExecutionManager: Execution started. Started clients: 1
TpTrace Verbose: 0 : 11788, 1, 2023/02/06, 11:46:21.056, 104539596362, vstest.console.dll, ProxyParallelExecutionManager: No sources available for execution.
TpTrace Information: 0 : 11788, 1, 2023/02/06, 11:46:21.056, 104539597399, vstest.console.dll, TestRunRequest.ExecuteAsync: Started.
TpTrace Verbose: 0 : 11788, 1, 2023/02/06, 11:46:21.056, 104539598463, vstest.console.dll, TestRunRequest.WaitForCompletion: Waiting with timeout -1.
TpTrace Verbose: 0 : 11788, 7, 2023/02/06, 11:46:21.056, 104539600625, vstest.console.dll, TestRunRequest:SendTestRunMessage: Starting.
TpTrace Verbose: 0 : 11788, 7, 2023/02/06, 11:46:21.056, 104539603238, vstest.console.dll, MulticastDelegateUtilities.SafeInvoke: TestRun.LogMessages: Invoking callback 1/1 for Microsoft.VisualStudio.TestPlatform.CommandLine.TestRunResultAggregator., took 0 ms.
TpTrace Information: 0 : 11788, 7, 2023/02/06, 11:46:21.056, 104539603995, vstest.console.dll, TestRunRequest:SendTestRunMessage: Completed.
TpTrace Verbose: 0 : 11788, 4, 2023/02/06, 11:46:21.056, 104539605634, vstest.console.dll, MulticastDelegateUtilities.SafeInvoke: InternalTestLoggerEvents.SendTestRunMessage: Invoking callback 1/1 for Microsoft.VisualStudio.TestPlatform.CommandLine.Internal.ConsoleLogger., took 0 ms.
TpTrace Verbose: 0 : 11788, 7, 2023/02/06, 11:46:21.057, 104539607148, vstest.console.dll, ProxyExecutionManager: Test host is always Lazy initialize.
TpTrace Verbose: 0 : 11788, 7, 2023/02/06, 11:46:21.057, 104539611633, vstest.console.dll, TestRequestSender.InitializeCommunication: initialize communication. 
TpTrace Information: 0 : 11788, 7, 2023/02/06, 11:46:21.058, 104539619896, vstest.console.dll, SocketServer.Start: Listening on endpoint : 127.0.0.1:58072
TpTrace Verbose: 0 : 11788, 7, 2023/02/06, 11:46:21.059, 104539633763, vstest.console.dll, DotnetTestHostmanager.GetTestHostProcessStartInfo: Platform environment 'X64' target architecture 'X64' framework '.NETCoreApp,Version=v3.1' OS 'Windows'
TpTrace Verbose: 0 : 11788, 7, 2023/02/06, 11:46:21.060, 104539638132, vstest.console.dll, DotnetTestHostmanager: Adding  --runtimeconfig "D:\SOFTUNI\SoftuniSvetlina-Courses\C#\OOP-Advanced\02.Unit-Testing\Unit-Testing-Exercises\DatabaseExtended.Tests\bin\Debug\netcoreapp3.1\fine-code-coverage\build-output\DatabaseExtended.Tests.runtimeconfig.json" in args
TpTrace Verbose: 0 : 11788, 7, 2023/02/06, 11:46:21.060, 104539639345, vstest.console.dll, DotnetTestHostmanager: Adding  --depsfile "D:\SOFTUNI\SoftuniSvetlina-Courses\C#\OOP-Advanced\02.Unit-Testing\Unit-Testing-Exercises\DatabaseExtended.Tests\bin\Debug\netcoreapp3.1\fine-code-coverage\build-output\DatabaseExtended.Tests.deps.json" in args
TpTrace Verbose: 0 : 11788, 7, 2023/02/06, 11:46:21.060, 104539642087, vstest.console.dll, DotnetTestHostmanager.IsWinOnArm: Current PROCESSOR_ARCHITECTURE from environment variable 'AMD64'
TpTrace Verbose: 0 : 11788, 7, 2023/02/06, 11:46:21.060, 104539643160, vstest.console.dll, DotnetTestHostmanager.IsWinOnArm: Is Windows on ARM 'False'
TpTrace Information: 0 : 11788, 7, 2023/02/06, 11:46:21.060, 104539645139, vstest.console.dll, AssemblyResolver.OnResolve: Microsoft.Extensions.DependencyModel: Resolving assembly.
TpTrace Information: 0 : 11788, 7, 2023/02/06, 11:46:21.060, 104539645891, vstest.console.dll, AssemblyResolver.OnResolve: Microsoft.Extensions.DependencyModel: Searching in: 'C:\Program Files\dotnet\sdk\7.0.100\Extensions'.
TpTrace Information: 0 : 11788, 7, 2023/02/06, 11:46:21.061, 104539647620, vstest.console.dll, AssemblyResolver.OnResolve: Microsoft.Extensions.DependencyModel: Assembly path does not exist: 'C:\Program Files\dotnet\sdk\7.0.100\Extensions\Microsoft.Extensions.DependencyModel.dll', returning.
TpTrace Information: 0 : 11788, 7, 2023/02/06, 11:46:21.061, 104539648985, vstest.console.dll, AssemblyResolver.OnResolve: Microsoft.Extensions.DependencyModel: Assembly path does not exist: 'C:\Program Files\dotnet\sdk\7.0.100\Extensions\Microsoft.Extensions.DependencyModel.exe', returning.
TpTrace Information: 0 : 11788, 7, 2023/02/06, 11:46:21.061, 104539649762, vstest.console.dll, AssemblyResolver.OnResolve: Microsoft.Extensions.DependencyModel: Searching in: 'C:\Program Files\dotnet\sdk\7.0.100'.
TpTrace Information: 0 : 11788, 7, 2023/02/06, 11:46:21.061, 104539653886, vstest.console.dll, AssemblyResolver.OnResolve: Microsoft.Extensions.DependencyModel: Loading assembly 'C:\Program Files\dotnet\sdk\7.0.100\Microsoft.Extensions.DependencyModel.dll'.
TpTrace Information: 0 : 11788, 7, 2023/02/06, 11:46:21.062, 104539660218, vstest.console.dll, AssemblyResolver.OnResolve: Resolved assembly: Microsoft.Extensions.DependencyModel, from path: C:\Program Files\dotnet\sdk\7.0.100\Microsoft.Extensions.DependencyModel.dll
TpTrace Verbose: 0 : 11788, 7, 2023/02/06, 11:46:21.062, 104539664685, vstest.console.dll, DotnetTestHostmanager: Reading file D:\SOFTUNI\SoftuniSvetlina-Courses\C#\OOP-Advanced\02.Unit-Testing\Unit-Testing-Exercises\DatabaseExtended.Tests\bin\Debug\netcoreapp3.1\fine-code-coverage\build-output\DatabaseExtended.Tests.deps.json to get path of testhost.dll
TpTrace Verbose: 0 : 11788, 7, 2023/02/06, 11:46:21.083, 104539869894, vstest.console.dll, DotnetTestHostmanager: Relative path of testhost.dll with respect to package folder is microsoft.testplatform.testhost/15.9.0\lib/netstandard1.5/testhost.dll
TpTrace Verbose: 0 : 11788, 7, 2023/02/06, 11:46:21.084, 104539880380, vstest.console.dll, DotnetTestHostmanager: Looking for path microsoft.testplatform.testhost/15.9.0\lib/netstandard1.5/testhost.dll in folder C:\Users\KARDAM\.dotnet\store\|arch|\|tfm|
TpTrace Verbose: 0 : 11788, 7, 2023/02/06, 11:46:21.084, 104539882585, vstest.console.dll, DotnetTestHostmanager: Looking for path microsoft.testplatform.testhost/15.9.0\lib/netstandard1.5/testhost.dll in folder C:\Users\KARDAM\.nuget\packages
TpTrace Verbose: 0 : 11788, 7, 2023/02/06, 11:46:21.084, 104539884004, vstest.console.dll, DotnetTestHostmanager: Found testhost.dll in C:\Users\KARDAM\.nuget\packages\microsoft.testplatform.testhost/15.9.0\lib/netstandard1.5/testhost.dll
TpTrace Verbose: 0 : 11788, 7, 2023/02/06, 11:46:21.085, 104539886812, vstest.console.dll, DotnetTestHostmanager: Current process architetcure 'X64'
TpTrace Verbose: 0 : 11788, 7, 2023/02/06, 11:46:21.085, 104539890405, vstest.console.dll, DotnetTestHostmanager.LaunchTestHostAsync: Compatible muxer architecture of running process 'X64' and target architecture 'X64'
TpTrace Verbose: 0 : 11788, 7, 2023/02/06, 11:46:21.085, 104539891097, vstest.console.dll, DotnetTestHostmanager: Full path of testhost.dll is C:\Users\KARDAM\.nuget\packages\microsoft.testplatform.testhost/15.9.0\lib/netstandard1.5/testhost.dll
TpTrace Verbose: 0 : 11788, 7, 2023/02/06, 11:46:21.085, 104539891630, vstest.console.dll, DotnetTestHostmanager: Full path of host exe is C:\Program Files\dotnet\dotnet.exe
TpTrace Verbose: 0 : 11788, 7, 2023/02/06, 11:46:21.085, 104539894336, vstest.console.dll, DotnetTestHostManager: Starting process 'C:\Program Files\dotnet\dotnet.exe' with command line 'exec --runtimeconfig "D:\SOFTUNI\SoftuniSvetlina-Courses\C#\OOP-Advanced\02.Unit-Testing\Unit-Testing-Exercises\DatabaseExtended.Tests\bin\Debug\netcoreapp3.1\fine-code-coverage\build-output\DatabaseExtended.Tests.runtimeconfig.json" --depsfile "D:\SOFTUNI\SoftuniSvetlina-Courses\C#\OOP-Advanced\02.Unit-Testing\Unit-Testing-Exercises\DatabaseExtended.Tests\bin\Debug\netcoreapp3.1\fine-code-coverage\build-output\DatabaseExtended.Tests.deps.json" "C:\Users\KARDAM\.nuget\packages\microsoft.testplatform.testhost/15.9.0\lib/netstandard1.5/testhost.dll" --port 58072 --endpoint 127.0.0.1:058072 --role client --parentprocessid 11788 --diag "D:\SOFTUNI\SoftuniSvetlina-Courses\C#\OOP-Advanced\02.Unit-Testing\Unit-Testing-Exercises\DatabaseExtended.Tests\bin\Debug\netcoreapp3.1\fine-code-coverage\coverage-tool-output\diagnostics.host.23-02-06_11-46-21_05909_7.log" --tracelevel 4 --datacollectionport 58071 --telemetryoptedin false'
TpTrace Verbose: 0 : 11788, 7, 2023/02/06, 11:46:21.092, 104539958138, vstest.console.dll, MulticastDelegateUtilities.SafeInvoke: HostProviderEvents.OnHostLaunched: Invoking callback 1/2 for Microsoft.VisualStudio.TestPlatform.CrossPlatEngine.Client.ProxyExecutionManagerWithDataCollection., took 2 ms.
TpTrace Verbose: 0 : 11788, 7, 2023/02/06, 11:46:21.092, 104539964285, vstest.console.dll, Test Runtime launched
TpTrace Verbose: 0 : 11788, 7, 2023/02/06, 11:46:21.093, 104539966416, vstest.console.dll, MulticastDelegateUtilities.SafeInvoke: HostProviderEvents.OnHostLaunched: Invoking callback 2/2 for Microsoft.VisualStudio.TestPlatform.CrossPlatEngine.Client.ProxyOperationManager., took 0 ms.
TpTrace Verbose: 0 : 11788, 7, 2023/02/06, 11:46:21.093, 104539971170, vstest.console.dll, TestRequestSender.WaitForRequestHandlerConnection: waiting for connection with timeout: 90000.
TpTrace Verbose: 0 : 11788, 7, 2023/02/06, 11:46:21.341, 104542454207, vstest.console.dll, TestRequestSender.WaitForRequestHandlerConnection: waiting took 248 ms, with timeout 90000 ms, and result 0, which is success.
TpTrace Verbose: 0 : 11788, 11, 2023/02/06, 11:46:21.341, 104542454206, vstest.console.dll, MulticastDelegateUtilities.SafeInvoke: SocketServer: ClientConnected: Invoking callback 1/1 for Microsoft.VisualStudio.TestPlatform.CommunicationUtilities.TestRequestSender., took 0 ms.
TpTrace Verbose: 0 : 11788, 11, 2023/02/06, 11:46:21.342, 104542456502, vstest.console.dll, SocketServer.OnClientConnected: Client connected for endPoint: 127.0.0.1:58072, starting MessageLoopAsync:
TpTrace Verbose: 0 : 11788, 11, 2023/02/06, 11:46:21.342, 104542460313, vstest.console.dll, TcpClientExtensions.MessageLoopAsync: Polling on remoteEndPoint: 127.0.0.1:58073 localEndPoint: 127.0.0.1:58072
TpTrace Verbose: 0 : 11788, 7, 2023/02/06, 11:46:21.343, 104542471481, vstest.console.dll, TestRequestSender.CheckVersionWithTestHost: Sending check version message: {"MessageType":"ProtocolVersion","Payload":7}
TpTrace Verbose: 0 : 11788, 11, 2023/02/06, 11:46:21.667, 104545707707, vstest.console.dll, TcpClientExtensions.MessageLoopAsync: NotifyDataAvailable remoteEndPoint: 127.0.0.1:58073 localEndPoint: 127.0.0.1:58072
TpTrace Verbose: 0 : 11788, 11, 2023/02/06, 11:46:21.667, 104545711583, vstest.console.dll, TestRequestSender.CheckVersionWithTestHost: onMessageReceived received message: (ProtocolVersion) -> {"MessageType":"ProtocolVersion","Payload":2}
TpTrace Verbose: 0 : 11788, 11, 2023/02/06, 11:46:21.668, 104545724724, vstest.console.dll, MulticastDelegateUtilities.SafeInvoke: LengthPrefixCommunicationChannel: MessageReceived: Invoking callback 1/1 for Microsoft.VisualStudio.TestPlatform.CommunicationUtilities.TestRequestSender+<>c__DisplayClass26_0., took 1 ms.
TpTrace Verbose: 0 : 11788, 7, 2023/02/06, 11:46:21.669, 104545725954, vstest.console.dll, TestPluginCache.GetExtensionPaths: Filtered extension paths: 
TpTrace Verbose: 0 : 11788, 11, 2023/02/06, 11:46:21.669, 104545726521, vstest.console.dll, TcpClientExtensions.MessageLoopAsync: Polling on remoteEndPoint: 127.0.0.1:58073 localEndPoint: 127.0.0.1:58072
TpTrace Verbose: 0 : 11788, 7, 2023/02/06, 11:46:21.669, 104545726770, vstest.console.dll, TestPluginCache.GetExtensionPaths: Added default extension paths: C:\Program Files\dotnet\sdk\7.0.100\Extensions\Microsoft.Diagnostics.NETCore.Client.dll
C:\Program Files\dotnet\sdk\7.0.100\Extensions\Microsoft.TestPlatform.Extensions.BlameDataCollector.dll
C:\Program Files\dotnet\sdk\7.0.100\Extensions\Microsoft.TestPlatform.Extensions.EventLogCollector.dll
C:\Program Files\dotnet\sdk\7.0.100\Extensions\Microsoft.TestPlatform.TestHostRuntimeProvider.dll
C:\Program Files\dotnet\sdk\7.0.100\Extensions\Microsoft.VisualStudio.TestPlatform.Extensions.Html.TestLogger.dll
C:\Program Files\dotnet\sdk\7.0.100\Extensions\Microsoft.VisualStudio.TestPlatform.Extensions.Trx.TestLogger.dll
TpTrace Verbose: 0 : 11788, 7, 2023/02/06, 11:46:21.669, 104545727941, vstest.console.dll, TestPluginCache.GetExtensionPaths: Added unfilterableExtensionPaths: 
TpTrace Verbose: 0 : 11788, 7, 2023/02/06, 11:46:21.676, 104545799592, vstest.console.dll, TestRequestSender.InitializeExecution: Sending initialize execution with message: {"Version":2,"MessageType":"TestExecution.Initialize","Payload":["D:\\SOFTUNI\\SoftuniSvetlina-Courses\\C#\\OOP-Advanced\\02.Unit-Testing\\Unit-Testing-Exercises\\DatabaseExtended.Tests\\bin\\Debug\\netcoreapp3.1\\fine-code-coverage\\build-output\\NUnit3.TestAdapter.dll"]}
TpTrace Warning: 0 : 11788, 7, 2023/02/06, 11:46:21.677, 104545811985, vstest.console.dll, InferRunSettingsHelper.MakeRunsettingsCompatible: Removing the following settings: TargetPlatform from RunSettings file. To use those settings please move to latest version of Microsoft.NET.Test.Sdk
TpTrace Verbose: 0 : 11788, 11, 2023/02/06, 11:46:21.706, 104546098839, vstest.console.dll, TcpClientExtensions.MessageLoopAsync: NotifyDataAvailable remoteEndPoint: 127.0.0.1:58073 localEndPoint: 127.0.0.1:58072
TpTrace Verbose: 0 : 11788, 11, 2023/02/06, 11:46:21.706, 104546102599, vstest.console.dll, TestRequestSender.OnExecutionMessageReceived: Received message: {"Version":2,"MessageType":"TestSession.Message","Payload":{"MessageLevel":0,"Message":"Logging TestHost Diagnostics in file: D:\\SOFTUNI\\SoftuniSvetlina-Courses\\C#\\OOP-Advanced\\02.Unit-Testing\\Unit-Testing-Exercises\\DatabaseExtended.Tests\\bin\\Debug\\netcoreapp3.1\\fine-code-coverage\\coverage-tool-output\\diagnostics.host.23-02-06_11-46-21_05909_7.log"}}
TpTrace Verbose: 0 : 11788, 11, 2023/02/06, 11:46:21.711, 104546155021, vstest.console.dll, TestRunRequest:SendTestRunMessage: Starting.
TpTrace Verbose: 0 : 11788, 11, 2023/02/06, 11:46:21.712, 104546157765, vstest.console.dll, MulticastDelegateUtilities.SafeInvoke: TestRun.LogMessages: Invoking callback 1/1 for Microsoft.VisualStudio.TestPlatform.CommandLine.TestRunResultAggregator., took 0 ms.
TpTrace Verbose: 0 : 11788, 4, 2023/02/06, 11:46:21.712, 104546157877, vstest.console.dll, MulticastDelegateUtilities.SafeInvoke: InternalTestLoggerEvents.SendTestRunMessage: Invoking callback 1/1 for Microsoft.VisualStudio.TestPlatform.CommandLine.Internal.ConsoleLogger., took 0 ms.
TpTrace Information: 0 : 11788, 11, 2023/02/06, 11:46:21.712, 104546158749, vstest.console.dll, TestRunRequest:SendTestRunMessage: Completed.
TpTrace Verbose: 0 : 11788, 11, 2023/02/06, 11:46:21.712, 104546160249, vstest.console.dll, MulticastDelegateUtilities.SafeInvoke: LengthPrefixCommunicationChannel: MessageReceived: Invoking callback 1/1 for Microsoft.VisualStudio.TestPlatform.CommunicationUtilities.TestRequestSender+<>c__DisplayClass31_0., took 5 ms.
TpTrace Verbose: 0 : 11788, 11, 2023/02/06, 11:46:21.712, 104546160912, vstest.console.dll, TcpClientExtensions.MessageLoopAsync: Polling on remoteEndPoint: 127.0.0.1:58073 localEndPoint: 127.0.0.1:58072
TpTrace Verbose: 0 : 11788, 7, 2023/02/06, 11:46:21.718, 104546219711, vstest.console.dll, TestRequestSender.StartTestRun: Sending test run with message: {"Version":2,"MessageType":"TestExecution.StartWithSources","Payload":{"AdapterSourceMap":{"_none_":["D:\\SOFTUNI\\SoftuniSvetlina-Courses\\C#\\OOP-Advanced\\02.Unit-Testing\\Unit-Testing-Exercises\\DatabaseExtended.Tests\\bin\\Debug\\netcoreapp3.1\\fine-code-coverage\\build-output\\DatabaseExtended.Tests.dll"]},"RunSettings":"<RunSettings>\r\n  <RunConfiguration>\r\n    <ResultsDirectory>D:\\SOFTUNI\\SoftuniSvetlina-Courses\\C#\\OOP-Advanced\\02.Unit-Testing\\Unit-Testing-Exercises\\DatabaseExtended.Tests\\bin\\Debug\\netcoreapp3.1\\fine-code-coverage\\coverage-tool-output</ResultsDirectory>\r\n    <TargetFrameworkVersion>.NETCoreApp,Version=v3.1</TargetFrameworkVersion>\r\n    <DesignMode>False</DesignMode>\r\n    <CollectSourceInformation>False</CollectSourceInformation>\r\n  </RunConfiguration>\r\n  <LoggerRunSettings>\r\n    <Loggers>\r\n      <Logger friendlyName=\"blame\" enabled=\"True\" />\r\n      <Logger friendlyName=\"Console\" uri=\"logger://microsoft/TestPlatform/ConsoleLogger/v1\" assemblyQualifiedName=\"Microsoft.VisualStudio.TestPlatform.CommandLine.Internal.ConsoleLogger, vstest.console, Version=15.0.0.0, Culture=neutral, PublicKeyToken=b03f5f7f11d50a3a\" codeBase=\"C:\\Program Files\\dotnet\\sdk\\7.0.100\\vstest.console.dll\" enabled=\"True\" />\r\n    </Loggers>\r\n  </LoggerRunSettings>\r\n  <DataCollectionRunSettings>\r\n    <DataCollectors>\r\n      <DataCollector friendlyName=\"blame\" enabled=\"True\">\r\n        <Configuration>\r\n          <ResultsDirectory>D:\\SOFTUNI\\SoftuniSvetlina-Courses\\C#\\OOP-Advanced\\02.Unit-Testing\\Unit-Testing-Exercises\\DatabaseExtended.Tests\\bin\\Debug\\netcoreapp3.1\\fine-code-coverage\\coverage-tool-output</ResultsDirectory>\r\n        </Configuration>\r\n      </DataCollector>\r\n    </DataCollectors>\r\n  </DataCollectionRunSettings>\r\n</RunSettings>","TestExecutionContext":{"FrequencyOfRunStatsChangeEvent":10,"RunStatsChangeEventTimeout":"00:00:01.5000000","InIsolation":false,"KeepAlive":false,"AreTestCaseLevelEventsRequired":false,"IsDebug":false,"TestCaseFilter":null,"FilterOptions":null},"Package":null}}
TpTrace Verbose: 0 : 11788, 11, 2023/02/06, 11:46:21.960, 104548639338, vstest.console.dll, TcpClientExtensions.MessageLoopAsync: NotifyDataAvailable remoteEndPoint: 127.0.0.1:58073 localEndPoint: 127.0.0.1:58072
TpTrace Verbose: 0 : 11788, 11, 2023/02/06, 11:46:21.960, 104548644758, vstest.console.dll, TestRequestSender.OnExecutionMessageReceived: Received message: {"Version":2,"MessageType":"TestSession.Message","Payload":{"MessageLevel":0,"Message":"NUnit Adapter 3.9.0.0: Test execution started"}}
TpTrace Verbose: 0 : 11788, 11, 2023/02/06, 11:46:21.961, 104548649131, vstest.console.dll, TestRunRequest:SendTestRunMessage: Starting.
TpTrace Verbose: 0 : 11788, 11, 2023/02/06, 11:46:21.961, 104548650489, vstest.console.dll, MulticastDelegateUtilities.SafeInvoke: TestRun.LogMessages: Invoking callback 1/1 for Microsoft.VisualStudio.TestPlatform.CommandLine.TestRunResultAggregator., took 0 ms.
TpTrace Verbose: 0 : 11788, 4, 2023/02/06, 11:46:21.961, 104548650573, vstest.console.dll, MulticastDelegateUtilities.SafeInvoke: InternalTestLoggerEvents.SendTestRunMessage: Invoking callback 1/1 for Microsoft.VisualStudio.TestPlatform.CommandLine.Internal.ConsoleLogger., took 0 ms.
TpTrace Information: 0 : 11788, 11, 2023/02/06, 11:46:21.961, 104548651234, vstest.console.dll, TestRunRequest:SendTestRunMessage: Completed.
TpTrace Verbose: 0 : 11788, 11, 2023/02/06, 11:46:21.961, 104548652707, vstest.console.dll, MulticastDelegateUtilities.SafeInvoke: LengthPrefixCommunicationChannel: MessageReceived: Invoking callback 1/1 for Microsoft.VisualStudio.TestPlatform.CommunicationUtilities.TestRequestSender+<>c__DisplayClass31_0., took 1 ms.
TpTrace Verbose: 0 : 11788, 11, 2023/02/06, 11:46:21.961, 104548653306, vstest.console.dll, TcpClientExtensions.MessageLoopAsync: Polling on remoteEndPoint: 127.0.0.1:58073 localEndPoint: 127.0.0.1:58072
TpTrace Verbose: 0 : 11788, 11, 2023/02/06, 11:46:21.978, 104548825307, vstest.console.dll, TcpClientExtensions.MessageLoopAsync: NotifyDataAvailable remoteEndPoint: 127.0.0.1:58073 localEndPoint: 127.0.0.1:58072
TpTrace Verbose: 0 : 11788, 11, 2023/02/06, 11:46:21.979, 104548827168, vstest.console.dll, TestRequestSender.OnExecutionMessageReceived: Received message: {"Version":2,"MessageType":"TestSession.Message","Payload":{"MessageLevel":0,"Message":"Running all tests in D:\\SOFTUNI\\SoftuniSvetlina-Courses\\C#\\OOP-Advanced\\02.Unit-Testing\\Unit-Testing-Exercises\\DatabaseExtended.Tests\\bin\\Debug\\netcoreapp3.1\\fine-code-coverage\\build-output\\DatabaseExtended.Tests.dll"}}
TpTrace Verbose: 0 : 11788, 11, 2023/02/06, 11:46:21.979, 104548829442, vstest.console.dll, TestRunRequest:SendTestRunMessage: Starting.
TpTrace Verbose: 0 : 11788, 11, 2023/02/06, 11:46:21.979, 104548830696, vstest.console.dll, MulticastDelegateUtilities.SafeInvoke: TestRun.LogMessages: Invoking callback 1/1 for Microsoft.VisualStudio.TestPlatform.CommandLine.TestRunResultAggregator., took 0 ms.
TpTrace Verbose: 0 : 11788, 4, 2023/02/06, 11:46:21.979, 104548830881, vstest.console.dll, MulticastDelegateUtilities.SafeInvoke: InternalTestLoggerEvents.SendTestRunMessage: Invoking callback 1/1 for Microsoft.VisualStudio.TestPlatform.CommandLine.Internal.ConsoleLogger., took 0 ms.
TpTrace Information: 0 : 11788, 11, 2023/02/06, 11:46:21.979, 104548831573, vstest.console.dll, TestRunRequest:SendTestRunMessage: Completed.
TpTrace Verbose: 0 : 11788, 11, 2023/02/06, 11:46:21.979, 104548833622, vstest.console.dll, MulticastDelegateUtilities.SafeInvoke: LengthPrefixCommunicationChannel: MessageReceived: Invoking callback 1/1 for Microsoft.VisualStudio.TestPlatform.CommunicationUtilities.TestRequestSender+<>c__DisplayClass31_0., took 0 ms.
TpTrace Verbose: 0 : 11788, 11, 2023/02/06, 11:46:21.979, 104548834172, vstest.console.dll, TcpClientExtensions.MessageLoopAsync: Polling on remoteEndPoint: 127.0.0.1:58073 localEndPoint: 127.0.0.1:58072
TpTrace Verbose: 0 : 11788, 11, 2023/02/06, 11:46:22.202, 104551062528, vstest.console.dll, TcpClientExtensions.MessageLoopAsync: NotifyDataAvailable remoteEndPoint: 127.0.0.1:58073 localEndPoint: 127.0.0.1:58072
TpTrace Verbose: 0 : 11788, 11, 2023/02/06, 11:46:22.202, 104551064823, vstest.console.dll, TestRequestSender.OnExecutionMessageReceived: Received message: {"Version":2,"MessageType":"TestSession.Message","Payload":{"MessageLevel":0,"Message":"NUnit3TestExecutor converted 13 of 13 NUnit test cases"}}
TpTrace Verbose: 0 : 11788, 11, 2023/02/06, 11:46:22.203, 104551066911, vstest.console.dll, TestRunRequest:SendTestRunMessage: Starting.
TpTrace Verbose: 0 : 11788, 11, 2023/02/06, 11:46:22.203, 104551068206, vstest.console.dll, MulticastDelegateUtilities.SafeInvoke: TestRun.LogMessages: Invoking callback 1/1 for Microsoft.VisualStudio.TestPlatform.CommandLine.TestRunResultAggregator., took 0 ms.
TpTrace Verbose: 0 : 11788, 4, 2023/02/06, 11:46:22.203, 104551068290, vstest.console.dll, MulticastDelegateUtilities.SafeInvoke: InternalTestLoggerEvents.SendTestRunMessage: Invoking callback 1/1 for Microsoft.VisualStudio.TestPlatform.CommandLine.Internal.ConsoleLogger., took 0 ms.
TpTrace Information: 0 : 11788, 11, 2023/02/06, 11:46:22.203, 104551068924, vstest.console.dll, TestRunRequest:SendTestRunMessage: Completed.
TpTrace Verbose: 0 : 11788, 11, 2023/02/06, 11:46:22.203, 104551070178, vstest.console.dll, MulticastDelegateUtilities.SafeInvoke: LengthPrefixCommunicationChannel: MessageReceived: Invoking callback 1/1 for Microsoft.VisualStudio.TestPlatform.CommunicationUtilities.TestRequestSender+<>c__DisplayClass31_0., took 0 ms.
TpTrace Verbose: 0 : 11788, 11, 2023/02/06, 11:46:22.203, 104551070899, vstest.console.dll, TcpClientExtensions.MessageLoopAsync: Polling on remoteEndPoint: 127.0.0.1:58073 localEndPoint: 127.0.0.1:58072
TpTrace Verbose: 0 : 11788, 11, 2023/02/06, 11:46:22.484, 104553882158, vstest.console.dll, TcpClientExtensions.MessageLoopAsync: NotifyDataAvailable remoteEndPoint: 127.0.0.1:58073 localEndPoint: 127.0.0.1:58072
TpTrace Verbose: 0 : 11788, 11, 2023/02/06, 11:46:22.485, 104553886725, vstest.console.dll, TestRequestSender.OnExecutionMessageReceived: Received message: {"Version":2,"MessageType":"TestExecution.StatsChange","Payload":{"NewTestResults":[{"TestCase":{"Id":"8eca9a04-a94b-534d-d5fc-cf9864e194be","FullyQualifiedName":"Tests.ExtendedDatabaseTests.Test_ExtendedDatabase_AddOverflow","DisplayName":"Test_ExtendedDatabase_AddOverflow","ExecutorUri":"executor://NUnit3TestExecutor","Source":"D:\\SOFTUNI\\SoftuniSvetlina-Courses\\C#\\OOP-Advanced\\02.Unit-Testing\\Unit-Testing-Exercises\\DatabaseExtended.Tests\\bin\\Debug\\netcoreapp3.1\\fine-code-coverage\\build-output\\DatabaseExtended.Tests.dll","CodeFilePath":null,"LineNumber":0,"Properties":[]},"Attachments":[],"Outcome":1,"ErrorMessage":null,"ErrorStackTrace":null,"DisplayName":"Test_ExtendedDatabase_AddOverflow","Messages":[],"ComputerName":"ISEEYOUTOO","Duration":"00:00:00.0194670","StartTime":"2023-02-06T09:46:22+00:00","EndTime":"2023-02-06T09:46:22+00:00","Properties":[]},{"TestCase":{"Id":"80c3bb2a-fab4-903e-0666-467519ce9dc6","FullyQualifiedName":"Tests.ExtendedDatabaseTests.Test_ExtendedDatabase_Constructor","DisplayName":"Test_ExtendedDatabase_Constructor","ExecutorUri":"executor://NUnit3TestExecutor","Source":"D:\\SOFTUNI\\SoftuniSvetlina-Courses\\C#\\OOP-Advanced\\02.Unit-Testing\\Unit-Testing-Exercises\\DatabaseExtended.Tests\\bin\\Debug\\netcoreapp3.1\\fine-code-coverage\\build-output\\DatabaseExtended.Tests.dll","CodeFilePath":null,"LineNumber":0,"Properties":[{"Key":{"Id":"TestObject.Traits","Label":"Traits","Category":"","Description":"","Attributes":5,"ValueType":"System.Collections.Generic.KeyValuePair`2[[System.String],[System.String]][]"},"Value":[]}]},"Attachments":[],"Outcome":1,"ErrorMessage":null,"ErrorStackTrace":null,"DisplayName":"Test_ExtendedDatabase_Constructor","Messages":[],"ComputerName":"ISEEYOUTOO","Duration":"00:00:00.0097249","StartTime":"2023-02-06T09:46:22+00:00","EndTime":"2023-02-06T09:46:22+00:00","Properties":[]},{"TestCase":{"Id":"3a6d2eec-2a3c-eb17-eaaf-8c8f8d1a4087","FullyQualifiedName":"Tests.ExtendedDatabaseTests.Test_ExtendedDatabase_ConstructorOverflow","DisplayName":"Test_ExtendedDatabase_ConstructorOverflow","ExecutorUri":"executor://NUnit3TestExecutor","Source":"D:\\SOFTUNI\\SoftuniSvetlina-Courses\\C#\\OOP-Advanced\\02.Unit-Testing\\Unit-Testing-Exercises\\DatabaseExtended.Tests\\bin\\Debug\\netcoreapp3.1\\fine-code-coverage\\build-output\\DatabaseExtended.Tests.dll","CodeFilePath":null,"LineNumber":0,"Properties":[{"Key":{"Id":"TestObject.Traits","Label":"Traits","Category":"","Description":"","Attributes":5,"ValueType":"System.Collections.Generic.KeyValuePair`2[[System.String],[System.String]][]"},"Value":[]}]},"Attachments":[],"Outcome":1,"ErrorMessage":null,"ErrorStackTrace":null,"DisplayName":"Test_ExtendedDatabase_ConstructorOverflow","Messages":[],"ComputerName":"ISEEYOUTOO","Duration":"00:00:00.0008440","StartTime":"2023-02-06T09:46:22+00:00","EndTime":"2023-02-06T09:46:22+00:00","Properties":[]},{"TestCase":{"Id":"bcfa3791-8294-eb82-ea8d-cc39eafa8740","FullyQualifiedName":"Tests.ExtendedDatabaseTests.Test_ExtendedDatabase_ConstructorRepeatingId","DisplayName":"Test_ExtendedDatabase_ConstructorRepeatingId","ExecutorUri":"executor://NUnit3TestExecutor","Source":"D:\\SOFTUNI\\SoftuniSvetlina-Courses\\C#\\OOP-Advanced\\02.Unit-Testing\\Unit-Testing-Exercises\\DatabaseExtended.Tests\\bin\\Debug\\netcoreapp3.1\\fine-code-coverage\\build-output\\DatabaseExtended.Tests.dll","CodeFilePath":null,"LineNumber":0,"Properties":[{"Key":{"Id":"TestObject.Traits","Label":"Traits","Category":"","Description":"","Attributes":5,"ValueType":"System.Collections.Generic.KeyValuePair`2[[System.String],[System.String]][]"},"Value":[]}]},"Attachments":[],"Outcome":1,"ErrorMessage":null,"ErrorStackTrace":null,"DisplayName":"Test_ExtendedDatabase_ConstructorRepeatingId","Messages":[],"ComputerName":"ISEEYOUTOO","Duration":"00:00:00.0009030","StartTime":"2023-02-06T09:46:22+00:00","EndTime":"2023-02-06T09:46:22+00:00","Properties":[]},{"TestCase":{"Id":"7681f35a-e464-f046-1bd7-8ec4ce106885","FullyQualifiedName":"Tests.ExtendedDatabaseTests.Test_ExtendedDatabase_ConstructorRepeatingName","DisplayName":"Test_ExtendedDatabase_ConstructorRepeatingName","ExecutorUri":"executor://NUnit3TestExecutor","Source":"D:\\SOFTUNI\\SoftuniSvetlina-Courses\\C#\\OOP-Advanced\\02.Unit-Testing\\Unit-Testing-Exercises\\DatabaseExtended.Tests\\bin\\Debug\\netcoreapp3.1\\fine-code-coverage\\build-output\\DatabaseExtended.Tests.dll","CodeFilePath":null,"LineNumber":0,"Properties":[{"Key":{"Id":"TestObject.Traits","Label":"Traits","Category":"","Description":"","Attributes":5,"ValueType":"System.Collections.Generic.KeyValuePair`2[[System.String],[System.String]][]"},"Value":[]}]},"Attachments":[],"Outcome":1,"ErrorMessage":null,"ErrorStackTrace":null,"DisplayName":"Test_ExtendedDatabase_ConstructorRepeatingName","Messages":[],"ComputerName":"ISEEYOUTOO","Duration":"00:00:00.0009130","StartTime":"2023-02-06T09:46:22+00:00","EndTime":"2023-02-06T09:46:22+00:00","Properties":[]},{"TestCase":{"Id":"87326410-731c-c05d-9f46-5597abf6f71d","FullyQualifiedName":"Tests.ExtendedDatabaseTests.Test_ExtendedDatabase_FindById","DisplayName":"Test_ExtendedDatabase_FindById","ExecutorUri":"executor://NUnit3TestExecutor","Source":"D:\\SOFTUNI\\SoftuniSvetlina-Courses\\C#\\OOP-Advanced\\02.Unit-Testing\\Unit-Testing-Exercises\\DatabaseExtended.Tests\\bin\\Debug\\netcoreapp3.1\\fine-code-coverage\\build-output\\DatabaseExtended.Tests.dll","CodeFilePath":null,"LineNumber":0,"Properties":[{"Key":{"Id":"TestObject.Traits","Label":"Traits","Category":"","Description":"","Attributes":5,"ValueType":"System.Collections.Generic.KeyValuePair`2[[System.String],[System.String]][]"},"Value":[]}]},"Attachments":[],"Outcome":1,"ErrorMessage":null,"ErrorStackTrace":null,"DisplayName":"Test_ExtendedDatabase_FindById","Messages":[],"ComputerName":"ISEEYOUTOO","Duration":"00:00:00.0014070","StartTime":"2023-02-06T09:46:22+00:00","EndTime":"2023-02-06T09:46:22+00:00","Properties":[]},{"TestCase":{"Id":"cfcb0a09-24b0-cb9f-f211-a71b74fcd5c7","FullyQualifiedName":"Tests.ExtendedDatabaseTests.Test_ExtendedDatabase_FindByIdNegativeNumber","DisplayName":"Test_ExtendedDatabase_FindByIdNegativeNumber","ExecutorUri":"executor://NUnit3TestExecutor","Source":"D:\\SOFTUNI\\SoftuniSvetlina-Courses\\C#\\OOP-Advanced\\02.Unit-Testing\\Unit-Testing-Exercises\\DatabaseExtended.Tests\\bin\\Debug\\netcoreapp3.1\\fine-code-coverage\\build-output\\DatabaseExtended.Tests.dll","CodeFilePath":null,"LineNumber":0,"Properties":[{"Key":{"Id":"TestObject.Traits","Label":"Traits","Category":"","Description":"","Attributes":5,"ValueType":"System.Collections.Generic.KeyValuePair`2[[System.String],[System.String]][]"},"Value":[]}]},"Attachments":[],"Outcome":1,"ErrorMessage":null,"ErrorStackTrace":null,"DisplayName":"Test_ExtendedDatabase_FindByIdNegativeNumber","Messages":[],"ComputerName":"ISEEYOUTOO","Duration":"00:00:00.0008350","StartTime":"2023-02-06T09:46:22+00:00","EndTime":"2023-02-06T09:46:22+00:00","Properties":[]},{"TestCase":{"Id":"e37281db-62be-e48a-0be5-f69228fb4203","FullyQualifiedName":"Tests.ExtendedDatabaseTests.Test_ExtendedDatabase_FindByIdNotFound","DisplayName":"Test_ExtendedDatabase_FindByIdNotFound","ExecutorUri":"executor://NUnit3TestExecutor","Source":"D:\\SOFTUNI\\SoftuniSvetlina-Courses\\C#\\OOP-Advanced\\02.Unit-Testing\\Unit-Testing-Exercises\\DatabaseExtended.Tests\\bin\\Debug\\netcoreapp3.1\\fine-code-coverage\\build-output\\DatabaseExtended.Tests.dll","CodeFilePath":null,"LineNumber":0,"Properties":[{"Key":{"Id":"TestObject.Traits","Label":"Traits","Category":"","Description":"","Attributes":5,"ValueType":"System.Collections.Generic.KeyValuePair`2[[System.String],[System.String]][]"},"Value":[]}]},"Attachments":[],"Outcome":1,"ErrorMessage":null,"ErrorStackTrace":null,"DisplayName":"Test_ExtendedDatabase_FindByIdNotFound","Messages":[],"ComputerName":"ISEEYOUTOO","Duration":"00:00:00.0007550","StartTime":"2023-02-06T09:46:22+00:00","EndTime":"2023-02-06T09:46:22+00:00","Properties":[]},{"TestCase":{"Id":"f0c43378-4914-f8c1-e865-d0f110c0fdc8","FullyQualifiedName":"Tests.ExtendedDatabaseTests.Test_ExtendedDatabase_FindByUsername","DisplayName":"Test_ExtendedDatabase_FindByUsername","ExecutorUri":"executor://NUnit3TestExecutor","Source":"D:\\SOFTUNI\\SoftuniSvetlina-Courses\\C#\\OOP-Advanced\\02.Unit-Testing\\Unit-Testing-Exercises\\DatabaseExtended.Tests\\bin\\Debug\\netcoreapp3.1\\fine-code-coverage\\build-output\\DatabaseExtended.Tests.dll","CodeFilePath":null,"LineNumber":0,"Properties":[{"Key":{"Id":"TestObject.Traits","Label":"Traits","Category":"","Description":"","Attributes":5,"ValueType":"System.Collections.Generic.KeyValuePair`2[[System.String],[System.String]][]"},"Value":[]}]},"Attachments":[],"Outcome":1,"ErrorMessage":null,"ErrorStackTrace":null,"DisplayName":"Test_ExtendedDatabase_FindByUsername","Messages":[],"ComputerName":"ISEEYOUTOO","Duration":"00:00:00.0015710","StartTime":"2023-02-06T09:46:22+00:00","EndTime":"2023-02-06T09:46:22+00:00","Properties":[]}],"TestRunStatistics":{"ExecutedTests":9,"Stats":{"Passed":9}},"ActiveTests":[{"Id":"da354639-90c4-4e52-0c93-44266d6b3f8e","FullyQualifiedName":"Tests.ExtendedDatabaseTests.Test_ExtendedDatabase_FindByUsernameEmptyEntry","DisplayName":"Test_ExtendedDatabase_FindByUsernameEmptyEntry","ExecutorUri":"executor://NUnit3TestExecutor","Source":"D:\\SOFTUNI\\SoftuniSvetlina-Courses\\C#\\OOP-Advanced\\02.Unit-Testing\\Unit-Testing-Exercises\\DatabaseExtended.Tests\\bin\\Debug\\netcoreapp3.1\\fine-code-coverage\\build-output\\DatabaseExtended.Tests.dll","CodeFilePath":null,"LineNumber":0,"Properties":[{"Key":{"Id":"TestObject.Traits","Label":"Traits","Category":"","Description":"","Attributes":5,"ValueType":"System.Collections.Generic.KeyValuePair`2[[System.String],[System.String]][]"},"Value":[]}]}]}}
TpTrace Verbose: 0 : 11788, 11, 2023/02/06, 11:46:22.561, 104554651865, vstest.console.dll, TestRunRequest:SendTestRunStatsChange: Starting.
TpTrace Verbose: 0 : 11788, 11, 2023/02/06, 11:46:22.561, 104554654356, vstest.console.dll, InProgress is Test_ExtendedDatabase_FindByUsernameEmptyEntry
TpTrace Verbose: 0 : 11788, 11, 2023/02/06, 11:46:22.562, 104554657894, vstest.console.dll, MulticastDelegateUtilities.SafeInvoke: TestRun.RunStatsChanged: Invoking callbacks was skipped because there are no subscribers.
TpTrace Information: 0 : 11788, 11, 2023/02/06, 11:46:22.562, 104554658618, vstest.console.dll, TestRunRequest:SendTestRunStatsChange: Completed.
TpTrace Verbose: 0 : 11788, 11, 2023/02/06, 11:46:22.562, 104554659170, vstest.console.dll, MulticastDelegateUtilities.SafeInvoke: LengthPrefixCommunicationChannel: MessageReceived: Invoking callback 1/1 for Microsoft.VisualStudio.TestPlatform.CommunicationUtilities.TestRequestSender+<>c__DisplayClass31_0., took 77 ms.
TpTrace Verbose: 0 : 11788, 11, 2023/02/06, 11:46:22.562, 104554659710, vstest.console.dll, TcpClientExtensions.MessageLoopAsync: Polling on remoteEndPoint: 127.0.0.1:58073 localEndPoint: 127.0.0.1:58072
TpTrace Verbose: 0 : 11788, 11, 2023/02/06, 11:46:22.562, 104554660401, vstest.console.dll, TcpClientExtensions.MessageLoopAsync: NotifyDataAvailable remoteEndPoint: 127.0.0.1:58073 localEndPoint: 127.0.0.1:58072
TpTrace Verbose: 0 : 11788, 11, 2023/02/06, 11:46:22.562, 104554661364, vstest.console.dll, TestRequestSender.OnExecutionMessageReceived: Received message: {"Version":2,"MessageType":"TestSession.Message","Payload":{"MessageLevel":0,"Message":"NUnit Adapter 3.9.0.0: Test execution complete"}}
TpTrace Verbose: 0 : 11788, 11, 2023/02/06, 11:46:22.562, 104554662825, vstest.console.dll, TestRunRequest:SendTestRunMessage: Starting.
TpTrace Verbose: 0 : 11788, 11, 2023/02/06, 11:46:22.562, 104554663696, vstest.console.dll, MulticastDelegateUtilities.SafeInvoke: TestRun.LogMessages: Invoking callback 1/1 for Microsoft.VisualStudio.TestPlatform.CommandLine.TestRunResultAggregator., took 0 ms.
TpTrace Information: 0 : 11788, 11, 2023/02/06, 11:46:22.562, 104554664296, vstest.console.dll, TestRunRequest:SendTestRunMessage: Completed.
TpTrace Verbose: 0 : 11788, 11, 2023/02/06, 11:46:22.562, 104554664846, vstest.console.dll, MulticastDelegateUtilities.SafeInvoke: LengthPrefixCommunicationChannel: MessageReceived: Invoking callback 1/1 for Microsoft.VisualStudio.TestPlatform.CommunicationUtilities.TestRequestSender+<>c__DisplayClass31_0., took 0 ms.
TpTrace Verbose: 0 : 11788, 11, 2023/02/06, 11:46:22.562, 104554665376, vstest.console.dll, TcpClientExtensions.MessageLoopAsync: Polling on remoteEndPoint: 127.0.0.1:58073 localEndPoint: 127.0.0.1:58072
TpTrace Verbose: 0 : 11788, 11, 2023/02/06, 11:46:22.563, 104554666021, vstest.console.dll, TcpClientExtensions.MessageLoopAsync: NotifyDataAvailable remoteEndPoint: 127.0.0.1:58073 localEndPoint: 127.0.0.1:58072
TpTrace Verbose: 0 : 11788, 11, 2023/02/06, 11:46:22.563, 104554667711, vstest.console.dll, TestRequestSender.OnExecutionMessageReceived: Received message: {"Version":2,"MessageType":"TestExecution.Completed","Payload":{"TestRunCompleteArgs":{"TestRunStatistics":{"ExecutedTests":13,"Stats":{"Passed":13}},"IsCanceled":false,"IsAborted":false,"Error":null,"AttachmentSets":[],"ElapsedTimeInRunningTests":"00:00:00.6035640","Metrics":{}},"LastRunTests":{"NewTestResults":[{"TestCase":{"Id":"da354639-90c4-4e52-0c93-44266d6b3f8e","FullyQualifiedName":"Tests.ExtendedDatabaseTests.Test_ExtendedDatabase_FindByUsernameEmptyEntry","DisplayName":"Test_ExtendedDatabase_FindByUsernameEmptyEntry","ExecutorUri":"executor://NUnit3TestExecutor","Source":"D:\\SOFTUNI\\SoftuniSvetlina-Courses\\C#\\OOP-Advanced\\02.Unit-Testing\\Unit-Testing-Exercises\\DatabaseExtended.Tests\\bin\\Debug\\netcoreapp3.1\\fine-code-coverage\\build-output\\DatabaseExtended.Tests.dll","CodeFilePath":null,"LineNumber":0,"Properties":[{"Key":{"Id":"TestObject.Traits","Label":"Traits","Category":"","Description":"","Attributes":5,"ValueType":"System.Collections.Generic.KeyValuePair`2[[System.String],[System.String]][]"},"Value":[]}]},"Attachments":[],"Outcome":1,"ErrorMessage":null,"ErrorStackTrace":null,"DisplayName":"Test_ExtendedDatabase_FindByUsernameEmptyEntry","Messages":[],"ComputerName":"ISEEYOUTOO","Duration":"00:00:00.0009090","StartTime":"2023-02-06T09:46:22+00:00","EndTime":"2023-02-06T09:46:22+00:00","Properties":[]},{"TestCase":{"Id":"f2e76490-0c1d-b0dc-a3a3-476213230366","FullyQualifiedName":"Tests.ExtendedDatabaseTests.Test_ExtendedDatabase_FindByUsernameNotFound","DisplayName":"Test_ExtendedDatabase_FindByUsernameNotFound","ExecutorUri":"executor://NUnit3TestExecutor","Source":"D:\\SOFTUNI\\SoftuniSvetlina-Courses\\C#\\OOP-Advanced\\02.Unit-Testing\\Unit-Testing-Exercises\\DatabaseExtended.Tests\\bin\\Debug\\netcoreapp3.1\\fine-code-coverage\\build-output\\DatabaseExtended.Tests.dll","CodeFilePath":null,"LineNumber":0,"Properties":[{"Key":{"Id":"TestObject.Traits","Label":"Traits","Category":"","Description":"","Attributes":5,"ValueType":"System.Collections.Generic.KeyValuePair`2[[System.String],[System.String]][]"},"Value":[]}]},"Attachments":[],"Outcome":1,"ErrorMessage":null,"ErrorStackTrace":null,"DisplayName":"Test_ExtendedDatabase_FindByUsernameNotFound","Messages":[],"ComputerName":"ISEEYOUTOO","Duration":"00:00:00.0009590","StartTime":"2023-02-06T09:46:22+00:00","EndTime":"2023-02-06T09:46:22+00:00","Properties":[]},{"TestCase":{"Id":"03a5ef2d-3db3-9da5-2ae7-8b7e16c8b517","FullyQualifiedName":"Tests.ExtendedDatabaseTests.Test_ExtendedDatabase_Remove","DisplayName":"Test_ExtendedDatabase_Remove","ExecutorUri":"executor://NUnit3TestExecutor","Source":"D:\\SOFTUNI\\SoftuniSvetlina-Courses\\C#\\OOP-Advanced\\02.Unit-Testing\\Unit-Testing-Exercises\\DatabaseExtended.Tests\\bin\\Debug\\netcoreapp3.1\\fine-code-coverage\\build-output\\DatabaseExtended.Tests.dll","CodeFilePath":null,"LineNumber":0,"Properties":[{"Key":{"Id":"TestObject.Traits","Label":"Traits","Category":"","Description":"","Attributes":5,"ValueType":"System.Collections.Generic.KeyValuePair`2[[System.String],[System.String]][]"},"Value":[]}]},"Attachments":[],"Outcome":1,"ErrorMessage":null,"ErrorStackTrace":null,"DisplayName":"Test_ExtendedDatabase_Remove","Messages":[],"ComputerName":"ISEEYOUTOO","Duration":"00:00:00.0006980","StartTime":"2023-02-06T09:46:22+00:00","EndTime":"2023-02-06T09:46:22+00:00","Properties":[]},{"TestCase":{"Id":"aee98c5f-157c-c887-d660-6cf923822808","FullyQualifiedName":"Tests.ExtendedDatabaseTests.Test_ExtendedDatabase_RemoveEmptyArray","DisplayName":"Test_ExtendedDatabase_RemoveEmptyArray","ExecutorUri":"executor://NUnit3TestExecutor","Source":"D:\\SOFTUNI\\SoftuniSvetlina-Courses\\C#\\OOP-Advanced\\02.Unit-Testing\\Unit-Testing-Exercises\\DatabaseExtended.Tests\\bin\\Debug\\netcoreapp3.1\\fine-code-coverage\\build-output\\DatabaseExtended.Tests.dll","CodeFilePath":null,"LineNumber":0,"Properties":[{"Key":{"Id":"TestObject.Traits","Label":"Traits","Category":"","Description":"","Attributes":5,"ValueType":"System.Collections.Generic.KeyValuePair`2[[System.String],[System.String]][]"},"Value":[]}]},"Attachments":[],"Outcome":1,"ErrorMessage":null,"ErrorStackTrace":null,"DisplayName":"Test_ExtendedDatabase_RemoveEmptyArray","Messages":[],"ComputerName":"ISEEYOUTOO","Duration":"00:00:00.0006860","StartTime":"2023-02-06T09:46:22+00:00","EndTime":"2023-02-06T09:46:22+00:00","Properties":[]}],"TestRunStatistics":{"ExecutedTests":13,"Stats":{"Passed":13}},"ActiveTests":[]},"RunAttachments":[],"ExecutorUris":["executor://nunit3testexecutor/"]}}
TpTrace Verbose: 0 : 11788, 11, 2023/02/06, 11:46:22.563, 104554670432, vstest.console.dll, TestRequestSender.EndSession: Sending end session.
TpTrace Verbose: 0 : 11788, 11, 2023/02/06, 11:46:22.563, 104554673064, vstest.console.dll, ProxyOperationManager.Close: waiting for test host to exit for 100 ms
TpTrace Verbose: 0 : 11788, 4, 2023/02/06, 11:46:22.568, 104554716227, vstest.console.dll, MulticastDelegateUtilities.SafeInvoke: InternalTestLoggerEvents.SendTestResult: Invoking callback 1/1 for Microsoft.VisualStudio.TestPlatform.CommandLine.Internal.ConsoleLogger., took 5 ms.
TpTrace Verbose: 0 : 11788, 4, 2023/02/06, 11:46:22.568, 104554720793, vstest.console.dll, MulticastDelegateUtilities.SafeInvoke: InternalTestLoggerEvents.SendTestResult: Invoking callback 1/1 for Microsoft.VisualStudio.TestPlatform.CommandLine.Internal.ConsoleLogger., took 0 ms.
TpTrace Verbose: 0 : 11788, 4, 2023/02/06, 11:46:22.568, 104554721978, vstest.console.dll, MulticastDelegateUtilities.SafeInvoke: InternalTestLoggerEvents.SendTestResult: Invoking callback 1/1 for Microsoft.VisualStudio.TestPlatform.CommandLine.Internal.ConsoleLogger., took 0 ms.
TpTrace Verbose: 0 : 11788, 4, 2023/02/06, 11:46:22.568, 104554722680, vstest.console.dll, MulticastDelegateUtilities.SafeInvoke: InternalTestLoggerEvents.SendTestResult: Invoking callback 1/1 for Microsoft.VisualStudio.TestPlatform.CommandLine.Internal.ConsoleLogger., took 0 ms.
TpTrace Verbose: 0 : 11788, 4, 2023/02/06, 11:46:22.568, 104554723359, vstest.console.dll, MulticastDelegateUtilities.SafeInvoke: InternalTestLoggerEvents.SendTestResult: Invoking callback 1/1 for Microsoft.VisualStudio.TestPlatform.CommandLine.Internal.ConsoleLogger., took 0 ms.
TpTrace Verbose: 0 : 11788, 4, 2023/02/06, 11:46:22.568, 104554723929, vstest.console.dll, MulticastDelegateUtilities.SafeInvoke: InternalTestLoggerEvents.SendTestResult: Invoking callback 1/1 for Microsoft.VisualStudio.TestPlatform.CommandLine.Internal.ConsoleLogger., took 0 ms.
TpTrace Verbose: 0 : 11788, 4, 2023/02/06, 11:46:22.568, 104554724470, vstest.console.dll, MulticastDelegateUtilities.SafeInvoke: InternalTestLoggerEvents.SendTestResult: Invoking callback 1/1 for Microsoft.VisualStudio.TestPlatform.CommandLine.Internal.ConsoleLogger., took 0 ms.
TpTrace Verbose: 0 : 11788, 4, 2023/02/06, 11:46:22.568, 104554725076, vstest.console.dll, MulticastDelegateUtilities.SafeInvoke: InternalTestLoggerEvents.SendTestResult: Invoking callback 1/1 for Microsoft.VisualStudio.TestPlatform.CommandLine.Internal.ConsoleLogger., took 0 ms.
TpTrace Verbose: 0 : 11788, 4, 2023/02/06, 11:46:22.568, 104554725653, vstest.console.dll, MulticastDelegateUtilities.SafeInvoke: InternalTestLoggerEvents.SendTestResult: Invoking callback 1/1 for Microsoft.VisualStudio.TestPlatform.CommandLine.Internal.ConsoleLogger., took 0 ms.
TpTrace Verbose: 0 : 11788, 4, 2023/02/06, 11:46:22.569, 104554726093, vstest.console.dll, MulticastDelegateUtilities.SafeInvoke: InternalTestLoggerEvents.SendTestRunMessage: Invoking callback 1/1 for Microsoft.VisualStudio.TestPlatform.CommandLine.Internal.ConsoleLogger., took 0 ms.
TpTrace Warning: 0 : 11788, 10, 2023/02/06, 11:46:22.581, 104554852166, vstest.console.dll, TestHostManagerCallbacks.ErrorReceivedCallback Test host standard error line: 
TpTrace Verbose: 0 : 11788, 10, 2023/02/06, 11:46:22.597, 104555015437, vstest.console.dll, TestHostProvider.ExitCallBack: Host exited starting callback.
TpTrace Information: 0 : 11788, 10, 2023/02/06, 11:46:22.598, 104555017543, vstest.console.dll, TestHostManagerCallbacks.ExitCallBack: Testhost processId: 1320 exited with exitcode: 0 error: ''
TpTrace Verbose: 0 : 11788, 10, 2023/02/06, 11:46:22.598, 104555018140, vstest.console.dll, DotnetTestHostManager.OnHostExited: invoking OnHostExited callback
TpTrace Verbose: 0 : 11788, 10, 2023/02/06, 11:46:22.598, 104555018855, vstest.console.dll, CrossPlatEngine.TestHostManagerHostExited: calling on client process exit callback.
TpTrace Information: 0 : 11788, 10, 2023/02/06, 11:46:22.598, 104555019554, vstest.console.dll, TestRequestSender.OnClientProcessExit: Test host process exited. Standard error: 
TpTrace Information: 0 : 11788, 10, 2023/02/06, 11:46:22.598, 104555020403, vstest.console.dll, SocketServer.Stop: Stop server endPoint: 127.0.0.1:58072
TpTrace Information: 0 : 11788, 11, 2023/02/06, 11:46:22.598, 104555020405, vstest.console.dll, SocketServer.Stop: Stop server endPoint: 127.0.0.1:58072
TpTrace Information: 0 : 11788, 10, 2023/02/06, 11:46:22.598, 104555021028, vstest.console.dll, SocketServer.Stop: Cancellation requested. Stopping message loop.
TpTrace Information: 0 : 11788, 11, 2023/02/06, 11:46:22.598, 104555021696, vstest.console.dll, SocketServer.Stop: Cancellation requested. Stopping message loop.
TpTrace Verbose: 0 : 11788, 10, 2023/02/06, 11:46:22.598, 104555022958, vstest.console.dll, MulticastDelegateUtilities.SafeInvoke: HostProviderEvents.OnHostExited: Invoking callback 1/1 for Microsoft.VisualStudio.TestPlatform.CrossPlatEngine.Client.ProxyOperationManager., took 0 ms.
TpTrace Information: 0 : 11788, 11, 2023/02/06, 11:46:22.598, 104555023159, vstest.console.dll, Closing the connection
TpTrace Verbose: 0 : 11788, 11, 2023/02/06, 11:46:22.599, 104555026748, vstest.console.dll, ProxyDataCollectionManager.InvokeDataCollectionServiceAction: Starting.
TpTrace Information: 0 : 11788, 11, 2023/02/06, 11:46:22.599, 104555027406, vstest.console.dll, ProxyDataCollectionManager.AfterTestRunEnd: Get attachment set and invoked data collectors processId: 9556 port: 58069
TpTrace Verbose: 0 : 11788, 11, 2023/02/06, 11:46:22.599, 104555028083, vstest.console.dll, DataCollectionRequestSender.SendAfterTestRunStartAndGetResult: Send AfterTestRunEnd message with isCancelled: False
TpTrace Verbose: 0 : 11788, 11, 2023/02/06, 11:46:22.611, 104555153406, vstest.console.dll, DataCollectionRequestSender.SendAfterTestRunStartAndGetResult: Received message: (DataCollection.AfterTestRunEndResult) -> {"MessageType":"DataCollection.AfterTestRunEndResult","Payload":{"AttachmentSets":[],"InvokedDataCollectors":[{"Uri":"datacollector://Microsoft/TestPlatform/Extensions/Blame/v1","FriendlyName":"Blame","AssemblyQualifiedName":"Microsoft.TestPlatform.Extensions.BlameDataCollector.BlameCollector, Microsoft.TestPlatform.Extensions.BlameDataCollector, Version=15.0.0.0, Culture=neutral, PublicKeyToken=b03f5f7f11d50a3a","FilePath":"C:\\Program Files\\dotnet\\sdk\\7.0.100\\Extensions\\Microsoft.TestPlatform.Extensions.BlameDataCollector.dll","HasAttachmentProcessor":false}],"Metrics":{}}}
TpTrace Warning: 0 : 11788, 9, 2023/02/06, 11:46:22.617, 104555210453, vstest.console.dll, DataCollectionLauncher.ErrorReceivedCallback datacollector standard error line: 
TpTrace Information: 0 : 11788, 11, 2023/02/06, 11:46:22.621, 104555252834, vstest.console.dll, ProxyDataCollectionManager.InvokeDataCollectionServiceAction: Completed.
TpTrace Information: 0 : 11788, 9, 2023/02/06, 11:46:22.638, 104555422868, vstest.console.dll, DataCollectionLauncher.ExitCallBack: Data collector exited with exitcode: 0 error: ''
TpTrace Verbose: 0 : 11788, 11, 2023/02/06, 11:46:22.691, 104555955585, vstest.console.dll, TestRunRequest:SendTestRunStatsChange: Starting.
TpTrace Verbose: 0 : 11788, 11, 2023/02/06, 11:46:22.692, 104555958523, vstest.console.dll, MulticastDelegateUtilities.SafeInvoke: TestRun.RunStatsChanged: Invoking callbacks was skipped because there are no subscribers.
TpTrace Verbose: 0 : 11788, 4, 2023/02/06, 11:46:22.692, 104555958654, vstest.console.dll, MulticastDelegateUtilities.SafeInvoke: InternalTestLoggerEvents.SendTestResult: Invoking callback 1/1 for Microsoft.VisualStudio.TestPlatform.CommandLine.Internal.ConsoleLogger., took 0 ms.
TpTrace Information: 0 : 11788, 11, 2023/02/06, 11:46:22.692, 104555959468, vstest.console.dll, TestRunRequest:SendTestRunStatsChange: Completed.
TpTrace Verbose: 0 : 11788, 4, 2023/02/06, 11:46:22.692, 104555960780, vstest.console.dll, MulticastDelegateUtilities.SafeInvoke: InternalTestLoggerEvents.SendTestResult: Invoking callback 1/1 for Microsoft.VisualStudio.TestPlatform.CommandLine.Internal.ConsoleLogger., took 0 ms.
TpTrace Verbose: 0 : 11788, 4, 2023/02/06, 11:46:22.692, 104555961625, vstest.console.dll, MulticastDelegateUtilities.SafeInvoke: InternalTestLoggerEvents.SendTestResult: Invoking callback 1/1 for Microsoft.VisualStudio.TestPlatform.CommandLine.Internal.ConsoleLogger., took 0 ms.
TpTrace Verbose: 0 : 11788, 4, 2023/02/06, 11:46:22.692, 104555962429, vstest.console.dll, MulticastDelegateUtilities.SafeInvoke: InternalTestLoggerEvents.SendTestResult: Invoking callback 1/1 for Microsoft.VisualStudio.TestPlatform.CommandLine.Internal.ConsoleLogger., took 0 ms.
TpTrace Verbose: 0 : 11788, 11, 2023/02/06, 11:46:22.693, 104555966233, vstest.console.dll, ParallelProxyExecutionManager: HandlePartialRunComplete: Total completed clients = 1, Run complete = True, Run canceled: False.
TpTrace Verbose: 0 : 11788, 4, 2023/02/06, 11:46:22.716, 104556200350, vstest.console.dll, MulticastDelegateUtilities.SafeInvoke: InternalTestLoggerEvents.SendTestRunComplete: Invoking callback 1/2 for Microsoft.TestPlatform.Extensions.BlameDataCollector.BlameLogger., took 0 ms.
TpTrace Verbose: 0 : 11788, 4, 2023/02/06, 11:46:22.726, 104556297401, vstest.console.dll, MulticastDelegateUtilities.SafeInvoke: InternalTestLoggerEvents.SendTestRunComplete: Invoking callback 2/2 for Microsoft.VisualStudio.TestPlatform.CommandLine.Internal.ConsoleLogger., took 9 ms.
TpTrace Verbose: 0 : 11788, 11, 2023/02/06, 11:46:22.726, 104556302964, vstest.console.dll, TestRunRequest:TestRunComplete: Starting. IsAborted:False IsCanceled:False.
TpTrace Verbose: 0 : 11788, 11, 2023/02/06, 11:46:22.729, 104556326686, vstest.console.dll, TestLoggerManager.HandleTestRunComplete: Ignoring as the object is disposed.
TpTrace Verbose: 0 : 11788, 11, 2023/02/06, 11:46:22.729, 104556331053, vstest.console.dll, MulticastDelegateUtilities.SafeInvoke: TestRun.TestRunComplete: Invoking callback 1/2 for Microsoft.VisualStudio.TestPlatform.CommandLine.TestRunResultAggregator., took 0 ms.
TpTrace Verbose: 0 : 11788, 11, 2023/02/06, 11:46:22.729, 104556334009, vstest.console.dll, MulticastDelegateUtilities.SafeInvoke: TestRun.TestRunComplete: Invoking callback 2/2 for Microsoft.VisualStudio.TestPlatform.CommandLine.Processors.RunTestsArgumentExecutor+TestRunRequestEventsRegistrar., took 0 ms.
TpTrace Information: 0 : 11788, 11, 2023/02/06, 11:46:22.729, 104556335674, vstest.console.dll, TestRunRequest:TestRunComplete: Completed.
TpTrace Verbose: 0 : 11788, 11, 2023/02/06, 11:46:22.730, 104556336498, vstest.console.dll, TestRequestSender.SetOperationComplete: Setting operation complete.
TpTrace Verbose: 0 : 11788, 1, 2023/02/06, 11:46:22.730, 104556336473, vstest.console.dll, TestRunRequest.Dispose: Starting.
TpTrace Information: 0 : 11788, 11, 2023/02/06, 11:46:22.730, 104556337646, vstest.console.dll, SocketServer.Stop: Stop server endPoint: 127.0.0.1:58072
TpTrace Information: 0 : 11788, 1, 2023/02/06, 11:46:22.730, 104556337898, vstest.console.dll, TestRunRequest.Dispose: Completed.
TpTrace Information: 0 : 11788, 11, 2023/02/06, 11:46:22.730, 104556338456, vstest.console.dll, SocketServer.Stop: Cancellation requested. Stopping message loop.
TpTrace Information: 0 : 11788, 1, 2023/02/06, 11:46:22.730, 104556338584, vstest.console.dll, TestRequestManager.RunTests: run tests completed.
TpTrace Verbose: 0 : 11788, 11, 2023/02/06, 11:46:22.730, 104556339282, vstest.console.dll, MulticastDelegateUtilities.SafeInvoke: LengthPrefixCommunicationChannel: MessageReceived: Invoking callback 1/1 for Microsoft.VisualStudio.TestPlatform.CommunicationUtilities.TestRequestSender+<>c__DisplayClass31_0., took 167 ms.
TpTrace Information: 0 : 11788, 11, 2023/02/06, 11:46:22.730, 104556340441, vstest.console.dll, SocketServer.PrivateStop: Stopping server endPoint: 127.0.0.1:58072 error: 
TpTrace Information: 0 : 11788, 1, 2023/02/06, 11:46:22.730, 104556340730, vstest.console.dll, RunTestsArgumentProcessor:Execute: Test run is completed.
TpTrace Verbose: 0 : 11788, 1, 2023/02/06, 11:46:22.730, 104556343326, vstest.console.dll, Executor.Execute: Exiting with exit code of 0
TpTrace Verbose: 0 : 11788, 11, 2023/02/06, 11:46:22.731, 104556347031, vstest.console.dll, LengthPrefixCommunicationChannel.Dispose: Dispose reader and writer.
TpTrace Information: 0 : 11788, 11, 2023/02/06, 11:46:22.731, 104556348292, vstest.console.dll, SocketServer.Stop: Raise disconnected event endPoint: 127.0.0.1:58072 error: 
TpTrace Verbose: 0 : 11788, 11, 2023/02/06, 11:46:22.731, 104556349626, vstest.console.dll, TestRequestSender: OnTestRunAbort: Operation is already complete. Skip error message.
