<?xml version="1.0" encoding="utf-8"?>
<!DOCTYPE coverage SYSTEM "http://cobertura.sourceforge.net/xml/coverage-04.dtd">
<coverage line-rate="0.802173913043478" branch-rate="0.95" lines-covered="369" lines-valid="460" branches-covered="38" branches-valid="40" complexity="79" version="0" timestamp="1674475785">
  <sources>
    <source>D:\SOFTUNI\SoftuniSvetlina-Courses\C#\OOP-Advanced\02.Unit-Testing\</source>
    <source>C:\</source>
  </sources>
  <packages>
    <package name="Collections" line-rate="0.596412556053812" branch-rate="0.933333333333333" complexity="45">
      <classes>
        <class name="Collections.CircularQueue`1" filename="D:\SOFTUNI\SoftuniSvetlina-Courses\C#\OOP-Advanced\02.Unit-Testing\Collections\CircularQueue.cs" line-rate="1" branch-rate="1" complexity="16">
          <methods>
            <method name="get_Count" signature="()" line-rate="1" branch-rate="1" complexity="1">
              <lines>
                <line number="9" hits="106873918" branch="false" />
              </lines>
            </method>
            <method name="get_Capacity" signature="()" line-rate="1" branch-rate="1" complexity="1">
              <lines>
                <line number="10" hits="308" branch="false" />
              </lines>
            </method>
            <method name="get_StartIndex" signature="()" line-rate="1" branch-rate="1" complexity="1">
              <lines>
                <line number="11" hits="30001891" branch="false" />
              </lines>
            </method>
            <method name="get_EndIndex" signature="()" line-rate="1" branch-rate="1" complexity="1">
              <lines>
                <line number="12" hits="60001916" branch="false" />
              </lines>
            </method>
            <method name="Enqueue" signature="(...)" line-rate="1" branch-rate="1" complexity="2">
              <lines>
                <line number="24" hits="20000624" branch="false" />
                <line number="25" hits="20000624" branch="true" condition-coverage="100% (2/2)" />
                <line number="26" hits="30" branch="false" />
                <line number="27" hits="20000624" branch="false" />
                <line number="28" hits="20000624" branch="false" />
                <line number="29" hits="20000624" branch="false" />
                <line number="30" hits="20000624" branch="false" />
              </lines>
            </method>
            <method name="Grow" signature="()" line-rate="1" branch-rate="1" complexity="1">
              <lines>
                <line number="33" hits="30" branch="false" />
                <line number="34" hits="30" branch="false" />
                <line number="35" hits="30" branch="false" />
                <line number="36" hits="30" branch="false" />
                <line number="37" hits="30" branch="false" />
                <line number="38" hits="30" branch="false" />
                <line number="39" hits="30" branch="false" />
              </lines>
            </method>
            <method name="CopyAllElementsTo" signature="(...)" line-rate="1" branch-rate="1" complexity="2">
              <lines>
                <line number="42" hits="638" branch="false" />
                <line number="43" hits="638" branch="false" />
                <line number="44" hits="33737370" branch="true" condition-coverage="100% (2/2)" />
                <line number="45" hits="16868047" branch="false" />
                <line number="46" hits="16868047" branch="false" />
                <line number="47" hits="16868047" branch="false" />
                <line number="48" hits="16868047" branch="false" />
                <line number="49" hits="638" branch="false" />
              </lines>
            </method>
            <method name="Dequeue" signature="()" line-rate="1" branch-rate="1" complexity="2">
              <lines>
                <line number="52" hits="10000304" branch="false" />
                <line number="53" hits="10000304" branch="true" condition-coverage="100% (2/2)" />
                <line number="54" hits="1" branch="false" />
                <line number="56" hits="10000303" branch="false" />
                <line number="57" hits="10000303" branch="false" />
                <line number="58" hits="10000303" branch="false" />
                <line number="59" hits="10000303" branch="false" />
                <line number="60" hits="10000303" branch="false" />
              </lines>
            </method>
            <method name="Peek" signature="()" line-rate="1" branch-rate="1" complexity="2">
              <lines>
                <line number="63" hits="301" branch="false" />
                <line number="64" hits="301" branch="true" condition-coverage="100% (2/2)" />
                <line number="65" hits="1" branch="false" />
                <line number="67" hits="300" branch="false" />
                <line number="68" hits="300" branch="false" />
                <line number="69" hits="300" branch="false" />
              </lines>
            </method>
            <method name="ToArray" signature="()" line-rate="1" branch-rate="1" complexity="1">
              <lines>
                <line number="72" hits="608" branch="false" />
                <line number="73" hits="608" branch="false" />
                <line number="74" hits="608" branch="false" />
                <line number="75" hits="608" branch="false" />
                <line number="76" hits="608" branch="false" />
              </lines>
            </method>
            <method name="ToString" signature="()" line-rate="1" branch-rate="1" complexity="1">
              <lines>
                <line number="79" hits="307" branch="false" />
                <line number="80" hits="307" branch="false" />
                <line number="81" hits="307" branch="false" />
              </lines>
            </method>
            <method name=".ctor" signature="(...)" line-rate="1" branch-rate="1" complexity="1">
              <lines>
                <line number="16" hits="11" branch="false" />
                <line number="17" hits="11" branch="false" />
                <line number="18" hits="11" branch="false" />
                <line number="19" hits="11" branch="false" />
                <line number="20" hits="11" branch="false" />
                <line number="21" hits="11" branch="false" />
              </lines>
            </method>
          </methods>
          <lines>
            <line number="9" hits="106873918" branch="false" />
            <line number="10" hits="308" branch="false" />
            <line number="11" hits="30001891" branch="false" />
            <line number="12" hits="60001916" branch="false" />
            <line number="16" hits="11" branch="false" />
            <line number="17" hits="11" branch="false" />
            <line number="18" hits="11" branch="false" />
            <line number="19" hits="11" branch="false" />
            <line number="20" hits="11" branch="false" />
            <line number="21" hits="11" branch="false" />
            <line number="24" hits="20000624" branch="false" />
            <line number="25" hits="20000624" branch="true" condition-coverage="100% (2/2)" />
            <line number="26" hits="30" branch="false" />
            <line number="27" hits="20000624" branch="false" />
            <line number="28" hits="20000624" branch="false" />
            <line number="29" hits="20000624" branch="false" />
            <line number="30" hits="20000624" branch="false" />
            <line number="33" hits="30" branch="false" />
            <line number="34" hits="30" branch="false" />
            <line number="35" hits="30" branch="false" />
            <line number="36" hits="30" branch="false" />
            <line number="37" hits="30" branch="false" />
            <line number="38" hits="30" branch="false" />
            <line number="39" hits="30" branch="false" />
            <line number="42" hits="638" branch="false" />
            <line number="43" hits="638" branch="false" />
            <line number="44" hits="33737370" branch="true" condition-coverage="100% (2/2)" />
            <line number="45" hits="16868047" branch="false" />
            <line number="46" hits="16868047" branch="false" />
            <line number="47" hits="16868047" branch="false" />
            <line number="48" hits="16868047" branch="false" />
            <line number="49" hits="638" branch="false" />
            <line number="52" hits="10000304" branch="false" />
            <line number="53" hits="10000304" branch="true" condition-coverage="100% (2/2)" />
            <line number="54" hits="1" branch="false" />
            <line number="56" hits="10000303" branch="false" />
            <line number="57" hits="10000303" branch="false" />
            <line number="58" hits="10000303" branch="false" />
            <line number="59" hits="10000303" branch="false" />
            <line number="60" hits="10000303" branch="false" />
            <line number="63" hits="301" branch="false" />
            <line number="64" hits="301" branch="true" condition-coverage="100% (2/2)" />
            <line number="65" hits="1" branch="false" />
            <line number="67" hits="300" branch="false" />
            <line number="68" hits="300" branch="false" />
            <line number="69" hits="300" branch="false" />
            <line number="72" hits="608" branch="false" />
            <line number="73" hits="608" branch="false" />
            <line number="74" hits="608" branch="false" />
            <line number="75" hits="608" branch="false" />
            <line number="76" hits="608" branch="false" />
            <line number="79" hits="307" branch="false" />
            <line number="80" hits="307" branch="false" />
            <line number="81" hits="307" branch="false" />
          </lines>
        </class>
        <class name="Collections.Collection`1" filename="D:\SOFTUNI\SoftuniSvetlina-Courses\C#\OOP-Advanced\02.Unit-Testing\Collections\Collection.cs" line-rate="1" branch-rate="1" complexity="27">
          <methods>
            <method name="get_Capacity" signature="()" line-rate="1" branch-rate="1" complexity="1">
              <lines>
                <line number="10" hits="50" branch="false" />
              </lines>
            </method>
            <method name="get_Count" signature="()" line-rate="1" branch-rate="1" complexity="1">
              <lines>
                <line number="11" hits="289" branch="false" />
              </lines>
            </method>
            <method name="Add" signature="(...)" line-rate="1" branch-rate="1" complexity="1">
              <lines>
                <line number="23" hits="43" branch="false" />
                <line number="24" hits="43" branch="false" />
                <line number="25" hits="43" branch="false" />
                <line number="26" hits="43" branch="false" />
                <line number="27" hits="43" branch="false" />
              </lines>
            </method>
            <method name="AddRange" signature="(...)" line-rate="1" branch-rate="1" complexity="2">
              <lines>
                <line number="30" hits="3" branch="false" />
                <line number="31" hits="55" branch="true" condition-coverage="100% (2/2)" />
                <line number="32" hits="23" branch="false" />
                <line number="33" hits="3" branch="false" />
              </lines>
            </method>
            <method name="EnsureCapacity" signature="()" line-rate="1" branch-rate="1" complexity="4">
              <lines>
                <line number="36" hits="45" branch="false" />
                <line number="37" hits="45" branch="true" condition-coverage="100% (2/2)" />
                <line number="38" hits="2" branch="false" />
                <line number="40" hits="2" branch="false" />
                <line number="41" hits="2" branch="false" />
                <line number="42" hits="68" branch="true" condition-coverage="100% (2/2)" />
                <line number="43" hits="32" branch="false" />
                <line number="44" hits="2" branch="false" />
                <line number="45" hits="45" branch="false" />
              </lines>
            </method>
            <method name="get_Item" signature="(...)" line-rate="1" branch-rate="1" complexity="1">
              <lines>
                <line number="50" hits="18" branch="false" />
                <line number="51" hits="18" branch="false" />
                <line number="52" hits="18" branch="false" />
                <line number="53" hits="18" branch="false" />
              </lines>
            </method>
            <method name="set_Item" signature="(...)" line-rate="1" branch-rate="1" complexity="1">
              <lines>
                <line number="55" hits="1" branch="false" />
                <line number="56" hits="1" branch="false" />
                <line number="57" hits="1" branch="false" />
                <line number="58" hits="1" branch="false" />
              </lines>
            </method>
            <method name="InsertAt" signature="(...)" line-rate="1" branch-rate="1" complexity="2">
              <lines>
                <line number="62" hits="3" branch="false" />
                <line number="63" hits="3" branch="false" />
                <line number="64" hits="2" branch="false" />
                <line number="65" hits="14" branch="true" condition-coverage="100% (2/2)" />
                <line number="66" hits="5" branch="false" />
                <line number="67" hits="2" branch="false" />
                <line number="68" hits="2" branch="false" />
                <line number="69" hits="2" branch="false" />
              </lines>
            </method>
            <method name="CheckRange" signature="(...)" line-rate="1" branch-rate="1" complexity="4">
              <lines>
                <line number="72" hits="26" branch="false" />
                <line number="73" hits="26" branch="true" condition-coverage="100% (4/4)" />
                <line number="74" hits="1" branch="false" />
                <line number="75" hits="1" branch="false" />
                <line number="76" hits="1" branch="false" />
                <line number="78" hits="25" branch="false" />
              </lines>
            </method>
            <method name="Exchange" signature="(...)" line-rate="1" branch-rate="1" complexity="1">
              <lines>
                <line number="81" hits="1" branch="false" />
                <line number="82" hits="1" branch="false" />
                <line number="83" hits="1" branch="false" />
                <line number="84" hits="1" branch="false" />
                <line number="85" hits="1" branch="false" />
                <line number="86" hits="1" branch="false" />
                <line number="87" hits="1" branch="false" />
              </lines>
            </method>
            <method name="RemoveAt" signature="(...)" line-rate="1" branch-rate="1" complexity="2">
              <lines>
                <line number="90" hits="2" branch="false" />
                <line number="91" hits="2" branch="false" />
                <line number="92" hits="2" branch="false" />
                <line number="93" hits="12" branch="true" condition-coverage="100% (2/2)" />
                <line number="94" hits="4" branch="false" />
                <line number="95" hits="2" branch="false" />
                <line number="96" hits="2" branch="false" />
                <line number="97" hits="2" branch="false" />
              </lines>
            </method>
            <method name="Clear" signature="()" line-rate="1" branch-rate="1" complexity="1">
              <lines>
                <line number="100" hits="1" branch="false" />
                <line number="101" hits="1" branch="false" />
                <line number="102" hits="1" branch="false" />
              </lines>
            </method>
            <method name="ToString" signature="()" line-rate="1" branch-rate="1" complexity="4">
              <lines>
                <line number="105" hits="1" branch="false" />
                <line number="106" hits="1" branch="false" />
                <line number="107" hits="12" branch="true" condition-coverage="100% (2/2)" />
                <line number="108" hits="5" branch="false" />
                <line number="109" hits="5" branch="true" condition-coverage="100% (2/2)" />
                <line number="110" hits="4" branch="false" />
                <line number="111" hits="5" branch="false" />
                <line number="112" hits="5" branch="false" />
                <line number="113" hits="1" branch="false" />
                <line number="114" hits="1" branch="false" />
                <line number="115" hits="1" branch="false" />
              </lines>
            </method>
            <method name=".ctor" signature="(...)" line-rate="1" branch-rate="1" complexity="2">
              <lines>
                <line number="13" hits="16" branch="false" />
                <line number="14" hits="16" branch="false" />
                <line number="15" hits="16" branch="false" />
                <line number="16" hits="16" branch="false" />
                <line number="17" hits="130" branch="true" condition-coverage="100% (2/2)" />
                <line number="18" hits="49" branch="false" />
                <line number="19" hits="16" branch="false" />
                <line number="20" hits="16" branch="false" />
              </lines>
            </method>
          </methods>
          <lines>
            <line number="10" hits="50" branch="false" />
            <line number="11" hits="289" branch="false" />
            <line number="13" hits="16" branch="false" />
            <line number="14" hits="16" branch="false" />
            <line number="15" hits="16" branch="false" />
            <line number="16" hits="16" branch="false" />
            <line number="17" hits="130" branch="true" condition-coverage="100% (2/2)" />
            <line number="18" hits="49" branch="false" />
            <line number="19" hits="16" branch="false" />
            <line number="20" hits="16" branch="false" />
            <line number="23" hits="43" branch="false" />
            <line number="24" hits="43" branch="false" />
            <line number="25" hits="43" branch="false" />
            <line number="26" hits="43" branch="false" />
            <line number="27" hits="43" branch="false" />
            <line number="30" hits="3" branch="false" />
            <line number="31" hits="55" branch="true" condition-coverage="100% (2/2)" />
            <line number="32" hits="23" branch="false" />
            <line number="33" hits="3" branch="false" />
            <line number="36" hits="45" branch="false" />
            <line number="37" hits="45" branch="true" condition-coverage="100% (2/2)" />
            <line number="38" hits="2" branch="false" />
            <line number="40" hits="2" branch="false" />
            <line number="41" hits="2" branch="false" />
            <line number="42" hits="68" branch="true" condition-coverage="100% (2/2)" />
            <line number="43" hits="32" branch="false" />
            <line number="44" hits="2" branch="false" />
            <line number="45" hits="45" branch="false" />
            <line number="50" hits="18" branch="false" />
            <line number="51" hits="18" branch="false" />
            <line number="52" hits="18" branch="false" />
            <line number="53" hits="18" branch="false" />
            <line number="55" hits="1" branch="false" />
            <line number="56" hits="1" branch="false" />
            <line number="57" hits="1" branch="false" />
            <line number="58" hits="1" branch="false" />
            <line number="62" hits="3" branch="false" />
            <line number="63" hits="3" branch="false" />
            <line number="64" hits="2" branch="false" />
            <line number="65" hits="14" branch="true" condition-coverage="100% (2/2)" />
            <line number="66" hits="5" branch="false" />
            <line number="67" hits="2" branch="false" />
            <line number="68" hits="2" branch="false" />
            <line number="69" hits="2" branch="false" />
            <line number="72" hits="26" branch="false" />
            <line number="73" hits="26" branch="true" condition-coverage="100% (4/4)" />
            <line number="74" hits="1" branch="false" />
            <line number="75" hits="1" branch="false" />
            <line number="76" hits="1" branch="false" />
            <line number="78" hits="25" branch="false" />
            <line number="81" hits="1" branch="false" />
            <line number="82" hits="1" branch="false" />
            <line number="83" hits="1" branch="false" />
            <line number="84" hits="1" branch="false" />
            <line number="85" hits="1" branch="false" />
            <line number="86" hits="1" branch="false" />
            <line number="87" hits="1" branch="false" />
            <line number="90" hits="2" branch="false" />
            <line number="91" hits="2" branch="false" />
            <line number="92" hits="2" branch="false" />
            <line number="93" hits="12" branch="true" condition-coverage="100% (2/2)" />
            <line number="94" hits="4" branch="false" />
            <line number="95" hits="2" branch="false" />
            <line number="96" hits="2" branch="false" />
            <line number="97" hits="2" branch="false" />
            <line number="100" hits="1" branch="false" />
            <line number="101" hits="1" branch="false" />
            <line number="102" hits="1" branch="false" />
            <line number="105" hits="1" branch="false" />
            <line number="106" hits="1" branch="false" />
            <line number="107" hits="12" branch="true" condition-coverage="100% (2/2)" />
            <line number="108" hits="5" branch="false" />
            <line number="109" hits="5" branch="true" condition-coverage="100% (2/2)" />
            <line number="110" hits="4" branch="false" />
            <line number="111" hits="5" branch="false" />
            <line number="112" hits="5" branch="false" />
            <line number="113" hits="1" branch="false" />
            <line number="114" hits="1" branch="false" />
            <line number="115" hits="1" branch="false" />
          </lines>
        </class>
        <class name="Collections.CollectionsExamples" filename="D:\SOFTUNI\SoftuniSvetlina-Courses\C#\OOP-Advanced\02.Unit-Testing\Collections\CollectionsExamples.cs" line-rate="0" branch-rate="0" complexity="2">
          <methods>
            <method name="Main" signature="()" line-rate="0" branch-rate="0" complexity="2">
              <lines>
                <line number="8" hits="0" branch="false" />
                <line number="9" hits="0" branch="false" />
                <line number="10" hits="0" branch="false" />
                <line number="11" hits="0" branch="false" />
                <line number="13" hits="0" branch="false" />
                <line number="14" hits="0" branch="false" />
                <line number="15" hits="0" branch="false" />
                <line number="17" hits="0" branch="false" />
                <line number="18" hits="0" branch="false" />
                <line number="19" hits="0" branch="false" />
                <line number="21" hits="0" branch="false" />
                <line number="22" hits="0" branch="false" />
                <line number="23" hits="0" branch="false" />
                <line number="24" hits="0" branch="false" />
                <line number="25" hits="0" branch="false" />
                <line number="26" hits="0" branch="false" />
                <line number="27" hits="0" branch="false" />
                <line number="29" hits="0" branch="false" />
                <line number="30" hits="0" branch="false" />
                <line number="31" hits="0" branch="false" />
                <line number="32" hits="0" branch="false" />
                <line number="34" hits="0" branch="false" />
                <line number="35" hits="0" branch="false" />
                <line number="36" hits="0" branch="false" />
                <line number="37" hits="0" branch="false" />
                <line number="38" hits="0" branch="false" />
                <line number="39" hits="0" branch="false" />
                <line number="40" hits="0" branch="false" />
                <line number="42" hits="0" branch="false" />
                <line number="43" hits="0" branch="false" />
                <line number="44" hits="0" branch="false" />
                <line number="45" hits="0" branch="false" />
                <line number="47" hits="0" branch="false" />
                <line number="48" hits="0" branch="false" />
                <line number="49" hits="0" branch="false" />
                <line number="50" hits="0" branch="false" />
                <line number="52" hits="0" branch="false" />
                <line number="53" hits="0" branch="false" />
                <line number="54" hits="0" branch="false" />
                <line number="55" hits="0" branch="false" />
                <line number="56" hits="0" branch="false" />
                <line number="57" hits="0" branch="false" />
                <line number="59" hits="0" branch="false" />
                <line number="60" hits="0" branch="false" />
                <line number="61" hits="0" branch="false" />
                <line number="62" hits="0" branch="false" />
                <line number="64" hits="0" branch="false" />
                <line number="65" hits="0" branch="false" />
                <line number="66" hits="0" branch="false" />
                <line number="67" hits="0" branch="false" />
                <line number="69" hits="0" branch="false" />
                <line number="70" hits="0" branch="false" />
                <line number="71" hits="0" branch="false" />
                <line number="72" hits="0" branch="false" />
                <line number="74" hits="0" branch="false" />
                <line number="75" hits="0" branch="false" />
                <line number="76" hits="0" branch="false" />
                <line number="77" hits="0" branch="false" />
                <line number="79" hits="0" branch="false" />
                <line number="80" hits="0" branch="false" />
                <line number="81" hits="0" branch="false" />
                <line number="82" hits="0" branch="false" />
                <line number="83" hits="0" branch="false" />
                <line number="85" hits="0" branch="false" />
                <line number="86" hits="0" branch="false" />
                <line number="87" hits="0" branch="false" />
                <line number="89" hits="0" branch="false" />
                <line number="90" hits="0" branch="false" />
                <line number="91" hits="0" branch="false" />
                <line number="92" hits="0" branch="false" />
                <line number="94" hits="0" branch="false" />
                <line number="95" hits="0" branch="false" />
                <line number="96" hits="0" branch="false" />
                <line number="97" hits="0" branch="false" />
                <line number="99" hits="0" branch="false" />
                <line number="100" hits="0" branch="false" />
                <line number="101" hits="0" branch="false" />
                <line number="102" hits="0" branch="false" />
                <line number="104" hits="0" branch="true" condition-coverage="0% (0/2)" />
                <line number="105" hits="0" branch="false" />
                <line number="106" hits="0" branch="false" />
                <line number="107" hits="0" branch="false" />
                <line number="108" hits="0" branch="false" />
                <line number="110" hits="0" branch="false" />
                <line number="111" hits="0" branch="false" />
                <line number="112" hits="0" branch="false" />
                <line number="113" hits="0" branch="false" />
                <line number="114" hits="0" branch="false" />
                <line number="115" hits="0" branch="false" />
                <line number="116" hits="0" branch="false" />
              </lines>
            </method>
          </methods>
          <lines>
            <line number="8" hits="0" branch="false" />
            <line number="9" hits="0" branch="false" />
            <line number="10" hits="0" branch="false" />
            <line number="11" hits="0" branch="false" />
            <line number="13" hits="0" branch="false" />
            <line number="14" hits="0" branch="false" />
            <line number="15" hits="0" branch="false" />
            <line number="17" hits="0" branch="false" />
            <line number="18" hits="0" branch="false" />
            <line number="19" hits="0" branch="false" />
            <line number="21" hits="0" branch="false" />
            <line number="22" hits="0" branch="false" />
            <line number="23" hits="0" branch="false" />
            <line number="24" hits="0" branch="false" />
            <line number="25" hits="0" branch="false" />
            <line number="26" hits="0" branch="false" />
            <line number="27" hits="0" branch="false" />
            <line number="29" hits="0" branch="false" />
            <line number="30" hits="0" branch="false" />
            <line number="31" hits="0" branch="false" />
            <line number="32" hits="0" branch="false" />
            <line number="34" hits="0" branch="false" />
            <line number="35" hits="0" branch="false" />
            <line number="36" hits="0" branch="false" />
            <line number="37" hits="0" branch="false" />
            <line number="38" hits="0" branch="false" />
            <line number="39" hits="0" branch="false" />
            <line number="40" hits="0" branch="false" />
            <line number="42" hits="0" branch="false" />
            <line number="43" hits="0" branch="false" />
            <line number="44" hits="0" branch="false" />
            <line number="45" hits="0" branch="false" />
            <line number="47" hits="0" branch="false" />
            <line number="48" hits="0" branch="false" />
            <line number="49" hits="0" branch="false" />
            <line number="50" hits="0" branch="false" />
            <line number="52" hits="0" branch="false" />
            <line number="53" hits="0" branch="false" />
            <line number="54" hits="0" branch="false" />
            <line number="55" hits="0" branch="false" />
            <line number="56" hits="0" branch="false" />
            <line number="57" hits="0" branch="false" />
            <line number="59" hits="0" branch="false" />
            <line number="60" hits="0" branch="false" />
            <line number="61" hits="0" branch="false" />
            <line number="62" hits="0" branch="false" />
            <line number="64" hits="0" branch="false" />
            <line number="65" hits="0" branch="false" />
            <line number="66" hits="0" branch="false" />
            <line number="67" hits="0" branch="false" />
            <line number="69" hits="0" branch="false" />
            <line number="70" hits="0" branch="false" />
            <line number="71" hits="0" branch="false" />
            <line number="72" hits="0" branch="false" />
            <line number="74" hits="0" branch="false" />
            <line number="75" hits="0" branch="false" />
            <line number="76" hits="0" branch="false" />
            <line number="77" hits="0" branch="false" />
            <line number="79" hits="0" branch="false" />
            <line number="80" hits="0" branch="false" />
            <line number="81" hits="0" branch="false" />
            <line number="82" hits="0" branch="false" />
            <line number="83" hits="0" branch="false" />
            <line number="85" hits="0" branch="false" />
            <line number="86" hits="0" branch="false" />
            <line number="87" hits="0" branch="false" />
            <line number="89" hits="0" branch="false" />
            <line number="90" hits="0" branch="false" />
            <line number="91" hits="0" branch="false" />
            <line number="92" hits="0" branch="false" />
            <line number="94" hits="0" branch="false" />
            <line number="95" hits="0" branch="false" />
            <line number="96" hits="0" branch="false" />
            <line number="97" hits="0" branch="false" />
            <line number="99" hits="0" branch="false" />
            <line number="100" hits="0" branch="false" />
            <line number="101" hits="0" branch="false" />
            <line number="102" hits="0" branch="false" />
            <line number="104" hits="0" branch="true" condition-coverage="0% (0/2)" />
            <line number="105" hits="0" branch="false" />
            <line number="106" hits="0" branch="false" />
            <line number="107" hits="0" branch="false" />
            <line number="108" hits="0" branch="false" />
            <line number="110" hits="0" branch="false" />
            <line number="111" hits="0" branch="false" />
            <line number="112" hits="0" branch="false" />
            <line number="113" hits="0" branch="false" />
            <line number="114" hits="0" branch="false" />
            <line number="115" hits="0" branch="false" />
            <line number="116" hits="0" branch="false" />
          </lines>
        </class>
      </classes>
    </package>
    <package name="Collections.Tests" line-rate="0.9957805907173" branch-rate="1" complexity="34">
      <classes>
        <class name="AutoGeneratedProgram" filename="C:\Users\KARDAM\.nuget\packages\microsoft.net.test.sdk\16.9.4\build\netcoreapp2.1\Microsoft.NET.Test.Sdk.Program.cs" line-rate="0" branch-rate="1" complexity="1">
          <methods>
            <method name="Main" signature="(...)" line-rate="0" branch-rate="1" complexity="1">
              <lines>
                <line number="4" hits="0" branch="false" />
              </lines>
            </method>
          </methods>
          <lines>
            <line number="4" hits="0" branch="false" />
          </lines>
        </class>
        <class name="Collections.Tests.CircularQueueTests" filename="D:\SOFTUNI\SoftuniSvetlina-Courses\C#\OOP-Advanced\02.Unit-Testing\Collections.Tests\CircularQueueTests.cs" line-rate="1" branch-rate="1" complexity="13">
          <methods>
            <method name="Test_CircularQueue_ConstructorDefault" signature="()" line-rate="1" branch-rate="1" complexity="1">
              <lines>
                <line number="14" hits="1" branch="false" />
                <line number="16" hits="1" branch="false" />
                <line number="19" hits="1" branch="false" />
                <line number="20" hits="1" branch="false" />
                <line number="21" hits="1" branch="false" />
                <line number="22" hits="1" branch="false" />
                <line number="23" hits="1" branch="false" />
                <line number="24" hits="1" branch="false" />
              </lines>
            </method>
            <method name="Test_CircularQueue_ConstructorWithCapacity" signature="()" line-rate="1" branch-rate="1" complexity="1">
              <lines>
                <line number="28" hits="1" branch="false" />
                <line number="30" hits="1" branch="false" />
                <line number="33" hits="1" branch="false" />
                <line number="34" hits="1" branch="false" />
                <line number="35" hits="1" branch="false" />
                <line number="36" hits="1" branch="false" />
                <line number="37" hits="1" branch="false" />
                <line number="38" hits="1" branch="false" />
              </lines>
            </method>
            <method name="Test_CircularQueue_Enqueue" signature="()" line-rate="1" branch-rate="1" complexity="1">
              <lines>
                <line number="42" hits="1" branch="false" />
                <line number="44" hits="1" branch="false" />
                <line number="47" hits="1" branch="false" />
                <line number="48" hits="1" branch="false" />
                <line number="49" hits="1" branch="false" />
                <line number="52" hits="1" branch="false" />
                <line number="53" hits="1" branch="false" />
                <line number="54" hits="1" branch="false" />
                <line number="55" hits="1" branch="false" />
              </lines>
            </method>
            <method name="Test_CircularQueue_EnqueueWithGrow" signature="()" line-rate="1" branch-rate="1" complexity="1">
              <lines>
                <line number="59" hits="1" branch="false" />
                <line number="61" hits="1" branch="false" />
                <line number="64" hits="1" branch="false" />
                <line number="65" hits="1" branch="false" />
                <line number="66" hits="1" branch="false" />
                <line number="67" hits="1" branch="false" />
                <line number="68" hits="1" branch="false" />
                <line number="69" hits="1" branch="false" />
                <line number="70" hits="1" branch="false" />
                <line number="71" hits="1" branch="false" />
                <line number="72" hits="1" branch="false" />
                <line number="75" hits="1" branch="false" />
                <line number="76" hits="1" branch="false" />
                <line number="77" hits="1" branch="false" />
                <line number="78" hits="1" branch="false" />
              </lines>
            </method>
            <method name="Test_CircularQueue_Dequeue" signature="()" line-rate="1" branch-rate="1" complexity="1">
              <lines>
                <line number="82" hits="1" branch="false" />
                <line number="84" hits="1" branch="false" />
                <line number="87" hits="1" branch="false" />
                <line number="88" hits="1" branch="false" />
                <line number="89" hits="1" branch="false" />
                <line number="90" hits="1" branch="false" />
                <line number="93" hits="1" branch="false" />
                <line number="94" hits="1" branch="false" />
                <line number="95" hits="1" branch="false" />
                <line number="96" hits="1" branch="false" />
              </lines>
            </method>
            <method name="Test_CircularQueue_DequeueEmpty" signature="()" line-rate="1" branch-rate="1" complexity="1">
              <lines>
                <line number="100" hits="1" branch="false" />
                <line number="102" hits="1" branch="false" />
                <line number="105" hits="1" branch="false" />
                <line number="106" hits="1" branch="false" />
                <line number="107" hits="1" branch="false" />
                <line number="108" hits="2" branch="false" />
                <line number="109" hits="1" branch="false" />
              </lines>
            </method>
            <method name="Test_CircularQueue_PeekEmpty" signature="()" line-rate="1" branch-rate="1" complexity="1">
              <lines>
                <line number="113" hits="1" branch="false" />
                <line number="115" hits="1" branch="false" />
                <line number="118" hits="2" branch="false" />
                <line number="119" hits="1" branch="false" />
              </lines>
            </method>
            <method name="Test_CircularQueue_ToArray" signature="()" line-rate="1" branch-rate="1" complexity="1">
              <lines>
                <line number="123" hits="1" branch="false" />
                <line number="125" hits="1" branch="false" />
                <line number="128" hits="1" branch="false" />
                <line number="129" hits="1" branch="false" />
                <line number="130" hits="1" branch="false" />
                <line number="131" hits="1" branch="false" />
                <line number="134" hits="1" branch="false" />
                <line number="135" hits="1" branch="false" />
              </lines>
            </method>
            <method name="Test_CircularQueue_EnqueueDequeue_WithRangeCross" signature="()" line-rate="1" branch-rate="1" complexity="1">
              <lines>
                <line number="139" hits="1" branch="false" />
                <line number="140" hits="1" branch="false" />
                <line number="141" hits="1" branch="false" />
                <line number="142" hits="1" branch="false" />
                <line number="143" hits="1" branch="false" />
                <line number="145" hits="1" branch="false" />
                <line number="146" hits="1" branch="false" />
                <line number="148" hits="1" branch="false" />
                <line number="149" hits="1" branch="false" />
                <line number="151" hits="1" branch="false" />
                <line number="152" hits="1" branch="false" />
                <line number="153" hits="1" branch="false" />
                <line number="155" hits="1" branch="false" />
                <line number="156" hits="1" branch="false" />
                <line number="157" hits="1" branch="false" />
                <line number="158" hits="1" branch="false" />
                <line number="159" hits="1" branch="false" />
              </lines>
            </method>
            <method name="Test_CircularQueue_MultipleOperations" signature="()" line-rate="1" branch-rate="1" complexity="2">
              <lines>
                <line number="163" hits="1" branch="false" />
                <line number="167" hits="1" branch="false" />
                <line number="168" hits="1" branch="false" />
                <line number="169" hits="1" branch="false" />
                <line number="170" hits="1" branch="false" />
                <line number="172" hits="602" branch="true" condition-coverage="100% (2/2)" />
                <line number="173" hits="300" branch="false" />
                <line number="174" hits="300" branch="false" />
                <line number="176" hits="300" branch="false" />
                <line number="177" hits="300" branch="false" />
                <line number="178" hits="300" branch="false" />
                <line number="180" hits="300" branch="false" />
                <line number="181" hits="300" branch="false" />
                <line number="182" hits="300" branch="false" />
                <line number="184" hits="300" branch="false" />
                <line number="185" hits="300" branch="false" />
                <line number="187" hits="300" branch="false" />
                <line number="188" hits="300" branch="false" />
                <line number="189" hits="300" branch="false" />
                <line number="190" hits="300" branch="false" />
                <line number="192" hits="300" branch="false" />
                <line number="193" hits="300" branch="false" />
                <line number="194" hits="300" branch="false" />
                <line number="196" hits="300" branch="false" />
                <line number="197" hits="300" branch="false" />
                <line number="199" hits="300" branch="false" />
                <line number="200" hits="300" branch="false" />
                <line number="202" hits="300" branch="false" />
                <line number="203" hits="300" branch="false" />
                <line number="205" hits="1" branch="false" />
                <line number="206" hits="1" branch="false" />
              </lines>
            </method>
            <method name="Test_CircularQueue_1MillionItems" signature="()" line-rate="1" branch-rate="1" complexity="2">
              <lines>
                <line number="210" hits="1" branch="false" />
                <line number="212" hits="1" branch="false" />
                <line number="213" hits="1" branch="false" />
                <line number="214" hits="1" branch="false" />
                <line number="215" hits="1" branch="false" />
                <line number="217" hits="20000002" branch="true" condition-coverage="100% (2/2)" />
                <line number="218" hits="10000000" branch="false" />
                <line number="219" hits="10000000" branch="false" />
                <line number="220" hits="10000000" branch="false" />
                <line number="222" hits="10000000" branch="false" />
                <line number="223" hits="10000000" branch="false" />
                <line number="225" hits="10000000" branch="false" />
                <line number="226" hits="10000000" branch="false" />
                <line number="227" hits="10000000" branch="false" />
                <line number="229" hits="1" branch="false" />
                <line number="230" hits="1" branch="false" />
              </lines>
            </method>
          </methods>
          <lines>
            <line number="14" hits="1" branch="false" />
            <line number="16" hits="1" branch="false" />
            <line number="19" hits="1" branch="false" />
            <line number="20" hits="1" branch="false" />
            <line number="21" hits="1" branch="false" />
            <line number="22" hits="1" branch="false" />
            <line number="23" hits="1" branch="false" />
            <line number="24" hits="1" branch="false" />
            <line number="28" hits="1" branch="false" />
            <line number="30" hits="1" branch="false" />
            <line number="33" hits="1" branch="false" />
            <line number="34" hits="1" branch="false" />
            <line number="35" hits="1" branch="false" />
            <line number="36" hits="1" branch="false" />
            <line number="37" hits="1" branch="false" />
            <line number="38" hits="1" branch="false" />
            <line number="42" hits="1" branch="false" />
            <line number="44" hits="1" branch="false" />
            <line number="47" hits="1" branch="false" />
            <line number="48" hits="1" branch="false" />
            <line number="49" hits="1" branch="false" />
            <line number="52" hits="1" branch="false" />
            <line number="53" hits="1" branch="false" />
            <line number="54" hits="1" branch="false" />
            <line number="55" hits="1" branch="false" />
            <line number="59" hits="1" branch="false" />
            <line number="61" hits="1" branch="false" />
            <line number="64" hits="1" branch="false" />
            <line number="65" hits="1" branch="false" />
            <line number="66" hits="1" branch="false" />
            <line number="67" hits="1" branch="false" />
            <line number="68" hits="1" branch="false" />
            <line number="69" hits="1" branch="false" />
            <line number="70" hits="1" branch="false" />
            <line number="71" hits="1" branch="false" />
            <line number="72" hits="1" branch="false" />
            <line number="75" hits="1" branch="false" />
            <line number="76" hits="1" branch="false" />
            <line number="77" hits="1" branch="false" />
            <line number="78" hits="1" branch="false" />
            <line number="82" hits="1" branch="false" />
            <line number="84" hits="1" branch="false" />
            <line number="87" hits="1" branch="false" />
            <line number="88" hits="1" branch="false" />
            <line number="89" hits="1" branch="false" />
            <line number="90" hits="1" branch="false" />
            <line number="93" hits="1" branch="false" />
            <line number="94" hits="1" branch="false" />
            <line number="95" hits="1" branch="false" />
            <line number="96" hits="1" branch="false" />
            <line number="100" hits="1" branch="false" />
            <line number="102" hits="1" branch="false" />
            <line number="105" hits="1" branch="false" />
            <line number="106" hits="1" branch="false" />
            <line number="107" hits="1" branch="false" />
            <line number="108" hits="2" branch="false" />
            <line number="109" hits="1" branch="false" />
            <line number="113" hits="1" branch="false" />
            <line number="115" hits="1" branch="false" />
            <line number="118" hits="2" branch="false" />
            <line number="119" hits="1" branch="false" />
            <line number="123" hits="1" branch="false" />
            <line number="125" hits="1" branch="false" />
            <line number="128" hits="1" branch="false" />
            <line number="129" hits="1" branch="false" />
            <line number="130" hits="1" branch="false" />
            <line number="131" hits="1" branch="false" />
            <line number="134" hits="1" branch="false" />
            <line number="135" hits="1" branch="false" />
            <line number="139" hits="1" branch="false" />
            <line number="140" hits="1" branch="false" />
            <line number="141" hits="1" branch="false" />
            <line number="142" hits="1" branch="false" />
            <line number="143" hits="1" branch="false" />
            <line number="145" hits="1" branch="false" />
            <line number="146" hits="1" branch="false" />
            <line number="148" hits="1" branch="false" />
            <line number="149" hits="1" branch="false" />
            <line number="151" hits="1" branch="false" />
            <line number="152" hits="1" branch="false" />
            <line number="153" hits="1" branch="false" />
            <line number="155" hits="1" branch="false" />
            <line number="156" hits="1" branch="false" />
            <line number="157" hits="1" branch="false" />
            <line number="158" hits="1" branch="false" />
            <line number="159" hits="1" branch="false" />
            <line number="163" hits="1" branch="false" />
            <line number="167" hits="1" branch="false" />
            <line number="168" hits="1" branch="false" />
            <line number="169" hits="1" branch="false" />
            <line number="170" hits="1" branch="false" />
            <line number="172" hits="602" branch="true" condition-coverage="100% (2/2)" />
            <line number="173" hits="300" branch="false" />
            <line number="174" hits="300" branch="false" />
            <line number="176" hits="300" branch="false" />
            <line number="177" hits="300" branch="false" />
            <line number="178" hits="300" branch="false" />
            <line number="180" hits="300" branch="false" />
            <line number="181" hits="300" branch="false" />
            <line number="182" hits="300" branch="false" />
            <line number="184" hits="300" branch="false" />
            <line number="185" hits="300" branch="false" />
            <line number="187" hits="300" branch="false" />
            <line number="188" hits="300" branch="false" />
            <line number="189" hits="300" branch="false" />
            <line number="190" hits="300" branch="false" />
            <line number="192" hits="300" branch="false" />
            <line number="193" hits="300" branch="false" />
            <line number="194" hits="300" branch="false" />
            <line number="196" hits="300" branch="false" />
            <line number="197" hits="300" branch="false" />
            <line number="199" hits="300" branch="false" />
            <line number="200" hits="300" branch="false" />
            <line number="202" hits="300" branch="false" />
            <line number="203" hits="300" branch="false" />
            <line number="205" hits="1" branch="false" />
            <line number="206" hits="1" branch="false" />
            <line number="210" hits="1" branch="false" />
            <line number="212" hits="1" branch="false" />
            <line number="213" hits="1" branch="false" />
            <line number="214" hits="1" branch="false" />
            <line number="215" hits="1" branch="false" />
            <line number="217" hits="20000002" branch="true" condition-coverage="100% (2/2)" />
            <line number="218" hits="10000000" branch="false" />
            <line number="219" hits="10000000" branch="false" />
            <line number="220" hits="10000000" branch="false" />
            <line number="222" hits="10000000" branch="false" />
            <line number="223" hits="10000000" branch="false" />
            <line number="225" hits="10000000" branch="false" />
            <line number="226" hits="10000000" branch="false" />
            <line number="227" hits="10000000" branch="false" />
            <line number="229" hits="1" branch="false" />
            <line number="230" hits="1" branch="false" />
          </lines>
        </class>
        <class name="Collections.Tests.CollectionTests" filename="D:\SOFTUNI\SoftuniSvetlina-Courses\C#\OOP-Advanced\02.Unit-Testing\Collections.Tests\CollectionTests.cs" line-rate="1" branch-rate="1" complexity="20">
          <methods>
            <method name="Setup" signature="()" line-rate="1" branch-rate="1" complexity="1">
              <lines>
                <line number="11" hits="16" branch="false" />
                <line number="12" hits="16" branch="false" />
              </lines>
            </method>
            <method name="Test_Collections_Add" signature="()" line-rate="1" branch-rate="1" complexity="1">
              <lines>
                <line number="16" hits="1" branch="false" />
                <line number="18" hits="1" branch="false" />
                <line number="21" hits="1" branch="false" />
                <line number="22" hits="1" branch="false" />
                <line number="23" hits="1" branch="false" />
                <line number="26" hits="1" branch="false" />
                <line number="27" hits="1" branch="false" />
                <line number="28" hits="1" branch="false" />
                <line number="29" hits="1" branch="false" />
              </lines>
            </method>
            <method name="Test_Collections_AddWithGrow" signature="()" line-rate="1" branch-rate="1" complexity="2">
              <lines>
                <line number="33" hits="1" branch="false" />
                <line number="35" hits="1" branch="false" />
                <line number="36" hits="34" branch="true" condition-coverage="100% (2/2)" />
                <line number="37" hits="16" branch="false" />
                <line number="38" hits="16" branch="false" />
                <line number="39" hits="16" branch="false" />
                <line number="42" hits="1" branch="false" />
                <line number="45" hits="1" branch="false" />
                <line number="46" hits="1" branch="false" />
                <line number="47" hits="1" branch="false" />
              </lines>
            </method>
            <method name="Test_Collections_AddRange" signature="()" line-rate="1" branch-rate="1" complexity="2">
              <lines>
                <line number="52" hits="1" branch="false" />
                <line number="54" hits="1" branch="false" />
                <line number="55" hits="1" branch="false" />
                <line number="58" hits="1" branch="false" />
                <line number="61" hits="1" branch="false" />
                <line number="62" hits="12" branch="true" condition-coverage="100% (2/2)" />
                <line number="63" hits="5" branch="false" />
                <line number="64" hits="5" branch="false" />
                <line number="65" hits="5" branch="false" />
                <line number="66" hits="1" branch="false" />
              </lines>
            </method>
            <method name="Test_Collections_AddRangeWithGrow" signature="()" line-rate="1" branch-rate="1" complexity="1">
              <lines>
                <line number="70" hits="1" branch="false" />
                <line number="72" hits="1" branch="false" />
                <line number="73" hits="1" branch="false" />
                <line number="75" hits="1" branch="false" />
                <line number="78" hits="1" branch="false" />
                <line number="81" hits="1" branch="false" />
                <line number="82" hits="1" branch="false" />
                <line number="83" hits="1" branch="false" />
              </lines>
            </method>
            <method name="Test_Collections_Clear" signature="()" line-rate="1" branch-rate="1" complexity="1">
              <lines>
                <line number="87" hits="1" branch="false" />
                <line number="89" hits="1" branch="false" />
                <line number="91" hits="1" branch="false" />
                <line number="93" hits="1" branch="false" />
                <line number="94" hits="1" branch="false" />
              </lines>
            </method>
            <method name="Test_Collections_ConstructorMultipleItems" signature="()" line-rate="1" branch-rate="1" complexity="2">
              <lines>
                <line number="98" hits="1" branch="false" />
                <line number="100" hits="1" branch="false" />
                <line number="103" hits="1" branch="false" />
                <line number="106" hits="1" branch="false" />
                <line number="107" hits="1" branch="false" />
                <line number="108" hits="8" branch="true" condition-coverage="100% (2/2)" />
                <line number="109" hits="3" branch="false" />
                <line number="110" hits="1" branch="false" />
              </lines>
            </method>
            <method name="Test_Collections_ConstructorSingleItem" signature="()" line-rate="1" branch-rate="1" complexity="1">
              <lines>
                <line number="114" hits="1" branch="false" />
                <line number="116" hits="1" branch="false" />
                <line number="119" hits="1" branch="false" />
                <line number="122" hits="1" branch="false" />
                <line number="123" hits="1" branch="false" />
                <line number="124" hits="1" branch="false" />
                <line number="125" hits="1" branch="false" />
              </lines>
            </method>
            <method name="Test_Collections_EmptyConstructor" signature="()" line-rate="1" branch-rate="1" complexity="1">
              <lines>
                <line number="129" hits="1" branch="false" />
                <line number="131" hits="1" branch="false" />
                <line number="136" hits="1" branch="false" />
                <line number="137" hits="1" branch="false" />
              </lines>
            </method>
            <method name="Test_Collections_ExchangeFirstLast" signature="()" line-rate="1" branch-rate="1" complexity="1">
              <lines>
                <line number="141" hits="1" branch="false" />
                <line number="143" hits="1" branch="false" />
                <line number="146" hits="1" branch="false" />
                <line number="149" hits="1" branch="false" />
                <line number="150" hits="1" branch="false" />
                <line number="151" hits="1" branch="false" />
              </lines>
            </method>
            <method name="Test_Collections_InsertAtBegining" signature="()" line-rate="1" branch-rate="1" complexity="1">
              <lines>
                <line number="155" hits="1" branch="false" />
                <line number="157" hits="1" branch="false" />
                <line number="160" hits="1" branch="false" />
                <line number="163" hits="1" branch="false" />
                <line number="164" hits="1" branch="false" />
              </lines>
            </method>
            <method name="Test_Collections_InsertAtEnd" signature="()" line-rate="1" branch-rate="1" complexity="1">
              <lines>
                <line number="168" hits="1" branch="false" />
                <line number="170" hits="1" branch="false" />
                <line number="173" hits="1" branch="false" />
                <line number="176" hits="1" branch="false" />
                <line number="177" hits="1" branch="false" />
              </lines>
            </method>
            <method name="Test_Collections_InsertAtInvalidIndex" signature="()" line-rate="1" branch-rate="1" complexity="1">
              <lines>
                <line number="181" hits="1" branch="false" />
                <line number="183" hits="1" branch="false" />
                <line number="186" hits="2" branch="false" />
                <line number="187" hits="1" branch="false" />
              </lines>
            </method>
            <method name="Test_Collections_RemoveAtBegining" signature="()" line-rate="1" branch-rate="1" complexity="1">
              <lines>
                <line number="191" hits="1" branch="false" />
                <line number="193" hits="1" branch="false" />
                <line number="196" hits="1" branch="false" />
                <line number="199" hits="1" branch="false" />
                <line number="200" hits="1" branch="false" />
              </lines>
            </method>
            <method name="Test_Collections_RemoveAtEnd" signature="()" line-rate="1" branch-rate="1" complexity="1">
              <lines>
                <line number="204" hits="1" branch="false" />
                <line number="206" hits="1" branch="false" />
                <line number="209" hits="1" branch="false" />
                <line number="212" hits="1" branch="false" />
                <line number="213" hits="1" branch="false" />
              </lines>
            </method>
            <method name="Test_Collections_SetByIndex" signature="()" line-rate="1" branch-rate="1" complexity="1">
              <lines>
                <line number="217" hits="1" branch="false" />
                <line number="219" hits="1" branch="false" />
                <line number="222" hits="1" branch="false" />
                <line number="225" hits="1" branch="false" />
                <line number="226" hits="1" branch="false" />
              </lines>
            </method>
            <method name="Test_Collections_ToString" signature="()" line-rate="1" branch-rate="1" complexity="1">
              <lines>
                <line number="230" hits="1" branch="false" />
                <line number="232" hits="1" branch="false" />
                <line number="235" hits="1" branch="false" />
                <line number="238" hits="1" branch="false" />
                <line number="239" hits="1" branch="false" />
              </lines>
            </method>
          </methods>
          <lines>
            <line number="11" hits="16" branch="false" />
            <line number="12" hits="16" branch="false" />
            <line number="16" hits="1" branch="false" />
            <line number="18" hits="1" branch="false" />
            <line number="21" hits="1" branch="false" />
            <line number="22" hits="1" branch="false" />
            <line number="23" hits="1" branch="false" />
            <line number="26" hits="1" branch="false" />
            <line number="27" hits="1" branch="false" />
            <line number="28" hits="1" branch="false" />
            <line number="29" hits="1" branch="false" />
            <line number="33" hits="1" branch="false" />
            <line number="35" hits="1" branch="false" />
            <line number="36" hits="34" branch="true" condition-coverage="100% (2/2)" />
            <line number="37" hits="16" branch="false" />
            <line number="38" hits="16" branch="false" />
            <line number="39" hits="16" branch="false" />
            <line number="42" hits="1" branch="false" />
            <line number="45" hits="1" branch="false" />
            <line number="46" hits="1" branch="false" />
            <line number="47" hits="1" branch="false" />
            <line number="52" hits="1" branch="false" />
            <line number="54" hits="1" branch="false" />
            <line number="55" hits="1" branch="false" />
            <line number="58" hits="1" branch="false" />
            <line number="61" hits="1" branch="false" />
            <line number="62" hits="12" branch="true" condition-coverage="100% (2/2)" />
            <line number="63" hits="5" branch="false" />
            <line number="64" hits="5" branch="false" />
            <line number="65" hits="5" branch="false" />
            <line number="66" hits="1" branch="false" />
            <line number="70" hits="1" branch="false" />
            <line number="72" hits="1" branch="false" />
            <line number="73" hits="1" branch="false" />
            <line number="75" hits="1" branch="false" />
            <line number="78" hits="1" branch="false" />
            <line number="81" hits="1" branch="false" />
            <line number="82" hits="1" branch="false" />
            <line number="83" hits="1" branch="false" />
            <line number="87" hits="1" branch="false" />
            <line number="89" hits="1" branch="false" />
            <line number="91" hits="1" branch="false" />
            <line number="93" hits="1" branch="false" />
            <line number="94" hits="1" branch="false" />
            <line number="98" hits="1" branch="false" />
            <line number="100" hits="1" branch="false" />
            <line number="103" hits="1" branch="false" />
            <line number="106" hits="1" branch="false" />
            <line number="107" hits="1" branch="false" />
            <line number="108" hits="8" branch="true" condition-coverage="100% (2/2)" />
            <line number="109" hits="3" branch="false" />
            <line number="110" hits="1" branch="false" />
            <line number="114" hits="1" branch="false" />
            <line number="116" hits="1" branch="false" />
            <line number="119" hits="1" branch="false" />
            <line number="122" hits="1" branch="false" />
            <line number="123" hits="1" branch="false" />
            <line number="124" hits="1" branch="false" />
            <line number="125" hits="1" branch="false" />
            <line number="129" hits="1" branch="false" />
            <line number="131" hits="1" branch="false" />
            <line number="136" hits="1" branch="false" />
            <line number="137" hits="1" branch="false" />
            <line number="141" hits="1" branch="false" />
            <line number="143" hits="1" branch="false" />
            <line number="146" hits="1" branch="false" />
            <line number="149" hits="1" branch="false" />
            <line number="150" hits="1" branch="false" />
            <line number="151" hits="1" branch="false" />
            <line number="155" hits="1" branch="false" />
            <line number="157" hits="1" branch="false" />
            <line number="160" hits="1" branch="false" />
            <line number="163" hits="1" branch="false" />
            <line number="164" hits="1" branch="false" />
            <line number="168" hits="1" branch="false" />
            <line number="170" hits="1" branch="false" />
            <line number="173" hits="1" branch="false" />
            <line number="176" hits="1" branch="false" />
            <line number="177" hits="1" branch="false" />
            <line number="181" hits="1" branch="false" />
            <line number="183" hits="1" branch="false" />
            <line number="186" hits="2" branch="false" />
            <line number="187" hits="1" branch="false" />
            <line number="191" hits="1" branch="false" />
            <line number="193" hits="1" branch="false" />
            <line number="196" hits="1" branch="false" />
            <line number="199" hits="1" branch="false" />
            <line number="200" hits="1" branch="false" />
            <line number="204" hits="1" branch="false" />
            <line number="206" hits="1" branch="false" />
            <line number="209" hits="1" branch="false" />
            <line number="212" hits="1" branch="false" />
            <line number="213" hits="1" branch="false" />
            <line number="217" hits="1" branch="false" />
            <line number="219" hits="1" branch="false" />
            <line number="222" hits="1" branch="false" />
            <line number="225" hits="1" branch="false" />
            <line number="226" hits="1" branch="false" />
            <line number="230" hits="1" branch="false" />
            <line number="232" hits="1" branch="false" />
            <line number="235" hits="1" branch="false" />
            <line number="238" hits="1" branch="false" />
            <line number="239" hits="1" branch="false" />
          </lines>
        </class>
      </classes>
    </package>
  </packages>
</coverage>