TpTrace Verbose: 0 : 8916, 1, 2023/01/23, 12:09:30.631, 120285501497, vstest.console.dll, Version: 17.4.0-release-20221019-01 Current process architecture: X64
TpTrace Verbose: 0 : 8916, 1, 2023/01/23, 12:09:30.634, 120285531236, vstest.console.dll, Runtime location: C:\Program Files\dotnet\shared\Microsoft.NETCore.App\7.0.0
TpTrace Verbose: 0 : 8916, 1, 2023/01/23, 12:09:30.639, 120285574941, vstest.console.dll, ArtifactProcessingPostProcessModeProcessorExecutor.Initialize: ArtifactProcessingMode.Collect
TpTrace Verbose: 0 : 8916, 1, 2023/01/23, 12:09:30.639, 120285577115, vstest.console.dll, TestSessionCorrelationIdProcessorModeProcessorExecutor.Initialize: TestSessionCorrelationId '11080_e886a473-6926-4f7f-af1c-f985d3f3ba1b'
TpTrace Information: 0 : 8916, 1, 2023/01/23, 12:09:30.650, 120285684648, vstest.console.dll, FilePatternParser: The given file D:\SOFTUNI\SoftuniSvetlina-Courses\C#\OOP-Advanced\02.Unit-Testing\Collections.Tests\bin\Debug\net5.0\fine-code-coverage\build-output\Collections.Tests.dll is a full path.
TpTrace Verbose: 0 : 8916, 1, 2023/01/23, 12:09:30.656, 120285748329, vstest.console.dll, TestPluginCache.DiscoverTestExtensions: finding test extensions in assemblies ends with: RuntimeProvider.dll TPluginInfo: Microsoft.VisualStudio.TestPlatform.Common.ExtensionFramework.Utilities.TestRuntimePluginInformation TExtension: Microsoft.VisualStudio.TestPlatform.ObjectModel.Host.ITestRuntimeProvider
TpTrace Verbose: 0 : 8916, 1, 2023/01/23, 12:09:30.656, 120285751041, vstest.console.dll, TestPluginCache.GetExtensionPaths: Filtered extension paths: 
TpTrace Verbose: 0 : 8916, 1, 2023/01/23, 12:09:30.656, 120285752125, vstest.console.dll, TestPluginCache.GetExtensionPaths: Added default extension paths: C:\Program Files\dotnet\sdk\7.0.100\Extensions\Microsoft.Diagnostics.NETCore.Client.dll
C:\Program Files\dotnet\sdk\7.0.100\Extensions\Microsoft.TestPlatform.Extensions.BlameDataCollector.dll
C:\Program Files\dotnet\sdk\7.0.100\Extensions\Microsoft.TestPlatform.Extensions.EventLogCollector.dll
C:\Program Files\dotnet\sdk\7.0.100\Extensions\Microsoft.TestPlatform.TestHostRuntimeProvider.dll
C:\Program Files\dotnet\sdk\7.0.100\Extensions\Microsoft.VisualStudio.TestPlatform.Extensions.Html.TestLogger.dll
C:\Program Files\dotnet\sdk\7.0.100\Extensions\Microsoft.VisualStudio.TestPlatform.Extensions.Trx.TestLogger.dll
TpTrace Verbose: 0 : 8916, 1, 2023/01/23, 12:09:30.656, 120285752694, vstest.console.dll, TestPluginCache.GetExtensionPaths: Added unfilterableExtensionPaths: 
TpTrace Information: 0 : 8916, 1, 2023/01/23, 12:09:30.658, 120285764410, vstest.console.dll, AssemblyResolver.ctor: Creating AssemblyResolver with searchDirectories C:\Program Files\dotnet\sdk\7.0.100\Extensions,C:\Program Files\dotnet\sdk\7.0.100
TpTrace Verbose: 0 : 8916, 1, 2023/01/23, 12:09:30.659, 120285778633, vstest.console.dll, TestPluginCache.DiscoverTestExtensions: Discovering the extensions using extension path.
TpTrace Verbose: 0 : 8916, 1, 2023/01/23, 12:09:30.659, 120285780697, vstest.console.dll, TestPluginCache.GetExtensionPaths: Filtered extension paths: 
TpTrace Verbose: 0 : 8916, 1, 2023/01/23, 12:09:30.659, 120285781228, vstest.console.dll, TestPluginCache.GetExtensionPaths: Added default extension paths: C:\Program Files\dotnet\sdk\7.0.100\Extensions\Microsoft.Diagnostics.NETCore.Client.dll
C:\Program Files\dotnet\sdk\7.0.100\Extensions\Microsoft.TestPlatform.Extensions.BlameDataCollector.dll
C:\Program Files\dotnet\sdk\7.0.100\Extensions\Microsoft.TestPlatform.Extensions.EventLogCollector.dll
C:\Program Files\dotnet\sdk\7.0.100\Extensions\Microsoft.TestPlatform.TestHostRuntimeProvider.dll
C:\Program Files\dotnet\sdk\7.0.100\Extensions\Microsoft.VisualStudio.TestPlatform.Extensions.Html.TestLogger.dll
C:\Program Files\dotnet\sdk\7.0.100\Extensions\Microsoft.VisualStudio.TestPlatform.Extensions.Trx.TestLogger.dll
TpTrace Verbose: 0 : 8916, 1, 2023/01/23, 12:09:30.659, 120285782544, vstest.console.dll, TestPluginCache.GetExtensionPaths: Added unfilterableExtensionPaths: 
TpTrace Verbose: 0 : 8916, 1, 2023/01/23, 12:09:30.660, 120285784892, vstest.console.dll, TestPluginCache.DiscoverTestExtensions: Discovering the extensions using allExtensionPaths: C:\Program Files\dotnet\sdk\7.0.100\Extensions\Microsoft.Diagnostics.NETCore.Client.dll
C:\Program Files\dotnet\sdk\7.0.100\Extensions\Microsoft.TestPlatform.Extensions.BlameDataCollector.dll
C:\Program Files\dotnet\sdk\7.0.100\Extensions\Microsoft.TestPlatform.Extensions.EventLogCollector.dll
C:\Program Files\dotnet\sdk\7.0.100\Extensions\Microsoft.TestPlatform.TestHostRuntimeProvider.dll
C:\Program Files\dotnet\sdk\7.0.100\Extensions\Microsoft.VisualStudio.TestPlatform.Extensions.Html.TestLogger.dll
C:\Program Files\dotnet\sdk\7.0.100\Extensions\Microsoft.VisualStudio.TestPlatform.Extensions.Trx.TestLogger.dll
TpTrace Information: 0 : 8916, 1, 2023/01/23, 12:09:30.660, 120285787878, vstest.console.dll, AssemblyResolver.AddSearchDirectories: Adding more searchDirectories C:\Program Files\dotnet\sdk\7.0.100\Extensions,C:\Program Files\dotnet\sdk\7.0.100
TpTrace Information: 0 : 8916, 1, 2023/01/23, 12:09:30.660, 120285788735, vstest.console.dll, AssemblyResolver.AddSearchDirectories: Adding more searchDirectories C:\Program Files\dotnet\sdk\7.0.100\Extensions,C:\Program Files\dotnet\sdk\7.0.100
TpTrace Information: 0 : 8916, 1, 2023/01/23, 12:09:30.660, 120285789150, vstest.console.dll, AssemblyResolver.AddSearchDirectories: Adding more searchDirectories C:\Program Files\dotnet\sdk\7.0.100\Extensions,C:\Program Files\dotnet\sdk\7.0.100
TpTrace Information: 0 : 8916, 1, 2023/01/23, 12:09:30.660, 120285789583, vstest.console.dll, AssemblyResolver.AddSearchDirectories: Adding more searchDirectories C:\Program Files\dotnet\sdk\7.0.100\Extensions,C:\Program Files\dotnet\sdk\7.0.100
TpTrace Information: 0 : 8916, 1, 2023/01/23, 12:09:30.660, 120285789952, vstest.console.dll, AssemblyResolver.AddSearchDirectories: Adding more searchDirectories C:\Program Files\dotnet\sdk\7.0.100\Extensions,C:\Program Files\dotnet\sdk\7.0.100
TpTrace Information: 0 : 8916, 1, 2023/01/23, 12:09:30.660, 120285790308, vstest.console.dll, AssemblyResolver.AddSearchDirectories: Adding more searchDirectories C:\Program Files\dotnet\sdk\7.0.100\Extensions,C:\Program Files\dotnet\sdk\7.0.100
TpTrace Information: 0 : 8916, 1, 2023/01/23, 12:09:30.661, 120285796517, vstest.console.dll, AssemblyResolver.OnResolve: Microsoft.Diagnostics.NETCore.Client: Resolving assembly.
TpTrace Information: 0 : 8916, 1, 2023/01/23, 12:09:30.661, 120285797420, vstest.console.dll, AssemblyResolver.OnResolve: Microsoft.Diagnostics.NETCore.Client: Searching in: 'C:\Program Files\dotnet\sdk\7.0.100\Extensions'.
TpTrace Information: 0 : 8916, 1, 2023/01/23, 12:09:30.671, 120285896624, vstest.console.dll, AssemblyResolver.OnResolve: Microsoft.Diagnostics.NETCore.Client: Loading assembly 'C:\Program Files\dotnet\sdk\7.0.100\Extensions\Microsoft.Diagnostics.NETCore.Client.dll'.
TpTrace Information: 0 : 8916, 1, 2023/01/23, 12:09:30.672, 120285903889, vstest.console.dll, AssemblyResolver.OnResolve: Resolved assembly: Microsoft.Diagnostics.NETCore.Client, from path: C:\Program Files\dotnet\sdk\7.0.100\Extensions\Microsoft.Diagnostics.NETCore.Client.dll
TpTrace Verbose: 0 : 8916, 1, 2023/01/23, 12:09:30.673, 120285919965, vstest.console.dll, MetadataReaderExtensionsHelper: Discovering extensions inside assembly 'Microsoft.Diagnostics.NETCore.Client, Version=0.2.6.42401, Culture=neutral, PublicKeyToken=31bf3856ad364e35' file path 'C:\Program Files\dotnet\sdk\7.0.100\Extensions\Microsoft.Diagnostics.NETCore.Client.dll'
TpTrace Information: 0 : 8916, 1, 2023/01/23, 12:09:30.679, 120285974573, vstest.console.dll, AssemblyResolver.OnResolve: Microsoft.Bcl.AsyncInterfaces: Resolving assembly.
TpTrace Information: 0 : 8916, 1, 2023/01/23, 12:09:30.679, 120285975633, vstest.console.dll, AssemblyResolver.OnResolve: Microsoft.Bcl.AsyncInterfaces: Searching in: 'C:\Program Files\dotnet\sdk\7.0.100\Extensions'.
TpTrace Information: 0 : 8916, 1, 2023/01/23, 12:09:30.679, 120285976820, vstest.console.dll, AssemblyResolver.OnResolve: Microsoft.Bcl.AsyncInterfaces: Assembly path does not exist: 'C:\Program Files\dotnet\sdk\7.0.100\Extensions\Microsoft.Bcl.AsyncInterfaces.dll', returning.
TpTrace Information: 0 : 8916, 1, 2023/01/23, 12:09:30.679, 120285978327, vstest.console.dll, AssemblyResolver.OnResolve: Microsoft.Bcl.AsyncInterfaces: Assembly path does not exist: 'C:\Program Files\dotnet\sdk\7.0.100\Extensions\Microsoft.Bcl.AsyncInterfaces.exe', returning.
TpTrace Information: 0 : 8916, 1, 2023/01/23, 12:09:30.679, 120285978796, vstest.console.dll, AssemblyResolver.OnResolve: Microsoft.Bcl.AsyncInterfaces: Searching in: 'C:\Program Files\dotnet\sdk\7.0.100'.
TpTrace Information: 0 : 8916, 1, 2023/01/23, 12:09:30.679, 120285979575, vstest.console.dll, AssemblyResolver.OnResolve: Microsoft.Bcl.AsyncInterfaces: Assembly path does not exist: 'C:\Program Files\dotnet\sdk\7.0.100\Microsoft.Bcl.AsyncInterfaces.dll', returning.
TpTrace Information: 0 : 8916, 1, 2023/01/23, 12:09:30.679, 120285980307, vstest.console.dll, AssemblyResolver.OnResolve: Microsoft.Bcl.AsyncInterfaces: Assembly path does not exist: 'C:\Program Files\dotnet\sdk\7.0.100\Microsoft.Bcl.AsyncInterfaces.exe', returning.
TpTrace Information: 0 : 8916, 1, 2023/01/23, 12:09:30.679, 120285980731, vstest.console.dll, AssemblyResolver.OnResolve: Microsoft.Bcl.AsyncInterfaces: Failed to load assembly.
TpTrace Verbose: 0 : 8916, 1, 2023/01/23, 12:09:30.679, 120285981201, vstest.console.dll, CurrentDomainAssemblyResolve: Resolving assembly 'Microsoft.Bcl.AsyncInterfaces'.
TpTrace Information: 0 : 8916, 1, 2023/01/23, 12:09:30.679, 120285982056, vstest.console.dll, AssemblyResolver.OnResolve: Microsoft.Bcl.AsyncInterfaces: Resolving assembly.
TpTrace Information: 0 : 8916, 1, 2023/01/23, 12:09:30.679, 120285982558, vstest.console.dll, AssemblyResolver.OnResolve: Microsoft.Bcl.AsyncInterfaces: Resolved from cache.
TpTrace Verbose: 0 : 8916, 1, 2023/01/23, 12:09:30.680, 120285982912, vstest.console.dll, CurrentDomainAssemblyResolve: Resolving assembly 'Microsoft.Bcl.AsyncInterfaces'.
TpTrace Verbose: 0 : 8916, 1, 2023/01/23, 12:09:30.680, 120285983371, vstest.console.dll, CurrentDomainAssemblyResolve: Failed to resolve assembly 'Microsoft.Bcl.AsyncInterfaces'.
TpTrace Verbose: 0 : 8916, 1, 2023/01/23, 12:09:30.681, 120285993879, vstest.console.dll, CurrentDomainAssemblyResolve: Failed to resolve assembly 'Microsoft.Bcl.AsyncInterfaces'.
TpTrace Warning: 0 : 8916, 1, 2023/01/23, 12:09:30.690, 120286088040, vstest.console.dll, TestPluginDiscoverer: Failed to get types from assembly 'Microsoft.Diagnostics.NETCore.Client, Version=0.2.6.42401, Culture=neutral, PublicKeyToken=31bf3856ad364e35'. Error: System.Reflection.ReflectionTypeLoadException: Unable to load one or more of the requested types.
Could not load file or assembly 'Microsoft.Bcl.AsyncInterfaces, Version=1.0.0.0, Culture=neutral, PublicKeyToken=cc7b13ffcd2ddd51'. The system cannot find the file specified.
   at System.Reflection.RuntimeModule.GetTypes(RuntimeModule module)
   at System.Reflection.Assembly.GetTypes()
   at Microsoft.VisualStudio.TestPlatform.Common.ExtensionFramework.TestPluginDiscoverer.GetTestExtensionsFromAssembly[TPluginInfo,TExtension](Assembly assembly, Dictionary`2 pluginInfos, String filePath)
System.IO.FileNotFoundException: Could not load file or assembly 'Microsoft.Bcl.AsyncInterfaces, Version=1.0.0.0, Culture=neutral, PublicKeyToken=cc7b13ffcd2ddd51'. The system cannot find the file specified.
File name: 'Microsoft.Bcl.AsyncInterfaces, Version=1.0.0.0, Culture=neutral, PublicKeyToken=cc7b13ffcd2ddd51'
 ---> System.IO.FileNotFoundException: Could not load file or assembly 'Microsoft.Bcl.AsyncInterfaces, Culture=neutral, PublicKeyToken=null'. The system cannot find the file specified.
File name: 'Microsoft.Bcl.AsyncInterfaces, Culture=neutral, PublicKeyToken=null'
   at System.Reflection.RuntimeAssembly.InternalLoad(AssemblyName assemblyName, StackCrawlMark& stackMark, AssemblyLoadContext assemblyLoadContext, RuntimeAssembly requestingAssembly, Boolean throwOnFileNotFound)
   at System.Reflection.Assembly.Load(AssemblyName assemblyRef)
   at Microsoft.VisualStudio.TestPlatform.Common.ExtensionFramework.TestPluginCache.CurrentDomainAssemblyResolve(Object sender, AssemblyResolveEventArgs args)
   at System.Runtime.Loader.AssemblyLoadContext.GetFirstResolvedAssemblyFromResolvingEvent(AssemblyName assemblyName)
   at System.Runtime.Loader.AssemblyLoadContext.ResolveUsingEvent(AssemblyName assemblyName)
   at System.Runtime.Loader.AssemblyLoadContext.ResolveUsingResolvingEvent(IntPtr gchManagedAssemblyLoadContext, AssemblyName assemblyName)
TpTrace Warning: 0 : 8916, 1, 2023/01/23, 12:09:30.691, 120286094132, vstest.console.dll, LoaderExceptions: System.IO.FileNotFoundException: Could not load file or assembly 'Microsoft.Bcl.AsyncInterfaces, Version=1.0.0.0, Culture=neutral, PublicKeyToken=cc7b13ffcd2ddd51'. The system cannot find the file specified.
File name: 'Microsoft.Bcl.AsyncInterfaces, Version=1.0.0.0, Culture=neutral, PublicKeyToken=cc7b13ffcd2ddd51'
 ---> System.IO.FileNotFoundException: Could not load file or assembly 'Microsoft.Bcl.AsyncInterfaces, Culture=neutral, PublicKeyToken=null'. The system cannot find the file specified.
File name: 'Microsoft.Bcl.AsyncInterfaces, Culture=neutral, PublicKeyToken=null'
   at System.Reflection.RuntimeAssembly.InternalLoad(AssemblyName assemblyName, StackCrawlMark& stackMark, AssemblyLoadContext assemblyLoadContext, RuntimeAssembly requestingAssembly, Boolean throwOnFileNotFound)
   at System.Reflection.Assembly.Load(AssemblyName assemblyRef)
   at Microsoft.VisualStudio.TestPlatform.Common.ExtensionFramework.TestPluginCache.CurrentDomainAssemblyResolve(Object sender, AssemblyResolveEventArgs args)
   at System.Runtime.Loader.AssemblyLoadContext.GetFirstResolvedAssemblyFromResolvingEvent(AssemblyName assemblyName)
   at System.Runtime.Loader.AssemblyLoadContext.ResolveUsingEvent(AssemblyName assemblyName)
   at System.Runtime.Loader.AssemblyLoadContext.ResolveUsingResolvingEvent(IntPtr gchManagedAssemblyLoadContext, AssemblyName assemblyName)
TpTrace Information: 0 : 8916, 1, 2023/01/23, 12:09:30.691, 120286096932, vstest.console.dll, AssemblyResolver.OnResolve: Microsoft.TestPlatform.Extensions.BlameDataCollector: Resolving assembly.
TpTrace Information: 0 : 8916, 1, 2023/01/23, 12:09:30.691, 120286097629, vstest.console.dll, AssemblyResolver.OnResolve: Microsoft.TestPlatform.Extensions.BlameDataCollector: Searching in: 'C:\Program Files\dotnet\sdk\7.0.100\Extensions'.
TpTrace Information: 0 : 8916, 1, 2023/01/23, 12:09:30.692, 120286107208, vstest.console.dll, AssemblyResolver.OnResolve: Microsoft.TestPlatform.Extensions.BlameDataCollector: Loading assembly 'C:\Program Files\dotnet\sdk\7.0.100\Extensions\Microsoft.TestPlatform.Extensions.BlameDataCollector.dll'.
TpTrace Information: 0 : 8916, 1, 2023/01/23, 12:09:30.693, 120286115009, vstest.console.dll, AssemblyResolver.OnResolve: Resolved assembly: Microsoft.TestPlatform.Extensions.BlameDataCollector, from path: C:\Program Files\dotnet\sdk\7.0.100\Extensions\Microsoft.TestPlatform.Extensions.BlameDataCollector.dll
TpTrace Verbose: 0 : 8916, 1, 2023/01/23, 12:09:30.693, 120286116232, vstest.console.dll, MetadataReaderExtensionsHelper: Discovering extensions inside assembly 'Microsoft.TestPlatform.Extensions.BlameDataCollector, Version=15.0.0.0, Culture=neutral, PublicKeyToken=b03f5f7f11d50a3a' file path 'C:\Program Files\dotnet\sdk\7.0.100\Extensions\Microsoft.TestPlatform.Extensions.BlameDataCollector.dll'
TpTrace Information: 0 : 8916, 1, 2023/01/23, 12:09:30.695, 120286137375, vstest.console.dll, AssemblyResolver.OnResolve: Microsoft.TestPlatform.Extensions.EventLogCollector: Resolving assembly.
TpTrace Information: 0 : 8916, 1, 2023/01/23, 12:09:30.695, 120286138426, vstest.console.dll, AssemblyResolver.OnResolve: Microsoft.TestPlatform.Extensions.EventLogCollector: Searching in: 'C:\Program Files\dotnet\sdk\7.0.100\Extensions'.
TpTrace Information: 0 : 8916, 1, 2023/01/23, 12:09:30.695, 120286141703, vstest.console.dll, AssemblyResolver.OnResolve: Microsoft.TestPlatform.Extensions.EventLogCollector: Loading assembly 'C:\Program Files\dotnet\sdk\7.0.100\Extensions\Microsoft.TestPlatform.Extensions.EventLogCollector.dll'.
TpTrace Information: 0 : 8916, 1, 2023/01/23, 12:09:30.696, 120286149046, vstest.console.dll, AssemblyResolver.OnResolve: Resolved assembly: Microsoft.TestPlatform.Extensions.EventLogCollector, from path: C:\Program Files\dotnet\sdk\7.0.100\Extensions\Microsoft.TestPlatform.Extensions.EventLogCollector.dll
TpTrace Verbose: 0 : 8916, 1, 2023/01/23, 12:09:30.696, 120286150006, vstest.console.dll, MetadataReaderExtensionsHelper: Discovering extensions inside assembly 'Microsoft.TestPlatform.Extensions.EventLogCollector, Version=15.0.0.0, Culture=neutral, PublicKeyToken=b03f5f7f11d50a3a' file path 'C:\Program Files\dotnet\sdk\7.0.100\Extensions\Microsoft.TestPlatform.Extensions.EventLogCollector.dll'
TpTrace Information: 0 : 8916, 1, 2023/01/23, 12:09:30.698, 120286172127, vstest.console.dll, AssemblyResolver.OnResolve: Microsoft.TestPlatform.TestHostRuntimeProvider: Resolving assembly.
TpTrace Information: 0 : 8916, 1, 2023/01/23, 12:09:30.699, 120286173121, vstest.console.dll, AssemblyResolver.OnResolve: Microsoft.TestPlatform.TestHostRuntimeProvider: Searching in: 'C:\Program Files\dotnet\sdk\7.0.100\Extensions'.
TpTrace Information: 0 : 8916, 1, 2023/01/23, 12:09:30.699, 120286176255, vstest.console.dll, AssemblyResolver.OnResolve: Microsoft.TestPlatform.TestHostRuntimeProvider: Loading assembly 'C:\Program Files\dotnet\sdk\7.0.100\Extensions\Microsoft.TestPlatform.TestHostRuntimeProvider.dll'.
TpTrace Information: 0 : 8916, 1, 2023/01/23, 12:09:30.699, 120286181123, vstest.console.dll, AssemblyResolver.OnResolve: Resolved assembly: Microsoft.TestPlatform.TestHostRuntimeProvider, from path: C:\Program Files\dotnet\sdk\7.0.100\Extensions\Microsoft.TestPlatform.TestHostRuntimeProvider.dll
TpTrace Verbose: 0 : 8916, 1, 2023/01/23, 12:09:30.699, 120286182203, vstest.console.dll, MetadataReaderExtensionsHelper: Discovering extensions inside assembly 'Microsoft.TestPlatform.TestHostRuntimeProvider, Version=15.0.0.0, Culture=neutral, PublicKeyToken=b03f5f7f11d50a3a' file path 'C:\Program Files\dotnet\sdk\7.0.100\Extensions\Microsoft.TestPlatform.TestHostRuntimeProvider.dll'
TpTrace Information: 0 : 8916, 1, 2023/01/23, 12:09:30.702, 120286204848, vstest.console.dll, GetTestExtensionFromType: Register extension with identifier data 'HostProvider://DefaultTestHost' and type 'Microsoft.VisualStudio.TestPlatform.CrossPlatEngine.Hosting.DefaultTestHostManager, Microsoft.TestPlatform.TestHostRuntimeProvider, Version=15.0.0.0, Culture=neutral, PublicKeyToken=b03f5f7f11d50a3a' inside file 'C:\Program Files\dotnet\sdk\7.0.100\Extensions\Microsoft.TestPlatform.TestHostRuntimeProvider.dll'
TpTrace Information: 0 : 8916, 1, 2023/01/23, 12:09:30.702, 120286208859, vstest.console.dll, GetTestExtensionFromType: Register extension with identifier data 'HostProvider://DotnetTestHost' and type 'Microsoft.VisualStudio.TestPlatform.CrossPlatEngine.Hosting.DotnetTestHostManager, Microsoft.TestPlatform.TestHostRuntimeProvider, Version=15.0.0.0, Culture=neutral, PublicKeyToken=b03f5f7f11d50a3a' inside file 'C:\Program Files\dotnet\sdk\7.0.100\Extensions\Microsoft.TestPlatform.TestHostRuntimeProvider.dll'
TpTrace Information: 0 : 8916, 1, 2023/01/23, 12:09:30.702, 120286209949, vstest.console.dll, AssemblyResolver.OnResolve: Microsoft.VisualStudio.TestPlatform.Extensions.Html.TestLogger: Resolving assembly.
TpTrace Information: 0 : 8916, 1, 2023/01/23, 12:09:30.702, 120286210468, vstest.console.dll, AssemblyResolver.OnResolve: Microsoft.VisualStudio.TestPlatform.Extensions.Html.TestLogger: Searching in: 'C:\Program Files\dotnet\sdk\7.0.100\Extensions'.
TpTrace Information: 0 : 8916, 1, 2023/01/23, 12:09:30.703, 120286213854, vstest.console.dll, AssemblyResolver.OnResolve: Microsoft.VisualStudio.TestPlatform.Extensions.Html.TestLogger: Loading assembly 'C:\Program Files\dotnet\sdk\7.0.100\Extensions\Microsoft.VisualStudio.TestPlatform.Extensions.Html.TestLogger.dll'.
TpTrace Information: 0 : 8916, 1, 2023/01/23, 12:09:30.703, 120286218820, vstest.console.dll, AssemblyResolver.OnResolve: Resolved assembly: Microsoft.VisualStudio.TestPlatform.Extensions.Html.TestLogger, from path: C:\Program Files\dotnet\sdk\7.0.100\Extensions\Microsoft.VisualStudio.TestPlatform.Extensions.Html.TestLogger.dll
TpTrace Verbose: 0 : 8916, 1, 2023/01/23, 12:09:30.703, 120286219874, vstest.console.dll, MetadataReaderExtensionsHelper: Discovering extensions inside assembly 'Microsoft.VisualStudio.TestPlatform.Extensions.Html.TestLogger, Version=15.0.0.0, Culture=neutral, PublicKeyToken=b03f5f7f11d50a3a' file path 'C:\Program Files\dotnet\sdk\7.0.100\Extensions\Microsoft.VisualStudio.TestPlatform.Extensions.Html.TestLogger.dll'
TpTrace Information: 0 : 8916, 1, 2023/01/23, 12:09:30.704, 120286228930, vstest.console.dll, AssemblyResolver.OnResolve: Microsoft.VisualStudio.TestPlatform.Extensions.Trx.TestLogger: Resolving assembly.
TpTrace Information: 0 : 8916, 1, 2023/01/23, 12:09:30.704, 120286229957, vstest.console.dll, AssemblyResolver.OnResolve: Microsoft.VisualStudio.TestPlatform.Extensions.Trx.TestLogger: Searching in: 'C:\Program Files\dotnet\sdk\7.0.100\Extensions'.
TpTrace Information: 0 : 8916, 1, 2023/01/23, 12:09:30.705, 120286233149, vstest.console.dll, AssemblyResolver.OnResolve: Microsoft.VisualStudio.TestPlatform.Extensions.Trx.TestLogger: Loading assembly 'C:\Program Files\dotnet\sdk\7.0.100\Extensions\Microsoft.VisualStudio.TestPlatform.Extensions.Trx.TestLogger.dll'.
TpTrace Information: 0 : 8916, 1, 2023/01/23, 12:09:30.705, 120286240354, vstest.console.dll, AssemblyResolver.OnResolve: Resolved assembly: Microsoft.VisualStudio.TestPlatform.Extensions.Trx.TestLogger, from path: C:\Program Files\dotnet\sdk\7.0.100\Extensions\Microsoft.VisualStudio.TestPlatform.Extensions.Trx.TestLogger.dll
TpTrace Verbose: 0 : 8916, 1, 2023/01/23, 12:09:30.705, 120286241801, vstest.console.dll, MetadataReaderExtensionsHelper: Discovering extensions inside assembly 'Microsoft.VisualStudio.TestPlatform.Extensions.Trx.TestLogger, Version=15.0.0.0, Culture=neutral, PublicKeyToken=b03f5f7f11d50a3a' file path 'C:\Program Files\dotnet\sdk\7.0.100\Extensions\Microsoft.VisualStudio.TestPlatform.Extensions.Trx.TestLogger.dll'
TpTrace Verbose: 0 : 8916, 1, 2023/01/23, 12:09:30.707, 120286256272, vstest.console.dll, TestPluginCache: Discovered the extensions using extension path ''.
TpTrace Verbose: 0 : 8916, 1, 2023/01/23, 12:09:30.707, 120286257284, vstest.console.dll, TestPluginCache: Discoverers are ''.
TpTrace Verbose: 0 : 8916, 1, 2023/01/23, 12:09:30.707, 120286257662, vstest.console.dll, TestPluginCache: Executors are ''.
TpTrace Verbose: 0 : 8916, 1, 2023/01/23, 12:09:30.707, 120286257981, vstest.console.dll, TestPluginCache: Executors2 are ''.
TpTrace Verbose: 0 : 8916, 1, 2023/01/23, 12:09:30.707, 120286258292, vstest.console.dll, TestPluginCache: Setting providers are ''.
TpTrace Verbose: 0 : 8916, 1, 2023/01/23, 12:09:30.707, 120286258600, vstest.console.dll, TestPluginCache: Loggers are ''.
TpTrace Verbose: 0 : 8916, 1, 2023/01/23, 12:09:30.707, 120286260206, vstest.console.dll, TestPluginCache: TestHosts are 'HostProvider://DefaultTestHost,HostProvider://DotnetTestHost'.
TpTrace Verbose: 0 : 8916, 1, 2023/01/23, 12:09:30.707, 120286260674, vstest.console.dll, TestPluginCache: DataCollectors are ''.
TpTrace Information: 0 : 8916, 1, 2023/01/23, 12:09:30.721, 120286399146, vstest.console.dll, RunTestsArgumentProcessor:Execute: Test run is starting.
TpTrace Verbose: 0 : 8916, 1, 2023/01/23, 12:09:30.721, 120286400528, vstest.console.dll, RunTestsArgumentProcessor:Execute: Queuing Test run.
TpTrace Information: 0 : 8916, 1, 2023/01/23, 12:09:30.722, 120286406419, vstest.console.dll, TestRequestManager.RunTests: run tests started.
TpTrace Information: 0 : 8916, 1, 2023/01/23, 12:09:30.724, 120286426897, vstest.console.dll, AssemblyMetadataProvider.GetFrameworkName: Determined framework:'.NETCoreApp,Version=v5.0' for source: 'D:\SOFTUNI\SoftuniSvetlina-Courses\C#\OOP-Advanced\02.Unit-Testing\Collections.Tests\bin\Debug\net5.0\fine-code-coverage\build-output\Collections.Tests.dll'
TpTrace Information: 0 : 8916, 1, 2023/01/23, 12:09:30.724, 120286430074, vstest.console.dll, Determined framework for all sources: .NETCoreApp,Version=v5.0
TpTrace Verbose: 0 : 8916, 1, 2023/01/23, 12:09:30.725, 120286436509, vstest.console.dll, TestRequestManager.UpdateRunSettingsIfRequired: Default architecture: X64 IsDefaultTargetArchitecture: True, Current process architecture: X64 OperatingSystem: Windows.
TpTrace Information: 0 : 8916, 1, 2023/01/23, 12:09:30.727, 120286461778, vstest.console.dll, AssemblyMetadataProvider.GetArchitecture: Determined architecture:AnyCPU info for assembly: D:\SOFTUNI\SoftuniSvetlina-Courses\C#\OOP-Advanced\02.Unit-Testing\Collections.Tests\bin\Debug\net5.0\fine-code-coverage\build-output\Collections.Tests.dll
TpTrace Information: 0 : 8916, 1, 2023/01/23, 12:09:30.727, 120286462793, vstest.console.dll, Determined platform for source 'D:\SOFTUNI\SoftuniSvetlina-Courses\C#\OOP-Advanced\02.Unit-Testing\Collections.Tests\bin\Debug\net5.0\fine-code-coverage\build-output\Collections.Tests.dll' was AnyCPU and it will use the default plaform X64.
TpTrace Information: 0 : 8916, 1, 2023/01/23, 12:09:30.728, 120286463250, vstest.console.dll, None of the sources provided any runnable platform, using the default platform: X64
TpTrace Information: 0 : 8916, 1, 2023/01/23, 12:09:30.728, 120286464469, vstest.console.dll, Platform was updated to 'X64'.
TpTrace Information: 0 : 8916, 1, 2023/01/23, 12:09:30.732, 120286509086, vstest.console.dll, InferRunSettingsHelper.IsTestSettingsEnabled: Unable to navigate to RunSettings/MSTest. Current node: RunSettings
TpTrace Information: 0 : 8916, 1, 2023/01/23, 12:09:30.733, 120286518335, vstest.console.dll, AssemblyResolver.OnResolve: Microsoft.VisualStudio.TestPlatform.Fakes: Resolving assembly.
TpTrace Information: 0 : 8916, 1, 2023/01/23, 12:09:30.733, 120286519291, vstest.console.dll, AssemblyResolver.OnResolve: Microsoft.VisualStudio.TestPlatform.Fakes: Searching in: 'C:\Program Files\dotnet\sdk\7.0.100\Extensions'.
TpTrace Information: 0 : 8916, 1, 2023/01/23, 12:09:30.733, 120286520731, vstest.console.dll, AssemblyResolver.OnResolve: Microsoft.VisualStudio.TestPlatform.Fakes: Assembly path does not exist: 'C:\Program Files\dotnet\sdk\7.0.100\Extensions\Microsoft.VisualStudio.TestPlatform.Fakes.dll', returning.
TpTrace Information: 0 : 8916, 1, 2023/01/23, 12:09:30.733, 120286521900, vstest.console.dll, AssemblyResolver.OnResolve: Microsoft.VisualStudio.TestPlatform.Fakes: Assembly path does not exist: 'C:\Program Files\dotnet\sdk\7.0.100\Extensions\Microsoft.VisualStudio.TestPlatform.Fakes.exe', returning.
TpTrace Information: 0 : 8916, 1, 2023/01/23, 12:09:30.733, 120286522348, vstest.console.dll, AssemblyResolver.OnResolve: Microsoft.VisualStudio.TestPlatform.Fakes: Searching in: 'C:\Program Files\dotnet\sdk\7.0.100'.
TpTrace Information: 0 : 8916, 1, 2023/01/23, 12:09:30.734, 120286523193, vstest.console.dll, AssemblyResolver.OnResolve: Microsoft.VisualStudio.TestPlatform.Fakes: Assembly path does not exist: 'C:\Program Files\dotnet\sdk\7.0.100\Microsoft.VisualStudio.TestPlatform.Fakes.dll', returning.
TpTrace Information: 0 : 8916, 1, 2023/01/23, 12:09:30.734, 120286524027, vstest.console.dll, AssemblyResolver.OnResolve: Microsoft.VisualStudio.TestPlatform.Fakes: Assembly path does not exist: 'C:\Program Files\dotnet\sdk\7.0.100\Microsoft.VisualStudio.TestPlatform.Fakes.exe', returning.
TpTrace Information: 0 : 8916, 1, 2023/01/23, 12:09:30.734, 120286524548, vstest.console.dll, AssemblyResolver.OnResolve: Microsoft.VisualStudio.TestPlatform.Fakes: Failed to load assembly.
TpTrace Information: 0 : 8916, 1, 2023/01/23, 12:09:30.734, 120286527603, vstest.console.dll, Failed to load assembly Microsoft.VisualStudio.TestPlatform.Fakes, Version=17.0.0.0, Culture=neutral. Reason:System.IO.FileNotFoundException: Could not load file or assembly 'Microsoft.VisualStudio.TestPlatform.Fakes, Version=17.0.0.0, Culture=neutral, PublicKeyToken=null'. The system cannot find the file specified.
File name: 'Microsoft.VisualStudio.TestPlatform.Fakes, Version=17.0.0.0, Culture=neutral, PublicKeyToken=null'
   at System.Reflection.RuntimeAssembly.InternalLoad(AssemblyName assemblyName, StackCrawlMark& stackMark, AssemblyLoadContext assemblyLoadContext, RuntimeAssembly requestingAssembly, Boolean throwOnFileNotFound)
   at System.Reflection.Assembly.Load(AssemblyName assemblyRef)
   at Microsoft.VisualStudio.TestPlatform.Common.Utilities.FakesUtilities.LoadTestPlatformAssembly()
TpTrace Verbose: 0 : 8916, 1, 2023/01/23, 12:09:30.741, 120286593171, vstest.console.dll, TestPluginCache.DiscoverTestExtensions: finding test extensions in assemblies ends with: TestLogger.dll TPluginInfo: Microsoft.VisualStudio.TestPlatform.Common.ExtensionFramework.Utilities.TestLoggerPluginInformation TExtension: Microsoft.VisualStudio.TestPlatform.ObjectModel.Client.ITestLogger
TpTrace Verbose: 0 : 8916, 1, 2023/01/23, 12:09:30.741, 120286594776, vstest.console.dll, TestPluginCache.GetExtensionPaths: Filtered extension paths: 
TpTrace Verbose: 0 : 8916, 1, 2023/01/23, 12:09:30.741, 120286595515, vstest.console.dll, TestPluginCache.GetExtensionPaths: Added default extension paths: C:\Program Files\dotnet\sdk\7.0.100\Extensions\Microsoft.Diagnostics.NETCore.Client.dll
C:\Program Files\dotnet\sdk\7.0.100\Extensions\Microsoft.TestPlatform.Extensions.BlameDataCollector.dll
C:\Program Files\dotnet\sdk\7.0.100\Extensions\Microsoft.TestPlatform.Extensions.EventLogCollector.dll
C:\Program Files\dotnet\sdk\7.0.100\Extensions\Microsoft.TestPlatform.TestHostRuntimeProvider.dll
C:\Program Files\dotnet\sdk\7.0.100\Extensions\Microsoft.VisualStudio.TestPlatform.Extensions.Html.TestLogger.dll
C:\Program Files\dotnet\sdk\7.0.100\Extensions\Microsoft.VisualStudio.TestPlatform.Extensions.Trx.TestLogger.dll
TpTrace Verbose: 0 : 8916, 1, 2023/01/23, 12:09:30.741, 120286596129, vstest.console.dll, TestPluginCache.GetExtensionPaths: Added unfilterableExtensionPaths: 
TpTrace Information: 0 : 8916, 1, 2023/01/23, 12:09:30.741, 120286598397, vstest.console.dll, AssemblyResolver.AddSearchDirectories: Adding more searchDirectories C:\Program Files\dotnet\sdk\7.0.100\Extensions,C:\Program Files\dotnet\sdk\7.0.100
TpTrace Verbose: 0 : 8916, 1, 2023/01/23, 12:09:30.741, 120286599102, vstest.console.dll, TestPluginCache.DiscoverTestExtensions: Discovering the extensions using extension path.
TpTrace Verbose: 0 : 8916, 1, 2023/01/23, 12:09:30.741, 120286599663, vstest.console.dll, TestPluginCache.GetExtensionPaths: Filtered extension paths: 
TpTrace Verbose: 0 : 8916, 1, 2023/01/23, 12:09:30.741, 120286600175, vstest.console.dll, TestPluginCache.GetExtensionPaths: Added default extension paths: C:\Program Files\dotnet\sdk\7.0.100\Extensions\Microsoft.Diagnostics.NETCore.Client.dll
C:\Program Files\dotnet\sdk\7.0.100\Extensions\Microsoft.TestPlatform.Extensions.BlameDataCollector.dll
C:\Program Files\dotnet\sdk\7.0.100\Extensions\Microsoft.TestPlatform.Extensions.EventLogCollector.dll
C:\Program Files\dotnet\sdk\7.0.100\Extensions\Microsoft.TestPlatform.TestHostRuntimeProvider.dll
C:\Program Files\dotnet\sdk\7.0.100\Extensions\Microsoft.VisualStudio.TestPlatform.Extensions.Html.TestLogger.dll
C:\Program Files\dotnet\sdk\7.0.100\Extensions\Microsoft.VisualStudio.TestPlatform.Extensions.Trx.TestLogger.dll
TpTrace Verbose: 0 : 8916, 1, 2023/01/23, 12:09:30.741, 120286600673, vstest.console.dll, TestPluginCache.GetExtensionPaths: Added unfilterableExtensionPaths: 
TpTrace Verbose: 0 : 8916, 1, 2023/01/23, 12:09:30.741, 120286601200, vstest.console.dll, TestPluginCache.DiscoverTestExtensions: Discovering the extensions using allExtensionPaths: C:\Program Files\dotnet\sdk\7.0.100\Extensions\Microsoft.Diagnostics.NETCore.Client.dll
C:\Program Files\dotnet\sdk\7.0.100\Extensions\Microsoft.TestPlatform.Extensions.BlameDataCollector.dll
C:\Program Files\dotnet\sdk\7.0.100\Extensions\Microsoft.TestPlatform.Extensions.EventLogCollector.dll
C:\Program Files\dotnet\sdk\7.0.100\Extensions\Microsoft.TestPlatform.TestHostRuntimeProvider.dll
C:\Program Files\dotnet\sdk\7.0.100\Extensions\Microsoft.VisualStudio.TestPlatform.Extensions.Html.TestLogger.dll
C:\Program Files\dotnet\sdk\7.0.100\Extensions\Microsoft.VisualStudio.TestPlatform.Extensions.Trx.TestLogger.dll
TpTrace Information: 0 : 8916, 1, 2023/01/23, 12:09:30.741, 120286602698, vstest.console.dll, AssemblyResolver.AddSearchDirectories: Adding more searchDirectories C:\Program Files\dotnet\sdk\7.0.100\Extensions,C:\Program Files\dotnet\sdk\7.0.100
TpTrace Information: 0 : 8916, 1, 2023/01/23, 12:09:30.742, 120286603313, vstest.console.dll, AssemblyResolver.AddSearchDirectories: Adding more searchDirectories C:\Program Files\dotnet\sdk\7.0.100\Extensions,C:\Program Files\dotnet\sdk\7.0.100
TpTrace Information: 0 : 8916, 1, 2023/01/23, 12:09:30.742, 120286603842, vstest.console.dll, AssemblyResolver.AddSearchDirectories: Adding more searchDirectories C:\Program Files\dotnet\sdk\7.0.100\Extensions,C:\Program Files\dotnet\sdk\7.0.100
TpTrace Information: 0 : 8916, 1, 2023/01/23, 12:09:30.742, 120286604344, vstest.console.dll, AssemblyResolver.AddSearchDirectories: Adding more searchDirectories C:\Program Files\dotnet\sdk\7.0.100\Extensions,C:\Program Files\dotnet\sdk\7.0.100
TpTrace Information: 0 : 8916, 1, 2023/01/23, 12:09:30.742, 120286604841, vstest.console.dll, AssemblyResolver.AddSearchDirectories: Adding more searchDirectories C:\Program Files\dotnet\sdk\7.0.100\Extensions,C:\Program Files\dotnet\sdk\7.0.100
TpTrace Information: 0 : 8916, 1, 2023/01/23, 12:09:30.742, 120286605334, vstest.console.dll, AssemblyResolver.AddSearchDirectories: Adding more searchDirectories C:\Program Files\dotnet\sdk\7.0.100\Extensions,C:\Program Files\dotnet\sdk\7.0.100
TpTrace Verbose: 0 : 8916, 1, 2023/01/23, 12:09:30.742, 120286607258, vstest.console.dll, MetadataReaderExtensionsHelper: Discovering extensions inside assembly 'Microsoft.Diagnostics.NETCore.Client, Version=0.2.6.42401, Culture=neutral, PublicKeyToken=31bf3856ad364e35' file path 'C:\Program Files\dotnet\sdk\7.0.100\Extensions\Microsoft.Diagnostics.NETCore.Client.dll'
TpTrace Information: 0 : 8916, 1, 2023/01/23, 12:09:30.743, 120286613892, vstest.console.dll, AssemblyResolver.OnResolve: Microsoft.Bcl.AsyncInterfaces: Resolving assembly.
TpTrace Information: 0 : 8916, 1, 2023/01/23, 12:09:30.743, 120286614668, vstest.console.dll, AssemblyResolver.OnResolve: Microsoft.Bcl.AsyncInterfaces: Resolved from cache.
TpTrace Verbose: 0 : 8916, 1, 2023/01/23, 12:09:30.743, 120286615195, vstest.console.dll, CurrentDomainAssemblyResolve: Resolving assembly 'Microsoft.Bcl.AsyncInterfaces'.
TpTrace Information: 0 : 8916, 1, 2023/01/23, 12:09:30.743, 120286615940, vstest.console.dll, AssemblyResolver.OnResolve: Microsoft.Bcl.AsyncInterfaces: Resolving assembly.
TpTrace Information: 0 : 8916, 1, 2023/01/23, 12:09:30.743, 120286616426, vstest.console.dll, AssemblyResolver.OnResolve: Microsoft.Bcl.AsyncInterfaces: Resolved from cache.
TpTrace Verbose: 0 : 8916, 1, 2023/01/23, 12:09:30.743, 120286616880, vstest.console.dll, CurrentDomainAssemblyResolve: Resolving assembly 'Microsoft.Bcl.AsyncInterfaces'.
TpTrace Verbose: 0 : 8916, 1, 2023/01/23, 12:09:30.743, 120286617334, vstest.console.dll, CurrentDomainAssemblyResolve: Failed to resolve assembly 'Microsoft.Bcl.AsyncInterfaces'.
TpTrace Verbose: 0 : 8916, 1, 2023/01/23, 12:09:30.743, 120286619480, vstest.console.dll, CurrentDomainAssemblyResolve: Failed to resolve assembly 'Microsoft.Bcl.AsyncInterfaces'.
TpTrace Warning: 0 : 8916, 1, 2023/01/23, 12:09:30.744, 120286625136, vstest.console.dll, TestPluginDiscoverer: Failed to get types from assembly 'Microsoft.Diagnostics.NETCore.Client, Version=0.2.6.42401, Culture=neutral, PublicKeyToken=31bf3856ad364e35'. Error: System.Reflection.ReflectionTypeLoadException: Unable to load one or more of the requested types.
Could not load file or assembly 'Microsoft.Bcl.AsyncInterfaces, Version=1.0.0.0, Culture=neutral, PublicKeyToken=cc7b13ffcd2ddd51'. The system cannot find the file specified.
   at System.Reflection.RuntimeModule.GetTypes(RuntimeModule module)
   at System.Reflection.Assembly.GetTypes()
   at Microsoft.VisualStudio.TestPlatform.Common.ExtensionFramework.TestPluginDiscoverer.GetTestExtensionsFromAssembly[TPluginInfo,TExtension](Assembly assembly, Dictionary`2 pluginInfos, String filePath)
System.IO.FileNotFoundException: Could not load file or assembly 'Microsoft.Bcl.AsyncInterfaces, Version=1.0.0.0, Culture=neutral, PublicKeyToken=cc7b13ffcd2ddd51'. The system cannot find the file specified.
File name: 'Microsoft.Bcl.AsyncInterfaces, Version=1.0.0.0, Culture=neutral, PublicKeyToken=cc7b13ffcd2ddd51'
 ---> System.IO.FileNotFoundException: Could not load file or assembly 'Microsoft.Bcl.AsyncInterfaces, Culture=neutral, PublicKeyToken=null'. The system cannot find the file specified.
File name: 'Microsoft.Bcl.AsyncInterfaces, Culture=neutral, PublicKeyToken=null'
   at System.Reflection.RuntimeAssembly.InternalLoad(AssemblyName assemblyName, StackCrawlMark& stackMark, AssemblyLoadContext assemblyLoadContext, RuntimeAssembly requestingAssembly, Boolean throwOnFileNotFound)
   at System.Reflection.Assembly.Load(AssemblyName assemblyRef)
   at Microsoft.VisualStudio.TestPlatform.Common.ExtensionFramework.TestPluginCache.CurrentDomainAssemblyResolve(Object sender, AssemblyResolveEventArgs args)
   at System.Runtime.Loader.AssemblyLoadContext.GetFirstResolvedAssemblyFromResolvingEvent(AssemblyName assemblyName)
   at System.Runtime.Loader.AssemblyLoadContext.ResolveUsingEvent(AssemblyName assemblyName)
   at System.Runtime.Loader.AssemblyLoadContext.ResolveUsingResolvingEvent(IntPtr gchManagedAssemblyLoadContext, AssemblyName assemblyName)
TpTrace Warning: 0 : 8916, 1, 2023/01/23, 12:09:30.744, 120286628173, vstest.console.dll, LoaderExceptions: System.IO.FileNotFoundException: Could not load file or assembly 'Microsoft.Bcl.AsyncInterfaces, Version=1.0.0.0, Culture=neutral, PublicKeyToken=cc7b13ffcd2ddd51'. The system cannot find the file specified.
File name: 'Microsoft.Bcl.AsyncInterfaces, Version=1.0.0.0, Culture=neutral, PublicKeyToken=cc7b13ffcd2ddd51'
 ---> System.IO.FileNotFoundException: Could not load file or assembly 'Microsoft.Bcl.AsyncInterfaces, Culture=neutral, PublicKeyToken=null'. The system cannot find the file specified.
File name: 'Microsoft.Bcl.AsyncInterfaces, Culture=neutral, PublicKeyToken=null'
   at System.Reflection.RuntimeAssembly.InternalLoad(AssemblyName assemblyName, StackCrawlMark& stackMark, AssemblyLoadContext assemblyLoadContext, RuntimeAssembly requestingAssembly, Boolean throwOnFileNotFound)
   at System.Reflection.Assembly.Load(AssemblyName assemblyRef)
   at Microsoft.VisualStudio.TestPlatform.Common.ExtensionFramework.TestPluginCache.CurrentDomainAssemblyResolve(Object sender, AssemblyResolveEventArgs args)
   at System.Runtime.Loader.AssemblyLoadContext.GetFirstResolvedAssemblyFromResolvingEvent(AssemblyName assemblyName)
   at System.Runtime.Loader.AssemblyLoadContext.ResolveUsingEvent(AssemblyName assemblyName)
   at System.Runtime.Loader.AssemblyLoadContext.ResolveUsingResolvingEvent(IntPtr gchManagedAssemblyLoadContext, AssemblyName assemblyName)
TpTrace Verbose: 0 : 8916, 1, 2023/01/23, 12:09:30.744, 120286629463, vstest.console.dll, MetadataReaderExtensionsHelper: Discovering extensions inside assembly 'Microsoft.TestPlatform.Extensions.BlameDataCollector, Version=15.0.0.0, Culture=neutral, PublicKeyToken=b03f5f7f11d50a3a' file path 'C:\Program Files\dotnet\sdk\7.0.100\Extensions\Microsoft.TestPlatform.Extensions.BlameDataCollector.dll'
TpTrace Information: 0 : 8916, 1, 2023/01/23, 12:09:30.745, 120286636453, vstest.console.dll, GetTestExtensionFromType: Register extension with identifier data 'logger://Microsoft/TestPlatform/Extensions/Blame/v1' and type 'Microsoft.TestPlatform.Extensions.BlameDataCollector.BlameLogger, Microsoft.TestPlatform.Extensions.BlameDataCollector, Version=15.0.0.0, Culture=neutral, PublicKeyToken=b03f5f7f11d50a3a' inside file 'C:\Program Files\dotnet\sdk\7.0.100\Extensions\Microsoft.TestPlatform.Extensions.BlameDataCollector.dll'
TpTrace Verbose: 0 : 8916, 1, 2023/01/23, 12:09:30.745, 120286637674, vstest.console.dll, MetadataReaderExtensionsHelper: Discovering extensions inside assembly 'Microsoft.TestPlatform.Extensions.EventLogCollector, Version=15.0.0.0, Culture=neutral, PublicKeyToken=b03f5f7f11d50a3a' file path 'C:\Program Files\dotnet\sdk\7.0.100\Extensions\Microsoft.TestPlatform.Extensions.EventLogCollector.dll'
TpTrace Verbose: 0 : 8916, 1, 2023/01/23, 12:09:30.746, 120286642847, vstest.console.dll, MetadataReaderExtensionsHelper: Discovering extensions inside assembly 'Microsoft.TestPlatform.TestHostRuntimeProvider, Version=15.0.0.0, Culture=neutral, PublicKeyToken=b03f5f7f11d50a3a' file path 'C:\Program Files\dotnet\sdk\7.0.100\Extensions\Microsoft.TestPlatform.TestHostRuntimeProvider.dll'
TpTrace Verbose: 0 : 8916, 1, 2023/01/23, 12:09:30.746, 120286646962, vstest.console.dll, MetadataReaderExtensionsHelper: Discovering extensions inside assembly 'Microsoft.VisualStudio.TestPlatform.Extensions.Html.TestLogger, Version=15.0.0.0, Culture=neutral, PublicKeyToken=b03f5f7f11d50a3a' file path 'C:\Program Files\dotnet\sdk\7.0.100\Extensions\Microsoft.VisualStudio.TestPlatform.Extensions.Html.TestLogger.dll'
TpTrace Information: 0 : 8916, 1, 2023/01/23, 12:09:30.747, 120286654695, vstest.console.dll, GetTestExtensionFromType: Register extension with identifier data 'logger://Microsoft/TestPlatform/HtmlLogger/v1' and type 'Microsoft.VisualStudio.TestPlatform.Extensions.HtmlLogger.HtmlLogger, Microsoft.VisualStudio.TestPlatform.Extensions.Html.TestLogger, Version=15.0.0.0, Culture=neutral, PublicKeyToken=b03f5f7f11d50a3a' inside file 'C:\Program Files\dotnet\sdk\7.0.100\Extensions\Microsoft.VisualStudio.TestPlatform.Extensions.Html.TestLogger.dll'
TpTrace Verbose: 0 : 8916, 1, 2023/01/23, 12:09:30.747, 120286655887, vstest.console.dll, MetadataReaderExtensionsHelper: Discovering extensions inside assembly 'Microsoft.VisualStudio.TestPlatform.Extensions.Trx.TestLogger, Version=15.0.0.0, Culture=neutral, PublicKeyToken=b03f5f7f11d50a3a' file path 'C:\Program Files\dotnet\sdk\7.0.100\Extensions\Microsoft.VisualStudio.TestPlatform.Extensions.Trx.TestLogger.dll'
TpTrace Information: 0 : 8916, 1, 2023/01/23, 12:09:30.747, 120286661230, vstest.console.dll, GetTestExtensionFromType: Register extension with identifier data 'logger://Microsoft/TestPlatform/TrxLogger/v1' and type 'Microsoft.VisualStudio.TestPlatform.Extensions.TrxLogger.TrxLogger, Microsoft.VisualStudio.TestPlatform.Extensions.Trx.TestLogger, Version=15.0.0.0, Culture=neutral, PublicKeyToken=b03f5f7f11d50a3a' inside file 'C:\Program Files\dotnet\sdk\7.0.100\Extensions\Microsoft.VisualStudio.TestPlatform.Extensions.Trx.TestLogger.dll'
TpTrace Verbose: 0 : 8916, 1, 2023/01/23, 12:09:30.747, 120286662676, vstest.console.dll, TestPluginCache: Discovered the extensions using extension path ''.
TpTrace Verbose: 0 : 8916, 1, 2023/01/23, 12:09:30.748, 120286663280, vstest.console.dll, TestPluginCache: Discoverers are ''.
TpTrace Verbose: 0 : 8916, 1, 2023/01/23, 12:09:30.748, 120286663748, vstest.console.dll, TestPluginCache: Executors are ''.
TpTrace Verbose: 0 : 8916, 1, 2023/01/23, 12:09:30.748, 120286664180, vstest.console.dll, TestPluginCache: Executors2 are ''.
TpTrace Verbose: 0 : 8916, 1, 2023/01/23, 12:09:30.748, 120286664598, vstest.console.dll, TestPluginCache: Setting providers are ''.
TpTrace Verbose: 0 : 8916, 1, 2023/01/23, 12:09:30.748, 120286665638, vstest.console.dll, TestPluginCache: Loggers are 'logger://Microsoft/TestPlatform/Extensions/Blame/v1,logger://Microsoft/TestPlatform/HtmlLogger/v1,logger://Microsoft/TestPlatform/TrxLogger/v1'.
TpTrace Verbose: 0 : 8916, 1, 2023/01/23, 12:09:30.748, 120286666368, vstest.console.dll, TestPluginCache: TestHosts are 'HostProvider://DefaultTestHost,HostProvider://DotnetTestHost'.
TpTrace Verbose: 0 : 8916, 1, 2023/01/23, 12:09:30.748, 120286666853, vstest.console.dll, TestPluginCache: DataCollectors are ''.
TpTrace Information: 0 : 8916, 1, 2023/01/23, 12:09:30.749, 120286681245, vstest.console.dll, TestPluginManager.CreateTestExtension: Attempting to load test extension: Microsoft.TestPlatform.Extensions.BlameDataCollector.BlameLogger
TpTrace Verbose: 0 : 8916, 1, 2023/01/23, 12:09:30.760, 120286787049, vstest.console.dll, TestEngine: Initializing Parallel Execution as MaxCpuCount is set to: 1
TpTrace Information: 0 : 8916, 1, 2023/01/23, 12:09:30.762, 120286808510, vstest.console.dll, TestPluginManager.CreateTestExtension: Attempting to load test extension: Microsoft.VisualStudio.TestPlatform.CrossPlatEngine.Hosting.DefaultTestHostManager
TpTrace Information: 0 : 8916, 1, 2023/01/23, 12:09:30.763, 120286818968, vstest.console.dll, TestPluginManager.CreateTestExtension: Attempting to load test extension: Microsoft.VisualStudio.TestPlatform.CrossPlatEngine.Hosting.DotnetTestHostManager
TpTrace Information: 0 : 8916, 1, 2023/01/23, 12:09:30.764, 120286829154, vstest.console.dll, InferRunSettingsHelper.IsTestSettingsEnabled: Unable to navigate to RunSettings/MSTest. Current node: RunSettings
TpTrace Verbose: 0 : 8916, 1, 2023/01/23, 12:09:30.772, 120286908068, vstest.console.dll, TestEngine.GetExecutionManager: Chosen execution manager 'Microsoft.VisualStudio.TestPlatform.CrossPlatEngine.Client.Parallel.ParallelProxyExecutionManager, Microsoft.TestPlatform.CrossPlatEngine, Version=15.0.0.0, Culture=neutral, PublicKeyToken=b03f5f7f11d50a3a' ParallelLevel '1'.
TpTrace Verbose: 0 : 8916, 1, 2023/01/23, 12:09:30.772, 120286910117, vstest.console.dll, TestRunRequest.ExecuteAsync: Creating test run request.
TpTrace Verbose: 0 : 8916, 1, 2023/01/23, 12:09:30.773, 120286913038, vstest.console.dll, TestRunRequest.ExecuteAsync: Starting.
TpTrace Information: 0 : 8916, 1, 2023/01/23, 12:09:30.773, 120286916183, vstest.console.dll, TestRunRequest.ExecuteAsync: Starting run with settings:TestRunCriteria:
   KeepAlive=False,FrequencyOfRunStatsChangeEvent=10,RunStatsChangeEventTimeout=00:00:01.5000000,TestCaseFilter=,TestExecutorLauncher=
   Settingsxml=<RunSettings>
  <RunConfiguration>
    <ResultsDirectory>D:\SOFTUNI\SoftuniSvetlina-Courses\C#\OOP-Advanced\02.Unit-Testing\Collections.Tests\bin\Debug\net5.0\fine-code-coverage\coverage-tool-output</ResultsDirectory>
    <TargetPlatform>X64</TargetPlatform>
    <TargetFrameworkVersion>.NETCoreApp,Version=v5.0</TargetFrameworkVersion>
    <DesignMode>False</DesignMode>
    <CollectSourceInformation>False</CollectSourceInformation>
  </RunConfiguration>
  <LoggerRunSettings>
    <Loggers>
      <Logger friendlyName="blame" enabled="True" />
      <Logger friendlyName="Console" uri="logger://microsoft/TestPlatform/ConsoleLogger/v1" assemblyQualifiedName="Microsoft.VisualStudio.TestPlatform.CommandLine.Internal.ConsoleLogger, vstest.console, Version=15.0.0.0, Culture=neutral, PublicKeyToken=b03f5f7f11d50a3a" codeBase="C:\Program Files\dotnet\sdk\7.0.100\vstest.console.dll" enabled="True" />
    </Loggers>
  </LoggerRunSettings>
  <DataCollectionRunSettings>
    <DataCollectors>
      <DataCollector friendlyName="blame" enabled="True">
        <Configuration>
          <ResultsDirectory>D:\SOFTUNI\SoftuniSvetlina-Courses\C#\OOP-Advanced\02.Unit-Testing\Collections.Tests\bin\Debug\net5.0\fine-code-coverage\coverage-tool-output</ResultsDirectory>
        </Configuration>
      </DataCollector>
    </DataCollectors>
  </DataCollectionRunSettings>
</RunSettings>

TpTrace Verbose: 0 : 8916, 1, 2023/01/23, 12:09:30.773, 120286916824, vstest.console.dll, TestRunRequest.ExecuteAsync: Wait for the first run request is over.
TpTrace Verbose: 0 : 8916, 1, 2023/01/23, 12:09:30.773, 120286920574, vstest.console.dll, MulticastDelegateUtilities.SafeInvoke: TestRun.TestRunStart: Invoking callbacks was skipped because there are no subscribers.
TpTrace Verbose: 0 : 8916, 4, 2023/01/23, 12:09:30.774, 120286923630, vstest.console.dll, MulticastDelegateUtilities.SafeInvoke: InternalTestLoggerEvents.SendTestRunStart: Invoking callback 1/1 for Microsoft.VisualStudio.TestPlatform.CommandLine.Internal.ConsoleLogger., took 0 ms.
TpTrace Verbose: 0 : 8916, 1, 2023/01/23, 12:09:30.775, 120286939938, vstest.console.dll, ParallelProxyExecutionManager: Start execution. Total sources: 1
TpTrace Verbose: 0 : 8916, 1, 2023/01/23, 12:09:30.777, 120286961944, vstest.console.dll, TestRequestSender is acting as server.
TpTrace Verbose: 0 : 8916, 1, 2023/01/23, 12:09:30.779, 120286979125, vstest.console.dll, DataCollectionRequestSender.InitializeCommunication : Initialize communication. 
TpTrace Information: 0 : 8916, 1, 2023/01/23, 12:09:30.785, 120287041924, vstest.console.dll, Listening on Endpoint : 127.0.0.1:54610
TpTrace Verbose: 0 : 8916, 1, 2023/01/23, 12:09:30.795, 120287137451, vstest.console.dll, DotnetDataCollectionLauncher: Adding  --runtimeconfig "C:\Program Files\dotnet\sdk\7.0.100\datacollector.runtimeconfig.json" in args
TpTrace Verbose: 0 : 8916, 1, 2023/01/23, 12:09:30.795, 120287139079, vstest.console.dll, DotnetDataCollectionLauncher: Adding  --depsfile "C:\Program Files\dotnet\sdk\7.0.100\datacollector.deps.json" in args
TpTrace Verbose: 0 : 8916, 1, 2023/01/23, 12:09:30.795, 120287142043, vstest.console.dll, DotnetDataCollectionLauncher: Full path of dotnet.exe is C:\Program Files\dotnet\dotnet.exe
TpTrace Information: 0 : 8916, 1, 2023/01/23, 12:09:30.804, 120287228231, vstest.console.dll, ProxyDataCollectionManager.Initialize: Launched datacollector processId: 11744 port: 54610
TpTrace Information: 0 : 8916, 1, 2023/01/23, 12:09:30.804, 120287231194, vstest.console.dll, ProxyDataCollectionManager.Initialize: waiting for connection with timeout: 90 seconds
TpTrace Verbose: 0 : 8916, 1, 2023/01/23, 12:09:30.804, 120287232791, vstest.console.dll, DataCollectionRequestSender.WaitForRequestHandlerConnection : Waiting for connection with timeout: 90000
TpTrace Information: 0 : 8916, 7, 2023/01/23, 12:09:31.043, 120289621864, vstest.console.dll, Using the buffer size of 16384 bytes
TpTrace Verbose: 0 : 8916, 1, 2023/01/23, 12:09:31.043, 120289622007, vstest.console.dll, SocketCommunicationManager.WaitForClientConnection took: 238 ms, with 90000 ms timeout, and finished with True.
TpTrace Information: 0 : 8916, 7, 2023/01/23, 12:09:31.044, 120289623891, vstest.console.dll, Accepted Client request and set the flag
TpTrace Verbose: 0 : 8916, 1, 2023/01/23, 12:09:31.044, 120289625957, vstest.console.dll, ProxyDataCollectionManager.InvokeDataCollectionServiceAction: Starting.
TpTrace Information: 0 : 8916, 1, 2023/01/23, 12:09:31.044, 120289627433, vstest.console.dll, ProxyDataCollectionManager.BeforeTestRunStart: Get environment variable and port for datacollector processId: 11744 port: 54610
TpTrace Verbose: 0 : 8916, 1, 2023/01/23, 12:09:31.045, 120289635385, vstest.console.dll, DataCollectionRequestSender.SendBeforeTestRunStartAndGetResult: Send BeforeTestRunStart message with settingsXml <RunSettings><RunConfiguration><ResultsDirectory>D:\SOFTUNI\SoftuniSvetlina-Courses\C#\OOP-Advanced\02.Unit-Testing\Collections.Tests\bin\Debug\net5.0\fine-code-coverage\coverage-tool-output</ResultsDirectory><TargetPlatform>X64</TargetPlatform><TargetFrameworkVersion>.NETCoreApp,Version=v5.0</TargetFrameworkVersion><DesignMode>False</DesignMode><CollectSourceInformation>False</CollectSourceInformation><TestAdaptersPaths>C:\Program Files\dotnet\sdk\7.0.100\Extensions</TestAdaptersPaths></RunConfiguration><LoggerRunSettings><Loggers><Logger friendlyName="blame" enabled="True" /><Logger friendlyName="Console" uri="logger://microsoft/TestPlatform/ConsoleLogger/v1" assemblyQualifiedName="Microsoft.VisualStudio.TestPlatform.CommandLine.Internal.ConsoleLogger, vstest.console, Version=15.0.0.0, Culture=neutral, PublicKeyToken=b03f5f7f11d50a3a" codeBase="C:\Program Files\dotnet\sdk\7.0.100\vstest.console.dll" enabled="True" /></Loggers></LoggerRunSettings><DataCollectionRunSettings><DataCollectors><DataCollector friendlyName="blame" enabled="True"><Configuration><ResultsDirectory>D:\SOFTUNI\SoftuniSvetlina-Courses\C#\OOP-Advanced\02.Unit-Testing\Collections.Tests\bin\Debug\net5.0\fine-code-coverage\coverage-tool-output</ResultsDirectory></Configuration></DataCollector></DataCollectors></DataCollectionRunSettings></RunSettings> and sources System.Collections.Generic.List`1[System.String]: 
TpTrace Verbose: 0 : 8916, 1, 2023/01/23, 12:09:31.207, 120291260551, vstest.console.dll, DataCollectionRequestSender.SendBeforeTestRunStartAndGetResult: Received message: (DataCollection.SendMessage) -> {"MessageType":"DataCollection.SendMessage","Payload":{"FriendlyName":null,"Uri":null,"TestCaseId":"00000000-0000-0000-0000-000000000000","Message":"Logging DataCollector Diagnostics in file: D:\\SOFTUNI\\SoftuniSvetlina-Courses\\C#\\OOP-Advanced\\02.Unit-Testing\\Collections.Tests\\bin\\Debug\\net5.0\\fine-code-coverage\\coverage-tool-output\\diagnostics.datacollector.23-01-23_12-09-30_79507_1.log","Level":0}}
TpTrace Verbose: 0 : 8916, 1, 2023/01/23, 12:09:31.330, 120292485982, vstest.console.dll, DataCollectionRequestSender.SendBeforeTestRunStartAndGetResult: Received message: (DataCollection.BeforeTestRunStartResult) -> {"MessageType":"DataCollection.BeforeTestRunStartResult","Payload":{"EnvironmentVariables":{},"DataCollectionEventsPort":54612}}
TpTrace Information: 0 : 8916, 1, 2023/01/23, 12:09:31.337, 120292557497, vstest.console.dll, ProxyDataCollectionManager.BeforeTestRunStart: SendBeforeTestRunStartAndGetResult successful, env variable from datacollector:   and testhost port: 54612
TpTrace Information: 0 : 8916, 1, 2023/01/23, 12:09:31.337, 120292558854, vstest.console.dll, ProxyDataCollectionManager.InvokeDataCollectionServiceAction: Completed.
TpTrace Verbose: 0 : 8916, 10, 2023/01/23, 12:09:31.337, 120292560390, vstest.console.dll, ParallelProxyExecutionManager: Execution started. Started clients: 1
TpTrace Verbose: 0 : 8916, 1, 2023/01/23, 12:09:31.337, 120292560997, vstest.console.dll, ProxyParallelExecutionManager: No sources available for execution.
TpTrace Information: 0 : 8916, 1, 2023/01/23, 12:09:31.337, 120292562361, vstest.console.dll, TestRunRequest.ExecuteAsync: Started.
TpTrace Verbose: 0 : 8916, 1, 2023/01/23, 12:09:31.338, 120292563492, vstest.console.dll, TestRunRequest.WaitForCompletion: Waiting with timeout -1.
TpTrace Verbose: 0 : 8916, 10, 2023/01/23, 12:09:31.338, 120292565294, vstest.console.dll, TestRunRequest:SendTestRunMessage: Starting.
TpTrace Verbose: 0 : 8916, 4, 2023/01/23, 12:09:31.338, 120292567647, vstest.console.dll, MulticastDelegateUtilities.SafeInvoke: InternalTestLoggerEvents.SendTestRunMessage: Invoking callback 1/1 for Microsoft.VisualStudio.TestPlatform.CommandLine.Internal.ConsoleLogger., took 0 ms.
TpTrace Verbose: 0 : 8916, 10, 2023/01/23, 12:09:31.338, 120292567686, vstest.console.dll, MulticastDelegateUtilities.SafeInvoke: TestRun.LogMessages: Invoking callback 1/1 for Microsoft.VisualStudio.TestPlatform.CommandLine.TestRunResultAggregator., took 0 ms.
TpTrace Information: 0 : 8916, 10, 2023/01/23, 12:09:31.338, 120292569096, vstest.console.dll, TestRunRequest:SendTestRunMessage: Completed.
TpTrace Verbose: 0 : 8916, 10, 2023/01/23, 12:09:31.338, 120292571890, vstest.console.dll, ProxyExecutionManager: Test host is always Lazy initialize.
TpTrace Verbose: 0 : 8916, 10, 2023/01/23, 12:09:31.339, 120292575948, vstest.console.dll, TestRequestSender.InitializeCommunication: initialize communication. 
TpTrace Information: 0 : 8916, 10, 2023/01/23, 12:09:31.340, 120292583531, vstest.console.dll, SocketServer.Start: Listening on endpoint : 127.0.0.1:54613
TpTrace Verbose: 0 : 8916, 10, 2023/01/23, 12:09:31.341, 120292596717, vstest.console.dll, DotnetTestHostmanager.GetTestHostProcessStartInfo: Platform environment 'X64' target architecture 'X64' framework '.NETCoreApp,Version=v5.0' OS 'Windows'
TpTrace Verbose: 0 : 8916, 10, 2023/01/23, 12:09:31.341, 120292599338, vstest.console.dll, DotnetTestHostmanager: Adding  --runtimeconfig "D:\SOFTUNI\SoftuniSvetlina-Courses\C#\OOP-Advanced\02.Unit-Testing\Collections.Tests\bin\Debug\net5.0\fine-code-coverage\build-output\Collections.Tests.runtimeconfig.json" in args
TpTrace Verbose: 0 : 8916, 10, 2023/01/23, 12:09:31.341, 120292600375, vstest.console.dll, DotnetTestHostmanager: Adding  --depsfile "D:\SOFTUNI\SoftuniSvetlina-Courses\C#\OOP-Advanced\02.Unit-Testing\Collections.Tests\bin\Debug\net5.0\fine-code-coverage\build-output\Collections.Tests.deps.json" in args
TpTrace Verbose: 0 : 8916, 10, 2023/01/23, 12:09:31.342, 120292603573, vstest.console.dll, DotnetTestHostmanager.IsWinOnArm: Current PROCESSOR_ARCHITECTURE from environment variable 'AMD64'
TpTrace Verbose: 0 : 8916, 10, 2023/01/23, 12:09:31.342, 120292604547, vstest.console.dll, DotnetTestHostmanager.IsWinOnArm: Is Windows on ARM 'False'
TpTrace Verbose: 0 : 8916, 10, 2023/01/23, 12:09:31.342, 120292605433, vstest.console.dll, DotnetTestHostManager: testhost.exe found at path: D:\SOFTUNI\SoftuniSvetlina-Courses\C#\OOP-Advanced\02.Unit-Testing\Collections.Tests\bin\Debug\net5.0\fine-code-coverage\build-output\testhost.exe
TpTrace Verbose: 0 : 8916, 10, 2023/01/23, 12:09:31.342, 120292606118, vstest.console.dll, DotnetTestHostmanager: Full path of host exe is D:\SOFTUNI\SoftuniSvetlina-Courses\C#\OOP-Advanced\02.Unit-Testing\Collections.Tests\bin\Debug\net5.0\fine-code-coverage\build-output\testhost.exe
TpTrace Verbose: 0 : 8916, 10, 2023/01/23, 12:09:31.342, 120292608370, vstest.console.dll, DotnetTestHostmanager.LaunchTestHostAsync: Found 'VSTEST_WINAPPHOST_DOTNET_ROOT' in env variables, value 'C:\Program Files\dotnet', forwarding to 'DOTNET_ROOT'
TpTrace Verbose: 0 : 8916, 10, 2023/01/23, 12:09:31.342, 120292611154, vstest.console.dll, DotnetTestHostManager: Starting process 'D:\SOFTUNI\SoftuniSvetlina-Courses\C#\OOP-Advanced\02.Unit-Testing\Collections.Tests\bin\Debug\net5.0\fine-code-coverage\build-output\testhost.exe' with command line ' --runtimeconfig "D:\SOFTUNI\SoftuniSvetlina-Courses\C#\OOP-Advanced\02.Unit-Testing\Collections.Tests\bin\Debug\net5.0\fine-code-coverage\build-output\Collections.Tests.runtimeconfig.json" --depsfile "D:\SOFTUNI\SoftuniSvetlina-Courses\C#\OOP-Advanced\02.Unit-Testing\Collections.Tests\bin\Debug\net5.0\fine-code-coverage\build-output\Collections.Tests.deps.json" --port 54613 --endpoint 127.0.0.1:054613 --role client --parentprocessid 8916 --diag "D:\SOFTUNI\SoftuniSvetlina-Courses\C#\OOP-Advanced\02.Unit-Testing\Collections.Tests\bin\Debug\net5.0\fine-code-coverage\coverage-tool-output\diagnostics.host.23-01-23_12-09-31_34075_10.log" --tracelevel 4 --datacollectionport 54612 --telemetryoptedin false'
TpTrace Verbose: 0 : 8916, 10, 2023/01/23, 12:09:31.349, 120292682065, vstest.console.dll, MulticastDelegateUtilities.SafeInvoke: HostProviderEvents.OnHostLaunched: Invoking callback 1/2 for Microsoft.VisualStudio.TestPlatform.CrossPlatEngine.Client.ProxyExecutionManagerWithDataCollection., took 2 ms.
TpTrace Verbose: 0 : 8916, 10, 2023/01/23, 12:09:31.351, 120292694639, vstest.console.dll, Test Runtime launched
TpTrace Verbose: 0 : 8916, 10, 2023/01/23, 12:09:31.351, 120292696614, vstest.console.dll, MulticastDelegateUtilities.SafeInvoke: HostProviderEvents.OnHostLaunched: Invoking callback 2/2 for Microsoft.VisualStudio.TestPlatform.CrossPlatEngine.Client.ProxyOperationManager., took 1 ms.
TpTrace Verbose: 0 : 8916, 10, 2023/01/23, 12:09:31.351, 120292699371, vstest.console.dll, TestRequestSender.WaitForRequestHandlerConnection: waiting for connection with timeout: 90000.
TpTrace Verbose: 0 : 8916, 10, 2023/01/23, 12:09:31.859, 120297773381, vstest.console.dll, TestRequestSender.WaitForRequestHandlerConnection: waiting took 507 ms, with timeout 90000 ms, and result 0, which is success.
TpTrace Verbose: 0 : 8916, 7, 2023/01/23, 12:09:31.859, 120297778244, vstest.console.dll, MulticastDelegateUtilities.SafeInvoke: SocketServer: ClientConnected: Invoking callback 1/1 for Microsoft.VisualStudio.TestPlatform.CommunicationUtilities.TestRequestSender., took 0 ms.
TpTrace Verbose: 0 : 8916, 7, 2023/01/23, 12:09:31.859, 120297779343, vstest.console.dll, SocketServer.OnClientConnected: Client connected for endPoint: 127.0.0.1:54613, starting MessageLoopAsync:
TpTrace Verbose: 0 : 8916, 7, 2023/01/23, 12:09:31.860, 120297783089, vstest.console.dll, TcpClientExtensions.MessageLoopAsync: Polling on remoteEndPoint: 127.0.0.1:54614 localEndPoint: 127.0.0.1:54613
TpTrace Verbose: 0 : 8916, 10, 2023/01/23, 12:09:31.861, 120297793160, vstest.console.dll, TestRequestSender.CheckVersionWithTestHost: Sending check version message: {"MessageType":"ProtocolVersion","Payload":7}
TpTrace Verbose: 0 : 8916, 7, 2023/01/23, 12:09:32.129, 120300479126, vstest.console.dll, TcpClientExtensions.MessageLoopAsync: NotifyDataAvailable remoteEndPoint: 127.0.0.1:54614 localEndPoint: 127.0.0.1:54613
TpTrace Verbose: 0 : 8916, 7, 2023/01/23, 12:09:32.129, 120300482288, vstest.console.dll, TestRequestSender.CheckVersionWithTestHost: onMessageReceived received message: (ProtocolVersion) -> {"MessageType":"ProtocolVersion","Payload":5}
TpTrace Verbose: 0 : 8916, 7, 2023/01/23, 12:09:32.131, 120300494830, vstest.console.dll, MulticastDelegateUtilities.SafeInvoke: LengthPrefixCommunicationChannel: MessageReceived: Invoking callback 1/1 for Microsoft.VisualStudio.TestPlatform.CommunicationUtilities.TestRequestSender+<>c__DisplayClass26_0., took 1 ms.
TpTrace Verbose: 0 : 8916, 10, 2023/01/23, 12:09:32.131, 120300496311, vstest.console.dll, TestPluginCache.GetExtensionPaths: Filtered extension paths: 
TpTrace Verbose: 0 : 8916, 7, 2023/01/23, 12:09:32.131, 120300496811, vstest.console.dll, TcpClientExtensions.MessageLoopAsync: Polling on remoteEndPoint: 127.0.0.1:54614 localEndPoint: 127.0.0.1:54613
TpTrace Verbose: 0 : 8916, 10, 2023/01/23, 12:09:32.131, 120300497913, vstest.console.dll, TestPluginCache.GetExtensionPaths: Added default extension paths: C:\Program Files\dotnet\sdk\7.0.100\Extensions\Microsoft.Diagnostics.NETCore.Client.dll
C:\Program Files\dotnet\sdk\7.0.100\Extensions\Microsoft.TestPlatform.Extensions.BlameDataCollector.dll
C:\Program Files\dotnet\sdk\7.0.100\Extensions\Microsoft.TestPlatform.Extensions.EventLogCollector.dll
C:\Program Files\dotnet\sdk\7.0.100\Extensions\Microsoft.TestPlatform.TestHostRuntimeProvider.dll
C:\Program Files\dotnet\sdk\7.0.100\Extensions\Microsoft.VisualStudio.TestPlatform.Extensions.Html.TestLogger.dll
C:\Program Files\dotnet\sdk\7.0.100\Extensions\Microsoft.VisualStudio.TestPlatform.Extensions.Trx.TestLogger.dll
TpTrace Verbose: 0 : 8916, 10, 2023/01/23, 12:09:32.131, 120300498850, vstest.console.dll, TestPluginCache.GetExtensionPaths: Added unfilterableExtensionPaths: 
TpTrace Verbose: 0 : 8916, 10, 2023/01/23, 12:09:32.138, 120300564703, vstest.console.dll, TestRequestSender.InitializeExecution: Sending initialize execution with message: {"Version":5,"MessageType":"TestExecution.Initialize","Payload":["D:\\SOFTUNI\\SoftuniSvetlina-Courses\\C#\\OOP-Advanced\\02.Unit-Testing\\Collections.Tests\\bin\\Debug\\net5.0\\fine-code-coverage\\build-output\\NUnit3.TestAdapter.dll"]}
TpTrace Warning: 0 : 8916, 10, 2023/01/23, 12:09:32.139, 120300573266, vstest.console.dll, InferRunSettingsHelper.MakeRunsettingsCompatible: Removing the following settings: TargetPlatform from RunSettings file. To use those settings please move to latest version of Microsoft.NET.Test.Sdk
TpTrace Verbose: 0 : 8916, 7, 2023/01/23, 12:09:32.149, 120300677116, vstest.console.dll, TcpClientExtensions.MessageLoopAsync: NotifyDataAvailable remoteEndPoint: 127.0.0.1:54614 localEndPoint: 127.0.0.1:54613
TpTrace Verbose: 0 : 8916, 7, 2023/01/23, 12:09:32.150, 120300683964, vstest.console.dll, TestRequestSender.OnExecutionMessageReceived: Received message: {"Version":5,"MessageType":"TestSession.Message","Payload":{"MessageLevel":0,"Message":"Logging TestHost Diagnostics in file: D:\\SOFTUNI\\SoftuniSvetlina-Courses\\C#\\OOP-Advanced\\02.Unit-Testing\\Collections.Tests\\bin\\Debug\\net5.0\\fine-code-coverage\\coverage-tool-output\\diagnostics.host.23-01-23_12-09-31_34075_10.log"}}
TpTrace Verbose: 0 : 8916, 10, 2023/01/23, 12:09:32.153, 120300717815, vstest.console.dll, TestRequestSender.StartTestRun: Sending test run with message: {"Version":5,"MessageType":"TestExecution.StartWithSources","Payload":{"AdapterSourceMap":{"_none_":["D:\\SOFTUNI\\SoftuniSvetlina-Courses\\C#\\OOP-Advanced\\02.Unit-Testing\\Collections.Tests\\bin\\Debug\\net5.0\\fine-code-coverage\\build-output\\Collections.Tests.dll"]},"RunSettings":"<RunSettings>\r\n  <RunConfiguration>\r\n    <ResultsDirectory>D:\\SOFTUNI\\SoftuniSvetlina-Courses\\C#\\OOP-Advanced\\02.Unit-Testing\\Collections.Tests\\bin\\Debug\\net5.0\\fine-code-coverage\\coverage-tool-output</ResultsDirectory>\r\n    <TargetFrameworkVersion>.NETCoreApp,Version=v5.0</TargetFrameworkVersion>\r\n    <DesignMode>False</DesignMode>\r\n    <CollectSourceInformation>False</CollectSourceInformation>\r\n  </RunConfiguration>\r\n  <LoggerRunSettings>\r\n    <Loggers>\r\n      <Logger friendlyName=\"blame\" enabled=\"True\" />\r\n      <Logger friendlyName=\"Console\" uri=\"logger://microsoft/TestPlatform/ConsoleLogger/v1\" assemblyQualifiedName=\"Microsoft.VisualStudio.TestPlatform.CommandLine.Internal.ConsoleLogger, vstest.console, Version=15.0.0.0, Culture=neutral, PublicKeyToken=b03f5f7f11d50a3a\" codeBase=\"C:\\Program Files\\dotnet\\sdk\\7.0.100\\vstest.console.dll\" enabled=\"True\" />\r\n    </Loggers>\r\n  </LoggerRunSettings>\r\n  <DataCollectionRunSettings>\r\n    <DataCollectors>\r\n      <DataCollector friendlyName=\"blame\" enabled=\"True\">\r\n        <Configuration>\r\n          <ResultsDirectory>D:\\SOFTUNI\\SoftuniSvetlina-Courses\\C#\\OOP-Advanced\\02.Unit-Testing\\Collections.Tests\\bin\\Debug\\net5.0\\fine-code-coverage\\coverage-tool-output</ResultsDirectory>\r\n        </Configuration>\r\n      </DataCollector>\r\n    </DataCollectors>\r\n  </DataCollectionRunSettings>\r\n</RunSettings>","TestExecutionContext":{"FrequencyOfRunStatsChangeEvent":10,"RunStatsChangeEventTimeout":"00:00:01.5000000","InIsolation":false,"KeepAlive":false,"AreTestCaseLevelEventsRequired":false,"IsDebug":false,"TestCaseFilter":null,"FilterOptions":null},"Package":null}}
TpTrace Verbose: 0 : 8916, 7, 2023/01/23, 12:09:32.154, 120300728994, vstest.console.dll, TestRunRequest:SendTestRunMessage: Starting.
TpTrace Verbose: 0 : 8916, 4, 2023/01/23, 12:09:32.155, 120300734809, vstest.console.dll, MulticastDelegateUtilities.SafeInvoke: InternalTestLoggerEvents.SendTestRunMessage: Invoking callback 1/1 for Microsoft.VisualStudio.TestPlatform.CommandLine.Internal.ConsoleLogger., took 0 ms.
TpTrace Verbose: 0 : 8916, 7, 2023/01/23, 12:09:32.155, 120300734977, vstest.console.dll, MulticastDelegateUtilities.SafeInvoke: TestRun.LogMessages: Invoking callback 1/1 for Microsoft.VisualStudio.TestPlatform.CommandLine.TestRunResultAggregator., took 0 ms.
TpTrace Information: 0 : 8916, 7, 2023/01/23, 12:09:32.155, 120300736971, vstest.console.dll, TestRunRequest:SendTestRunMessage: Completed.
TpTrace Verbose: 0 : 8916, 7, 2023/01/23, 12:09:32.155, 120300737838, vstest.console.dll, MulticastDelegateUtilities.SafeInvoke: LengthPrefixCommunicationChannel: MessageReceived: Invoking callback 1/1 for Microsoft.VisualStudio.TestPlatform.CommunicationUtilities.TestRequestSender+<>c__DisplayClass31_0., took 5 ms.
TpTrace Verbose: 0 : 8916, 7, 2023/01/23, 12:09:32.155, 120300738498, vstest.console.dll, TcpClientExtensions.MessageLoopAsync: Polling on remoteEndPoint: 127.0.0.1:54614 localEndPoint: 127.0.0.1:54613
TpTrace Verbose: 0 : 8916, 7, 2023/01/23, 12:09:32.388, 120303064929, vstest.console.dll, TcpClientExtensions.MessageLoopAsync: NotifyDataAvailable remoteEndPoint: 127.0.0.1:54614 localEndPoint: 127.0.0.1:54613
TpTrace Verbose: 0 : 8916, 7, 2023/01/23, 12:09:32.388, 120303067345, vstest.console.dll, TestRequestSender.OnExecutionMessageReceived: Received message: {"Version":5,"MessageType":"TestSession.Message","Payload":{"MessageLevel":0,"Message":"NUnit Adapter 4.3.1.0: Test execution started"}}
TpTrace Verbose: 0 : 8916, 7, 2023/01/23, 12:09:32.388, 120303072542, vstest.console.dll, TestRunRequest:SendTestRunMessage: Starting.
TpTrace Verbose: 0 : 8916, 7, 2023/01/23, 12:09:32.389, 120303074385, vstest.console.dll, MulticastDelegateUtilities.SafeInvoke: TestRun.LogMessages: Invoking callback 1/1 for Microsoft.VisualStudio.TestPlatform.CommandLine.TestRunResultAggregator., took 0 ms.
TpTrace Verbose: 0 : 8916, 4, 2023/01/23, 12:09:32.389, 120303074385, vstest.console.dll, MulticastDelegateUtilities.SafeInvoke: InternalTestLoggerEvents.SendTestRunMessage: Invoking callback 1/1 for Microsoft.VisualStudio.TestPlatform.CommandLine.Internal.ConsoleLogger., took 0 ms.
TpTrace Information: 0 : 8916, 7, 2023/01/23, 12:09:32.389, 120303075261, vstest.console.dll, TestRunRequest:SendTestRunMessage: Completed.
TpTrace Verbose: 0 : 8916, 7, 2023/01/23, 12:09:32.389, 120303077219, vstest.console.dll, MulticastDelegateUtilities.SafeInvoke: LengthPrefixCommunicationChannel: MessageReceived: Invoking callback 1/1 for Microsoft.VisualStudio.TestPlatform.CommunicationUtilities.TestRequestSender+<>c__DisplayClass31_0., took 1 ms.
TpTrace Verbose: 0 : 8916, 7, 2023/01/23, 12:09:32.389, 120303077936, vstest.console.dll, TcpClientExtensions.MessageLoopAsync: Polling on remoteEndPoint: 127.0.0.1:54614 localEndPoint: 127.0.0.1:54613
TpTrace Verbose: 0 : 8916, 7, 2023/01/23, 12:09:32.433, 120303514031, vstest.console.dll, TcpClientExtensions.MessageLoopAsync: NotifyDataAvailable remoteEndPoint: 127.0.0.1:54614 localEndPoint: 127.0.0.1:54613
TpTrace Verbose: 0 : 8916, 7, 2023/01/23, 12:09:32.433, 120303516169, vstest.console.dll, TestRequestSender.OnExecutionMessageReceived: Received message: {"Version":5,"MessageType":"TestSession.Message","Payload":{"MessageLevel":0,"Message":"Running all tests in D:\\SOFTUNI\\SoftuniSvetlina-Courses\\C#\\OOP-Advanced\\02.Unit-Testing\\Collections.Tests\\bin\\Debug\\net5.0\\fine-code-coverage\\build-output\\Collections.Tests.dll"}}
TpTrace Verbose: 0 : 8916, 7, 2023/01/23, 12:09:32.433, 120303518201, vstest.console.dll, TestRunRequest:SendTestRunMessage: Starting.
TpTrace Verbose: 0 : 8916, 7, 2023/01/23, 12:09:32.433, 120303519874, vstest.console.dll, MulticastDelegateUtilities.SafeInvoke: TestRun.LogMessages: Invoking callback 1/1 for Microsoft.VisualStudio.TestPlatform.CommandLine.TestRunResultAggregator., took 0 ms.
TpTrace Verbose: 0 : 8916, 4, 2023/01/23, 12:09:32.433, 120303520146, vstest.console.dll, MulticastDelegateUtilities.SafeInvoke: InternalTestLoggerEvents.SendTestRunMessage: Invoking callback 1/1 for Microsoft.VisualStudio.TestPlatform.CommandLine.Internal.ConsoleLogger., took 0 ms.
TpTrace Information: 0 : 8916, 7, 2023/01/23, 12:09:32.433, 120303520667, vstest.console.dll, TestRunRequest:SendTestRunMessage: Completed.
TpTrace Verbose: 0 : 8916, 7, 2023/01/23, 12:09:32.433, 120303522371, vstest.console.dll, MulticastDelegateUtilities.SafeInvoke: LengthPrefixCommunicationChannel: MessageReceived: Invoking callback 1/1 for Microsoft.VisualStudio.TestPlatform.CommunicationUtilities.TestRequestSender+<>c__DisplayClass31_0., took 0 ms.
TpTrace Verbose: 0 : 8916, 7, 2023/01/23, 12:09:32.434, 120303523001, vstest.console.dll, TcpClientExtensions.MessageLoopAsync: Polling on remoteEndPoint: 127.0.0.1:54614 localEndPoint: 127.0.0.1:54613
TpTrace Verbose: 0 : 8916, 7, 2023/01/23, 12:09:32.622, 120305408489, vstest.console.dll, TcpClientExtensions.MessageLoopAsync: NotifyDataAvailable remoteEndPoint: 127.0.0.1:54614 localEndPoint: 127.0.0.1:54613
TpTrace Verbose: 0 : 8916, 7, 2023/01/23, 12:09:32.622, 120305410929, vstest.console.dll, TestRequestSender.OnExecutionMessageReceived: Received message: {"Version":5,"MessageType":"TestSession.Message","Payload":{"MessageLevel":0,"Message":"   NUnit3TestExecutor discovered 27 of 27 NUnit test cases using Current Discovery mode, Non-Explicit run"}}
TpTrace Verbose: 0 : 8916, 7, 2023/01/23, 12:09:32.623, 120305412931, vstest.console.dll, TestRunRequest:SendTestRunMessage: Starting.
TpTrace Verbose: 0 : 8916, 7, 2023/01/23, 12:09:32.623, 120305414167, vstest.console.dll, MulticastDelegateUtilities.SafeInvoke: TestRun.LogMessages: Invoking callback 1/1 for Microsoft.VisualStudio.TestPlatform.CommandLine.TestRunResultAggregator., took 0 ms.
TpTrace Verbose: 0 : 8916, 4, 2023/01/23, 12:09:32.623, 120305414573, vstest.console.dll, MulticastDelegateUtilities.SafeInvoke: InternalTestLoggerEvents.SendTestRunMessage: Invoking callback 1/1 for Microsoft.VisualStudio.TestPlatform.CommandLine.Internal.ConsoleLogger., took 0 ms.
TpTrace Information: 0 : 8916, 7, 2023/01/23, 12:09:32.623, 120305414801, vstest.console.dll, TestRunRequest:SendTestRunMessage: Completed.
TpTrace Verbose: 0 : 8916, 7, 2023/01/23, 12:09:32.623, 120305416437, vstest.console.dll, MulticastDelegateUtilities.SafeInvoke: LengthPrefixCommunicationChannel: MessageReceived: Invoking callback 1/1 for Microsoft.VisualStudio.TestPlatform.CommunicationUtilities.TestRequestSender+<>c__DisplayClass31_0., took 0 ms.
TpTrace Verbose: 0 : 8916, 7, 2023/01/23, 12:09:32.623, 120305417115, vstest.console.dll, TcpClientExtensions.MessageLoopAsync: Polling on remoteEndPoint: 127.0.0.1:54614 localEndPoint: 127.0.0.1:54613
TpTrace Verbose: 0 : 8916, 7, 2023/01/23, 12:09:33.625, 120315435097, vstest.console.dll, TcpClientExtensions.MessageLoopAsync: Polling on remoteEndPoint: 127.0.0.1:54614 localEndPoint: 127.0.0.1:54613
TpTrace Verbose: 0 : 8916, 7, 2023/01/23, 12:09:33.810, 120317283375, vstest.console.dll, TcpClientExtensions.MessageLoopAsync: NotifyDataAvailable remoteEndPoint: 127.0.0.1:54614 localEndPoint: 127.0.0.1:54613
TpTrace Verbose: 0 : 8916, 7, 2023/01/23, 12:09:33.810, 120317285748, vstest.console.dll, TestRequestSender.OnExecutionMessageReceived: Received message: {"Version":5,"MessageType":"TestExecution.StatsChange","Payload":{"NewTestResults":[],"TestRunStatistics":{"ExecutedTests":0,"Stats":{}},"ActiveTests":[{"Id":"213a8110-1c3e-e561-9d88-0d71cbd1a864","FullyQualifiedName":"Collections.Tests.CircularQueueTests.Test_CircularQueue_1MillionItems","DisplayName":"Test_CircularQueue_1MillionItems","ExecutorUri":"executor://NUnit3TestExecutor","Source":"D:\\SOFTUNI\\SoftuniSvetlina-Courses\\C#\\OOP-Advanced\\02.Unit-Testing\\Collections.Tests\\bin\\Debug\\net5.0\\fine-code-coverage\\build-output\\Collections.Tests.dll","CodeFilePath":null,"LineNumber":0,"Properties":[{"Key":{"Id":"NUnit.Seed","Label":"Seed","Category":"","Description":"","Attributes":0,"ValueType":"System.String"},"Value":"1984873901"}]}]}}
TpTrace Verbose: 0 : 8916, 7, 2023/01/23, 12:09:33.840, 120317588221, vstest.console.dll, TestRunRequest:SendTestRunStatsChange: Starting.
TpTrace Verbose: 0 : 8916, 7, 2023/01/23, 12:09:33.840, 120317591551, vstest.console.dll, InProgress is Test_CircularQueue_1MillionItems
TpTrace Verbose: 0 : 8916, 7, 2023/01/23, 12:09:33.841, 120317593511, vstest.console.dll, MulticastDelegateUtilities.SafeInvoke: TestRun.RunStatsChanged: Invoking callbacks was skipped because there are no subscribers.
TpTrace Information: 0 : 8916, 7, 2023/01/23, 12:09:33.841, 120317594114, vstest.console.dll, TestRunRequest:SendTestRunStatsChange: Completed.
TpTrace Verbose: 0 : 8916, 7, 2023/01/23, 12:09:33.841, 120317594743, vstest.console.dll, MulticastDelegateUtilities.SafeInvoke: LengthPrefixCommunicationChannel: MessageReceived: Invoking callback 1/1 for Microsoft.VisualStudio.TestPlatform.CommunicationUtilities.TestRequestSender+<>c__DisplayClass31_0., took 30 ms.
TpTrace Verbose: 0 : 8916, 7, 2023/01/23, 12:09:33.841, 120317595264, vstest.console.dll, TcpClientExtensions.MessageLoopAsync: Polling on remoteEndPoint: 127.0.0.1:54614 localEndPoint: 127.0.0.1:54613
TpTrace Verbose: 0 : 8916, 7, 2023/01/23, 12:09:34.853, 120327717988, vstest.console.dll, TcpClientExtensions.MessageLoopAsync: Polling on remoteEndPoint: 127.0.0.1:54614 localEndPoint: 127.0.0.1:54613
TpTrace Verbose: 0 : 8916, 7, 2023/01/23, 12:09:35.858, 120337772370, vstest.console.dll, TcpClientExtensions.MessageLoopAsync: Polling on remoteEndPoint: 127.0.0.1:54614 localEndPoint: 127.0.0.1:54613
TpTrace Verbose: 0 : 8916, 7, 2023/01/23, 12:09:36.863, 120347816793, vstest.console.dll, TcpClientExtensions.MessageLoopAsync: Polling on remoteEndPoint: 127.0.0.1:54614 localEndPoint: 127.0.0.1:54613
TpTrace Verbose: 0 : 8916, 7, 2023/01/23, 12:09:37.868, 120357871153, vstest.console.dll, TcpClientExtensions.MessageLoopAsync: Polling on remoteEndPoint: 127.0.0.1:54614 localEndPoint: 127.0.0.1:54613
TpTrace Verbose: 0 : 8916, 7, 2023/01/23, 12:09:38.872, 120367905204, vstest.console.dll, TcpClientExtensions.MessageLoopAsync: Polling on remoteEndPoint: 127.0.0.1:54614 localEndPoint: 127.0.0.1:54613
TpTrace Verbose: 0 : 8916, 7, 2023/01/23, 12:09:39.873, 120377919987, vstest.console.dll, TcpClientExtensions.MessageLoopAsync: Polling on remoteEndPoint: 127.0.0.1:54614 localEndPoint: 127.0.0.1:54613
TpTrace Verbose: 0 : 8916, 7, 2023/01/23, 12:09:40.877, 120387953455, vstest.console.dll, TcpClientExtensions.MessageLoopAsync: Polling on remoteEndPoint: 127.0.0.1:54614 localEndPoint: 127.0.0.1:54613
TpTrace Verbose: 0 : 8916, 7, 2023/01/23, 12:09:41.877, 120397957675, vstest.console.dll, TcpClientExtensions.MessageLoopAsync: Polling on remoteEndPoint: 127.0.0.1:54614 localEndPoint: 127.0.0.1:54613
TpTrace Verbose: 0 : 8916, 7, 2023/01/23, 12:09:42.891, 120408101922, vstest.console.dll, TcpClientExtensions.MessageLoopAsync: Polling on remoteEndPoint: 127.0.0.1:54614 localEndPoint: 127.0.0.1:54613
TpTrace Verbose: 0 : 8916, 7, 2023/01/23, 12:09:43.845, 120417639543, vstest.console.dll, TcpClientExtensions.MessageLoopAsync: NotifyDataAvailable remoteEndPoint: 127.0.0.1:54614 localEndPoint: 127.0.0.1:54613
TpTrace Verbose: 0 : 8916, 7, 2023/01/23, 12:09:43.845, 120417642061, vstest.console.dll, TestRequestSender.OnExecutionMessageReceived: Received message: {"Version":5,"MessageType":"TestExecution.StatsChange","Payload":{"NewTestResults":[{"TestCase":{"Id":"213a8110-1c3e-e561-9d88-0d71cbd1a864","FullyQualifiedName":"Collections.Tests.CircularQueueTests.Test_CircularQueue_1MillionItems","DisplayName":"Test_CircularQueue_1MillionItems","ExecutorUri":"executor://NUnit3TestExecutor","Source":"D:\\SOFTUNI\\SoftuniSvetlina-Courses\\C#\\OOP-Advanced\\02.Unit-Testing\\Collections.Tests\\bin\\Debug\\net5.0\\fine-code-coverage\\build-output\\Collections.Tests.dll","CodeFilePath":null,"LineNumber":0,"Properties":[{"Key":{"Id":"NUnit.Seed","Label":"Seed","Category":"","Description":"","Attributes":0,"ValueType":"System.String"},"Value":"1984873901"}]},"Attachments":[],"Outcome":1,"ErrorMessage":null,"ErrorStackTrace":null,"DisplayName":"Test_CircularQueue_1MillionItems","Messages":[],"ComputerName":"ISEEYOUTOO","Duration":"00:00:11.0752330","StartTime":"2023-01-23T10:09:32.6928654+00:00","EndTime":"2023-01-23T10:09:43.7679091+00:00","Properties":[{"Key":{"Id":"NUnit.Seed","Label":"Seed","Category":"","Description":"","Attributes":0,"ValueType":"System.String"},"Value":"1984873901"}]}],"TestRunStatistics":{"ExecutedTests":1,"Stats":{"Passed":1}},"ActiveTests":[{"Id":"eef8f10a-91cf-a522-e4c7-5ae99437b782","FullyQualifiedName":"Collections.Tests.CircularQueueTests.Test_CircularQueue_ConstructorDefault","DisplayName":"Test_CircularQueue_ConstructorDefault","ExecutorUri":"executor://NUnit3TestExecutor","Source":"D:\\SOFTUNI\\SoftuniSvetlina-Courses\\C#\\OOP-Advanced\\02.Unit-Testing\\Collections.Tests\\bin\\Debug\\net5.0\\fine-code-coverage\\build-output\\Collections.Tests.dll","CodeFilePath":null,"LineNumber":0,"Properties":[{"Key":{"Id":"NUnit.Seed","Label":"Seed","Category":"","Description":"","Attributes":0,"ValueType":"System.String"},"Value":"77251796"}]}]}}
TpTrace Verbose: 0 : 8916, 7, 2023/01/23, 12:09:43.862, 120417807368, vstest.console.dll, TestRunRequest:SendTestRunStatsChange: Starting.
TpTrace Verbose: 0 : 8916, 7, 2023/01/23, 12:09:43.862, 120417809418, vstest.console.dll, InProgress is Test_CircularQueue_ConstructorDefault
TpTrace Verbose: 0 : 8916, 7, 2023/01/23, 12:09:43.863, 120417814763, vstest.console.dll, MulticastDelegateUtilities.SafeInvoke: TestRun.RunStatsChanged: Invoking callbacks was skipped because there are no subscribers.
TpTrace Information: 0 : 8916, 7, 2023/01/23, 12:09:43.863, 120417815766, vstest.console.dll, TestRunRequest:SendTestRunStatsChange: Completed.
TpTrace Verbose: 0 : 8916, 7, 2023/01/23, 12:09:43.863, 120417816458, vstest.console.dll, MulticastDelegateUtilities.SafeInvoke: LengthPrefixCommunicationChannel: MessageReceived: Invoking callback 1/1 for Microsoft.VisualStudio.TestPlatform.CommunicationUtilities.TestRequestSender+<>c__DisplayClass31_0., took 17 ms.
TpTrace Verbose: 0 : 8916, 7, 2023/01/23, 12:09:43.863, 120417817108, vstest.console.dll, TcpClientExtensions.MessageLoopAsync: Polling on remoteEndPoint: 127.0.0.1:54614 localEndPoint: 127.0.0.1:54613
TpTrace Verbose: 0 : 8916, 4, 2023/01/23, 12:09:43.869, 120417874172, vstest.console.dll, MulticastDelegateUtilities.SafeInvoke: InternalTestLoggerEvents.SendTestResult: Invoking callback 1/1 for Microsoft.VisualStudio.TestPlatform.CommandLine.Internal.ConsoleLogger., took 4 ms.
TpTrace Verbose: 0 : 8916, 7, 2023/01/23, 12:09:43.951, 120418698915, vstest.console.dll, TcpClientExtensions.MessageLoopAsync: NotifyDataAvailable remoteEndPoint: 127.0.0.1:54614 localEndPoint: 127.0.0.1:54613
TpTrace Verbose: 0 : 8916, 7, 2023/01/23, 12:09:43.951, 120418702297, vstest.console.dll, TestRequestSender.OnExecutionMessageReceived: Received message: {"Version":5,"MessageType":"TestExecution.StatsChange","Payload":{"NewTestResults":[{"TestCase":{"Id":"eef8f10a-91cf-a522-e4c7-5ae99437b782","FullyQualifiedName":"Collections.Tests.CircularQueueTests.Test_CircularQueue_ConstructorDefault","DisplayName":"Test_CircularQueue_ConstructorDefault","ExecutorUri":"executor://NUnit3TestExecutor","Source":"D:\\SOFTUNI\\SoftuniSvetlina-Courses\\C#\\OOP-Advanced\\02.Unit-Testing\\Collections.Tests\\bin\\Debug\\net5.0\\fine-code-coverage\\build-output\\Collections.Tests.dll","CodeFilePath":null,"LineNumber":0,"Properties":[{"Key":{"Id":"NUnit.Seed","Label":"Seed","Category":"","Description":"","Attributes":0,"ValueType":"System.String"},"Value":"77251796"}]},"Attachments":[],"Outcome":1,"ErrorMessage":null,"ErrorStackTrace":null,"DisplayName":"Test_CircularQueue_ConstructorDefault","Messages":[],"ComputerName":"ISEEYOUTOO","Duration":"00:00:00.0027680","StartTime":"2023-01-23T10:09:43.7727284+00:00","EndTime":"2023-01-23T10:09:43.7754971+00:00","Properties":[{"Key":{"Id":"NUnit.Seed","Label":"Seed","Category":"","Description":"","Attributes":0,"ValueType":"System.String"},"Value":"77251796"}]},{"TestCase":{"Id":"b44b8261-7c04-1031-7110-94fe422e8f33","FullyQualifiedName":"Collections.Tests.CircularQueueTests.Test_CircularQueue_ConstructorWithCapacity","DisplayName":"Test_CircularQueue_ConstructorWithCapacity","ExecutorUri":"executor://NUnit3TestExecutor","Source":"D:\\SOFTUNI\\SoftuniSvetlina-Courses\\C#\\OOP-Advanced\\02.Unit-Testing\\Collections.Tests\\bin\\Debug\\net5.0\\fine-code-coverage\\build-output\\Collections.Tests.dll","CodeFilePath":null,"LineNumber":0,"Properties":[{"Key":{"Id":"NUnit.Seed","Label":"Seed","Category":"","Description":"","Attributes":0,"ValueType":"System.String"},"Value":"2096434386"}]},"Attachments":[],"Outcome":1,"ErrorMessage":null,"ErrorStackTrace":null,"DisplayName":"Test_CircularQueue_ConstructorWithCapacity","Messages":[],"ComputerName":"ISEEYOUTOO","Duration":"00:00:00.0002680","StartTime":"2023-01-23T10:09:43.7755441+00:00","EndTime":"2023-01-23T10:09:43.7758112+00:00","Properties":[{"Key":{"Id":"NUnit.Seed","Label":"Seed","Category":"","Description":"","Attributes":0,"ValueType":"System.String"},"Value":"2096434386"}]},{"TestCase":{"Id":"1c7a94b0-211a-7aea-ab27-cc1f3b30c0a4","FullyQualifiedName":"Collections.Tests.CircularQueueTests.Test_CircularQueue_Dequeue","DisplayName":"Test_CircularQueue_Dequeue","ExecutorUri":"executor://NUnit3TestExecutor","Source":"D:\\SOFTUNI\\SoftuniSvetlina-Courses\\C#\\OOP-Advanced\\02.Unit-Testing\\Collections.Tests\\bin\\Debug\\net5.0\\fine-code-coverage\\build-output\\Collections.Tests.dll","CodeFilePath":null,"LineNumber":0,"Properties":[{"Key":{"Id":"NUnit.Seed","Label":"Seed","Category":"","Description":"","Attributes":0,"ValueType":"System.String"},"Value":"98175539"}]},"Attachments":[],"Outcome":1,"ErrorMessage":null,"ErrorStackTrace":null,"DisplayName":"Test_CircularQueue_Dequeue","Messages":[],"ComputerName":"ISEEYOUTOO","Duration":"00:00:00.0003200","StartTime":"2023-01-23T10:09:43.7758323+00:00","EndTime":"2023-01-23T10:09:43.7761518+00:00","Properties":[{"Key":{"Id":"NUnit.Seed","Label":"Seed","Category":"","Description":"","Attributes":0,"ValueType":"System.String"},"Value":"98175539"}]},{"TestCase":{"Id":"7c4fbad5-5ac7-4539-146f-7e0c8064da7f","FullyQualifiedName":"Collections.Tests.CircularQueueTests.Test_CircularQueue_DequeueEmpty","DisplayName":"Test_CircularQueue_DequeueEmpty","ExecutorUri":"executor://NUnit3TestExecutor","Source":"D:\\SOFTUNI\\SoftuniSvetlina-Courses\\C#\\OOP-Advanced\\02.Unit-Testing\\Collections.Tests\\bin\\Debug\\net5.0\\fine-code-coverage\\build-output\\Collections.Tests.dll","CodeFilePath":null,"LineNumber":0,"Properties":[{"Key":{"Id":"NUnit.Seed","Label":"Seed","Category":"","Description":"","Attributes":0,"ValueType":"System.String"},"Value":"1398981977"}]},"Attachments":[],"Outcome":1,"ErrorMessage":null,"ErrorStackTrace":null,"DisplayName":"Test_CircularQueue_DequeueEmpty","Messages":[],"ComputerName":"ISEEYOUTOO","Duration":"00:00:00.0094889","StartTime":"2023-01-23T10:09:43.7761682+00:00","EndTime":"2023-01-23T10:09:43.7856555+00:00","Properties":[{"Key":{"Id":"NUnit.Seed","Label":"Seed","Category":"","Description":"","Attributes":0,"ValueType":"System.String"},"Value":"1398981977"}]},{"TestCase":{"Id":"21c36efb-a945-12e9-3aed-fa6f7c3d6d0d","FullyQualifiedName":"Collections.Tests.CircularQueueTests.Test_CircularQueue_Enqueue","DisplayName":"Test_CircularQueue_Enqueue","ExecutorUri":"executor://NUnit3TestExecutor","Source":"D:\\SOFTUNI\\SoftuniSvetlina-Courses\\C#\\OOP-Advanced\\02.Unit-Testing\\Collections.Tests\\bin\\Debug\\net5.0\\fine-code-coverage\\build-output\\Collections.Tests.dll","CodeFilePath":null,"LineNumber":0,"Properties":[{"Key":{"Id":"NUnit.Seed","Label":"Seed","Category":"","Description":"","Attributes":0,"ValueType":"System.String"},"Value":"1962841383"}]},"Attachments":[],"Outcome":1,"ErrorMessage":null,"ErrorStackTrace":null,"DisplayName":"Test_CircularQueue_Enqueue","Messages":[],"ComputerName":"ISEEYOUTOO","Duration":"00:00:00.0003640","StartTime":"2023-01-23T10:09:43.7857441+00:00","EndTime":"2023-01-23T10:09:43.7861087+00:00","Properties":[{"Key":{"Id":"NUnit.Seed","Label":"Seed","Category":"","Description":"","Attributes":0,"ValueType":"System.String"},"Value":"1962841383"}]},{"TestCase":{"Id":"84fc5ca6-0dad-b975-41d2-62d50bedf666","FullyQualifiedName":"Collections.Tests.CircularQueueTests.Test_CircularQueue_EnqueueDequeue_WithRangeCross","DisplayName":"Test_CircularQueue_EnqueueDequeue_WithRangeCross","ExecutorUri":"executor://NUnit3TestExecutor","Source":"D:\\SOFTUNI\\SoftuniSvetlina-Courses\\C#\\OOP-Advanced\\02.Unit-Testing\\Collections.Tests\\bin\\Debug\\net5.0\\fine-code-coverage\\build-output\\Collections.Tests.dll","CodeFilePath":null,"LineNumber":0,"Properties":[{"Key":{"Id":"NUnit.Seed","Label":"Seed","Category":"","Description":"","Attributes":0,"ValueType":"System.String"},"Value":"1961941149"}]},"Attachments":[],"Outcome":1,"ErrorMessage":null,"ErrorStackTrace":null,"DisplayName":"Test_CircularQueue_EnqueueDequeue_WithRangeCross","Messages":[],"ComputerName":"ISEEYOUTOO","Duration":"00:00:00.0157300","StartTime":"2023-01-23T10:09:43.786133+00:00","EndTime":"2023-01-23T10:09:43.8018608+00:00","Properties":[{"Key":{"Id":"NUnit.Seed","Label":"Seed","Category":"","Description":"","Attributes":0,"ValueType":"System.String"},"Value":"1961941149"}]},{"TestCase":{"Id":"7160964c-e26e-8cb4-08f7-2a63c14703b3","FullyQualifiedName":"Collections.Tests.CircularQueueTests.Test_CircularQueue_EnqueueWithGrow","DisplayName":"Test_CircularQueue_EnqueueWithGrow","ExecutorUri":"executor://NUnit3TestExecutor","Source":"D:\\SOFTUNI\\SoftuniSvetlina-Courses\\C#\\OOP-Advanced\\02.Unit-Testing\\Collections.Tests\\bin\\Debug\\net5.0\\fine-code-coverage\\build-output\\Collections.Tests.dll","CodeFilePath":null,"LineNumber":0,"Properties":[{"Key":{"Id":"NUnit.Seed","Label":"Seed","Category":"","Description":"","Attributes":0,"ValueType":"System.String"},"Value":"1005544737"}]},"Attachments":[],"Outcome":1,"ErrorMessage":null,"ErrorStackTrace":null,"DisplayName":"Test_CircularQueue_EnqueueWithGrow","Messages":[],"ComputerName":"ISEEYOUTOO","Duration":"00:00:00.0004840","StartTime":"2023-01-23T10:09:43.8018972+00:00","EndTime":"2023-01-23T10:09:43.8023809+00:00","Properties":[{"Key":{"Id":"NUnit.Seed","Label":"Seed","Category":"","Description":"","Attributes":0,"ValueType":"System.String"},"Value":"1005544737"}]},{"TestCase":{"Id":"520ee57d-ba76-8547-c9a1-e5e6d6f9dac3","FullyQualifiedName":"Collections.Tests.CircularQueueTests.Test_CircularQueue_MultipleOperations","DisplayName":"Test_CircularQueue_MultipleOperations","ExecutorUri":"executor://NUnit3TestExecutor","Source":"D:\\SOFTUNI\\SoftuniSvetlina-Courses\\C#\\OOP-Advanced\\02.Unit-Testing\\Collections.Tests\\bin\\Debug\\net5.0\\fine-code-coverage\\build-output\\Collections.Tests.dll","CodeFilePath":null,"LineNumber":0,"Properties":[{"Key":{"Id":"NUnit.Seed","Label":"Seed","Category":"","Description":"","Attributes":0,"ValueType":"System.String"},"Value":"2012359842"}]},"Attachments":[],"Outcome":1,"ErrorMessage":null,"ErrorStackTrace":null,"DisplayName":"Test_CircularQueue_MultipleOperations","Messages":[],"ComputerName":"ISEEYOUTOO","Duration":"00:00:00.1396570","StartTime":"2023-01-23T10:09:43.8024084+00:00","EndTime":"2023-01-23T10:09:43.9420638+00:00","Properties":[{"Key":{"Id":"NUnit.Seed","Label":"Seed","Category":"","Description":"","Attributes":0,"ValueType":"System.String"},"Value":"2012359842"}]},{"TestCase":{"Id":"3f1f5fde-731d-3de4-b47f-937e9d789e26","FullyQualifiedName":"Collections.Tests.CircularQueueTests.Test_CircularQueue_PeekEmpty","DisplayName":"Test_CircularQueue_PeekEmpty","ExecutorUri":"executor://NUnit3TestExecutor","Source":"D:\\SOFTUNI\\SoftuniSvetlina-Courses\\C#\\OOP-Advanced\\02.Unit-Testing\\Collections.Tests\\bin\\Debug\\net5.0\\fine-code-coverage\\build-output\\Collections.Tests.dll","CodeFilePath":null,"LineNumber":0,"Properties":[{"Key":{"Id":"NUnit.Seed","Label":"Seed","Category":"","Description":"","Attributes":0,"ValueType":"System.String"},"Value":"2046098554"}]},"Attachments":[],"Outcome":1,"ErrorMessage":null,"ErrorStackTrace":null,"DisplayName":"Test_CircularQueue_PeekEmpty","Messages":[],"ComputerName":"ISEEYOUTOO","Duration":"00:00:00.0024080","StartTime":"2023-01-23T10:09:43.9421105+00:00","EndTime":"2023-01-23T10:09:43.9445173+00:00","Properties":[{"Key":{"Id":"NUnit.Seed","Label":"Seed","Category":"","Description":"","Attributes":0,"ValueType":"System.String"},"Value":"2046098554"}]}],"TestRunStatistics":{"ExecutedTests":10,"Stats":{"Passed":10}},"ActiveTests":[{"Id":"17bfe0a3-e0d1-fedf-7352-c7f7209f4311","FullyQualifiedName":"Collections.Tests.CircularQueueTests.Test_CircularQueue_ToArray","DisplayName":"Test_CircularQueue_ToArray","ExecutorUri":"executor://NUnit3TestExecutor","Source":"D:\\SOFTUNI\\SoftuniSvetlina-Courses\\C#\\OOP-Advanced\\02.Unit-Testing\\Collections.Tests\\bin\\Debug\\net5.0\\fine-code-coverage\\build-output\\Collections.Tests.dll","CodeFilePath":null,"LineNumber":0,"Properties":[{"Key":{"Id":"NUnit.Seed","Label":"Seed","Category":"","Description":"","Attributes":0,"ValueType":"System.String"},"Value":"1566353066"}]}]}}
TpTrace Verbose: 0 : 8916, 7, 2023/01/23, 12:09:43.954, 120418730740, vstest.console.dll, TestRunRequest:SendTestRunStatsChange: Starting.
TpTrace Verbose: 0 : 8916, 7, 2023/01/23, 12:09:43.954, 120418731723, vstest.console.dll, InProgress is Test_CircularQueue_ToArray
TpTrace Verbose: 0 : 8916, 7, 2023/01/23, 12:09:43.955, 120418732948, vstest.console.dll, MulticastDelegateUtilities.SafeInvoke: TestRun.RunStatsChanged: Invoking callbacks was skipped because there are no subscribers.
TpTrace Information: 0 : 8916, 7, 2023/01/23, 12:09:43.955, 120418733479, vstest.console.dll, TestRunRequest:SendTestRunStatsChange: Completed.
TpTrace Verbose: 0 : 8916, 7, 2023/01/23, 12:09:43.955, 120418734004, vstest.console.dll, MulticastDelegateUtilities.SafeInvoke: LengthPrefixCommunicationChannel: MessageReceived: Invoking callback 1/1 for Microsoft.VisualStudio.TestPlatform.CommunicationUtilities.TestRequestSender+<>c__DisplayClass31_0., took 3 ms.
TpTrace Verbose: 0 : 8916, 7, 2023/01/23, 12:09:43.955, 120418734634, vstest.console.dll, TcpClientExtensions.MessageLoopAsync: Polling on remoteEndPoint: 127.0.0.1:54614 localEndPoint: 127.0.0.1:54613
TpTrace Verbose: 0 : 8916, 4, 2023/01/23, 12:09:43.955, 120418740393, vstest.console.dll, MulticastDelegateUtilities.SafeInvoke: InternalTestLoggerEvents.SendTestResult: Invoking callback 1/1 for Microsoft.VisualStudio.TestPlatform.CommandLine.Internal.ConsoleLogger., took 0 ms.
TpTrace Verbose: 0 : 8916, 4, 2023/01/23, 12:09:43.955, 120418741906, vstest.console.dll, MulticastDelegateUtilities.SafeInvoke: InternalTestLoggerEvents.SendTestResult: Invoking callback 1/1 for Microsoft.VisualStudio.TestPlatform.CommandLine.Internal.ConsoleLogger., took 0 ms.
TpTrace Verbose: 0 : 8916, 4, 2023/01/23, 12:09:43.955, 120418742783, vstest.console.dll, MulticastDelegateUtilities.SafeInvoke: InternalTestLoggerEvents.SendTestResult: Invoking callback 1/1 for Microsoft.VisualStudio.TestPlatform.CommandLine.Internal.ConsoleLogger., took 0 ms.
TpTrace Verbose: 0 : 8916, 4, 2023/01/23, 12:09:43.956, 120418743540, vstest.console.dll, MulticastDelegateUtilities.SafeInvoke: InternalTestLoggerEvents.SendTestResult: Invoking callback 1/1 for Microsoft.VisualStudio.TestPlatform.CommandLine.Internal.ConsoleLogger., took 0 ms.
TpTrace Verbose: 0 : 8916, 4, 2023/01/23, 12:09:43.956, 120418744301, vstest.console.dll, MulticastDelegateUtilities.SafeInvoke: InternalTestLoggerEvents.SendTestResult: Invoking callback 1/1 for Microsoft.VisualStudio.TestPlatform.CommandLine.Internal.ConsoleLogger., took 0 ms.
TpTrace Verbose: 0 : 8916, 4, 2023/01/23, 12:09:43.956, 120418745088, vstest.console.dll, MulticastDelegateUtilities.SafeInvoke: InternalTestLoggerEvents.SendTestResult: Invoking callback 1/1 for Microsoft.VisualStudio.TestPlatform.CommandLine.Internal.ConsoleLogger., took 0 ms.
TpTrace Verbose: 0 : 8916, 4, 2023/01/23, 12:09:43.956, 120418745937, vstest.console.dll, MulticastDelegateUtilities.SafeInvoke: InternalTestLoggerEvents.SendTestResult: Invoking callback 1/1 for Microsoft.VisualStudio.TestPlatform.CommandLine.Internal.ConsoleLogger., took 0 ms.
TpTrace Verbose: 0 : 8916, 4, 2023/01/23, 12:09:43.956, 120418746804, vstest.console.dll, MulticastDelegateUtilities.SafeInvoke: InternalTestLoggerEvents.SendTestResult: Invoking callback 1/1 for Microsoft.VisualStudio.TestPlatform.CommandLine.Internal.ConsoleLogger., took 0 ms.
TpTrace Verbose: 0 : 8916, 4, 2023/01/23, 12:09:43.956, 120418747604, vstest.console.dll, MulticastDelegateUtilities.SafeInvoke: InternalTestLoggerEvents.SendTestResult: Invoking callback 1/1 for Microsoft.VisualStudio.TestPlatform.CommandLine.Internal.ConsoleLogger., took 0 ms.
TpTrace Verbose: 0 : 8916, 7, 2023/01/23, 12:09:43.983, 120419014199, vstest.console.dll, TcpClientExtensions.MessageLoopAsync: NotifyDataAvailable remoteEndPoint: 127.0.0.1:54614 localEndPoint: 127.0.0.1:54613
TpTrace Verbose: 0 : 8916, 7, 2023/01/23, 12:09:43.983, 120419017599, vstest.console.dll, TestRequestSender.OnExecutionMessageReceived: Received message: {"Version":5,"MessageType":"TestExecution.StatsChange","Payload":{"NewTestResults":[{"TestCase":{"Id":"17bfe0a3-e0d1-fedf-7352-c7f7209f4311","FullyQualifiedName":"Collections.Tests.CircularQueueTests.Test_CircularQueue_ToArray","DisplayName":"Test_CircularQueue_ToArray","ExecutorUri":"executor://NUnit3TestExecutor","Source":"D:\\SOFTUNI\\SoftuniSvetlina-Courses\\C#\\OOP-Advanced\\02.Unit-Testing\\Collections.Tests\\bin\\Debug\\net5.0\\fine-code-coverage\\build-output\\Collections.Tests.dll","CodeFilePath":null,"LineNumber":0,"Properties":[{"Key":{"Id":"NUnit.Seed","Label":"Seed","Category":"","Description":"","Attributes":0,"ValueType":"System.String"},"Value":"1566353066"}]},"Attachments":[],"Outcome":1,"ErrorMessage":null,"ErrorStackTrace":null,"DisplayName":"Test_CircularQueue_ToArray","Messages":[],"ComputerName":"ISEEYOUTOO","Duration":"00:00:00.0004520","StartTime":"2023-01-23T10:09:43.9445729+00:00","EndTime":"2023-01-23T10:09:43.9450245+00:00","Properties":[{"Key":{"Id":"NUnit.Seed","Label":"Seed","Category":"","Description":"","Attributes":0,"ValueType":"System.String"},"Value":"1566353066"}]},{"TestCase":{"Id":"34c553ae-f35e-8be9-da1e-f5c2d95128b0","FullyQualifiedName":"Collections.Tests.CollectionTests.Test_Collections_Add","DisplayName":"Test_Collections_Add","ExecutorUri":"executor://NUnit3TestExecutor","Source":"D:\\SOFTUNI\\SoftuniSvetlina-Courses\\C#\\OOP-Advanced\\02.Unit-Testing\\Collections.Tests\\bin\\Debug\\net5.0\\fine-code-coverage\\build-output\\Collections.Tests.dll","CodeFilePath":null,"LineNumber":0,"Properties":[{"Key":{"Id":"NUnit.Seed","Label":"Seed","Category":"","Description":"","Attributes":0,"ValueType":"System.String"},"Value":"14485977"}]},"Attachments":[],"Outcome":1,"ErrorMessage":null,"ErrorStackTrace":null,"DisplayName":"Test_Collections_Add","Messages":[],"ComputerName":"ISEEYOUTOO","Duration":"00:00:00.0058860","StartTime":"2023-01-23T10:09:43.9508695+00:00","EndTime":"2023-01-23T10:09:43.9567548+00:00","Properties":[{"Key":{"Id":"NUnit.Seed","Label":"Seed","Category":"","Description":"","Attributes":0,"ValueType":"System.String"},"Value":"14485977"}]},{"TestCase":{"Id":"bf68eb8e-2fcd-ff7e-15f5-00a2170a82fe","FullyQualifiedName":"Collections.Tests.CollectionTests.Test_Collections_AddRange","DisplayName":"Test_Collections_AddRange","ExecutorUri":"executor://NUnit3TestExecutor","Source":"D:\\SOFTUNI\\SoftuniSvetlina-Courses\\C#\\OOP-Advanced\\02.Unit-Testing\\Collections.Tests\\bin\\Debug\\net5.0\\fine-code-coverage\\build-output\\Collections.Tests.dll","CodeFilePath":null,"LineNumber":0,"Properties":[{"Key":{"Id":"NUnit.Seed","Label":"Seed","Category":"","Description":"","Attributes":0,"ValueType":"System.String"},"Value":"2065981502"}]},"Attachments":[],"Outcome":1,"ErrorMessage":null,"ErrorStackTrace":null,"DisplayName":"Test_Collections_AddRange","Messages":[],"ComputerName":"ISEEYOUTOO","Duration":"00:00:00.0005320","StartTime":"2023-01-23T10:09:43.9567818+00:00","EndTime":"2023-01-23T10:09:43.9573135+00:00","Properties":[{"Key":{"Id":"NUnit.Seed","Label":"Seed","Category":"","Description":"","Attributes":0,"ValueType":"System.String"},"Value":"2065981502"}]},{"TestCase":{"Id":"a24abf5a-f9c5-3b10-8d36-c9f8d36900a3","FullyQualifiedName":"Collections.Tests.CollectionTests.Test_Collections_AddRangeWithGrow","DisplayName":"Test_Collections_AddRangeWithGrow","ExecutorUri":"executor://NUnit3TestExecutor","Source":"D:\\SOFTUNI\\SoftuniSvetlina-Courses\\C#\\OOP-Advanced\\02.Unit-Testing\\Collections.Tests\\bin\\Debug\\net5.0\\fine-code-coverage\\build-output\\Collections.Tests.dll","CodeFilePath":null,"LineNumber":0,"Properties":[{"Key":{"Id":"NUnit.Seed","Label":"Seed","Category":"","Description":"","Attributes":0,"ValueType":"System.String"},"Value":"357978098"}]},"Attachments":[],"Outcome":1,"ErrorMessage":null,"ErrorStackTrace":null,"DisplayName":"Test_Collections_AddRangeWithGrow","Messages":[],"ComputerName":"ISEEYOUTOO","Duration":"00:00:00.0002870","StartTime":"2023-01-23T10:09:43.9573301+00:00","EndTime":"2023-01-23T10:09:43.9576163+00:00","Properties":[{"Key":{"Id":"NUnit.Seed","Label":"Seed","Category":"","Description":"","Attributes":0,"ValueType":"System.String"},"Value":"357978098"}]},{"TestCase":{"Id":"aebb38f3-e2cf-e802-10bc-578e53ec1f4b","FullyQualifiedName":"Collections.Tests.CollectionTests.Test_Collections_AddWithGrow","DisplayName":"Test_Collections_AddWithGrow","ExecutorUri":"executor://NUnit3TestExecutor","Source":"D:\\SOFTUNI\\SoftuniSvetlina-Courses\\C#\\OOP-Advanced\\02.Unit-Testing\\Collections.Tests\\bin\\Debug\\net5.0\\fine-code-coverage\\build-output\\Collections.Tests.dll","CodeFilePath":null,"LineNumber":0,"Properties":[{"Key":{"Id":"NUnit.Seed","Label":"Seed","Category":"","Description":"","Attributes":0,"ValueType":"System.String"},"Value":"1818411386"}]},"Attachments":[],"Outcome":1,"ErrorMessage":null,"ErrorStackTrace":null,"DisplayName":"Test_Collections_AddWithGrow","Messages":[],"ComputerName":"ISEEYOUTOO","Duration":"00:00:00.0003080","StartTime":"2023-01-23T10:09:43.9576351+00:00","EndTime":"2023-01-23T10:09:43.957942+00:00","Properties":[{"Key":{"Id":"NUnit.Seed","Label":"Seed","Category":"","Description":"","Attributes":0,"ValueType":"System.String"},"Value":"1818411386"}]},{"TestCase":{"Id":"a195db13-cfb6-0737-9419-cd190500bb9e","FullyQualifiedName":"Collections.Tests.CollectionTests.Test_Collections_Clear","DisplayName":"Test_Collections_Clear","ExecutorUri":"executor://NUnit3TestExecutor","Source":"D:\\SOFTUNI\\SoftuniSvetlina-Courses\\C#\\OOP-Advanced\\02.Unit-Testing\\Collections.Tests\\bin\\Debug\\net5.0\\fine-code-coverage\\build-output\\Collections.Tests.dll","CodeFilePath":null,"LineNumber":0,"Properties":[{"Key":{"Id":"NUnit.Seed","Label":"Seed","Category":"","Description":"","Attributes":0,"ValueType":"System.String"},"Value":"1830684659"}]},"Attachments":[],"Outcome":1,"ErrorMessage":null,"ErrorStackTrace":null,"DisplayName":"Test_Collections_Clear","Messages":[],"ComputerName":"ISEEYOUTOO","Duration":"00:00:00.0006660","StartTime":"2023-01-23T10:09:43.957966+00:00","EndTime":"2023-01-23T10:09:43.9586298+00:00","Properties":[{"Key":{"Id":"NUnit.Seed","Label":"Seed","Category":"","Description":"","Attributes":0,"ValueType":"System.String"},"Value":"1830684659"}]},{"TestCase":{"Id":"5e30628c-e835-a0c7-d919-3bfb3d2077d3","FullyQualifiedName":"Collections.Tests.CollectionTests.Test_Collections_ConstructorMultipleItems","DisplayName":"Test_Collections_ConstructorMultipleItems","ExecutorUri":"executor://NUnit3TestExecutor","Source":"D:\\SOFTUNI\\SoftuniSvetlina-Courses\\C#\\OOP-Advanced\\02.Unit-Testing\\Collections.Tests\\bin\\Debug\\net5.0\\fine-code-coverage\\build-output\\Collections.Tests.dll","CodeFilePath":null,"LineNumber":0,"Properties":[{"Key":{"Id":"NUnit.Seed","Label":"Seed","Category":"","Description":"","Attributes":0,"ValueType":"System.String"},"Value":"1304502660"}]},"Attachments":[],"Outcome":1,"ErrorMessage":null,"ErrorStackTrace":null,"DisplayName":"Test_Collections_ConstructorMultipleItems","Messages":[],"ComputerName":"ISEEYOUTOO","Duration":"00:00:00.0005390","StartTime":"2023-01-23T10:09:43.9586598+00:00","EndTime":"2023-01-23T10:09:43.9591977+00:00","Properties":[{"Key":{"Id":"NUnit.Seed","Label":"Seed","Category":"","Description":"","Attributes":0,"ValueType":"System.String"},"Value":"1304502660"}]},{"TestCase":{"Id":"e0cd7a0d-89d3-cf94-c12b-1ae815a21e60","FullyQualifiedName":"Collections.Tests.CollectionTests.Test_Collections_ConstructorSingleItem","DisplayName":"Test_Collections_ConstructorSingleItem","ExecutorUri":"executor://NUnit3TestExecutor","Source":"D:\\SOFTUNI\\SoftuniSvetlina-Courses\\C#\\OOP-Advanced\\02.Unit-Testing\\Collections.Tests\\bin\\Debug\\net5.0\\fine-code-coverage\\build-output\\Collections.Tests.dll","CodeFilePath":null,"LineNumber":0,"Properties":[{"Key":{"Id":"NUnit.Seed","Label":"Seed","Category":"","Description":"","Attributes":0,"ValueType":"System.String"},"Value":"49213157"}]},"Attachments":[],"Outcome":1,"ErrorMessage":null,"ErrorStackTrace":null,"DisplayName":"Test_Collections_ConstructorSingleItem","Messages":[],"ComputerName":"ISEEYOUTOO","Duration":"00:00:00.0003020","StartTime":"2023-01-23T10:09:43.9592202+00:00","EndTime":"2023-01-23T10:09:43.9595214+00:00","Properties":[{"Key":{"Id":"NUnit.Seed","Label":"Seed","Category":"","Description":"","Attributes":0,"ValueType":"System.String"},"Value":"49213157"}]},{"TestCase":{"Id":"09c57a52-3176-f379-c8cc-516a473121d6","FullyQualifiedName":"Collections.Tests.CollectionTests.Test_Collections_EmptyConstructor","DisplayName":"Test_Collections_EmptyConstructor","ExecutorUri":"executor://NUnit3TestExecutor","Source":"D:\\SOFTUNI\\SoftuniSvetlina-Courses\\C#\\OOP-Advanced\\02.Unit-Testing\\Collections.Tests\\bin\\Debug\\net5.0\\fine-code-coverage\\build-output\\Collections.Tests.dll","CodeFilePath":null,"LineNumber":0,"Properties":[{"Key":{"Id":"NUnit.Seed","Label":"Seed","Category":"","Description":"","Attributes":0,"ValueType":"System.String"},"Value":"1727512050"}]},"Attachments":[],"Outcome":1,"ErrorMessage":null,"ErrorStackTrace":null,"DisplayName":"Test_Collections_EmptyConstructor","Messages":[],"ComputerName":"ISEEYOUTOO","Duration":"00:00:00.0002230","StartTime":"2023-01-23T10:09:43.9595368+00:00","EndTime":"2023-01-23T10:09:43.9597589+00:00","Properties":[{"Key":{"Id":"NUnit.Seed","Label":"Seed","Category":"","Description":"","Attributes":0,"ValueType":"System.String"},"Value":"1727512050"}]}],"TestRunStatistics":{"ExecutedTests":19,"Stats":{"Passed":19}},"ActiveTests":[{"Id":"be6e8a39-8078-cd5a-47c5-8f461ecc2caf","FullyQualifiedName":"Collections.Tests.CollectionTests.Test_Collections_ExchangeFirstLast","DisplayName":"Test_Collections_ExchangeFirstLast","ExecutorUri":"executor://NUnit3TestExecutor","Source":"D:\\SOFTUNI\\SoftuniSvetlina-Courses\\C#\\OOP-Advanced\\02.Unit-Testing\\Collections.Tests\\bin\\Debug\\net5.0\\fine-code-coverage\\build-output\\Collections.Tests.dll","CodeFilePath":null,"LineNumber":0,"Properties":[{"Key":{"Id":"NUnit.Seed","Label":"Seed","Category":"","Description":"","Attributes":0,"ValueType":"System.String"},"Value":"1727063941"}]}]}}
TpTrace Verbose: 0 : 8916, 7, 2023/01/23, 12:09:43.985, 120419038484, vstest.console.dll, TestRunRequest:SendTestRunStatsChange: Starting.
TpTrace Verbose: 0 : 8916, 7, 2023/01/23, 12:09:43.985, 120419039478, vstest.console.dll, InProgress is Test_Collections_ExchangeFirstLast
TpTrace Verbose: 0 : 8916, 7, 2023/01/23, 12:09:43.985, 120419040350, vstest.console.dll, MulticastDelegateUtilities.SafeInvoke: TestRun.RunStatsChanged: Invoking callbacks was skipped because there are no subscribers.
TpTrace Information: 0 : 8916, 7, 2023/01/23, 12:09:43.985, 120419041008, vstest.console.dll, TestRunRequest:SendTestRunStatsChange: Completed.
TpTrace Verbose: 0 : 8916, 4, 2023/01/23, 12:09:43.985, 120419041427, vstest.console.dll, MulticastDelegateUtilities.SafeInvoke: InternalTestLoggerEvents.SendTestResult: Invoking callback 1/1 for Microsoft.VisualStudio.TestPlatform.CommandLine.Internal.ConsoleLogger., took 0 ms.
TpTrace Verbose: 0 : 8916, 7, 2023/01/23, 12:09:43.985, 120419041877, vstest.console.dll, MulticastDelegateUtilities.SafeInvoke: LengthPrefixCommunicationChannel: MessageReceived: Invoking callback 1/1 for Microsoft.VisualStudio.TestPlatform.CommunicationUtilities.TestRequestSender+<>c__DisplayClass31_0., took 2 ms.
TpTrace Verbose: 0 : 8916, 7, 2023/01/23, 12:09:43.990, 120419085956, vstest.console.dll, TcpClientExtensions.MessageLoopAsync: Polling on remoteEndPoint: 127.0.0.1:54614 localEndPoint: 127.0.0.1:54613
TpTrace Verbose: 0 : 8916, 4, 2023/01/23, 12:09:43.990, 120419087339, vstest.console.dll, MulticastDelegateUtilities.SafeInvoke: InternalTestLoggerEvents.SendTestResult: Invoking callback 1/1 for Microsoft.VisualStudio.TestPlatform.CommandLine.Internal.ConsoleLogger., took 0 ms.
TpTrace Verbose: 0 : 8916, 4, 2023/01/23, 12:09:43.990, 120419088365, vstest.console.dll, MulticastDelegateUtilities.SafeInvoke: InternalTestLoggerEvents.SendTestResult: Invoking callback 1/1 for Microsoft.VisualStudio.TestPlatform.CommandLine.Internal.ConsoleLogger., took 0 ms.
TpTrace Verbose: 0 : 8916, 4, 2023/01/23, 12:09:43.990, 120419089271, vstest.console.dll, MulticastDelegateUtilities.SafeInvoke: InternalTestLoggerEvents.SendTestResult: Invoking callback 1/1 for Microsoft.VisualStudio.TestPlatform.CommandLine.Internal.ConsoleLogger., took 0 ms.
TpTrace Verbose: 0 : 8916, 4, 2023/01/23, 12:09:43.990, 120419092310, vstest.console.dll, MulticastDelegateUtilities.SafeInvoke: InternalTestLoggerEvents.SendTestResult: Invoking callback 1/1 for Microsoft.VisualStudio.TestPlatform.CommandLine.Internal.ConsoleLogger., took 0 ms.
TpTrace Verbose: 0 : 8916, 4, 2023/01/23, 12:09:43.991, 120419093342, vstest.console.dll, MulticastDelegateUtilities.SafeInvoke: InternalTestLoggerEvents.SendTestResult: Invoking callback 1/1 for Microsoft.VisualStudio.TestPlatform.CommandLine.Internal.ConsoleLogger., took 0 ms.
TpTrace Verbose: 0 : 8916, 4, 2023/01/23, 12:09:43.991, 120419094469, vstest.console.dll, MulticastDelegateUtilities.SafeInvoke: InternalTestLoggerEvents.SendTestResult: Invoking callback 1/1 for Microsoft.VisualStudio.TestPlatform.CommandLine.Internal.ConsoleLogger., took 0 ms.
TpTrace Verbose: 0 : 8916, 4, 2023/01/23, 12:09:43.991, 120419095547, vstest.console.dll, MulticastDelegateUtilities.SafeInvoke: InternalTestLoggerEvents.SendTestResult: Invoking callback 1/1 for Microsoft.VisualStudio.TestPlatform.CommandLine.Internal.ConsoleLogger., took 0 ms.
TpTrace Verbose: 0 : 8916, 4, 2023/01/23, 12:09:43.991, 120419096347, vstest.console.dll, MulticastDelegateUtilities.SafeInvoke: InternalTestLoggerEvents.SendTestResult: Invoking callback 1/1 for Microsoft.VisualStudio.TestPlatform.CommandLine.Internal.ConsoleLogger., took 0 ms.
TpTrace Verbose: 0 : 8916, 7, 2023/01/23, 12:09:44.025, 120419438834, vstest.console.dll, TcpClientExtensions.MessageLoopAsync: NotifyDataAvailable remoteEndPoint: 127.0.0.1:54614 localEndPoint: 127.0.0.1:54613
TpTrace Verbose: 0 : 8916, 7, 2023/01/23, 12:09:44.025, 120419440627, vstest.console.dll, TestRequestSender.OnExecutionMessageReceived: Received message: {"Version":5,"MessageType":"TestSession.Message","Payload":{"MessageLevel":0,"Message":"NUnit Adapter 4.3.1.0: Test execution complete"}}
TpTrace Verbose: 0 : 8916, 7, 2023/01/23, 12:09:44.025, 120419442174, vstest.console.dll, TestRunRequest:SendTestRunMessage: Starting.
TpTrace Verbose: 0 : 8916, 7, 2023/01/23, 12:09:44.026, 120419443287, vstest.console.dll, MulticastDelegateUtilities.SafeInvoke: TestRun.LogMessages: Invoking callback 1/1 for Microsoft.VisualStudio.TestPlatform.CommandLine.TestRunResultAggregator., took 0 ms.
TpTrace Verbose: 0 : 8916, 4, 2023/01/23, 12:09:44.026, 120419443451, vstest.console.dll, MulticastDelegateUtilities.SafeInvoke: InternalTestLoggerEvents.SendTestRunMessage: Invoking callback 1/1 for Microsoft.VisualStudio.TestPlatform.CommandLine.Internal.ConsoleLogger., took 0 ms.
TpTrace Information: 0 : 8916, 7, 2023/01/23, 12:09:44.026, 120419443916, vstest.console.dll, TestRunRequest:SendTestRunMessage: Completed.
TpTrace Verbose: 0 : 8916, 7, 2023/01/23, 12:09:44.026, 120419445805, vstest.console.dll, MulticastDelegateUtilities.SafeInvoke: LengthPrefixCommunicationChannel: MessageReceived: Invoking callback 1/1 for Microsoft.VisualStudio.TestPlatform.CommunicationUtilities.TestRequestSender+<>c__DisplayClass31_0., took 0 ms.
TpTrace Verbose: 0 : 8916, 7, 2023/01/23, 12:09:44.026, 120419446389, vstest.console.dll, TcpClientExtensions.MessageLoopAsync: Polling on remoteEndPoint: 127.0.0.1:54614 localEndPoint: 127.0.0.1:54613
TpTrace Verbose: 0 : 8916, 7, 2023/01/23, 12:09:44.054, 120419723918, vstest.console.dll, TcpClientExtensions.MessageLoopAsync: NotifyDataAvailable remoteEndPoint: 127.0.0.1:54614 localEndPoint: 127.0.0.1:54613
TpTrace Verbose: 0 : 8916, 7, 2023/01/23, 12:09:44.054, 120419727703, vstest.console.dll, TestRequestSender.OnExecutionMessageReceived: Received message: {"Version":5,"MessageType":"TestExecution.Completed","Payload":{"TestRunCompleteArgs":{"TestRunStatistics":{"ExecutedTests":27,"Stats":{"Passed":27}},"IsCanceled":false,"IsAborted":false,"Error":null,"AttachmentSets":[],"ElapsedTimeInRunningTests":"00:00:11.6817028","Metrics":{}},"LastRunTests":{"NewTestResults":[{"TestCase":{"Id":"be6e8a39-8078-cd5a-47c5-8f461ecc2caf","FullyQualifiedName":"Collections.Tests.CollectionTests.Test_Collections_ExchangeFirstLast","DisplayName":"Test_Collections_ExchangeFirstLast","ExecutorUri":"executor://NUnit3TestExecutor","Source":"D:\\SOFTUNI\\SoftuniSvetlina-Courses\\C#\\OOP-Advanced\\02.Unit-Testing\\Collections.Tests\\bin\\Debug\\net5.0\\fine-code-coverage\\build-output\\Collections.Tests.dll","CodeFilePath":null,"LineNumber":0,"Properties":[{"Key":{"Id":"NUnit.Seed","Label":"Seed","Category":"","Description":"","Attributes":0,"ValueType":"System.String"},"Value":"1727063941"}]},"Attachments":[],"Outcome":1,"ErrorMessage":null,"ErrorStackTrace":null,"DisplayName":"Test_Collections_ExchangeFirstLast","Messages":[],"ComputerName":"ISEEYOUTOO","Duration":"00:00:00.0007510","StartTime":"2023-01-23T10:09:43.9597795+00:00","EndTime":"2023-01-23T10:09:43.9605294+00:00","Properties":[{"Key":{"Id":"NUnit.Seed","Label":"Seed","Category":"","Description":"","Attributes":0,"ValueType":"System.String"},"Value":"1727063941"}]},{"TestCase":{"Id":"3e19ae1d-27b2-079d-994c-30d533205439","FullyQualifiedName":"Collections.Tests.CollectionTests.Test_Collections_InsertAtBegining","DisplayName":"Test_Collections_InsertAtBegining","ExecutorUri":"executor://NUnit3TestExecutor","Source":"D:\\SOFTUNI\\SoftuniSvetlina-Courses\\C#\\OOP-Advanced\\02.Unit-Testing\\Collections.Tests\\bin\\Debug\\net5.0\\fine-code-coverage\\build-output\\Collections.Tests.dll","CodeFilePath":null,"LineNumber":0,"Properties":[{"Key":{"Id":"NUnit.Seed","Label":"Seed","Category":"","Description":"","Attributes":0,"ValueType":"System.String"},"Value":"242770014"}]},"Attachments":[],"Outcome":1,"ErrorMessage":null,"ErrorStackTrace":null,"DisplayName":"Test_Collections_InsertAtBegining","Messages":[],"ComputerName":"ISEEYOUTOO","Duration":"00:00:00.0005930","StartTime":"2023-01-23T10:09:43.9605616+00:00","EndTime":"2023-01-23T10:09:43.9611542+00:00","Properties":[{"Key":{"Id":"NUnit.Seed","Label":"Seed","Category":"","Description":"","Attributes":0,"ValueType":"System.String"},"Value":"242770014"}]},{"TestCase":{"Id":"6362151e-a8a2-5663-e9b5-64d44b142b37","FullyQualifiedName":"Collections.Tests.CollectionTests.Test_Collections_InsertAtEnd","DisplayName":"Test_Collections_InsertAtEnd","ExecutorUri":"executor://NUnit3TestExecutor","Source":"D:\\SOFTUNI\\SoftuniSvetlina-Courses\\C#\\OOP-Advanced\\02.Unit-Testing\\Collections.Tests\\bin\\Debug\\net5.0\\fine-code-coverage\\build-output\\Collections.Tests.dll","CodeFilePath":null,"LineNumber":0,"Properties":[{"Key":{"Id":"NUnit.Seed","Label":"Seed","Category":"","Description":"","Attributes":0,"ValueType":"System.String"},"Value":"1004112179"}]},"Attachments":[],"Outcome":1,"ErrorMessage":null,"ErrorStackTrace":null,"DisplayName":"Test_Collections_InsertAtEnd","Messages":[],"ComputerName":"ISEEYOUTOO","Duration":"00:00:00.0002720","StartTime":"2023-01-23T10:09:43.9611758+00:00","EndTime":"2023-01-23T10:09:43.9614474+00:00","Properties":[{"Key":{"Id":"NUnit.Seed","Label":"Seed","Category":"","Description":"","Attributes":0,"ValueType":"System.String"},"Value":"1004112179"}]},{"TestCase":{"Id":"834b402a-ce2f-4f97-ddd8-0a344b649e46","FullyQualifiedName":"Collections.Tests.CollectionTests.Test_Collections_InsertAtInvalidIndex","DisplayName":"Test_Collections_InsertAtInvalidIndex","ExecutorUri":"executor://NUnit3TestExecutor","Source":"D:\\SOFTUNI\\SoftuniSvetlina-Courses\\C#\\OOP-Advanced\\02.Unit-Testing\\Collections.Tests\\bin\\Debug\\net5.0\\fine-code-coverage\\build-output\\Collections.Tests.dll","CodeFilePath":null,"LineNumber":0,"Properties":[{"Key":{"Id":"NUnit.Seed","Label":"Seed","Category":"","Description":"","Attributes":0,"ValueType":"System.String"},"Value":"1412277159"}]},"Attachments":[],"Outcome":1,"ErrorMessage":null,"ErrorStackTrace":null,"DisplayName":"Test_Collections_InsertAtInvalidIndex","Messages":[],"ComputerName":"ISEEYOUTOO","Duration":"00:00:00.0006870","StartTime":"2023-01-23T10:09:43.9614639+00:00","EndTime":"2023-01-23T10:09:43.9621494+00:00","Properties":[{"Key":{"Id":"NUnit.Seed","Label":"Seed","Category":"","Description":"","Attributes":0,"ValueType":"System.String"},"Value":"1412277159"}]},{"TestCase":{"Id":"4aeebfd2-7e23-4db1-6dff-497b0c64ceea","FullyQualifiedName":"Collections.Tests.CollectionTests.Test_Collections_RemoveAtBegining","DisplayName":"Test_Collections_RemoveAtBegining","ExecutorUri":"executor://NUnit3TestExecutor","Source":"D:\\SOFTUNI\\SoftuniSvetlina-Courses\\C#\\OOP-Advanced\\02.Unit-Testing\\Collections.Tests\\bin\\Debug\\net5.0\\fine-code-coverage\\build-output\\Collections.Tests.dll","CodeFilePath":null,"LineNumber":0,"Properties":[{"Key":{"Id":"NUnit.Seed","Label":"Seed","Category":"","Description":"","Attributes":0,"ValueType":"System.String"},"Value":"426687161"}]},"Attachments":[],"Outcome":1,"ErrorMessage":null,"ErrorStackTrace":null,"DisplayName":"Test_Collections_RemoveAtBegining","Messages":[],"ComputerName":"ISEEYOUTOO","Duration":"00:00:00.0006590","StartTime":"2023-01-23T10:09:43.96218+00:00","EndTime":"2023-01-23T10:09:43.9628388+00:00","Properties":[{"Key":{"Id":"NUnit.Seed","Label":"Seed","Category":"","Description":"","Attributes":0,"ValueType":"System.String"},"Value":"426687161"}]},{"TestCase":{"Id":"9aac1d3b-4ce5-0820-931b-f24f5eb2f4a7","FullyQualifiedName":"Collections.Tests.CollectionTests.Test_Collections_RemoveAtEnd","DisplayName":"Test_Collections_RemoveAtEnd","ExecutorUri":"executor://NUnit3TestExecutor","Source":"D:\\SOFTUNI\\SoftuniSvetlina-Courses\\C#\\OOP-Advanced\\02.Unit-Testing\\Collections.Tests\\bin\\Debug\\net5.0\\fine-code-coverage\\build-output\\Collections.Tests.dll","CodeFilePath":null,"LineNumber":0,"Properties":[{"Key":{"Id":"NUnit.Seed","Label":"Seed","Category":"","Description":"","Attributes":0,"ValueType":"System.String"},"Value":"2145663596"}]},"Attachments":[],"Outcome":1,"ErrorMessage":null,"ErrorStackTrace":null,"DisplayName":"Test_Collections_RemoveAtEnd","Messages":[],"ComputerName":"ISEEYOUTOO","Duration":"00:00:00.0002500","StartTime":"2023-01-23T10:09:43.9628618+00:00","EndTime":"2023-01-23T10:09:43.963111+00:00","Properties":[{"Key":{"Id":"NUnit.Seed","Label":"Seed","Category":"","Description":"","Attributes":0,"ValueType":"System.String"},"Value":"2145663596"}]},{"TestCase":{"Id":"0bf5a001-81d1-304e-8c80-b9ba273285f3","FullyQualifiedName":"Collections.Tests.CollectionTests.Test_Collections_SetByIndex","DisplayName":"Test_Collections_SetByIndex","ExecutorUri":"executor://NUnit3TestExecutor","Source":"D:\\SOFTUNI\\SoftuniSvetlina-Courses\\C#\\OOP-Advanced\\02.Unit-Testing\\Collections.Tests\\bin\\Debug\\net5.0\\fine-code-coverage\\build-output\\Collections.Tests.dll","CodeFilePath":null,"LineNumber":0,"Properties":[{"Key":{"Id":"NUnit.Seed","Label":"Seed","Category":"","Description":"","Attributes":0,"ValueType":"System.String"},"Value":"1748929338"}]},"Attachments":[],"Outcome":1,"ErrorMessage":null,"ErrorStackTrace":null,"DisplayName":"Test_Collections_SetByIndex","Messages":[],"ComputerName":"ISEEYOUTOO","Duration":"00:00:00.0005019","StartTime":"2023-01-23T10:09:43.9631256+00:00","EndTime":"2023-01-23T10:09:43.9636261+00:00","Properties":[{"Key":{"Id":"NUnit.Seed","Label":"Seed","Category":"","Description":"","Attributes":0,"ValueType":"System.String"},"Value":"1748929338"}]},{"TestCase":{"Id":"0df1db87-9410-5322-7370-5a9c13889e83","FullyQualifiedName":"Collections.Tests.CollectionTests.Test_Collections_ToString","DisplayName":"Test_Collections_ToString","ExecutorUri":"executor://NUnit3TestExecutor","Source":"D:\\SOFTUNI\\SoftuniSvetlina-Courses\\C#\\OOP-Advanced\\02.Unit-Testing\\Collections.Tests\\bin\\Debug\\net5.0\\fine-code-coverage\\build-output\\Collections.Tests.dll","CodeFilePath":null,"LineNumber":0,"Properties":[{"Key":{"Id":"NUnit.Seed","Label":"Seed","Category":"","Description":"","Attributes":0,"ValueType":"System.String"},"Value":"1037944624"}]},"Attachments":[],"Outcome":1,"ErrorMessage":null,"ErrorStackTrace":null,"DisplayName":"Test_Collections_ToString","Messages":[],"ComputerName":"ISEEYOUTOO","Duration":"00:00:00.0007030","StartTime":"2023-01-23T10:09:43.9636497+00:00","EndTime":"2023-01-23T10:09:43.9643522+00:00","Properties":[{"Key":{"Id":"NUnit.Seed","Label":"Seed","Category":"","Description":"","Attributes":0,"ValueType":"System.String"},"Value":"1037944624"}]}],"TestRunStatistics":{"ExecutedTests":27,"Stats":{"Passed":27}},"ActiveTests":[]},"RunAttachments":[],"ExecutorUris":["executor://nunit3testexecutor/"]}}
TpTrace Verbose: 0 : 8916, 7, 2023/01/23, 12:09:44.054, 120419730657, vstest.console.dll, TestRequestSender.EndSession: Sending end session.
TpTrace Verbose: 0 : 8916, 7, 2023/01/23, 12:09:44.055, 120419733989, vstest.console.dll, ProxyOperationManager.Close: waiting for test host to exit for 100 ms
TpTrace Warning: 0 : 8916, 11, 2023/01/23, 12:09:44.074, 120419931974, vstest.console.dll, TestHostManagerCallbacks.ErrorReceivedCallback Test host standard error line: 
TpTrace Verbose: 0 : 8916, 11, 2023/01/23, 12:09:44.093, 120420117786, vstest.console.dll, TestHostProvider.ExitCallBack: Host exited starting callback.
TpTrace Information: 0 : 8916, 11, 2023/01/23, 12:09:44.093, 120420120701, vstest.console.dll, TestHostManagerCallbacks.ExitCallBack: Testhost processId: 1292 exited with exitcode: 0 error: ''
TpTrace Verbose: 0 : 8916, 11, 2023/01/23, 12:09:44.093, 120420121415, vstest.console.dll, DotnetTestHostManager.OnHostExited: invoking OnHostExited callback
TpTrace Verbose: 0 : 8916, 11, 2023/01/23, 12:09:44.093, 120420122280, vstest.console.dll, CrossPlatEngine.TestHostManagerHostExited: calling on client process exit callback.
TpTrace Information: 0 : 8916, 11, 2023/01/23, 12:09:44.094, 120420123235, vstest.console.dll, TestRequestSender.OnClientProcessExit: Test host process exited. Standard error: 
TpTrace Information: 0 : 8916, 11, 2023/01/23, 12:09:44.094, 120420123954, vstest.console.dll, SocketServer.Stop: Stop server endPoint: 127.0.0.1:54613
TpTrace Information: 0 : 8916, 11, 2023/01/23, 12:09:44.094, 120420124528, vstest.console.dll, SocketServer.Stop: Cancellation requested. Stopping message loop.
TpTrace Information: 0 : 8916, 7, 2023/01/23, 12:09:44.094, 120420124948, vstest.console.dll, SocketServer.Stop: Stop server endPoint: 127.0.0.1:54613
TpTrace Information: 0 : 8916, 7, 2023/01/23, 12:09:44.094, 120420125817, vstest.console.dll, SocketServer.Stop: Cancellation requested. Stopping message loop.
TpTrace Verbose: 0 : 8916, 11, 2023/01/23, 12:09:44.094, 120420126079, vstest.console.dll, MulticastDelegateUtilities.SafeInvoke: HostProviderEvents.OnHostExited: Invoking callback 1/1 for Microsoft.VisualStudio.TestPlatform.CrossPlatEngine.Client.ProxyOperationManager., took 0 ms.
TpTrace Information: 0 : 8916, 7, 2023/01/23, 12:09:44.094, 120420126500, vstest.console.dll, Closing the connection
TpTrace Verbose: 0 : 8916, 7, 2023/01/23, 12:09:44.094, 120420130834, vstest.console.dll, ProxyDataCollectionManager.InvokeDataCollectionServiceAction: Starting.
TpTrace Information: 0 : 8916, 7, 2023/01/23, 12:09:44.094, 120420131528, vstest.console.dll, ProxyDataCollectionManager.AfterTestRunEnd: Get attachment set and invoked data collectors processId: 11744 port: 54610
TpTrace Verbose: 0 : 8916, 7, 2023/01/23, 12:09:44.094, 120420132240, vstest.console.dll, DataCollectionRequestSender.SendAfterTestRunStartAndGetResult: Send AfterTestRunEnd message with isCancelled: False
TpTrace Verbose: 0 : 8916, 7, 2023/01/23, 12:09:44.108, 120420271376, vstest.console.dll, DataCollectionRequestSender.SendAfterTestRunStartAndGetResult: Received message: (DataCollection.AfterTestRunEndResult) -> {"MessageType":"DataCollection.AfterTestRunEndResult","Payload":{"AttachmentSets":[],"InvokedDataCollectors":[{"Uri":"datacollector://Microsoft/TestPlatform/Extensions/Blame/v1","FriendlyName":"Blame","AssemblyQualifiedName":"Microsoft.TestPlatform.Extensions.BlameDataCollector.BlameCollector, Microsoft.TestPlatform.Extensions.BlameDataCollector, Version=15.0.0.0, Culture=neutral, PublicKeyToken=b03f5f7f11d50a3a","FilePath":"C:\\Program Files\\dotnet\\sdk\\7.0.100\\Extensions\\Microsoft.TestPlatform.Extensions.BlameDataCollector.dll","HasAttachmentProcessor":false}],"Metrics":{}}}
TpTrace Information: 0 : 8916, 7, 2023/01/23, 12:09:44.122, 120420404920, vstest.console.dll, ProxyDataCollectionManager.InvokeDataCollectionServiceAction: Completed.
TpTrace Warning: 0 : 8916, 9, 2023/01/23, 12:09:44.128, 120420471398, vstest.console.dll, DataCollectionLauncher.ErrorReceivedCallback datacollector standard error line: 
TpTrace Information: 0 : 8916, 9, 2023/01/23, 12:09:44.164, 120420822970, vstest.console.dll, DataCollectionLauncher.ExitCallBack: Data collector exited with exitcode: 0 error: ''
TpTrace Verbose: 0 : 8916, 7, 2023/01/23, 12:09:44.232, 120421512364, vstest.console.dll, TestRunRequest:SendTestRunStatsChange: Starting.
TpTrace Verbose: 0 : 8916, 4, 2023/01/23, 12:09:44.233, 120421514911, vstest.console.dll, MulticastDelegateUtilities.SafeInvoke: InternalTestLoggerEvents.SendTestResult: Invoking callback 1/1 for Microsoft.VisualStudio.TestPlatform.CommandLine.Internal.ConsoleLogger., took 0 ms.
TpTrace Verbose: 0 : 8916, 4, 2023/01/23, 12:09:44.235, 120421533272, vstest.console.dll, MulticastDelegateUtilities.SafeInvoke: InternalTestLoggerEvents.SendTestResult: Invoking callback 1/1 for Microsoft.VisualStudio.TestPlatform.CommandLine.Internal.ConsoleLogger., took 1 ms.
TpTrace Verbose: 0 : 8916, 4, 2023/01/23, 12:09:44.235, 120421535261, vstest.console.dll, MulticastDelegateUtilities.SafeInvoke: InternalTestLoggerEvents.SendTestResult: Invoking callback 1/1 for Microsoft.VisualStudio.TestPlatform.CommandLine.Internal.ConsoleLogger., took 0 ms.
TpTrace Verbose: 0 : 8916, 4, 2023/01/23, 12:09:44.235, 120421536480, vstest.console.dll, MulticastDelegateUtilities.SafeInvoke: InternalTestLoggerEvents.SendTestResult: Invoking callback 1/1 for Microsoft.VisualStudio.TestPlatform.CommandLine.Internal.ConsoleLogger., took 0 ms.
TpTrace Verbose: 0 : 8916, 4, 2023/01/23, 12:09:44.235, 120421537600, vstest.console.dll, MulticastDelegateUtilities.SafeInvoke: InternalTestLoggerEvents.SendTestResult: Invoking callback 1/1 for Microsoft.VisualStudio.TestPlatform.CommandLine.Internal.ConsoleLogger., took 0 ms.
TpTrace Verbose: 0 : 8916, 4, 2023/01/23, 12:09:44.240, 120421585478, vstest.console.dll, MulticastDelegateUtilities.SafeInvoke: InternalTestLoggerEvents.SendTestResult: Invoking callback 1/1 for Microsoft.VisualStudio.TestPlatform.CommandLine.Internal.ConsoleLogger., took 0 ms.
TpTrace Verbose: 0 : 8916, 4, 2023/01/23, 12:09:44.240, 120421587231, vstest.console.dll, MulticastDelegateUtilities.SafeInvoke: InternalTestLoggerEvents.SendTestResult: Invoking callback 1/1 for Microsoft.VisualStudio.TestPlatform.CommandLine.Internal.ConsoleLogger., took 0 ms.
TpTrace Verbose: 0 : 8916, 4, 2023/01/23, 12:09:44.240, 120421588883, vstest.console.dll, MulticastDelegateUtilities.SafeInvoke: InternalTestLoggerEvents.SendTestResult: Invoking callback 1/1 for Microsoft.VisualStudio.TestPlatform.CommandLine.Internal.ConsoleLogger., took 0 ms.
TpTrace Verbose: 0 : 8916, 7, 2023/01/23, 12:09:44.240, 120421588950, vstest.console.dll, MulticastDelegateUtilities.SafeInvoke: TestRun.RunStatsChanged: Invoking callbacks was skipped because there are no subscribers.
TpTrace Information: 0 : 8916, 7, 2023/01/23, 12:09:44.240, 120421590326, vstest.console.dll, TestRunRequest:SendTestRunStatsChange: Completed.
TpTrace Verbose: 0 : 8916, 7, 2023/01/23, 12:09:44.241, 120421598997, vstest.console.dll, ParallelProxyExecutionManager: HandlePartialRunComplete: Total completed clients = 1, Run complete = True, Run canceled: False.
TpTrace Verbose: 0 : 8916, 4, 2023/01/23, 12:09:44.288, 120422069946, vstest.console.dll, MulticastDelegateUtilities.SafeInvoke: InternalTestLoggerEvents.SendTestRunComplete: Invoking callback 1/2 for Microsoft.TestPlatform.Extensions.BlameDataCollector.BlameLogger., took 0 ms.
TpTrace Verbose: 0 : 8916, 4, 2023/01/23, 12:09:44.301, 120422195861, vstest.console.dll, MulticastDelegateUtilities.SafeInvoke: InternalTestLoggerEvents.SendTestRunComplete: Invoking callback 2/2 for Microsoft.VisualStudio.TestPlatform.CommandLine.Internal.ConsoleLogger., took 12 ms.
TpTrace Verbose: 0 : 8916, 7, 2023/01/23, 12:09:44.301, 120422201141, vstest.console.dll, TestRunRequest:TestRunComplete: Starting. IsAborted:False IsCanceled:False.
TpTrace Verbose: 0 : 8916, 7, 2023/01/23, 12:09:44.305, 120422232938, vstest.console.dll, TestLoggerManager.HandleTestRunComplete: Ignoring as the object is disposed.
TpTrace Verbose: 0 : 8916, 7, 2023/01/23, 12:09:44.305, 120422237324, vstest.console.dll, MulticastDelegateUtilities.SafeInvoke: TestRun.TestRunComplete: Invoking callback 1/2 for Microsoft.VisualStudio.TestPlatform.CommandLine.TestRunResultAggregator., took 0 ms.
TpTrace Verbose: 0 : 8916, 7, 2023/01/23, 12:09:44.305, 120422240480, vstest.console.dll, MulticastDelegateUtilities.SafeInvoke: TestRun.TestRunComplete: Invoking callback 2/2 for Microsoft.VisualStudio.TestPlatform.CommandLine.Processors.RunTestsArgumentExecutor+TestRunRequestEventsRegistrar., took 0 ms.
TpTrace Information: 0 : 8916, 7, 2023/01/23, 12:09:44.305, 120422242310, vstest.console.dll, TestRunRequest:TestRunComplete: Completed.
TpTrace Verbose: 0 : 8916, 7, 2023/01/23, 12:09:44.306, 120422243196, vstest.console.dll, TestRequestSender.SetOperationComplete: Setting operation complete.
TpTrace Verbose: 0 : 8916, 1, 2023/01/23, 12:09:44.306, 120422243457, vstest.console.dll, TestRunRequest.Dispose: Starting.
TpTrace Information: 0 : 8916, 7, 2023/01/23, 12:09:44.306, 120422243882, vstest.console.dll, SocketServer.Stop: Stop server endPoint: 127.0.0.1:54613
TpTrace Information: 0 : 8916, 1, 2023/01/23, 12:09:44.306, 120422244855, vstest.console.dll, TestRunRequest.Dispose: Completed.
TpTrace Information: 0 : 8916, 7, 2023/01/23, 12:09:44.306, 120422246149, vstest.console.dll, SocketServer.Stop: Cancellation requested. Stopping message loop.
TpTrace Information: 0 : 8916, 1, 2023/01/23, 12:09:44.306, 120422247114, vstest.console.dll, TestRequestManager.RunTests: run tests completed.
TpTrace Verbose: 0 : 8916, 7, 2023/01/23, 12:09:44.306, 120422247606, vstest.console.dll, MulticastDelegateUtilities.SafeInvoke: LengthPrefixCommunicationChannel: MessageReceived: Invoking callback 1/1 for Microsoft.VisualStudio.TestPlatform.CommunicationUtilities.TestRequestSender+<>c__DisplayClass31_0., took 252 ms.
TpTrace Information: 0 : 8916, 7, 2023/01/23, 12:09:44.306, 120422248714, vstest.console.dll, SocketServer.PrivateStop: Stopping server endPoint: 127.0.0.1:54613 error: 
TpTrace Information: 0 : 8916, 1, 2023/01/23, 12:09:44.306, 120422249849, vstest.console.dll, RunTestsArgumentProcessor:Execute: Test run is completed.
TpTrace Verbose: 0 : 8916, 1, 2023/01/23, 12:09:44.307, 120422253199, vstest.console.dll, Executor.Execute: Exiting with exit code of 0
TpTrace Verbose: 0 : 8916, 7, 2023/01/23, 12:09:44.307, 120422255533, vstest.console.dll, LengthPrefixCommunicationChannel.Dispose: Dispose reader and writer.
TpTrace Information: 0 : 8916, 7, 2023/01/23, 12:09:44.307, 120422256812, vstest.console.dll, SocketServer.Stop: Raise disconnected event endPoint: 127.0.0.1:54613 error: 
TpTrace Verbose: 0 : 8916, 7, 2023/01/23, 12:09:44.307, 120422258547, vstest.console.dll, TestRequestSender: OnTestRunAbort: Operation is already complete. Skip error message.
TpTrace Verbose: 0 : 8916, 7, 2023/01/23, 12:09:44.307, 120422259289, vstest.console.dll, MulticastDelegateUtilities.SafeInvoke: SocketServer: ClientDisconnected: Invoking callback 1/1 for Microsoft.VisualStudio.TestPlatform.CommunicationUtilities.TestRequestSender., took 0 ms.
TpTrace Verbose: 0 : 8916, 7, 2023/01/23, 12:09:44.307, 120422259898, vstest.console.dll, TcpClientExtensions.MessageLoopAsync: exiting MessageLoopAsync remoteEndPoint: 127.0.0.1:54614 localEndPoint: 127.0.0.1:54613
